2026-01-18 17:11:55.810 + setup_var_tmp_dir
2026-01-18 17:11:55.811 + move_to_ephemeral /var/tmp
2026-01-18 17:11:55.812 + echo 'Moving directory to ephemeral: /var/tmp'
2026-01-18 17:11:55.814 Moving directory to ephemeral: /var/tmp
2026-01-18 17:11:55.815 + ls -l /var/tmp
2026-01-18 17:11:55.816 total 0
2026-01-18 17:11:55.818 drwx------. 3 root root 17 Jan 18 17:11 systemd-private-00bb3855991f445d907b1205a9efe23a-dbus-broker.service-RSTmmf
2026-01-18 17:11:55.819 drwx------. 3 root root 17 Jan 18 17:11 systemd-private-00bb3855991f445d907b1205a9efe23a-policy-routes@ens5.service-AKjrqc
2026-01-18 17:11:55.820 drwx------. 3 root root 17 Jan 18 17:11 systemd-private-00bb3855991f445d907b1205a9efe23a-polkit.service-UfJ6pP
2026-01-18 17:11:55.822 drwx------. 3 root root 17 Jan 18 17:11 systemd-private-00bb3855991f445d907b1205a9efe23a-rtkit-daemon.service-n1dqch
2026-01-18 17:11:55.823 drwx------. 3 root root 17 Jan 18 17:11 systemd-private-00bb3855991f445d907b1205a9efe23a-systemd-logind.service-oy1Lat
2026-01-18 17:11:55.824 drwx------. 3 root root 17 Jan 18 17:11 systemd-private-00bb3855991f445d907b1205a9efe23a-systemd-resolved.service-lq3JPk
2026-01-18 17:11:55.826 drwx------. 3 root root 17 Jan 18 17:11 systemd-private-00bb3855991f445d907b1205a9efe23a-upower.service-l8bNb7
2026-01-18 17:11:55.827 + du -c /var/tmp
2026-01-18 17:11:55.828 0	/var/tmp/systemd-private-00bb3855991f445d907b1205a9efe23a-systemd-resolved.service-lq3JPk/tmp
2026-01-18 17:11:55.829 0	/var/tmp/systemd-private-00bb3855991f445d907b1205a9efe23a-systemd-resolved.service-lq3JPk
2026-01-18 17:11:55.831 0	/var/tmp/systemd-private-00bb3855991f445d907b1205a9efe23a-dbus-broker.service-RSTmmf/tmp
2026-01-18 17:11:55.832 0	/var/tmp/systemd-private-00bb3855991f445d907b1205a9efe23a-dbus-broker.service-RSTmmf
2026-01-18 17:11:55.833 0	/var/tmp/systemd-private-00bb3855991f445d907b1205a9efe23a-policy-routes@ens5.service-AKjrqc/tmp
2026-01-18 17:11:55.834 0	/var/tmp/systemd-private-00bb3855991f445d907b1205a9efe23a-policy-routes@ens5.service-AKjrqc
2026-01-18 17:11:55.836 0	/var/tmp/systemd-private-00bb3855991f445d907b1205a9efe23a-rtkit-daemon.service-n1dqch/tmp
2026-01-18 17:11:55.837 0	/var/tmp/systemd-private-00bb3855991f445d907b1205a9efe23a-rtkit-daemon.service-n1dqch
2026-01-18 17:11:55.839 0	/var/tmp/systemd-private-00bb3855991f445d907b1205a9efe23a-systemd-logind.service-oy1Lat/tmp
2026-01-18 17:11:55.840 0	/var/tmp/systemd-private-00bb3855991f445d907b1205a9efe23a-systemd-logind.service-oy1Lat
2026-01-18 17:11:55.841 0	/var/tmp/systemd-private-00bb3855991f445d907b1205a9efe23a-upower.service-l8bNb7/tmp
2026-01-18 17:11:55.842 0	/var/tmp/systemd-private-00bb3855991f445d907b1205a9efe23a-upower.service-l8bNb7
2026-01-18 17:11:55.844 0	/var/tmp/systemd-private-00bb3855991f445d907b1205a9efe23a-polkit.service-UfJ6pP/tmp
2026-01-18 17:11:55.845 0	/var/tmp/systemd-private-00bb3855991f445d907b1205a9efe23a-polkit.service-UfJ6pP
2026-01-18 17:11:55.846 16	/var/tmp
2026-01-18 17:11:55.848 16	total
2026-01-18 17:11:55.849 + lsof
2026-01-18 17:11:55.850 + awk '{print $9}'
2026-01-18 17:11:55.851 + grep '^/var/tmp'
2026-01-18 17:11:55.882 + true
2026-01-18 17:11:55.883 + mkdir -p /mnt/var/tmp
2026-01-18 17:11:55.884 + mv /var/tmp /var/tmp.old
2026-01-18 17:11:55.885 + ln -nsf /mnt/var/tmp -T /var/tmp
2026-01-18 17:11:55.887 + rsync -a /var/tmp.old/ /mnt/var/tmp
2026-01-18 17:11:55.932 + rm -Rf /var/tmp.old
2026-01-18 17:11:55.933 + echo 'Moved directory to ephemeral: /var/tmp'
2026-01-18 17:11:55.934 Moved directory to ephemeral: /var/tmp
2026-01-18 17:11:55.935 
2026-01-18 17:11:55.937 real	0m0.124s
2026-01-18 17:11:55.938 user	0m0.062s
2026-01-18 17:11:55.939 sys	0m0.031s
