2026-01-18 17:11:55.941 + setup_var_cache_dir
2026-01-18 17:11:55.942 + move_to_ephemeral /var/cache
2026-01-18 17:11:55.943 + echo 'Moving directory to ephemeral: /var/cache'
2026-01-18 17:11:55.944 Moving directory to ephemeral: /var/cache
2026-01-18 17:11:55.945 + ls -l /var/cache
2026-01-18 17:11:55.947 total 32
2026-01-18 17:11:55.948 drwxr-xr-x.  2 root root     6 Jan 30  2023 bpf
2026-01-18 17:11:55.949 drwxr-xr-x.  8 root root 16384 Dec  4 17:16 dnf
2026-01-18 17:11:55.950 drwxr-xr-x.  2 root root     6 Oct 17 22:54 krb5rcache
2026-01-18 17:11:55.952 drwx------.  2 root root    23 Jan 18 17:11 ldconfig
2026-01-18 17:11:55.953 drwxr-xr-x.  3 root root    21 Dec  4 17:11 libX11
2026-01-18 17:11:55.954 drwxr-xr-x. 35 root root 16384 Dec  4 17:16 man
2026-01-18 17:11:55.955 drwx------.  2 root root     6 Nov 17 07:08 private
2026-01-18 17:11:55.956 + du -c /var/cache
2026-01-18 17:11:55.957 0	/var/cache/bpf
2026-01-18 17:11:55.958 36	/var/cache/ldconfig
2026-01-18 17:11:55.959 0	/var/cache/private
2026-01-18 17:11:55.960 0	/var/cache/krb5rcache
2026-01-18 17:11:55.961 0	/var/cache/dnf/amazonlinux-5ca606579ad66bce/packages
2026-01-18 17:11:55.962 0	/var/cache/dnf/amazonlinux-5ca606579ad66bce/repodata
2026-01-18 17:11:55.963 0	/var/cache/dnf/amazonlinux-5ca606579ad66bce
2026-01-18 17:11:55.965 0	/var/cache/dnf/kernel-livepatch-4ae3c03a06a2e235/repodata
2026-01-18 17:11:55.966 0	/var/cache/dnf/kernel-livepatch-4ae3c03a06a2e235
2026-01-18 17:11:55.967 0	/var/cache/dnf/emr-kamino-platform-repo-d3d9443dfb58a0b1/repodata
2026-01-18 17:11:55.968 0	/var/cache/dnf/emr-kamino-platform-repo-d3d9443dfb58a0b1
2026-01-18 17:11:55.969 0	/var/cache/dnf/emr-apps-repo-2d8a0c0bbdeef6d1/packages
2026-01-18 17:11:55.970 0	/var/cache/dnf/emr-apps-repo-2d8a0c0bbdeef6d1/repodata
2026-01-18 17:11:55.971 0	/var/cache/dnf/emr-apps-repo-2d8a0c0bbdeef6d1
2026-01-18 17:11:55.972 0	/var/cache/dnf/emr-platform-repo-661733d16c87f474/packages
2026-01-18 17:11:55.973 0	/var/cache/dnf/emr-platform-repo-661733d16c87f474/repodata
2026-01-18 17:11:55.974 0	/var/cache/dnf/emr-platform-repo-661733d16c87f474
2026-01-18 17:11:55.975 0	/var/cache/dnf/emr-kamino-apps-repo-7b0ef0eb644d38a7/repodata
2026-01-18 17:11:55.976 0	/var/cache/dnf/emr-kamino-apps-repo-7b0ef0eb644d38a7
2026-01-18 17:11:55.977 3536	/var/cache/dnf
2026-01-18 17:11:55.978 0	/var/cache/man/cat1
2026-01-18 17:11:55.979 0	/var/cache/man/cat2
2026-01-18 17:11:55.980 0	/var/cache/man/cat3
2026-01-18 17:11:55.981 0	/var/cache/man/cat4
2026-01-18 17:11:55.983 0	/var/cache/man/cat5
2026-01-18 17:11:55.984 0	/var/cache/man/cat6
2026-01-18 17:11:55.985 0	/var/cache/man/cat7
2026-01-18 17:11:55.986 0	/var/cache/man/cat8
2026-01-18 17:11:55.987 0	/var/cache/man/ru/cat1
2026-01-18 17:11:55.988 0	/var/cache/man/ru/cat3
2026-01-18 17:11:55.989 0	/var/cache/man/ru/cat5
2026-01-18 17:11:55.990 0	/var/cache/man/ru/cat8
2026-01-18 17:11:55.991 40	/var/cache/man/ru
2026-01-18 17:11:55.992 0	/var/cache/man/cs/cat1
2026-01-18 17:11:55.993 0	/var/cache/man/cs/cat3
2026-01-18 17:11:55.994 0	/var/cache/man/cs/cat5
2026-01-18 17:11:55.995 0	/var/cache/man/cs/cat7
2026-01-18 17:11:55.996 0	/var/cache/man/cs/cat8
2026-01-18 17:11:55.997 20	/var/cache/man/cs
2026-01-18 17:11:55.998 0	/var/cache/man/da/cat1
2026-01-18 17:11:55.999 0	/var/cache/man/da/cat5
2026-01-18 17:11:56.000 0	/var/cache/man/da/cat8
2026-01-18 17:11:56.001 20	/var/cache/man/da
2026-01-18 17:11:56.002 0	/var/cache/man/de/cat1
2026-01-18 17:11:56.003 0	/var/cache/man/de/cat3
2026-01-18 17:11:56.004 0	/var/cache/man/de/cat5
2026-01-18 17:11:56.005 0	/var/cache/man/de/cat8
2026-01-18 17:11:56.006 24	/var/cache/man/de
2026-01-18 17:11:56.007 0	/var/cache/man/fr/cat1
2026-01-18 17:11:56.008 0	/var/cache/man/fr/cat3
2026-01-18 17:11:56.009 0	/var/cache/man/fr/cat5
2026-01-18 17:11:56.010 0	/var/cache/man/fr/cat8
2026-01-18 17:11:56.011 24	/var/cache/man/fr
2026-01-18 17:11:56.012 0	/var/cache/man/hu/cat1
2026-01-18 17:11:56.013 0	/var/cache/man/hu/cat8
2026-01-18 17:11:56.014 20	/var/cache/man/hu
2026-01-18 17:11:56.016 0	/var/cache/man/id/cat1
2026-01-18 17:11:56.017 0	/var/cache/man/id/cat5
2026-01-18 17:11:56.018 0	/var/cache/man/id/cat8
2026-01-18 17:11:56.019 20	/var/cache/man/id
2026-01-18 17:11:56.020 0	/var/cache/man/it/cat1
2026-01-18 17:11:56.021 0	/var/cache/man/it/cat3
2026-01-18 17:11:56.022 0	/var/cache/man/it/cat5
2026-01-18 17:11:56.023 0	/var/cache/man/it/cat8
2026-01-18 17:11:56.024 20	/var/cache/man/it
2026-01-18 17:11:56.025 0	/var/cache/man/ja/cat1
2026-01-18 17:11:56.026 0	/var/cache/man/ja/cat5
2026-01-18 17:11:56.027 0	/var/cache/man/ja/cat8
2026-01-18 17:11:56.028 24	/var/cache/man/ja
2026-01-18 17:11:56.029 0	/var/cache/man/ko/cat8
2026-01-18 17:11:56.030 20	/var/cache/man/ko
2026-01-18 17:11:56.031 0	/var/cache/man/pl/cat1
2026-01-18 17:11:56.032 0	/var/cache/man/pl/cat3
2026-01-18 17:11:56.033 0	/var/cache/man/pl/cat5
2026-01-18 17:11:56.034 0	/var/cache/man/pl/cat8
2026-01-18 17:11:56.035 20	/var/cache/man/pl
2026-01-18 17:11:56.036 0	/var/cache/man/pt_BR/cat1
2026-01-18 17:11:56.037 0	/var/cache/man/pt_BR/cat5
2026-01-18 17:11:56.038 0	/var/cache/man/pt_BR/cat8
2026-01-18 17:11:56.039 20	/var/cache/man/pt_BR
2026-01-18 17:11:56.040 0	/var/cache/man/sv/cat1
2026-01-18 17:11:56.041 0	/var/cache/man/sv/cat3
2026-01-18 17:11:56.042 0	/var/cache/man/sv/cat5
2026-01-18 17:11:56.043 0	/var/cache/man/sv/cat8
2026-01-18 17:11:56.044 20	/var/cache/man/sv
2026-01-18 17:11:56.045 0	/var/cache/man/tr/cat1
2026-01-18 17:11:56.046 0	/var/cache/man/tr/cat5
2026-01-18 17:11:56.048 0	/var/cache/man/tr/cat8
2026-01-18 17:11:56.049 20	/var/cache/man/tr
2026-01-18 17:11:56.050 0	/var/cache/man/zh_CN/cat1
2026-01-18 17:11:56.051 0	/var/cache/man/zh_CN/cat3
2026-01-18 17:11:56.052 0	/var/cache/man/zh_CN/cat5
2026-01-18 17:11:56.053 0	/var/cache/man/zh_CN/cat8
2026-01-18 17:11:56.054 20	/var/cache/man/zh_CN
2026-01-18 17:11:56.055 0	/var/cache/man/zh_TW/cat1
2026-01-18 17:11:56.057 0	/var/cache/man/zh_TW/cat8
2026-01-18 17:11:56.058 20	/var/cache/man/zh_TW
2026-01-18 17:11:56.059 0	/var/cache/man/uk/cat1
2026-01-18 17:11:56.060 0	/var/cache/man/uk/cat5
2026-01-18 17:11:56.061 0	/var/cache/man/uk/cat8
2026-01-18 17:11:56.062 20	/var/cache/man/uk
2026-01-18 17:11:56.063 0	/var/cache/man/sk/cat8
2026-01-18 17:11:56.064 20	/var/cache/man/sk
2026-01-18 17:11:56.065 0	/var/cache/man/ca/cat5
2026-01-18 17:11:56.066 20	/var/cache/man/ca
2026-01-18 17:11:56.067 0	/var/cache/man/pt/cat1
2026-01-18 17:11:56.068 0	/var/cache/man/pt/cat5
2026-01-18 17:11:56.069 0	/var/cache/man/pt/cat8
2026-01-18 17:11:56.070 20	/var/cache/man/pt
2026-01-18 17:11:56.071 0	/var/cache/man/es/cat1
2026-01-18 17:11:56.072 0	/var/cache/man/es/cat5
2026-01-18 17:11:56.073 0	/var/cache/man/es/cat8
2026-01-18 17:11:56.075 20	/var/cache/man/es
2026-01-18 17:11:56.076 0	/var/cache/man/nl/cat1
2026-01-18 17:11:56.077 0	/var/cache/man/nl/cat5
2026-01-18 17:11:56.078 0	/var/cache/man/nl/cat8
2026-01-18 17:11:56.079 20	/var/cache/man/nl
2026-01-18 17:11:56.080 0	/var/cache/man/sr/cat1
2026-01-18 17:11:56.081 0	/var/cache/man/sr/cat5
2026-01-18 17:11:56.083 0	/var/cache/man/sr/cat8
2026-01-18 17:11:56.084 20	/var/cache/man/sr
2026-01-18 17:11:56.085 0	/var/cache/man/local/cat1
2026-01-18 17:11:56.086 0	/var/cache/man/local/cat2
2026-01-18 17:11:56.087 0	/var/cache/man/local/cat3
2026-01-18 17:11:56.089 0	/var/cache/man/local/cat4
2026-01-18 17:11:56.090 0	/var/cache/man/local/cat5
2026-01-18 17:11:56.091 0	/var/cache/man/local/cat6
2026-01-18 17:11:56.093 0	/var/cache/man/local/cat7
2026-01-18 17:11:56.094 0	/var/cache/man/local/cat8
2026-01-18 17:11:56.095 0	/var/cache/man/local/cat9
2026-01-18 17:11:56.096 20	/var/cache/man/local
2026-01-18 17:11:56.097 0	/var/cache/man/oldlocal/cat1
2026-01-18 17:11:56.098 20	/var/cache/man/oldlocal
2026-01-18 17:11:56.099 2792	/var/cache/man
2026-01-18 17:11:56.100 0	/var/cache/libX11/compose
2026-01-18 17:11:56.101 0	/var/cache/libX11
2026-01-18 17:11:56.102 6364	/var/cache
2026-01-18 17:11:56.103 6364	total
2026-01-18 17:11:56.104 + lsof
2026-01-18 17:11:56.105 + awk '{print $9}'
2026-01-18 17:11:56.106 + grep '^/var/cache'
2026-01-18 17:11:56.108 + true
2026-01-18 17:11:56.109 + mkdir -p /mnt/var/cache
2026-01-18 17:11:56.110 + mv /var/cache /var/cache.old
2026-01-18 17:11:56.111 + ln -nsf /mnt/var/cache -T /var/cache
2026-01-18 17:11:56.112 + rsync -a /var/cache.old/ /mnt/var/cache
2026-01-18 17:11:56.320 + rm -Rf /var/cache.old
2026-01-18 17:11:56.325 + echo 'Moved directory to ephemeral: /var/cache'
2026-01-18 17:11:56.326 Moved directory to ephemeral: /var/cache
2026-01-18 17:11:56.327 
2026-01-18 17:11:56.328 real	0m0.384s
2026-01-18 17:11:56.329 user	0m0.065s
2026-01-18 17:11:56.330 sys	0m0.057s
