2026-01-18 17:11:53.650 + setup_var_lib_dir
2026-01-18 17:11:53.651 + [[ -n true ]]
2026-01-18 17:11:53.652 + systemctl stop var-lib-nfs-rpc_pipefs.mount
2026-01-18 17:11:53.769 + target_dir=/var/lib
2026-01-18 17:11:53.770 + move_to_ephemeral /var/lib
2026-01-18 17:11:53.771 + echo 'Moving directory to ephemeral: /var/lib'
2026-01-18 17:11:53.772 Moving directory to ephemeral: /var/lib
2026-01-18 17:11:53.773 + ls -l /var/lib
2026-01-18 17:11:53.785 total 16
2026-01-18 17:11:53.787 drwxr-xr-x. 2 root      root      16384 Dec  4 17:16 alternatives
2026-01-18 17:11:53.788 drwxr-xr-x. 3 root      root         17 Dec  4 17:16 amazon
2026-01-18 17:11:53.789 drwxr-xr-x. 3 root      root         17 Dec  4 17:14 aws
2026-01-18 17:11:53.790 drwxr-xr-x. 2 root      root          6 Nov  5 12:07 bigtop
2026-01-18 17:11:53.791 drwxr-x---. 2 chrony    chrony       19 Dec  4 17:21 chrony
2026-01-18 17:11:53.792 drwxr-xr-x. 2 root      root          6 Dec  4 17:20 cloud
2026-01-18 17:11:53.793 drwxr-xr-x. 2 root      root          6 Nov  4 23:08 containerd
2026-01-18 17:11:53.794 drwxr-xr-x. 2 root      root         80 Dec  4 17:16 dnf
2026-01-18 17:11:53.795 drwxr-xr-x. 2 root      dnsmasq       6 Feb 21  2024 dnsmasq
2026-01-18 17:11:53.796 drwxr-xr-x. 2 root      root          6 Nov  4 18:29 docker
2026-01-18 17:11:53.797 drwxr-xr-x. 2 root      root          6 Jan 30  2023 games
2026-01-18 17:11:53.798 drwxr-xr-x. 2 geoclue   geoclue       6 Feb 18  2025 geoclue
2026-01-18 17:11:53.799 drwxr-xr-x. 4 root      root         55 Nov 17 07:08 gssproxy
2026-01-18 17:11:53.800 drwxr-xr-x. 3 hdfs      hadoop       19 Dec  4 17:16 hadoop-hdfs
2026-01-18 17:11:53.801 drwxrwxr-x. 2 httpfs    httpfs        6 Nov 26 23:35 hadoop-httpfs
2026-01-18 17:11:53.802 drwxrwxr-x. 3 kms       hadoop       19 Dec  4 17:16 hadoop-kms
2026-01-18 17:11:53.803 drwxrwxr-x. 3 mapred    hadoop       19 Dec  4 17:15 hadoop-mapreduce
2026-01-18 17:11:53.804 drwxr-xr-x. 3 yarn      hadoop       19 Dec  4 17:15 hadoop-yarn
2026-01-18 17:11:53.805 drwxr-xr-x. 2 root      root          6 Jan 25  2024 hibinit-agent
2026-01-18 17:11:53.807 drwxr-xr-x. 2 root      root          6 Oct 25  2024 initramfs
2026-01-18 17:11:53.808 drwxr-xr-x. 2 root      root          6 Mar 20  2025 kpatch
2026-01-18 17:11:53.809 drwxr-xr-x. 2 root      root         30 Jan 18 17:11 logrotate
2026-01-18 17:11:53.810 drwxr-xr-x. 2 root      root          6 Jan 30  2023 misc
2026-01-18 17:11:53.811 drwxr-xr-x. 5 root      root         80 Nov 17 07:09 nfs
2026-01-18 17:11:53.812 drwxr-xr-x. 2 root      root          6 Feb  1  2023 os-prober
2026-01-18 17:11:53.813 drwxr-x---. 3 root      polkitd      28 Dec  4 17:11 polkit-1
2026-01-18 17:11:53.814 drwx------. 2 root      root          6 Nov 17 07:08 portables
2026-01-18 17:11:53.815 drwx------. 2 root      root          6 Nov 17 07:08 private
2026-01-18 17:11:53.816 drwxr-xr-x. 2 hadoop    hadoop        6 Dec  3 23:48 provision-node
2026-01-18 17:11:53.817 drwxr-xr-x. 2 root      root         91 Nov 17 07:10 rpm
2026-01-18 17:11:53.818 drwxr-xr-x. 4 root      root         40 Dec  4 17:16 rpm-state
2026-01-18 17:11:53.819 drwxr-xr-x. 5 root      root         46 Nov 17 07:08 selinux
2026-01-18 17:11:53.820 drwxr-xr-x. 2 root      root          6 Jan 18 17:11 setup-devices
2026-01-18 17:11:53.821 drwxr-xr-x. 9 root      root        105 Nov 17 07:08 sss
2026-01-18 17:11:53.822 drwxr-xr-x. 8 root      root        110 Dec  4 17:07 systemd
2026-01-18 17:11:53.823 drwxr-xr-x. 4 root      root         44 Dec  4 17:14 texmf
2026-01-18 17:11:53.825 drwxr-xr-x. 2 root      root         30 Dec  4 17:14 trocla
2026-01-18 17:11:53.826 drwxr-xr-x. 2 root      root         18 Dec  4 17:07 update-motd
2026-01-18 17:11:53.827 drwxr-xr-x. 2 root      root          6 Jan 18 17:11 upower
2026-01-18 17:11:53.828 drwxr-xr-x. 3 root      root         23 Nov 17 07:09 xfsdump
2026-01-18 17:11:53.829 drwxr-xr-x. 2 root      root          6 Nov 17 07:06 yum
2026-01-18 17:11:53.830 drwxr-xr-x. 2 zookeeper zookeeper     6 Dec  4 17:13 zookeeper
2026-01-18 17:11:53.831 + du -c /var/lib
2026-01-18 17:11:53.832 0	/var/lib/yum
2026-01-18 17:11:53.833 4268	/var/lib/dnf
2026-01-18 17:11:53.834 0	/var/lib/games
2026-01-18 17:11:53.835 0	/var/lib/misc
2026-01-18 17:11:53.836 0	/var/lib/rpm-state/kernel
2026-01-18 17:11:53.837 0	/var/lib/rpm-state/puppet-agent
2026-01-18 17:11:53.838 0	/var/lib/rpm-state
2026-01-18 17:11:53.839 132	/var/lib/alternatives
2026-01-18 17:11:53.840 0	/var/lib/selinux/tmp
2026-01-18 17:11:53.841 36	/var/lib/selinux/targeted/active/modules/100/abrt
2026-01-18 17:11:53.842 20	/var/lib/selinux/targeted/active/modules/100/accountsd
2026-01-18 17:11:53.844 20	/var/lib/selinux/targeted/active/modules/100/acct
2026-01-18 17:11:53.845 20	/var/lib/selinux/targeted/active/modules/100/afs
2026-01-18 17:11:53.846 20	/var/lib/selinux/targeted/active/modules/100/afterburn
2026-01-18 17:11:53.847 20	/var/lib/selinux/targeted/active/modules/100/aiccu
2026-01-18 17:11:53.848 20	/var/lib/selinux/targeted/active/modules/100/aide
2026-01-18 17:11:53.849 20	/var/lib/selinux/targeted/active/modules/100/ajaxterm
2026-01-18 17:11:53.850 20	/var/lib/selinux/targeted/active/modules/100/alsa
2026-01-18 17:11:53.851 20	/var/lib/selinux/targeted/active/modules/100/amanda
2026-01-18 17:11:53.852 20	/var/lib/selinux/targeted/active/modules/100/amtu
2026-01-18 17:11:53.853 28	/var/lib/selinux/targeted/active/modules/100/anaconda
2026-01-18 17:11:53.854 24	/var/lib/selinux/targeted/active/modules/100/antivirus
2026-01-18 17:11:53.855 52	/var/lib/selinux/targeted/active/modules/100/apache
2026-01-18 17:11:53.856 28	/var/lib/selinux/targeted/active/modules/100/apcupsd
2026-01-18 17:11:53.857 28	/var/lib/selinux/targeted/active/modules/100/apm
2026-01-18 17:11:53.858 20	/var/lib/selinux/targeted/active/modules/100/application
2026-01-18 17:11:53.860 20	/var/lib/selinux/targeted/active/modules/100/arpwatch
2026-01-18 17:11:53.861 20	/var/lib/selinux/targeted/active/modules/100/asterisk
2026-01-18 17:11:53.862 28	/var/lib/selinux/targeted/active/modules/100/auditadm
2026-01-18 17:11:53.863 20	/var/lib/selinux/targeted/active/modules/100/authconfig
2026-01-18 17:11:53.864 36	/var/lib/selinux/targeted/active/modules/100/authlogin
2026-01-18 17:11:53.865 20	/var/lib/selinux/targeted/active/modules/100/automount
2026-01-18 17:11:53.866 20	/var/lib/selinux/targeted/active/modules/100/avahi
2026-01-18 17:11:53.867 20	/var/lib/selinux/targeted/active/modules/100/awstats
2026-01-18 17:11:53.869 28	/var/lib/selinux/targeted/active/modules/100/bacula
2026-01-18 17:11:53.870 136	/var/lib/selinux/targeted/active/modules/100/base
2026-01-18 17:11:53.871 20	/var/lib/selinux/targeted/active/modules/100/bcfg2
2026-01-18 17:11:53.872 28	/var/lib/selinux/targeted/active/modules/100/bind
2026-01-18 17:11:53.873 20	/var/lib/selinux/targeted/active/modules/100/bitlbee
2026-01-18 17:11:53.874 20	/var/lib/selinux/targeted/active/modules/100/blkmapd
2026-01-18 17:11:53.875 20	/var/lib/selinux/targeted/active/modules/100/blueman
2026-01-18 17:11:53.876 28	/var/lib/selinux/targeted/active/modules/100/bluetooth
2026-01-18 17:11:53.878 28	/var/lib/selinux/targeted/active/modules/100/boinc
2026-01-18 17:11:53.879 20	/var/lib/selinux/targeted/active/modules/100/boltd
2026-01-18 17:11:53.880 20	/var/lib/selinux/targeted/active/modules/100/boothd
2026-01-18 17:11:53.881 28	/var/lib/selinux/targeted/active/modules/100/bootloader
2026-01-18 17:11:53.882 20	/var/lib/selinux/targeted/active/modules/100/bootupd
2026-01-18 17:11:53.883 20	/var/lib/selinux/targeted/active/modules/100/brctl
2026-01-18 17:11:53.884 20	/var/lib/selinux/targeted/active/modules/100/brltty
2026-01-18 17:11:53.885 20	/var/lib/selinux/targeted/active/modules/100/bugzilla
2026-01-18 17:11:53.886 20	/var/lib/selinux/targeted/active/modules/100/bumblebee
2026-01-18 17:11:53.887 20	/var/lib/selinux/targeted/active/modules/100/cachefilesd
2026-01-18 17:11:53.888 20	/var/lib/selinux/targeted/active/modules/100/calamaris
2026-01-18 17:11:53.889 20	/var/lib/selinux/targeted/active/modules/100/callweaver
2026-01-18 17:11:53.890 20	/var/lib/selinux/targeted/active/modules/100/canna
2026-01-18 17:11:53.892 20	/var/lib/selinux/targeted/active/modules/100/ccs
2026-01-18 17:11:53.893 20	/var/lib/selinux/targeted/active/modules/100/cdrecord
2026-01-18 17:11:53.894 20	/var/lib/selinux/targeted/active/modules/100/certmaster
2026-01-18 17:11:53.895 28	/var/lib/selinux/targeted/active/modules/100/certmonger
2026-01-18 17:11:53.897 20	/var/lib/selinux/targeted/active/modules/100/certwatch
2026-01-18 17:11:53.898 20	/var/lib/selinux/targeted/active/modules/100/cfengine
2026-01-18 17:11:53.899 20	/var/lib/selinux/targeted/active/modules/100/cgroup
2026-01-18 17:11:53.900 28	/var/lib/selinux/targeted/active/modules/100/chrome
2026-01-18 17:11:53.901 24	/var/lib/selinux/targeted/active/modules/100/chronyd
2026-01-18 17:11:53.902 28	/var/lib/selinux/targeted/active/modules/100/cinder
2026-01-18 17:11:53.903 20	/var/lib/selinux/targeted/active/modules/100/cipe
2026-01-18 17:11:53.904 20	/var/lib/selinux/targeted/active/modules/100/clock
2026-01-18 17:11:53.905 20	/var/lib/selinux/targeted/active/modules/100/clogd
2026-01-18 17:11:53.907 28	/var/lib/selinux/targeted/active/modules/100/cloudform
2026-01-18 17:11:53.908 20	/var/lib/selinux/targeted/active/modules/100/cmirrord
2026-01-18 17:11:53.909 20	/var/lib/selinux/targeted/active/modules/100/cobbler
2026-01-18 17:11:53.910 20	/var/lib/selinux/targeted/active/modules/100/collectd
2026-01-18 17:11:53.911 20	/var/lib/selinux/targeted/active/modules/100/colord
2026-01-18 17:11:53.912 20	/var/lib/selinux/targeted/active/modules/100/comsat
2026-01-18 17:11:53.913 28	/var/lib/selinux/targeted/active/modules/100/condor
2026-01-18 17:11:53.914 20	/var/lib/selinux/targeted/active/modules/100/conman
2026-01-18 17:11:53.915 20	/var/lib/selinux/targeted/active/modules/100/conntrackd
2026-01-18 17:11:53.916 28	/var/lib/selinux/targeted/active/modules/100/consolekit
2026-01-18 17:11:53.917 20	/var/lib/selinux/targeted/active/modules/100/coreos_installer
2026-01-18 17:11:53.918 20	/var/lib/selinux/targeted/active/modules/100/couchdb
2026-01-18 17:11:53.919 20	/var/lib/selinux/targeted/active/modules/100/courier
2026-01-18 17:11:53.920 20	/var/lib/selinux/targeted/active/modules/100/cpucontrol
2026-01-18 17:11:53.921 20	/var/lib/selinux/targeted/active/modules/100/cpufreqselector
2026-01-18 17:11:53.923 20	/var/lib/selinux/targeted/active/modules/100/cpuplug
2026-01-18 17:11:53.924 40	/var/lib/selinux/targeted/active/modules/100/cron
2026-01-18 17:11:53.925 20	/var/lib/selinux/targeted/active/modules/100/ctdb
2026-01-18 17:11:53.926 36	/var/lib/selinux/targeted/active/modules/100/cups
2026-01-18 17:11:53.927 20	/var/lib/selinux/targeted/active/modules/100/cvs
2026-01-18 17:11:53.928 20	/var/lib/selinux/targeted/active/modules/100/cyphesis
2026-01-18 17:11:53.929 20	/var/lib/selinux/targeted/active/modules/100/cyrus
2026-01-18 17:11:53.930 20	/var/lib/selinux/targeted/active/modules/100/daemontools
2026-01-18 17:11:53.931 28	/var/lib/selinux/targeted/active/modules/100/dbadm
2026-01-18 17:11:53.932 20	/var/lib/selinux/targeted/active/modules/100/dbskk
2026-01-18 17:11:53.933 28	/var/lib/selinux/targeted/active/modules/100/dbus
2026-01-18 17:11:53.934 20	/var/lib/selinux/targeted/active/modules/100/dcc
2026-01-18 17:11:53.935 20	/var/lib/selinux/targeted/active/modules/100/ddclient
2026-01-18 17:11:53.936 20	/var/lib/selinux/targeted/active/modules/100/denyhosts
2026-01-18 17:11:53.937 32	/var/lib/selinux/targeted/active/modules/100/devicekit
2026-01-18 17:11:53.938 20	/var/lib/selinux/targeted/active/modules/100/dhcp
2026-01-18 17:11:53.939 20	/var/lib/selinux/targeted/active/modules/100/dictd
2026-01-18 17:11:53.940 28	/var/lib/selinux/targeted/active/modules/100/dirsrv
2026-01-18 17:11:53.941 28	/var/lib/selinux/targeted/active/modules/100/dirsrv-admin
2026-01-18 17:11:53.942 20	/var/lib/selinux/targeted/active/modules/100/dmesg
2026-01-18 17:11:53.944 20	/var/lib/selinux/targeted/active/modules/100/dmidecode
2026-01-18 17:11:53.945 20	/var/lib/selinux/targeted/active/modules/100/dnsmasq
2026-01-18 17:11:53.946 20	/var/lib/selinux/targeted/active/modules/100/dnssec
2026-01-18 17:11:53.947 28	/var/lib/selinux/targeted/active/modules/100/dovecot
2026-01-18 17:11:53.948 20	/var/lib/selinux/targeted/active/modules/100/drbd
2026-01-18 17:11:53.949 20	/var/lib/selinux/targeted/active/modules/100/dspam
2026-01-18 17:11:53.950 20	/var/lib/selinux/targeted/active/modules/100/entropyd
2026-01-18 17:11:53.951 24	/var/lib/selinux/targeted/active/modules/100/exim
2026-01-18 17:11:53.952 20	/var/lib/selinux/targeted/active/modules/100/fail2ban
2026-01-18 17:11:53.953 20	/var/lib/selinux/targeted/active/modules/100/fcoe
2026-01-18 17:11:53.954 20	/var/lib/selinux/targeted/active/modules/100/fdo
2026-01-18 17:11:53.955 20	/var/lib/selinux/targeted/active/modules/100/fetchmail
2026-01-18 17:11:53.956 20	/var/lib/selinux/targeted/active/modules/100/finger
2026-01-18 17:11:53.957 20	/var/lib/selinux/targeted/active/modules/100/firewalld
2026-01-18 17:11:53.958 20	/var/lib/selinux/targeted/active/modules/100/firewallgui
2026-01-18 17:11:53.959 20	/var/lib/selinux/targeted/active/modules/100/firstboot
2026-01-18 17:11:53.960 20	/var/lib/selinux/targeted/active/modules/100/fprintd
2026-01-18 17:11:53.961 20	/var/lib/selinux/targeted/active/modules/100/freeipmi
2026-01-18 17:11:53.962 20	/var/lib/selinux/targeted/active/modules/100/freqset
2026-01-18 17:11:53.963 28	/var/lib/selinux/targeted/active/modules/100/fstools
2026-01-18 17:11:53.964 28	/var/lib/selinux/targeted/active/modules/100/ftp
2026-01-18 17:11:53.965 20	/var/lib/selinux/targeted/active/modules/100/fwupd
2026-01-18 17:11:53.966 28	/var/lib/selinux/targeted/active/modules/100/games
2026-01-18 17:11:53.967 20	/var/lib/selinux/targeted/active/modules/100/gdomap
2026-01-18 17:11:53.968 20	/var/lib/selinux/targeted/active/modules/100/geoclue
2026-01-18 17:11:53.969 20	/var/lib/selinux/targeted/active/modules/100/getty
2026-01-18 17:11:53.971 20	/var/lib/selinux/targeted/active/modules/100/git
2026-01-18 17:11:53.972 20	/var/lib/selinux/targeted/active/modules/100/gitosis
2026-01-18 17:11:53.973 20	/var/lib/selinux/targeted/active/modules/100/glance
2026-01-18 17:11:53.974 28	/var/lib/selinux/targeted/active/modules/100/gnome
2026-01-18 17:11:53.975 28	/var/lib/selinux/targeted/active/modules/100/gpg
2026-01-18 17:11:53.976 20	/var/lib/selinux/targeted/active/modules/100/gpm
2026-01-18 17:11:53.977 20	/var/lib/selinux/targeted/active/modules/100/gpsd
2026-01-18 17:11:53.978 20	/var/lib/selinux/targeted/active/modules/100/gssproxy
2026-01-18 17:11:53.979 28	/var/lib/selinux/targeted/active/modules/100/guest
2026-01-18 17:11:53.980 20	/var/lib/selinux/targeted/active/modules/100/hddtemp
2026-01-18 17:11:53.981 20	/var/lib/selinux/targeted/active/modules/100/hostapd
2026-01-18 17:11:53.982 20	/var/lib/selinux/targeted/active/modules/100/hostname
2026-01-18 17:11:53.983 20	/var/lib/selinux/targeted/active/modules/100/hsqldb
2026-01-18 17:11:53.984 20	/var/lib/selinux/targeted/active/modules/100/hwloc
2026-01-18 17:11:53.985 20	/var/lib/selinux/targeted/active/modules/100/hypervkvp
2026-01-18 17:11:53.986 20	/var/lib/selinux/targeted/active/modules/100/ibacm
2026-01-18 17:11:53.988 16	/var/lib/selinux/targeted/active/modules/100/ica
2026-01-18 17:11:53.989 20	/var/lib/selinux/targeted/active/modules/100/icecast
2026-01-18 17:11:53.990 28	/var/lib/selinux/targeted/active/modules/100/inetd
2026-01-18 17:11:53.991 64	/var/lib/selinux/targeted/active/modules/100/init
2026-01-18 17:11:53.992 20	/var/lib/selinux/targeted/active/modules/100/inn
2026-01-18 17:11:53.993 32	/var/lib/selinux/targeted/active/modules/100/insights_client
2026-01-18 17:11:53.994 20	/var/lib/selinux/targeted/active/modules/100/iodine
2026-01-18 17:11:53.995 20	/var/lib/selinux/targeted/active/modules/100/iotop
2026-01-18 17:11:53.996 20	/var/lib/selinux/targeted/active/modules/100/ipmievd
2026-01-18 17:11:53.997 32	/var/lib/selinux/targeted/active/modules/100/ipsec
2026-01-18 17:11:53.998 24	/var/lib/selinux/targeted/active/modules/100/iptables
2026-01-18 17:11:53.999 20	/var/lib/selinux/targeted/active/modules/100/irc
2026-01-18 17:11:54.000 20	/var/lib/selinux/targeted/active/modules/100/irqbalance
2026-01-18 17:11:54.002 20	/var/lib/selinux/targeted/active/modules/100/iscsi
2026-01-18 17:11:54.003 20	/var/lib/selinux/targeted/active/modules/100/isns
2026-01-18 17:11:54.004 20	/var/lib/selinux/targeted/active/modules/100/jabber
2026-01-18 17:11:54.005 20	/var/lib/selinux/targeted/active/modules/100/jetty
2026-01-18 17:11:54.006 20	/var/lib/selinux/targeted/active/modules/100/jockey
2026-01-18 17:11:54.007 20	/var/lib/selinux/targeted/active/modules/100/journalctl
2026-01-18 17:11:54.008 28	/var/lib/selinux/targeted/active/modules/100/kdump
2026-01-18 17:11:54.009 20	/var/lib/selinux/targeted/active/modules/100/kdumpgui
2026-01-18 17:11:54.010 20	/var/lib/selinux/targeted/active/modules/100/keepalived
2026-01-18 17:11:54.011 28	/var/lib/selinux/targeted/active/modules/100/kerberos
2026-01-18 17:11:54.012 20	/var/lib/selinux/targeted/active/modules/100/keyboardd
2026-01-18 17:11:54.013 24	/var/lib/selinux/targeted/active/modules/100/keystone
2026-01-18 17:11:54.014 20	/var/lib/selinux/targeted/active/modules/100/kismet
2026-01-18 17:11:54.016 20	/var/lib/selinux/targeted/active/modules/100/kmscon
2026-01-18 17:11:54.017 20	/var/lib/selinux/targeted/active/modules/100/kpatch
2026-01-18 17:11:54.018 20	/var/lib/selinux/targeted/active/modules/100/ksmtuned
2026-01-18 17:11:54.019 20	/var/lib/selinux/targeted/active/modules/100/ktalk
2026-01-18 17:11:54.020 20	/var/lib/selinux/targeted/active/modules/100/l2tp
2026-01-18 17:11:54.021 20	/var/lib/selinux/targeted/active/modules/100/ldap
2026-01-18 17:11:54.022 28	/var/lib/selinux/targeted/active/modules/100/libraries
2026-01-18 17:11:54.023 28	/var/lib/selinux/targeted/active/modules/100/likewise
2026-01-18 17:11:54.024 20	/var/lib/selinux/targeted/active/modules/100/linuxptp
2026-01-18 17:11:54.025 20	/var/lib/selinux/targeted/active/modules/100/lircd
2026-01-18 17:11:54.026 20	/var/lib/selinux/targeted/active/modules/100/livecd
2026-01-18 17:11:54.028 20	/var/lib/selinux/targeted/active/modules/100/lldpad
2026-01-18 17:11:54.029 20	/var/lib/selinux/targeted/active/modules/100/loadkeys
2026-01-18 17:11:54.030 28	/var/lib/selinux/targeted/active/modules/100/locallogin
2026-01-18 17:11:54.031 20	/var/lib/selinux/targeted/active/modules/100/lockdev
2026-01-18 17:11:54.032 20	/var/lib/selinux/targeted/active/modules/100/logadm
2026-01-18 17:11:54.033 36	/var/lib/selinux/targeted/active/modules/100/logging
2026-01-18 17:11:54.034 28	/var/lib/selinux/targeted/active/modules/100/logrotate
2026-01-18 17:11:54.035 20	/var/lib/selinux/targeted/active/modules/100/logwatch
2026-01-18 17:11:54.036 20	/var/lib/selinux/targeted/active/modules/100/lpd
2026-01-18 17:11:54.037 20	/var/lib/selinux/targeted/active/modules/100/lsm
2026-01-18 17:11:54.038 20	/var/lib/selinux/targeted/active/modules/100/lttng-tools
2026-01-18 17:11:54.039 28	/var/lib/selinux/targeted/active/modules/100/lvm
2026-01-18 17:11:54.040 20	/var/lib/selinux/targeted/active/modules/100/mailman
2026-01-18 17:11:54.041 20	/var/lib/selinux/targeted/active/modules/100/mailscanner
2026-01-18 17:11:54.042 20	/var/lib/selinux/targeted/active/modules/100/man2html
2026-01-18 17:11:54.043 20	/var/lib/selinux/targeted/active/modules/100/mandb
2026-01-18 17:11:54.044 20	/var/lib/selinux/targeted/active/modules/100/mcelog
2026-01-18 17:11:54.045 20	/var/lib/selinux/targeted/active/modules/100/mediawiki
2026-01-18 17:11:54.046 20	/var/lib/selinux/targeted/active/modules/100/memcached
2026-01-18 17:11:54.047 20	/var/lib/selinux/targeted/active/modules/100/milter
2026-01-18 17:11:54.048 20	/var/lib/selinux/targeted/active/modules/100/minidlna
2026-01-18 17:11:54.049 20	/var/lib/selinux/targeted/active/modules/100/minissdpd
2026-01-18 17:11:54.050 20	/var/lib/selinux/targeted/active/modules/100/mip6d
2026-01-18 17:11:54.052 20	/var/lib/selinux/targeted/active/modules/100/mirrormanager
2026-01-18 17:11:54.053 20	/var/lib/selinux/targeted/active/modules/100/miscfiles
2026-01-18 17:11:54.054 20	/var/lib/selinux/targeted/active/modules/100/mock
2026-01-18 17:11:54.055 20	/var/lib/selinux/targeted/active/modules/100/modemmanager
2026-01-18 17:11:54.056 28	/var/lib/selinux/targeted/active/modules/100/modutils
2026-01-18 17:11:54.057 20	/var/lib/selinux/targeted/active/modules/100/mojomojo
2026-01-18 17:11:54.058 20	/var/lib/selinux/targeted/active/modules/100/mon_statd
2026-01-18 17:11:54.059 20	/var/lib/selinux/targeted/active/modules/100/mongodb
2026-01-18 17:11:54.060 20	/var/lib/selinux/targeted/active/modules/100/motion
2026-01-18 17:11:54.061 28	/var/lib/selinux/targeted/active/modules/100/mount
2026-01-18 17:11:54.062 36	/var/lib/selinux/targeted/active/modules/100/mozilla
2026-01-18 17:11:54.063 20	/var/lib/selinux/targeted/active/modules/100/mpd
2026-01-18 17:11:54.064 20	/var/lib/selinux/targeted/active/modules/100/mplayer
2026-01-18 17:11:54.065 20	/var/lib/selinux/targeted/active/modules/100/mptcpd
2026-01-18 17:11:54.066 20	/var/lib/selinux/targeted/active/modules/100/mrtg
2026-01-18 17:11:54.067 28	/var/lib/selinux/targeted/active/modules/100/mta
2026-01-18 17:11:54.068 32	/var/lib/selinux/targeted/active/modules/100/munin
2026-01-18 17:11:54.069 28	/var/lib/selinux/targeted/active/modules/100/mysql
2026-01-18 17:11:54.070 20	/var/lib/selinux/targeted/active/modules/100/mythtv
2026-01-18 17:11:54.071 20	/var/lib/selinux/targeted/active/modules/100/naemon
2026-01-18 17:11:54.072 36	/var/lib/selinux/targeted/active/modules/100/nagios
2026-01-18 17:11:54.073 20	/var/lib/selinux/targeted/active/modules/100/namespace
2026-01-18 17:11:54.074 20	/var/lib/selinux/targeted/active/modules/100/ncftool
2026-01-18 17:11:54.075 20	/var/lib/selinux/targeted/active/modules/100/netlabel
2026-01-18 17:11:54.076 20	/var/lib/selinux/targeted/active/modules/100/netutils
2026-01-18 17:11:54.077 44	/var/lib/selinux/targeted/active/modules/100/networkmanager
2026-01-18 17:11:54.078 20	/var/lib/selinux/targeted/active/modules/100/ninfod
2026-01-18 17:11:54.080 20	/var/lib/selinux/targeted/active/modules/100/nis
2026-01-18 17:11:54.081 28	/var/lib/selinux/targeted/active/modules/100/nova
2026-01-18 17:11:54.082 20	/var/lib/selinux/targeted/active/modules/100/nscd
2026-01-18 17:11:54.083 20	/var/lib/selinux/targeted/active/modules/100/nsd
2026-01-18 17:11:54.084 20	/var/lib/selinux/targeted/active/modules/100/nslcd
2026-01-18 17:11:54.085 20	/var/lib/selinux/targeted/active/modules/100/ntop
2026-01-18 17:11:54.086 20	/var/lib/selinux/targeted/active/modules/100/ntp
2026-01-18 17:11:54.087 20	/var/lib/selinux/targeted/active/modules/100/numad
2026-01-18 17:11:54.088 28	/var/lib/selinux/targeted/active/modules/100/nut
2026-01-18 17:11:54.089 20	/var/lib/selinux/targeted/active/modules/100/nvme_stas
2026-01-18 17:11:54.090 20	/var/lib/selinux/targeted/active/modules/100/nx
2026-01-18 17:11:54.091 20	/var/lib/selinux/targeted/active/modules/100/obex
2026-01-18 17:11:54.092 20	/var/lib/selinux/targeted/active/modules/100/oddjob
2026-01-18 17:11:54.093 20	/var/lib/selinux/targeted/active/modules/100/opafm
2026-01-18 17:11:54.094 20	/var/lib/selinux/targeted/active/modules/100/openct
2026-01-18 17:11:54.095 20	/var/lib/selinux/targeted/active/modules/100/opendnssec
2026-01-18 17:11:54.096 20	/var/lib/selinux/targeted/active/modules/100/openfortivpn
2026-01-18 17:11:54.097 20	/var/lib/selinux/targeted/active/modules/100/openhpid
2026-01-18 17:11:54.098 36	/var/lib/selinux/targeted/active/modules/100/openshift
2026-01-18 17:11:54.099 16	/var/lib/selinux/targeted/active/modules/100/openshift-origin
2026-01-18 17:11:54.100 20	/var/lib/selinux/targeted/active/modules/100/opensm
2026-01-18 17:11:54.101 28	/var/lib/selinux/targeted/active/modules/100/openvpn
2026-01-18 17:11:54.102 20	/var/lib/selinux/targeted/active/modules/100/openvswitch
2026-01-18 17:11:54.103 20	/var/lib/selinux/targeted/active/modules/100/openwsman
2026-01-18 17:11:54.104 20	/var/lib/selinux/targeted/active/modules/100/oracleasm
2026-01-18 17:11:54.105 20	/var/lib/selinux/targeted/active/modules/100/osad
2026-01-18 17:11:54.107 20	/var/lib/selinux/targeted/active/modules/100/pads
2026-01-18 17:11:54.108 20	/var/lib/selinux/targeted/active/modules/100/passenger
2026-01-18 17:11:54.109 20	/var/lib/selinux/targeted/active/modules/100/pcmcia
2026-01-18 17:11:54.110 28	/var/lib/selinux/targeted/active/modules/100/pcp
2026-01-18 17:11:54.111 20	/var/lib/selinux/targeted/active/modules/100/pcscd
2026-01-18 17:11:54.112 20	/var/lib/selinux/targeted/active/modules/100/pdns
2026-01-18 17:11:54.113 36	/var/lib/selinux/targeted/active/modules/100/pegasus
2026-01-18 17:11:54.114 8	/var/lib/selinux/targeted/active/modules/100/permissivedomains
2026-01-18 17:11:54.115 20	/var/lib/selinux/targeted/active/modules/100/pesign
2026-01-18 17:11:54.116 20	/var/lib/selinux/targeted/active/modules/100/pingd
2026-01-18 17:11:54.117 28	/var/lib/selinux/targeted/active/modules/100/piranha
2026-01-18 17:11:54.118 20	/var/lib/selinux/targeted/active/modules/100/pkcs
2026-01-18 17:11:54.119 20	/var/lib/selinux/targeted/active/modules/100/pkcs11proxyd
2026-01-18 17:11:54.120 28	/var/lib/selinux/targeted/active/modules/100/pki
2026-01-18 17:11:54.121 20	/var/lib/selinux/targeted/active/modules/100/plymouthd
2026-01-18 17:11:54.122 20	/var/lib/selinux/targeted/active/modules/100/podsleuth
2026-01-18 17:11:54.123 28	/var/lib/selinux/targeted/active/modules/100/policykit
2026-01-18 17:11:54.124 20	/var/lib/selinux/targeted/active/modules/100/polipo
2026-01-18 17:11:54.125 20	/var/lib/selinux/targeted/active/modules/100/portmap
2026-01-18 17:11:54.126 20	/var/lib/selinux/targeted/active/modules/100/portreserve
2026-01-18 17:11:54.127 36	/var/lib/selinux/targeted/active/modules/100/postfix
2026-01-18 17:11:54.128 28	/var/lib/selinux/targeted/active/modules/100/postgresql
2026-01-18 17:11:54.129 20	/var/lib/selinux/targeted/active/modules/100/postgrey
2026-01-18 17:11:54.130 28	/var/lib/selinux/targeted/active/modules/100/ppp
2026-01-18 17:11:54.131 28	/var/lib/selinux/targeted/active/modules/100/prelink
2026-01-18 17:11:54.132 28	/var/lib/selinux/targeted/active/modules/100/prelude
2026-01-18 17:11:54.133 20	/var/lib/selinux/targeted/active/modules/100/privoxy
2026-01-18 17:11:54.134 20	/var/lib/selinux/targeted/active/modules/100/procmail
2026-01-18 17:11:54.135 20	/var/lib/selinux/targeted/active/modules/100/prosody
2026-01-18 17:11:54.136 20	/var/lib/selinux/targeted/active/modules/100/psad
2026-01-18 17:11:54.138 20	/var/lib/selinux/targeted/active/modules/100/ptchown
2026-01-18 17:11:54.139 20	/var/lib/selinux/targeted/active/modules/100/publicfile
2026-01-18 17:11:54.140 28	/var/lib/selinux/targeted/active/modules/100/pulseaudio
2026-01-18 17:11:54.141 28	/var/lib/selinux/targeted/active/modules/100/puppet
2026-01-18 17:11:54.142 20	/var/lib/selinux/targeted/active/modules/100/pwauth
2026-01-18 17:11:54.143 20	/var/lib/selinux/targeted/active/modules/100/qatlib
2026-01-18 17:11:54.144 24	/var/lib/selinux/targeted/active/modules/100/qmail
2026-01-18 17:11:54.145 20	/var/lib/selinux/targeted/active/modules/100/qpid
2026-01-18 17:11:54.146 28	/var/lib/selinux/targeted/active/modules/100/quantum
2026-01-18 17:11:54.147 20	/var/lib/selinux/targeted/active/modules/100/quota
2026-01-18 17:11:54.148 24	/var/lib/selinux/targeted/active/modules/100/rabbitmq
2026-01-18 17:11:54.149 20	/var/lib/selinux/targeted/active/modules/100/radius
2026-01-18 17:11:54.150 20	/var/lib/selinux/targeted/active/modules/100/radvd
2026-01-18 17:11:54.151 20	/var/lib/selinux/targeted/active/modules/100/raid
2026-01-18 17:11:54.152 20	/var/lib/selinux/targeted/active/modules/100/rasdaemon
2026-01-18 17:11:54.153 20	/var/lib/selinux/targeted/active/modules/100/rdisc
2026-01-18 17:11:54.154 20	/var/lib/selinux/targeted/active/modules/100/readahead
2026-01-18 17:11:54.155 36	/var/lib/selinux/targeted/active/modules/100/realmd
2026-01-18 17:11:54.156 20	/var/lib/selinux/targeted/active/modules/100/redis
2026-01-18 17:11:54.158 20	/var/lib/selinux/targeted/active/modules/100/remotelogin
2026-01-18 17:11:54.159 24	/var/lib/selinux/targeted/active/modules/100/rhcd
2026-01-18 17:11:54.160 36	/var/lib/selinux/targeted/active/modules/100/rhcs
2026-01-18 17:11:54.161 28	/var/lib/selinux/targeted/active/modules/100/rhev
2026-01-18 17:11:54.162 20	/var/lib/selinux/targeted/active/modules/100/rhgb
2026-01-18 17:11:54.163 20	/var/lib/selinux/targeted/active/modules/100/rhnsd
2026-01-18 17:11:54.164 24	/var/lib/selinux/targeted/active/modules/100/rhsmcertd
2026-01-18 17:11:54.165 28	/var/lib/selinux/targeted/active/modules/100/ricci
2026-01-18 17:11:54.166 16	/var/lib/selinux/targeted/active/modules/100/rkhunter
2026-01-18 17:11:54.167 20	/var/lib/selinux/targeted/active/modules/100/rkt
2026-01-18 17:11:54.168 24	/var/lib/selinux/targeted/active/modules/100/rlogin
2026-01-18 17:11:54.169 20	/var/lib/selinux/targeted/active/modules/100/rngd
2026-01-18 17:11:54.170 20	/var/lib/selinux/targeted/active/modules/100/rolekit
2026-01-18 17:11:54.171 20	/var/lib/selinux/targeted/active/modules/100/roundup
2026-01-18 17:11:54.172 28	/var/lib/selinux/targeted/active/modules/100/rpc
2026-01-18 17:11:54.173 20	/var/lib/selinux/targeted/active/modules/100/rpcbind
2026-01-18 17:11:54.174 36	/var/lib/selinux/targeted/active/modules/100/rpm
2026-01-18 17:11:54.175 20	/var/lib/selinux/targeted/active/modules/100/rrdcached
2026-01-18 17:11:54.176 20	/var/lib/selinux/targeted/active/modules/100/rshd
2026-01-18 17:11:54.177 20	/var/lib/selinux/targeted/active/modules/100/rshim
2026-01-18 17:11:54.179 20	/var/lib/selinux/targeted/active/modules/100/rssh
2026-01-18 17:11:54.180 20	/var/lib/selinux/targeted/active/modules/100/rsync
2026-01-18 17:11:54.181 20	/var/lib/selinux/targeted/active/modules/100/rtas
2026-01-18 17:11:54.182 20	/var/lib/selinux/targeted/active/modules/100/rtkit
2026-01-18 17:11:54.183 20	/var/lib/selinux/targeted/active/modules/100/rwho
2026-01-18 17:11:54.184 48	/var/lib/selinux/targeted/active/modules/100/samba
2026-01-18 17:11:54.185 20	/var/lib/selinux/targeted/active/modules/100/sambagui
2026-01-18 17:11:54.186 28	/var/lib/selinux/targeted/active/modules/100/sandboxX
2026-01-18 17:11:54.187 20	/var/lib/selinux/targeted/active/modules/100/sanlock
2026-01-18 17:11:54.188 20	/var/lib/selinux/targeted/active/modules/100/sap
2026-01-18 17:11:54.189 20	/var/lib/selinux/targeted/active/modules/100/sasl
2026-01-18 17:11:54.190 20	/var/lib/selinux/targeted/active/modules/100/sbd
2026-01-18 17:11:54.191 20	/var/lib/selinux/targeted/active/modules/100/sblim
2026-01-18 17:11:54.192 20	/var/lib/selinux/targeted/active/modules/100/screen
2026-01-18 17:11:54.193 28	/var/lib/selinux/targeted/active/modules/100/secadm
2026-01-18 17:11:54.194 20	/var/lib/selinux/targeted/active/modules/100/sectoolm
2026-01-18 17:11:54.195 36	/var/lib/selinux/targeted/active/modules/100/selinuxutil
2026-01-18 17:11:54.196 28	/var/lib/selinux/targeted/active/modules/100/sendmail
2026-01-18 17:11:54.197 20	/var/lib/selinux/targeted/active/modules/100/sensord
2026-01-18 17:11:54.198 20	/var/lib/selinux/targeted/active/modules/100/setrans
2026-01-18 17:11:54.199 20	/var/lib/selinux/targeted/active/modules/100/setroubleshoot
2026-01-18 17:11:54.200 20	/var/lib/selinux/targeted/active/modules/100/seunshare
2026-01-18 17:11:54.201 28	/var/lib/selinux/targeted/active/modules/100/sge
2026-01-18 17:11:54.202 20	/var/lib/selinux/targeted/active/modules/100/shorewall
2026-01-18 17:11:54.203 20	/var/lib/selinux/targeted/active/modules/100/slocate
2026-01-18 17:11:54.205 20	/var/lib/selinux/targeted/active/modules/100/slpd
2026-01-18 17:11:54.206 20	/var/lib/selinux/targeted/active/modules/100/smartmon
2026-01-18 17:11:54.207 20	/var/lib/selinux/targeted/active/modules/100/smokeping
2026-01-18 17:11:54.208 20	/var/lib/selinux/targeted/active/modules/100/smoltclient
2026-01-18 17:11:54.209 20	/var/lib/selinux/targeted/active/modules/100/smsd
2026-01-18 17:11:54.210 20	/var/lib/selinux/targeted/active/modules/100/snapper
2026-01-18 17:11:54.211 20	/var/lib/selinux/targeted/active/modules/100/snmp
2026-01-18 17:11:54.212 20	/var/lib/selinux/targeted/active/modules/100/snort
2026-01-18 17:11:54.213 28	/var/lib/selinux/targeted/active/modules/100/sosreport
2026-01-18 17:11:54.214 20	/var/lib/selinux/targeted/active/modules/100/soundserver
2026-01-18 17:11:54.215 28	/var/lib/selinux/targeted/active/modules/100/spamassassin
2026-01-18 17:11:54.216 20	/var/lib/selinux/targeted/active/modules/100/speech-dispatcher
2026-01-18 17:11:54.217 28	/var/lib/selinux/targeted/active/modules/100/squid
2026-01-18 17:11:54.218 40	/var/lib/selinux/targeted/active/modules/100/ssh
2026-01-18 17:11:54.219 20	/var/lib/selinux/targeted/active/modules/100/sslh
2026-01-18 17:11:54.220 28	/var/lib/selinux/targeted/active/modules/100/sssd
2026-01-18 17:11:54.221 76	/var/lib/selinux/targeted/active/modules/100/staff
2026-01-18 17:11:54.222 20	/var/lib/selinux/targeted/active/modules/100/stalld
2026-01-18 17:11:54.223 20	/var/lib/selinux/targeted/active/modules/100/stapserver
2026-01-18 17:11:54.224 20	/var/lib/selinux/targeted/active/modules/100/stratisd
2026-01-18 17:11:54.225 20	/var/lib/selinux/targeted/active/modules/100/stunnel
2026-01-18 17:11:54.226 20	/var/lib/selinux/targeted/active/modules/100/su
2026-01-18 17:11:54.227 20	/var/lib/selinux/targeted/active/modules/100/sudo
2026-01-18 17:11:54.228 20	/var/lib/selinux/targeted/active/modules/100/svnserve
2026-01-18 17:11:54.229 20	/var/lib/selinux/targeted/active/modules/100/swift
2026-01-18 17:11:54.230 100	/var/lib/selinux/targeted/active/modules/100/sysadm
2026-01-18 17:11:54.231 20	/var/lib/selinux/targeted/active/modules/100/sysadm_secadm
2026-01-18 17:11:54.232 28	/var/lib/selinux/targeted/active/modules/100/sysnetwork
2026-01-18 17:11:54.234 20	/var/lib/selinux/targeted/active/modules/100/sysstat
2026-01-18 17:11:54.235 48	/var/lib/selinux/targeted/active/modules/100/systemd
2026-01-18 17:11:54.236 20	/var/lib/selinux/targeted/active/modules/100/tangd
2026-01-18 17:11:54.237 20	/var/lib/selinux/targeted/active/modules/100/targetd
2026-01-18 17:11:54.238 20	/var/lib/selinux/targeted/active/modules/100/tcpd
2026-01-18 17:11:54.239 20	/var/lib/selinux/targeted/active/modules/100/tcsd
2026-01-18 17:11:54.241 28	/var/lib/selinux/targeted/active/modules/100/telepathy
2026-01-18 17:11:54.242 20	/var/lib/selinux/targeted/active/modules/100/telnet
2026-01-18 17:11:54.243 20	/var/lib/selinux/targeted/active/modules/100/tftp
2026-01-18 17:11:54.244 20	/var/lib/selinux/targeted/active/modules/100/tgtd
2026-01-18 17:11:54.245 20	/var/lib/selinux/targeted/active/modules/100/thin
2026-01-18 17:11:54.246 20	/var/lib/selinux/targeted/active/modules/100/thumb
2026-01-18 17:11:54.247 20	/var/lib/selinux/targeted/active/modules/100/timedatex
2026-01-18 17:11:54.248 20	/var/lib/selinux/targeted/active/modules/100/tlp
2026-01-18 17:11:54.249 20	/var/lib/selinux/targeted/active/modules/100/tmpreaper
2026-01-18 17:11:54.250 28	/var/lib/selinux/targeted/active/modules/100/tomcat
2026-01-18 17:11:54.251 20	/var/lib/selinux/targeted/active/modules/100/tor
2026-01-18 17:11:54.252 28	/var/lib/selinux/targeted/active/modules/100/tuned
2026-01-18 17:11:54.254 20	/var/lib/selinux/targeted/active/modules/100/tvtime
2026-01-18 17:11:54.255 36	/var/lib/selinux/targeted/active/modules/100/udev
2026-01-18 17:11:54.256 20	/var/lib/selinux/targeted/active/modules/100/ulogd
2026-01-18 17:11:54.257 20	/var/lib/selinux/targeted/active/modules/100/uml
2026-01-18 17:11:54.258 20	/var/lib/selinux/targeted/active/modules/100/unconfined
2026-01-18 17:11:54.259 40	/var/lib/selinux/targeted/active/modules/100/unconfineduser
2026-01-18 17:11:54.260 16	/var/lib/selinux/targeted/active/modules/100/unlabelednet
2026-01-18 17:11:54.261 60	/var/lib/selinux/targeted/active/modules/100/unprivuser
2026-01-18 17:11:54.262 20	/var/lib/selinux/targeted/active/modules/100/updfstab
2026-01-18 17:11:54.263 20	/var/lib/selinux/targeted/active/modules/100/usbmodules
2026-01-18 17:11:54.264 20	/var/lib/selinux/targeted/active/modules/100/usbmuxd
2026-01-18 17:11:54.265 32	/var/lib/selinux/targeted/active/modules/100/userdomain
2026-01-18 17:11:54.267 20	/var/lib/selinux/targeted/active/modules/100/userhelper
2026-01-18 17:11:54.268 36	/var/lib/selinux/targeted/active/modules/100/usermanage
2026-01-18 17:11:54.269 20	/var/lib/selinux/targeted/active/modules/100/usernetctl
2026-01-18 17:11:54.270 20	/var/lib/selinux/targeted/active/modules/100/uucp
2026-01-18 17:11:54.271 20	/var/lib/selinux/targeted/active/modules/100/uuidd
2026-01-18 17:11:54.272 20	/var/lib/selinux/targeted/active/modules/100/varnishd
2026-01-18 17:11:54.273 20	/var/lib/selinux/targeted/active/modules/100/vdagent
2026-01-18 17:11:54.274 20	/var/lib/selinux/targeted/active/modules/100/vhostmd
2026-01-18 17:11:54.275 64	/var/lib/selinux/targeted/active/modules/100/virt
2026-01-18 17:11:54.276 20	/var/lib/selinux/targeted/active/modules/100/vlock
2026-01-18 17:11:54.277 28	/var/lib/selinux/targeted/active/modules/100/vmtools
2026-01-18 17:11:54.278 28	/var/lib/selinux/targeted/active/modules/100/vmware
2026-01-18 17:11:54.279 20	/var/lib/selinux/targeted/active/modules/100/vnstatd
2026-01-18 17:11:54.280 20	/var/lib/selinux/targeted/active/modules/100/vpn
2026-01-18 17:11:54.282 20	/var/lib/selinux/targeted/active/modules/100/w3c
2026-01-18 17:11:54.283 28	/var/lib/selinux/targeted/active/modules/100/watchdog
2026-01-18 17:11:54.284 20	/var/lib/selinux/targeted/active/modules/100/wdmd
2026-01-18 17:11:54.285 28	/var/lib/selinux/targeted/active/modules/100/webadm
2026-01-18 17:11:54.286 20	/var/lib/selinux/targeted/active/modules/100/webalizer
2026-01-18 17:11:54.287 20	/var/lib/selinux/targeted/active/modules/100/wine
2026-01-18 17:11:54.288 20	/var/lib/selinux/targeted/active/modules/100/wireguard
2026-01-18 17:11:54.289 20	/var/lib/selinux/targeted/active/modules/100/wireshark
2026-01-18 17:11:54.290 28	/var/lib/selinux/targeted/active/modules/100/xen
2026-01-18 17:11:54.291 40	/var/lib/selinux/targeted/active/modules/100/xguest
2026-01-18 17:11:54.292 60	/var/lib/selinux/targeted/active/modules/100/xserver
2026-01-18 17:11:54.293 28	/var/lib/selinux/targeted/active/modules/100/zabbix
2026-01-18 17:11:54.294 20	/var/lib/selinux/targeted/active/modules/100/zarafa
2026-01-18 17:11:54.296 20	/var/lib/selinux/targeted/active/modules/100/zebra
2026-01-18 17:11:54.297 20	/var/lib/selinux/targeted/active/modules/100/zoneminder
2026-01-18 17:11:54.298 20	/var/lib/selinux/targeted/active/modules/100/zosremote
2026-01-18 17:11:54.299 10144	/var/lib/selinux/targeted/active/modules/100
2026-01-18 17:11:54.300 12	/var/lib/selinux/targeted/active/modules/200/ec2-instance-connect
2026-01-18 17:11:54.301 64	/var/lib/selinux/targeted/active/modules/200/container
2026-01-18 17:11:54.302 76	/var/lib/selinux/targeted/active/modules/200
2026-01-18 17:11:54.303 0	/var/lib/selinux/targeted/active/modules/disabled
2026-01-18 17:11:54.304 10220	/var/lib/selinux/targeted/active/modules
2026-01-18 17:11:54.305 17824	/var/lib/selinux/targeted/active
2026-01-18 17:11:54.306 17824	/var/lib/selinux/targeted
2026-01-18 17:11:54.307 0	/var/lib/selinux/final
2026-01-18 17:11:54.308 17824	/var/lib/selinux
2026-01-18 17:11:54.309 232	/var/lib/systemd/catalog
2026-01-18 17:11:54.310 0	/var/lib/systemd/coredump
2026-01-18 17:11:54.311 0	/var/lib/systemd/pstore
2026-01-18 17:11:54.312 0	/var/lib/systemd/timers
2026-01-18 17:11:54.313 0	/var/lib/systemd/home
2026-01-18 17:11:54.314 0	/var/lib/systemd/linger
2026-01-18 17:11:54.315 236	/var/lib/systemd
2026-01-18 17:11:54.316 0	/var/lib/portables
2026-01-18 17:11:54.317 0	/var/lib/private
2026-01-18 17:11:54.318 0	/var/lib/initramfs
2026-01-18 17:11:54.319 0	/var/lib/os-prober
2026-01-18 17:11:54.320 0	/var/lib/gssproxy/clients
2026-01-18 17:11:54.321 0	/var/lib/gssproxy/rcache
2026-01-18 17:11:54.322 0	/var/lib/gssproxy
2026-01-18 17:11:54.323 4	/var/lib/logrotate
2026-01-18 17:11:54.324 1256	/var/lib/sss/db
2026-01-18 17:11:54.325 0	/var/lib/sss/deskprofile
2026-01-18 17:11:54.327 0	/var/lib/sss/gpo_cache
2026-01-18 17:11:54.328 0	/var/lib/sss/mc
2026-01-18 17:11:54.329 0	/var/lib/sss/pipes/private
2026-01-18 17:11:54.330 0	/var/lib/sss/pipes
2026-01-18 17:11:54.331 0	/var/lib/sss/pubconf
2026-01-18 17:11:54.332 0	/var/lib/sss/secrets
2026-01-18 17:11:54.333 1256	/var/lib/sss
2026-01-18 17:11:54.334 4	/var/lib/chrony
2026-01-18 17:11:54.335 0	/var/lib/cloud
2026-01-18 17:11:54.336 0	/var/lib/kpatch
2026-01-18 17:11:54.337 0	/var/lib/nfs/rpc_pipefs
2026-01-18 17:11:54.338 0	/var/lib/nfs/statd/sm
2026-01-18 17:11:54.339 0	/var/lib/nfs/statd/sm.bak
2026-01-18 17:11:54.340 0	/var/lib/nfs/statd
2026-01-18 17:11:54.341 0	/var/lib/nfs/v4recovery
2026-01-18 17:11:54.342 0	/var/lib/nfs
2026-01-18 17:11:54.343 0	/var/lib/hibinit-agent
2026-01-18 17:11:54.344 0	/var/lib/xfsdump/inventory
2026-01-18 17:11:54.345 0	/var/lib/xfsdump
2026-01-18 17:11:54.347 0	/var/lib/amazon/ssm/ipc
2026-01-18 17:11:54.348 4	/var/lib/amazon/ssm/runtimeconfig
2026-01-18 17:11:54.349 4	/var/lib/amazon/ssm/Vault/Store
2026-01-18 17:11:54.350 8	/var/lib/amazon/ssm/Vault
2026-01-18 17:11:54.351 4	/var/lib/amazon/ssm/dynamicconfig
2026-01-18 17:11:54.352 0	/var/lib/amazon/ssm/localcommands/completed
2026-01-18 17:11:54.353 0	/var/lib/amazon/ssm/localcommands
2026-01-18 17:11:54.354 0	/var/lib/amazon/ssm/daemons
2026-01-18 17:11:54.355 0	/var/lib/amazon/ssm/i-04211d47fc32133ec/document/state/pending
2026-01-18 17:11:54.356 0	/var/lib/amazon/ssm/i-04211d47fc32133ec/document/state/current
2026-01-18 17:11:54.357 0	/var/lib/amazon/ssm/i-04211d47fc32133ec/document/state/completed
2026-01-18 17:11:54.358 0	/var/lib/amazon/ssm/i-04211d47fc32133ec/document/state/corrupt
2026-01-18 17:11:54.359 0	/var/lib/amazon/ssm/i-04211d47fc32133ec/document/state
2026-01-18 17:11:54.360 0	/var/lib/amazon/ssm/i-04211d47fc32133ec/document/orchestration/d89cea78-17ad-417b-b405-d789374dbf56/awsrunShellScript/CollectRunningKernel
2026-01-18 17:11:54.362 0	/var/lib/amazon/ssm/i-04211d47fc32133ec/document/orchestration/d89cea78-17ad-417b-b405-d789374dbf56/awsrunShellScript
2026-01-18 17:11:54.363 4	/var/lib/amazon/ssm/i-04211d47fc32133ec/document/orchestration/d89cea78-17ad-417b-b405-d789374dbf56/CollectRunningKernel
2026-01-18 17:11:54.364 4	/var/lib/amazon/ssm/i-04211d47fc32133ec/document/orchestration/d89cea78-17ad-417b-b405-d789374dbf56
2026-01-18 17:11:54.365 8	/var/lib/amazon/ssm/i-04211d47fc32133ec/document/orchestration/dc27f838-64de-4fe5-8ddc-61c5f2b05cfa/2025-12-04T17-07-57.169Z/awssoftwareInventory/collectSoftwareInventoryItems
2026-01-18 17:11:54.366 8	/var/lib/amazon/ssm/i-04211d47fc32133ec/document/orchestration/dc27f838-64de-4fe5-8ddc-61c5f2b05cfa/2025-12-04T17-07-57.169Z/awssoftwareInventory
2026-01-18 17:11:54.367 8	/var/lib/amazon/ssm/i-04211d47fc32133ec/document/orchestration/dc27f838-64de-4fe5-8ddc-61c5f2b05cfa/2025-12-04T17-07-57.169Z
2026-01-18 17:11:54.368 8	/var/lib/amazon/ssm/i-04211d47fc32133ec/document/orchestration/dc27f838-64de-4fe5-8ddc-61c5f2b05cfa
2026-01-18 17:11:54.370 12	/var/lib/amazon/ssm/i-04211d47fc32133ec/document/orchestration/01ef8244-a57b-48be-9c4c-deb4939b6ecd/awsrunShellScript/0.awsrunShellScript
2026-01-18 17:11:54.371 12	/var/lib/amazon/ssm/i-04211d47fc32133ec/document/orchestration/01ef8244-a57b-48be-9c4c-deb4939b6ecd/awsrunShellScript
2026-01-18 17:11:54.372 12	/var/lib/amazon/ssm/i-04211d47fc32133ec/document/orchestration/01ef8244-a57b-48be-9c4c-deb4939b6ecd
2026-01-18 17:11:54.373 20	/var/lib/amazon/ssm/i-04211d47fc32133ec/document/orchestration/033c19c1-0d59-409c-b25a-fe2dda45cc6a/awsrunShellScript/0.awsrunShellScript
2026-01-18 17:11:54.374 20	/var/lib/amazon/ssm/i-04211d47fc32133ec/document/orchestration/033c19c1-0d59-409c-b25a-fe2dda45cc6a/awsrunShellScript
2026-01-18 17:11:54.375 20	/var/lib/amazon/ssm/i-04211d47fc32133ec/document/orchestration/033c19c1-0d59-409c-b25a-fe2dda45cc6a
2026-01-18 17:11:54.376 0	/var/lib/amazon/ssm/i-04211d47fc32133ec/document/orchestration/6b64b251-67da-4590-bb67-b1de12c49db4/awsrefreshAssociation/refreshAssociation
2026-01-18 17:11:54.377 8	/var/lib/amazon/ssm/i-04211d47fc32133ec/document/orchestration/6b64b251-67da-4590-bb67-b1de12c49db4/awsrefreshAssociation
2026-01-18 17:11:54.378 8	/var/lib/amazon/ssm/i-04211d47fc32133ec/document/orchestration/6b64b251-67da-4590-bb67-b1de12c49db4
2026-01-18 17:11:54.380 8	/var/lib/amazon/ssm/i-04211d47fc32133ec/document/orchestration/616662fb-c3ff-43e2-a46a-5ffdae323a65/2025-12-04T17-17-21.211Z/awssoftwareInventory/collectSoftwareInventoryItems
2026-01-18 17:11:54.381 8	/var/lib/amazon/ssm/i-04211d47fc32133ec/document/orchestration/616662fb-c3ff-43e2-a46a-5ffdae323a65/2025-12-04T17-17-21.211Z/awssoftwareInventory
2026-01-18 17:11:54.382 8	/var/lib/amazon/ssm/i-04211d47fc32133ec/document/orchestration/616662fb-c3ff-43e2-a46a-5ffdae323a65/2025-12-04T17-17-21.211Z
2026-01-18 17:11:54.383 8	/var/lib/amazon/ssm/i-04211d47fc32133ec/document/orchestration/616662fb-c3ff-43e2-a46a-5ffdae323a65/2025-12-04T17-17-48.998Z/awssoftwareInventory/collectSoftwareInventoryItems
2026-01-18 17:11:54.384 8	/var/lib/amazon/ssm/i-04211d47fc32133ec/document/orchestration/616662fb-c3ff-43e2-a46a-5ffdae323a65/2025-12-04T17-17-48.998Z/awssoftwareInventory
2026-01-18 17:11:54.385 8	/var/lib/amazon/ssm/i-04211d47fc32133ec/document/orchestration/616662fb-c3ff-43e2-a46a-5ffdae323a65/2025-12-04T17-17-48.998Z
2026-01-18 17:11:54.386 16	/var/lib/amazon/ssm/i-04211d47fc32133ec/document/orchestration/616662fb-c3ff-43e2-a46a-5ffdae323a65
2026-01-18 17:11:54.387 28	/var/lib/amazon/ssm/i-04211d47fc32133ec/document/orchestration/2f29f763-02b6-4bea-a38b-c1104c73b5f0/awsrunShellScript/0.awsrunShellScript
2026-01-18 17:11:54.389 28	/var/lib/amazon/ssm/i-04211d47fc32133ec/document/orchestration/2f29f763-02b6-4bea-a38b-c1104c73b5f0/awsrunShellScript
2026-01-18 17:11:54.390 28	/var/lib/amazon/ssm/i-04211d47fc32133ec/document/orchestration/2f29f763-02b6-4bea-a38b-c1104c73b5f0
2026-01-18 17:11:54.391 112	/var/lib/amazon/ssm/i-04211d47fc32133ec/document/orchestration
2026-01-18 17:11:54.392 112	/var/lib/amazon/ssm/i-04211d47fc32133ec/document
2026-01-18 17:11:54.393 0	/var/lib/amazon/ssm/i-04211d47fc32133ec/longrunningplugins/datastore
2026-01-18 17:11:54.394 0	/var/lib/amazon/ssm/i-04211d47fc32133ec/longrunningplugins/healthcheck
2026-01-18 17:11:54.395 0	/var/lib/amazon/ssm/i-04211d47fc32133ec/longrunningplugins
2026-01-18 17:11:54.396 0	/var/lib/amazon/ssm/i-04211d47fc32133ec/replies
2026-01-18 17:11:54.397 0	/var/lib/amazon/ssm/i-04211d47fc32133ec/replies_mgs
2026-01-18 17:11:54.398 4	/var/lib/amazon/ssm/i-04211d47fc32133ec/inventory/custom
2026-01-18 17:11:54.399 0	/var/lib/amazon/ssm/i-04211d47fc32133ec/inventory/file
2026-01-18 17:11:54.400 0	/var/lib/amazon/ssm/i-04211d47fc32133ec/inventory/role
2026-01-18 17:11:54.401 8	/var/lib/amazon/ssm/i-04211d47fc32133ec/inventory
2026-01-18 17:11:54.402 0	/var/lib/amazon/ssm/i-04211d47fc32133ec/idempotency/SendCommand/d89cea78-17ad-417b-b405-d789374dbf56
2026-01-18 17:11:54.403 0	/var/lib/amazon/ssm/i-04211d47fc32133ec/idempotency/SendCommand/01ef8244-a57b-48be-9c4c-deb4939b6ecd
2026-01-18 17:11:54.405 0	/var/lib/amazon/ssm/i-04211d47fc32133ec/idempotency/SendCommand/033c19c1-0d59-409c-b25a-fe2dda45cc6a
2026-01-18 17:11:54.406 0	/var/lib/amazon/ssm/i-04211d47fc32133ec/idempotency/SendCommand/6b64b251-67da-4590-bb67-b1de12c49db4
2026-01-18 17:11:54.407 0	/var/lib/amazon/ssm/i-04211d47fc32133ec/idempotency/SendCommand/2f29f763-02b6-4bea-a38b-c1104c73b5f0
2026-01-18 17:11:54.408 16	/var/lib/amazon/ssm/i-04211d47fc32133ec/idempotency/SendCommand
2026-01-18 17:11:54.409 16	/var/lib/amazon/ssm/i-04211d47fc32133ec/idempotency
2026-01-18 17:11:54.410 0	/var/lib/amazon/ssm/i-04211d47fc32133ec/channels
2026-01-18 17:11:54.411 136	/var/lib/amazon/ssm/i-04211d47fc32133ec
2026-01-18 17:11:54.412 152	/var/lib/amazon/ssm
2026-01-18 17:11:54.413 152	/var/lib/amazon
2026-01-18 17:11:54.414 0	/var/lib/update-motd
2026-01-18 17:11:54.416 36352	/var/lib/rpm
2026-01-18 17:11:54.417 0	/var/lib/polkit-1/localauthority/10-vendor.d
2026-01-18 17:11:54.418 0	/var/lib/polkit-1/localauthority/20-org.d
2026-01-18 17:11:54.419 0	/var/lib/polkit-1/localauthority/30-site.d
2026-01-18 17:11:54.420 0	/var/lib/polkit-1/localauthority/50-local.d
2026-01-18 17:11:54.421 0	/var/lib/polkit-1/localauthority/90-mandatory.d
2026-01-18 17:11:54.422 0	/var/lib/polkit-1/localauthority
2026-01-18 17:11:54.423 0	/var/lib/polkit-1
2026-01-18 17:11:54.424 0	/var/lib/geoclue
2026-01-18 17:11:54.425 2328	/var/lib/texmf/web2c/luatex
2026-01-18 17:11:54.426 2340	/var/lib/texmf/web2c
2026-01-18 17:11:54.427 112	/var/lib/texmf/fonts/map/dvips/updmap
2026-01-18 17:11:54.428 112	/var/lib/texmf/fonts/map/dvips
2026-01-18 17:11:54.429 44	/var/lib/texmf/fonts/map/pdftex/updmap
2026-01-18 17:11:54.430 44	/var/lib/texmf/fonts/map/pdftex
2026-01-18 17:11:54.431 4	/var/lib/texmf/fonts/map/dvipdfmx/updmap
2026-01-18 17:11:54.432 4	/var/lib/texmf/fonts/map/dvipdfmx
2026-01-18 17:11:54.433 160	/var/lib/texmf/fonts/map
2026-01-18 17:11:54.434 160	/var/lib/texmf/fonts
2026-01-18 17:11:54.435 2504	/var/lib/texmf
2026-01-18 17:11:54.436 0	/var/lib/bigtop
2026-01-18 17:11:54.438 0	/var/lib/zookeeper
2026-01-18 17:11:54.439 0	/var/lib/trocla
2026-01-18 17:11:54.440 0	/var/lib/aws/emr/step-runner/hadoop-jars
2026-01-18 17:11:54.441 0	/var/lib/aws/emr/step-runner
2026-01-18 17:11:54.442 4	/var/lib/aws/emr
2026-01-18 17:11:54.443 4	/var/lib/aws
2026-01-18 17:11:54.444 0	/var/lib/dnsmasq
2026-01-18 17:11:54.445 0	/var/lib/provision-node
2026-01-18 17:11:54.446 0	/var/lib/containerd
2026-01-18 17:11:54.447 0	/var/lib/hadoop-yarn/cache
2026-01-18 17:11:54.448 0	/var/lib/hadoop-yarn
2026-01-18 17:11:54.449 0	/var/lib/hadoop-mapreduce/cache
2026-01-18 17:11:54.450 0	/var/lib/hadoop-mapreduce
2026-01-18 17:11:54.451 0	/var/lib/hadoop-hdfs/cache
2026-01-18 17:11:54.452 0	/var/lib/hadoop-hdfs
2026-01-18 17:11:54.453 0	/var/lib/hadoop-httpfs
2026-01-18 17:11:54.454 0	/var/lib/docker
2026-01-18 17:11:54.455 0	/var/lib/hadoop-kms/cache
2026-01-18 17:11:54.456 0	/var/lib/hadoop-kms
2026-01-18 17:11:54.457 0	/var/lib/upower
2026-01-18 17:11:54.458 0	/var/lib/setup-devices
2026-01-18 17:11:54.459 62752	/var/lib
2026-01-18 17:11:54.460 62752	total
2026-01-18 17:11:54.461 + lsof
2026-01-18 17:11:54.462 + awk '{print $9}'
2026-01-18 17:11:54.463 + grep '^/var/lib'
2026-01-18 17:11:54.464 + true
2026-01-18 17:11:54.465 + mkdir -p /mnt/var/lib
2026-01-18 17:11:54.466 + mv /var/lib /var/lib.old
2026-01-18 17:11:54.468 + ln -nsf /mnt/var/lib -T /var/lib
2026-01-18 17:11:54.469 + rsync -a /var/lib.old/ /mnt/var/lib
2026-01-18 17:11:55.645 + rm -Rf /var/lib.old
2026-01-18 17:11:55.685 + echo 'Moved directory to ephemeral: /var/lib'
2026-01-18 17:11:55.686 Moved directory to ephemeral: /var/lib
2026-01-18 17:11:55.687 + restart_proc_that_can_have_open_files_in_var_lib_dir
2026-01-18 17:11:55.689 + restart_proc_if_running dhclient 'service network restart'
2026-01-18 17:11:55.690 + pgrep -x dhclient
2026-01-18 17:11:55.691 + echo 'Not restarting dhclient as it isn'\''t running.'
2026-01-18 17:11:55.693 Not restarting dhclient as it isn't running.
2026-01-18 17:11:55.694 + print_deleted_files_in_old_dir /var/lib
2026-01-18 17:11:55.695 + echo 'Dumping remaining open deleted files in old /var/lib directory:'
2026-01-18 17:11:55.696 Dumping remaining open deleted files in old /var/lib directory:
2026-01-18 17:11:55.697 + lsof_deleted_files_in_old_dir /var/lib
2026-01-18 17:11:55.698 + lsof
2026-01-18 17:11:55.699 + grep '(deleted)'
2026-01-18 17:11:55.700 + grep /var/lib.old
2026-01-18 17:11:55.801 + true
2026-01-18 17:11:55.802 + echo 'Dump complete, any output indicates potential lost file.'
2026-01-18 17:11:55.803 Dump complete, any output indicates potential lost file.
2026-01-18 17:11:55.804 
2026-01-18 17:11:55.805 real	0m2.152s
2026-01-18 17:11:55.806 user	0m0.195s
2026-01-18 17:11:55.808 sys	0m0.270s
