2026-01-22 00:05:58.772 + setup_tmp_dir
2026-01-22 00:05:58.773 ++ readlink /tmp
2026-01-22 00:05:58.774 + [[ '' == \/\m\n\t\/\t\m\p ]]
2026-01-22 00:05:58.775 ++ readlink /mnt/tmp
2026-01-22 00:05:58.777 + [[ '' == \/\t\m\p ]]
2026-01-22 00:05:58.778 ++ findmnt -rno TARGET /tmp
2026-01-22 00:05:58.780 + [[ -n '' ]]
2026-01-22 00:05:58.781 + [[ -e /mnt/tmp ]]
2026-01-22 00:05:58.782 + move_to_ephemeral /tmp
2026-01-22 00:05:58.784 + echo 'Moving directory to ephemeral: /tmp'
2026-01-22 00:05:58.785 Moving directory to ephemeral: /tmp
2026-01-22 00:05:58.787 + ls -l /tmp
2026-01-22 00:05:58.788 total 0
2026-01-22 00:05:58.789 drwxr-xr-x. 2 root root  6 Jan 22 00:05 hsperfdata_root
2026-01-22 00:05:58.790 drwx------. 3 root root 17 Jan 22 00:05 systemd-private-30e8a80ba3774b1f8616bc72b2ff4d4d-dbus-broker.service-urVPnK
2026-01-22 00:05:58.792 drwx------. 3 root root 17 Jan 22 00:05 systemd-private-30e8a80ba3774b1f8616bc72b2ff4d4d-policy-routes@ens5.service-GGAfJq
2026-01-22 00:05:58.793 drwx------. 3 root root 17 Jan 22 00:05 systemd-private-30e8a80ba3774b1f8616bc72b2ff4d4d-polkit.service-ATgL7s
2026-01-22 00:05:58.794 drwx------. 3 root root 17 Jan 22 00:05 systemd-private-30e8a80ba3774b1f8616bc72b2ff4d4d-rtkit-daemon.service-9eivm8
2026-01-22 00:05:58.795 drwx------. 3 root root 17 Jan 22 00:05 systemd-private-30e8a80ba3774b1f8616bc72b2ff4d4d-systemd-logind.service-KxrvZy
2026-01-22 00:05:58.797 drwx------. 3 root root 17 Jan 22 00:05 systemd-private-30e8a80ba3774b1f8616bc72b2ff4d4d-systemd-resolved.service-VfxYTw
2026-01-22 00:05:58.799 drwx------. 3 root root 17 Jan 22 00:05 systemd-private-30e8a80ba3774b1f8616bc72b2ff4d4d-upower.service-9D74rn
2026-01-22 00:05:58.800 + du -c /tmp
2026-01-22 00:05:58.801 0	/tmp/.X11-unix
2026-01-22 00:05:58.803 0	/tmp/.ICE-unix
2026-01-22 00:05:58.804 0	/tmp/.XIM-unix
2026-01-22 00:05:58.805 0	/tmp/.font-unix
2026-01-22 00:05:58.807 0	/tmp/systemd-private-30e8a80ba3774b1f8616bc72b2ff4d4d-systemd-resolved.service-VfxYTw/tmp
2026-01-22 00:05:58.808 0	/tmp/systemd-private-30e8a80ba3774b1f8616bc72b2ff4d4d-systemd-resolved.service-VfxYTw
2026-01-22 00:05:58.810 0	/tmp/systemd-private-30e8a80ba3774b1f8616bc72b2ff4d4d-dbus-broker.service-urVPnK/tmp
2026-01-22 00:05:58.811 0	/tmp/systemd-private-30e8a80ba3774b1f8616bc72b2ff4d4d-dbus-broker.service-urVPnK
2026-01-22 00:05:58.812 0	/tmp/systemd-private-30e8a80ba3774b1f8616bc72b2ff4d4d-policy-routes@ens5.service-GGAfJq/tmp
2026-01-22 00:05:58.814 0	/tmp/systemd-private-30e8a80ba3774b1f8616bc72b2ff4d4d-policy-routes@ens5.service-GGAfJq
2026-01-22 00:05:58.815 0	/tmp/systemd-private-30e8a80ba3774b1f8616bc72b2ff4d4d-rtkit-daemon.service-9eivm8/tmp
2026-01-22 00:05:58.817 0	/tmp/systemd-private-30e8a80ba3774b1f8616bc72b2ff4d4d-rtkit-daemon.service-9eivm8
2026-01-22 00:05:58.818 0	/tmp/systemd-private-30e8a80ba3774b1f8616bc72b2ff4d4d-systemd-logind.service-KxrvZy/tmp
2026-01-22 00:05:58.820 0	/tmp/systemd-private-30e8a80ba3774b1f8616bc72b2ff4d4d-systemd-logind.service-KxrvZy
2026-01-22 00:05:58.821 0	/tmp/systemd-private-30e8a80ba3774b1f8616bc72b2ff4d4d-upower.service-9D74rn/tmp
2026-01-22 00:05:58.823 0	/tmp/systemd-private-30e8a80ba3774b1f8616bc72b2ff4d4d-upower.service-9D74rn
2026-01-22 00:05:58.824 0	/tmp/systemd-private-30e8a80ba3774b1f8616bc72b2ff4d4d-polkit.service-ATgL7s/tmp
2026-01-22 00:05:58.825 0	/tmp/systemd-private-30e8a80ba3774b1f8616bc72b2ff4d4d-polkit.service-ATgL7s
2026-01-22 00:05:58.827 0	/tmp/hsperfdata_root
2026-01-22 00:05:58.828 16	/tmp
2026-01-22 00:05:58.829 16	total
2026-01-22 00:05:58.831 + lsof
2026-01-22 00:05:58.832 + awk '{print $9}'
2026-01-22 00:05:58.833 + grep '^/tmp'
2026-01-22 00:05:58.941 + true
2026-01-22 00:05:58.943 + mkdir -p /mnt/tmp
2026-01-22 00:05:58.944 + mv /tmp /tmp.old
2026-01-22 00:05:58.945 + ln -nsf /mnt/tmp -T /tmp
2026-01-22 00:05:58.947 + rsync -a /tmp.old/ /mnt/tmp
2026-01-22 00:05:59.047 + rm -Rf /tmp.old
2026-01-22 00:05:59.049 + echo 'Moved directory to ephemeral: /tmp'
2026-01-22 00:05:59.050 Moved directory to ephemeral: /tmp
2026-01-22 00:05:59.051 
2026-01-22 00:05:59.052 real	0m0.278s
2026-01-22 00:05:59.053 user	0m0.095s
2026-01-22 00:05:59.055 sys	0m0.011s
