2026-01-22 00:05:59.065 + setup_var_log_dir
2026-01-22 00:05:59.066 + target_dir=/var/log
2026-01-22 00:05:59.067 + move_to_ephemeral /var/log
2026-01-22 00:05:59.068 + echo 'Moving directory to ephemeral: /var/log'
2026-01-22 00:05:59.070 Moving directory to ephemeral: /var/log
2026-01-22 00:05:59.071 + ls -l /var/log
2026-01-22 00:05:59.090 total 4
2026-01-22 00:05:59.091 lrwxrwxrwx. 1 root      root             39 Nov 17 07:08 README -> ../../usr/share/doc/systemd/README.logs
2026-01-22 00:05:59.092 drwxr-xr-x. 2 root      root              6 Dec  4 17:20 amazon
2026-01-22 00:05:59.093 drwx------. 2 root      root             23 Jan 22 00:05 audit
2026-01-22 00:05:59.095 -rw-rw----. 1 root      utmp              0 Nov 17 07:08 btmp
2026-01-22 00:05:59.096 drwxr-x---. 2 chrony    chrony            6 Dec  4 17:12 chrony
2026-01-22 00:05:59.097 drwxrwxr-x. 2 hdfs      hadoop            6 Nov 26 23:35 hadoop-hdfs
2026-01-22 00:05:59.098 drwxrwxr-x. 2 httpfs    httpfs            6 Nov 26 23:35 hadoop-httpfs
2026-01-22 00:05:59.099 drwxrwxr-x. 2 kms       hadoop            6 Nov 26 23:35 hadoop-kms
2026-01-22 00:05:59.101 drwxrwxr-x. 2 mapred    hadoop            6 Nov 26 23:35 hadoop-mapreduce
2026-01-22 00:05:59.103 drwxrwxr-x. 2 yarn      hadoop            6 Nov 26 23:35 hadoop-yarn
2026-01-22 00:05:59.104 drwxr-sr-x+ 3 root      systemd-journal  46 Dec  4 17:20 journal
2026-01-22 00:05:59.106 -rw-rw-r--. 1 root      utmp              0 Nov 17 07:08 lastlog
2026-01-22 00:05:59.107 drwxr-xr-x. 2 root      root             32 Jan 22 00:05 mk-tmp-on-root
2026-01-22 00:05:59.108 drwx------. 2 root      root              6 Nov 17 07:08 private
2026-01-22 00:05:59.109 drwx------. 2 hadoop    hadoop            6 Dec  3 23:48 provision-node
2026-01-22 00:05:59.111 drwxr-xr-x. 3 root      root             20 Dec  4 17:14 puppetlabs
2026-01-22 00:05:59.112 drwxr-xr-x. 2 root      root             18 Jan 22 00:05 sa
2026-01-22 00:05:59.113 drwxr-x---. 2 root      root              6 Oct 17 22:54 sssd
2026-01-22 00:05:59.114 -rw-------. 1 root      root              0 Nov 17 07:08 tallylog
2026-01-22 00:05:59.116 -rw-rw-r--. 1 root      utmp            384 Jan 22 00:05 wtmp
2026-01-22 00:05:59.117 drwxr-xr-x. 2 zookeeper zookeeper         6 Dec  4 17:13 zookeeper
2026-01-22 00:05:59.118 + du -c /var/log
2026-01-22 00:05:59.119 11796	/var/log/journal/ec276fc410ae8f3bf6c5605dc1bcdbc7
2026-01-22 00:05:59.121 11796	/var/log/journal
2026-01-22 00:05:59.122 0	/var/log/private
2026-01-22 00:05:59.123 0	/var/log/sssd
2026-01-22 00:05:59.125 0	/var/log/chrony
2026-01-22 00:05:59.126 0	/var/log/amazon
2026-01-22 00:05:59.127 16	/var/log/audit
2026-01-22 00:05:59.129 4	/var/log/sa
2026-01-22 00:05:59.130 0	/var/log/zookeeper
2026-01-22 00:05:59.132 0	/var/log/puppetlabs/puppet
2026-01-22 00:05:59.133 0	/var/log/puppetlabs
2026-01-22 00:05:59.134 0	/var/log/provision-node
2026-01-22 00:05:59.135 0	/var/log/hadoop-yarn
2026-01-22 00:05:59.136 0	/var/log/hadoop-mapreduce
2026-01-22 00:05:59.138 0	/var/log/hadoop-hdfs
2026-01-22 00:05:59.139 0	/var/log/hadoop-httpfs
2026-01-22 00:05:59.140 0	/var/log/hadoop-kms
2026-01-22 00:05:59.141 4	/var/log/mk-tmp-on-root
2026-01-22 00:05:59.142 11840	/var/log
2026-01-22 00:05:59.143 11840	total
2026-01-22 00:05:59.145 + lsof
2026-01-22 00:05:59.146 + awk '{print $9}'
2026-01-22 00:05:59.147 + grep '^/var/log'
2026-01-22 00:05:59.273 /var/log/journal/ec276fc410ae8f3bf6c5605dc1bcdbc7/system.journal
2026-01-22 00:05:59.275 /var/log/journal/ec276fc410ae8f3bf6c5605dc1bcdbc7/system.journal
2026-01-22 00:05:59.276 /var/log/audit/audit.log
2026-01-22 00:05:59.277 + mkdir -p /mnt/var/log
2026-01-22 00:05:59.279 + mv /var/log /var/log.old
2026-01-22 00:05:59.280 + ln -nsf /mnt/var/log -T /var/log
2026-01-22 00:05:59.281 + rsync -a /var/log.old/ /mnt/var/log
2026-01-22 00:05:59.343 + rm -Rf /var/log.old
2026-01-22 00:05:59.345 + echo 'Moved directory to ephemeral: /var/log'
2026-01-22 00:05:59.346 Moved directory to ephemeral: /var/log
2026-01-22 00:05:59.348 + restart_proc_that_can_have_open_files_in_var_log_dir
2026-01-22 00:05:59.349 + restart_proc_if_enabled auditd 'systemctl start auditd'
2026-01-22 00:05:59.350 + systemctl is-enabled auditd
2026-01-22 00:05:59.352 + echo 'Restarting auditd.'
2026-01-22 00:05:59.354 Restarting auditd.
2026-01-22 00:05:59.355 + systemctl start auditd
2026-01-22 00:05:59.359 + echo 'Restart of auditd completed.'
2026-01-22 00:05:59.360 Restart of auditd completed.
2026-01-22 00:05:59.361 + restart_proc_if_running rsyslogd 'systemctl restart rsyslog'
2026-01-22 00:05:59.363 + pgrep -x rsyslogd
2026-01-22 00:05:59.367 + echo 'Not restarting rsyslogd as it isn'\''t running.'
2026-01-22 00:05:59.369 Not restarting rsyslogd as it isn't running.
2026-01-22 00:05:59.370 + print_deleted_files_in_old_dir /var/log
2026-01-22 00:05:59.371 + echo 'Dumping remaining open deleted files in old /var/log directory:'
2026-01-22 00:05:59.372 Dumping remaining open deleted files in old /var/log directory:
2026-01-22 00:05:59.374 + lsof_deleted_files_in_old_dir /var/log
2026-01-22 00:05:59.375 + lsof
2026-01-22 00:05:59.376 + grep '(deleted)'
2026-01-22 00:05:59.377 + grep /var/log.old
2026-01-22 00:05:59.472 systemd-j 1039                           root   16u      REG              259,3   8388608    8529812 /var/log.old/journal/ec276fc410ae8f3bf6c5605dc1bcdbc7/system.journal (deleted)
2026-01-22 00:05:59.473 auditd    1615                           root    5w      REG              259,3     13164    1194089 /var/log.old/audit/audit.log (deleted)
2026-01-22 00:05:59.474 auditd    1615 1616 auditd               root    5w      REG              259,3     13164    1194089 /var/log.old/audit/audit.log (deleted)
2026-01-22 00:05:59.475 + echo 'Dump complete, any output indicates potential lost file.'
2026-01-22 00:05:59.477 Dump complete, any output indicates potential lost file.
2026-01-22 00:05:59.478 
2026-01-22 00:05:59.479 real	0m0.408s
2026-01-22 00:05:59.480 user	0m0.109s
2026-01-22 00:05:59.481 sys	0m0.101s
