2026-01-22 00:05:59.484 + setup_var_lib_dir
2026-01-22 00:05:59.485 + [[ -n true ]]
2026-01-22 00:05:59.486 + systemctl stop var-lib-nfs-rpc_pipefs.mount
2026-01-22 00:05:59.620 + target_dir=/var/lib
2026-01-22 00:05:59.622 + move_to_ephemeral /var/lib
2026-01-22 00:05:59.623 + echo 'Moving directory to ephemeral: /var/lib'
2026-01-22 00:05:59.624 Moving directory to ephemeral: /var/lib
2026-01-22 00:05:59.626 + ls -l /var/lib
2026-01-22 00:05:59.636 total 16
2026-01-22 00:05:59.638 drwxr-xr-x. 2 root      root      16384 Dec  4 17:16 alternatives
2026-01-22 00:05:59.639 drwxr-xr-x. 3 root      root         17 Dec  4 17:16 amazon
2026-01-22 00:05:59.640 drwxr-xr-x. 3 root      root         17 Dec  4 17:14 aws
2026-01-22 00:05:59.641 drwxr-xr-x. 2 root      root          6 Nov  5 12:07 bigtop
2026-01-22 00:05:59.643 drwxr-x---. 2 chrony    chrony       19 Dec  4 17:21 chrony
2026-01-22 00:05:59.644 drwxr-xr-x. 2 root      root          6 Dec  4 17:20 cloud
2026-01-22 00:05:59.645 drwxr-xr-x. 2 root      root          6 Nov  4 23:08 containerd
2026-01-22 00:05:59.646 drwxr-xr-x. 2 root      root         80 Dec  4 17:16 dnf
2026-01-22 00:05:59.647 drwxr-xr-x. 2 root      dnsmasq       6 Feb 21  2024 dnsmasq
2026-01-22 00:05:59.649 drwxr-xr-x. 2 root      root          6 Nov  4 18:29 docker
2026-01-22 00:05:59.650 drwxr-xr-x. 2 root      root          6 Jan 30  2023 games
2026-01-22 00:05:59.651 drwxr-xr-x. 2 geoclue   geoclue       6 Feb 18  2025 geoclue
2026-01-22 00:05:59.652 drwxr-xr-x. 4 root      root         55 Nov 17 07:08 gssproxy
2026-01-22 00:05:59.653 drwxr-xr-x. 3 hdfs      hadoop       19 Dec  4 17:16 hadoop-hdfs
2026-01-22 00:05:59.655 drwxrwxr-x. 2 httpfs    httpfs        6 Nov 26 23:35 hadoop-httpfs
2026-01-22 00:05:59.656 drwxrwxr-x. 3 kms       hadoop       19 Dec  4 17:16 hadoop-kms
2026-01-22 00:05:59.657 drwxrwxr-x. 3 mapred    hadoop       19 Dec  4 17:15 hadoop-mapreduce
2026-01-22 00:05:59.658 drwxr-xr-x. 3 yarn      hadoop       19 Dec  4 17:15 hadoop-yarn
2026-01-22 00:05:59.659 drwxr-xr-x. 2 root      root          6 Jan 25  2024 hibinit-agent
2026-01-22 00:05:59.661 drwxr-xr-x. 2 root      root          6 Oct 25  2024 initramfs
2026-01-22 00:05:59.662 drwxr-xr-x. 2 root      root          6 Mar 20  2025 kpatch
2026-01-22 00:05:59.663 drwxr-xr-x. 2 root      root         30 Jan 22 00:05 logrotate
2026-01-22 00:05:59.664 drwxr-xr-x. 2 root      root          6 Jan 30  2023 misc
2026-01-22 00:05:59.665 drwxr-xr-x. 5 root      root         80 Nov 17 07:09 nfs
2026-01-22 00:05:59.667 drwxr-xr-x. 2 root      root          6 Feb  1  2023 os-prober
2026-01-22 00:05:59.668 drwxr-x---. 3 root      polkitd      28 Dec  4 17:11 polkit-1
2026-01-22 00:05:59.669 drwx------. 2 root      root          6 Nov 17 07:08 portables
2026-01-22 00:05:59.670 drwx------. 2 root      root          6 Nov 17 07:08 private
2026-01-22 00:05:59.672 drwxr-xr-x. 2 hadoop    hadoop        6 Dec  3 23:48 provision-node
2026-01-22 00:05:59.673 drwxr-xr-x. 2 root      root         91 Nov 17 07:10 rpm
2026-01-22 00:05:59.674 drwxr-xr-x. 4 root      root         40 Dec  4 17:16 rpm-state
2026-01-22 00:05:59.675 drwxr-xr-x. 5 root      root         46 Nov 17 07:08 selinux
2026-01-22 00:05:59.676 drwxr-xr-x. 2 root      root          6 Jan 22 00:05 setup-devices
2026-01-22 00:05:59.678 drwxr-xr-x. 9 root      root        105 Nov 17 07:08 sss
2026-01-22 00:05:59.679 drwxr-xr-x. 8 root      root        110 Dec  4 17:07 systemd
2026-01-22 00:05:59.680 drwxr-xr-x. 4 root      root         44 Dec  4 17:14 texmf
2026-01-22 00:05:59.681 drwxr-xr-x. 2 root      root         30 Dec  4 17:14 trocla
2026-01-22 00:05:59.682 drwxr-xr-x. 2 root      root         18 Dec  4 17:07 update-motd
2026-01-22 00:05:59.684 drwxr-xr-x. 2 root      root          6 Jan 22 00:05 upower
2026-01-22 00:05:59.685 drwxr-xr-x. 3 root      root         23 Nov 17 07:09 xfsdump
2026-01-22 00:05:59.686 drwxr-xr-x. 2 root      root          6 Nov 17 07:06 yum
2026-01-22 00:05:59.687 drwxr-xr-x. 2 zookeeper zookeeper     6 Dec  4 17:13 zookeeper
2026-01-22 00:05:59.689 + du -c /var/lib
2026-01-22 00:05:59.690 0	/var/lib/yum
2026-01-22 00:05:59.691 4268	/var/lib/dnf
2026-01-22 00:05:59.692 0	/var/lib/games
2026-01-22 00:05:59.694 0	/var/lib/misc
2026-01-22 00:05:59.695 0	/var/lib/rpm-state/kernel
2026-01-22 00:05:59.696 0	/var/lib/rpm-state/puppet-agent
2026-01-22 00:05:59.697 0	/var/lib/rpm-state
2026-01-22 00:05:59.698 132	/var/lib/alternatives
2026-01-22 00:05:59.700 0	/var/lib/selinux/tmp
2026-01-22 00:05:59.701 36	/var/lib/selinux/targeted/active/modules/100/abrt
2026-01-22 00:05:59.702 20	/var/lib/selinux/targeted/active/modules/100/accountsd
2026-01-22 00:05:59.703 20	/var/lib/selinux/targeted/active/modules/100/acct
2026-01-22 00:05:59.704 20	/var/lib/selinux/targeted/active/modules/100/afs
2026-01-22 00:05:59.706 20	/var/lib/selinux/targeted/active/modules/100/afterburn
2026-01-22 00:05:59.707 20	/var/lib/selinux/targeted/active/modules/100/aiccu
2026-01-22 00:05:59.708 20	/var/lib/selinux/targeted/active/modules/100/aide
2026-01-22 00:05:59.709 20	/var/lib/selinux/targeted/active/modules/100/ajaxterm
2026-01-22 00:05:59.710 20	/var/lib/selinux/targeted/active/modules/100/alsa
2026-01-22 00:05:59.712 20	/var/lib/selinux/targeted/active/modules/100/amanda
2026-01-22 00:05:59.713 20	/var/lib/selinux/targeted/active/modules/100/amtu
2026-01-22 00:05:59.714 28	/var/lib/selinux/targeted/active/modules/100/anaconda
2026-01-22 00:05:59.715 24	/var/lib/selinux/targeted/active/modules/100/antivirus
2026-01-22 00:05:59.717 52	/var/lib/selinux/targeted/active/modules/100/apache
2026-01-22 00:05:59.718 28	/var/lib/selinux/targeted/active/modules/100/apcupsd
2026-01-22 00:05:59.719 28	/var/lib/selinux/targeted/active/modules/100/apm
2026-01-22 00:05:59.721 20	/var/lib/selinux/targeted/active/modules/100/application
2026-01-22 00:05:59.722 20	/var/lib/selinux/targeted/active/modules/100/arpwatch
2026-01-22 00:05:59.723 20	/var/lib/selinux/targeted/active/modules/100/asterisk
2026-01-22 00:05:59.724 28	/var/lib/selinux/targeted/active/modules/100/auditadm
2026-01-22 00:05:59.726 20	/var/lib/selinux/targeted/active/modules/100/authconfig
2026-01-22 00:05:59.727 36	/var/lib/selinux/targeted/active/modules/100/authlogin
2026-01-22 00:05:59.728 20	/var/lib/selinux/targeted/active/modules/100/automount
2026-01-22 00:05:59.730 20	/var/lib/selinux/targeted/active/modules/100/avahi
2026-01-22 00:05:59.731 20	/var/lib/selinux/targeted/active/modules/100/awstats
2026-01-22 00:05:59.732 28	/var/lib/selinux/targeted/active/modules/100/bacula
2026-01-22 00:05:59.733 136	/var/lib/selinux/targeted/active/modules/100/base
2026-01-22 00:05:59.735 20	/var/lib/selinux/targeted/active/modules/100/bcfg2
2026-01-22 00:05:59.736 28	/var/lib/selinux/targeted/active/modules/100/bind
2026-01-22 00:05:59.737 20	/var/lib/selinux/targeted/active/modules/100/bitlbee
2026-01-22 00:05:59.738 20	/var/lib/selinux/targeted/active/modules/100/blkmapd
2026-01-22 00:05:59.740 20	/var/lib/selinux/targeted/active/modules/100/blueman
2026-01-22 00:05:59.741 28	/var/lib/selinux/targeted/active/modules/100/bluetooth
2026-01-22 00:05:59.742 28	/var/lib/selinux/targeted/active/modules/100/boinc
2026-01-22 00:05:59.743 20	/var/lib/selinux/targeted/active/modules/100/boltd
2026-01-22 00:05:59.744 20	/var/lib/selinux/targeted/active/modules/100/boothd
2026-01-22 00:05:59.746 28	/var/lib/selinux/targeted/active/modules/100/bootloader
2026-01-22 00:05:59.747 20	/var/lib/selinux/targeted/active/modules/100/bootupd
2026-01-22 00:05:59.748 20	/var/lib/selinux/targeted/active/modules/100/brctl
2026-01-22 00:05:59.749 20	/var/lib/selinux/targeted/active/modules/100/brltty
2026-01-22 00:05:59.751 20	/var/lib/selinux/targeted/active/modules/100/bugzilla
2026-01-22 00:05:59.752 20	/var/lib/selinux/targeted/active/modules/100/bumblebee
2026-01-22 00:05:59.753 20	/var/lib/selinux/targeted/active/modules/100/cachefilesd
2026-01-22 00:05:59.754 20	/var/lib/selinux/targeted/active/modules/100/calamaris
2026-01-22 00:05:59.756 20	/var/lib/selinux/targeted/active/modules/100/callweaver
2026-01-22 00:05:59.758 20	/var/lib/selinux/targeted/active/modules/100/canna
2026-01-22 00:05:59.759 20	/var/lib/selinux/targeted/active/modules/100/ccs
2026-01-22 00:05:59.760 20	/var/lib/selinux/targeted/active/modules/100/cdrecord
2026-01-22 00:05:59.762 20	/var/lib/selinux/targeted/active/modules/100/certmaster
2026-01-22 00:05:59.763 28	/var/lib/selinux/targeted/active/modules/100/certmonger
2026-01-22 00:05:59.764 20	/var/lib/selinux/targeted/active/modules/100/certwatch
2026-01-22 00:05:59.765 20	/var/lib/selinux/targeted/active/modules/100/cfengine
2026-01-22 00:05:59.767 20	/var/lib/selinux/targeted/active/modules/100/cgroup
2026-01-22 00:05:59.768 28	/var/lib/selinux/targeted/active/modules/100/chrome
2026-01-22 00:05:59.769 24	/var/lib/selinux/targeted/active/modules/100/chronyd
2026-01-22 00:05:59.770 28	/var/lib/selinux/targeted/active/modules/100/cinder
2026-01-22 00:05:59.771 20	/var/lib/selinux/targeted/active/modules/100/cipe
2026-01-22 00:05:59.773 20	/var/lib/selinux/targeted/active/modules/100/clock
2026-01-22 00:05:59.774 20	/var/lib/selinux/targeted/active/modules/100/clogd
2026-01-22 00:05:59.775 28	/var/lib/selinux/targeted/active/modules/100/cloudform
2026-01-22 00:05:59.776 20	/var/lib/selinux/targeted/active/modules/100/cmirrord
2026-01-22 00:05:59.778 20	/var/lib/selinux/targeted/active/modules/100/cobbler
2026-01-22 00:05:59.779 20	/var/lib/selinux/targeted/active/modules/100/collectd
2026-01-22 00:05:59.780 20	/var/lib/selinux/targeted/active/modules/100/colord
2026-01-22 00:05:59.781 20	/var/lib/selinux/targeted/active/modules/100/comsat
2026-01-22 00:05:59.783 28	/var/lib/selinux/targeted/active/modules/100/condor
2026-01-22 00:05:59.784 20	/var/lib/selinux/targeted/active/modules/100/conman
2026-01-22 00:05:59.785 20	/var/lib/selinux/targeted/active/modules/100/conntrackd
2026-01-22 00:05:59.786 28	/var/lib/selinux/targeted/active/modules/100/consolekit
2026-01-22 00:05:59.787 20	/var/lib/selinux/targeted/active/modules/100/coreos_installer
2026-01-22 00:05:59.789 20	/var/lib/selinux/targeted/active/modules/100/couchdb
2026-01-22 00:05:59.790 20	/var/lib/selinux/targeted/active/modules/100/courier
2026-01-22 00:05:59.791 20	/var/lib/selinux/targeted/active/modules/100/cpucontrol
2026-01-22 00:05:59.792 20	/var/lib/selinux/targeted/active/modules/100/cpufreqselector
2026-01-22 00:05:59.794 20	/var/lib/selinux/targeted/active/modules/100/cpuplug
2026-01-22 00:05:59.795 40	/var/lib/selinux/targeted/active/modules/100/cron
2026-01-22 00:05:59.796 20	/var/lib/selinux/targeted/active/modules/100/ctdb
2026-01-22 00:05:59.797 36	/var/lib/selinux/targeted/active/modules/100/cups
2026-01-22 00:05:59.798 20	/var/lib/selinux/targeted/active/modules/100/cvs
2026-01-22 00:05:59.800 20	/var/lib/selinux/targeted/active/modules/100/cyphesis
2026-01-22 00:05:59.801 20	/var/lib/selinux/targeted/active/modules/100/cyrus
2026-01-22 00:05:59.802 20	/var/lib/selinux/targeted/active/modules/100/daemontools
2026-01-22 00:05:59.803 28	/var/lib/selinux/targeted/active/modules/100/dbadm
2026-01-22 00:05:59.804 20	/var/lib/selinux/targeted/active/modules/100/dbskk
2026-01-22 00:05:59.805 28	/var/lib/selinux/targeted/active/modules/100/dbus
2026-01-22 00:05:59.807 20	/var/lib/selinux/targeted/active/modules/100/dcc
2026-01-22 00:05:59.808 20	/var/lib/selinux/targeted/active/modules/100/ddclient
2026-01-22 00:05:59.809 20	/var/lib/selinux/targeted/active/modules/100/denyhosts
2026-01-22 00:05:59.810 32	/var/lib/selinux/targeted/active/modules/100/devicekit
2026-01-22 00:05:59.811 20	/var/lib/selinux/targeted/active/modules/100/dhcp
2026-01-22 00:05:59.813 20	/var/lib/selinux/targeted/active/modules/100/dictd
2026-01-22 00:05:59.814 28	/var/lib/selinux/targeted/active/modules/100/dirsrv
2026-01-22 00:05:59.815 28	/var/lib/selinux/targeted/active/modules/100/dirsrv-admin
2026-01-22 00:05:59.816 20	/var/lib/selinux/targeted/active/modules/100/dmesg
2026-01-22 00:05:59.817 20	/var/lib/selinux/targeted/active/modules/100/dmidecode
2026-01-22 00:05:59.819 20	/var/lib/selinux/targeted/active/modules/100/dnsmasq
2026-01-22 00:05:59.820 20	/var/lib/selinux/targeted/active/modules/100/dnssec
2026-01-22 00:05:59.821 28	/var/lib/selinux/targeted/active/modules/100/dovecot
2026-01-22 00:05:59.823 20	/var/lib/selinux/targeted/active/modules/100/drbd
2026-01-22 00:05:59.824 20	/var/lib/selinux/targeted/active/modules/100/dspam
2026-01-22 00:05:59.825 20	/var/lib/selinux/targeted/active/modules/100/entropyd
2026-01-22 00:05:59.826 24	/var/lib/selinux/targeted/active/modules/100/exim
2026-01-22 00:05:59.828 20	/var/lib/selinux/targeted/active/modules/100/fail2ban
2026-01-22 00:05:59.829 20	/var/lib/selinux/targeted/active/modules/100/fcoe
2026-01-22 00:05:59.830 20	/var/lib/selinux/targeted/active/modules/100/fdo
2026-01-22 00:05:59.832 20	/var/lib/selinux/targeted/active/modules/100/fetchmail
2026-01-22 00:05:59.833 20	/var/lib/selinux/targeted/active/modules/100/finger
2026-01-22 00:05:59.834 20	/var/lib/selinux/targeted/active/modules/100/firewalld
2026-01-22 00:05:59.836 20	/var/lib/selinux/targeted/active/modules/100/firewallgui
2026-01-22 00:05:59.837 20	/var/lib/selinux/targeted/active/modules/100/firstboot
2026-01-22 00:05:59.838 20	/var/lib/selinux/targeted/active/modules/100/fprintd
2026-01-22 00:05:59.840 20	/var/lib/selinux/targeted/active/modules/100/freeipmi
2026-01-22 00:05:59.841 20	/var/lib/selinux/targeted/active/modules/100/freqset
2026-01-22 00:05:59.842 28	/var/lib/selinux/targeted/active/modules/100/fstools
2026-01-22 00:05:59.843 28	/var/lib/selinux/targeted/active/modules/100/ftp
2026-01-22 00:05:59.845 20	/var/lib/selinux/targeted/active/modules/100/fwupd
2026-01-22 00:05:59.846 28	/var/lib/selinux/targeted/active/modules/100/games
2026-01-22 00:05:59.847 20	/var/lib/selinux/targeted/active/modules/100/gdomap
2026-01-22 00:05:59.849 20	/var/lib/selinux/targeted/active/modules/100/geoclue
2026-01-22 00:05:59.850 20	/var/lib/selinux/targeted/active/modules/100/getty
2026-01-22 00:05:59.851 20	/var/lib/selinux/targeted/active/modules/100/git
2026-01-22 00:05:59.853 20	/var/lib/selinux/targeted/active/modules/100/gitosis
2026-01-22 00:05:59.854 20	/var/lib/selinux/targeted/active/modules/100/glance
2026-01-22 00:05:59.855 28	/var/lib/selinux/targeted/active/modules/100/gnome
2026-01-22 00:05:59.857 28	/var/lib/selinux/targeted/active/modules/100/gpg
2026-01-22 00:05:59.858 20	/var/lib/selinux/targeted/active/modules/100/gpm
2026-01-22 00:05:59.859 20	/var/lib/selinux/targeted/active/modules/100/gpsd
2026-01-22 00:05:59.860 20	/var/lib/selinux/targeted/active/modules/100/gssproxy
2026-01-22 00:05:59.862 28	/var/lib/selinux/targeted/active/modules/100/guest
2026-01-22 00:05:59.863 20	/var/lib/selinux/targeted/active/modules/100/hddtemp
2026-01-22 00:05:59.864 20	/var/lib/selinux/targeted/active/modules/100/hostapd
2026-01-22 00:05:59.865 20	/var/lib/selinux/targeted/active/modules/100/hostname
2026-01-22 00:05:59.867 20	/var/lib/selinux/targeted/active/modules/100/hsqldb
2026-01-22 00:05:59.868 20	/var/lib/selinux/targeted/active/modules/100/hwloc
2026-01-22 00:05:59.869 20	/var/lib/selinux/targeted/active/modules/100/hypervkvp
2026-01-22 00:05:59.871 20	/var/lib/selinux/targeted/active/modules/100/ibacm
2026-01-22 00:05:59.872 16	/var/lib/selinux/targeted/active/modules/100/ica
2026-01-22 00:05:59.873 20	/var/lib/selinux/targeted/active/modules/100/icecast
2026-01-22 00:05:59.874 28	/var/lib/selinux/targeted/active/modules/100/inetd
2026-01-22 00:05:59.875 64	/var/lib/selinux/targeted/active/modules/100/init
2026-01-22 00:05:59.877 20	/var/lib/selinux/targeted/active/modules/100/inn
2026-01-22 00:05:59.878 32	/var/lib/selinux/targeted/active/modules/100/insights_client
2026-01-22 00:05:59.879 20	/var/lib/selinux/targeted/active/modules/100/iodine
2026-01-22 00:05:59.881 20	/var/lib/selinux/targeted/active/modules/100/iotop
2026-01-22 00:05:59.882 20	/var/lib/selinux/targeted/active/modules/100/ipmievd
2026-01-22 00:05:59.883 32	/var/lib/selinux/targeted/active/modules/100/ipsec
2026-01-22 00:05:59.884 24	/var/lib/selinux/targeted/active/modules/100/iptables
2026-01-22 00:05:59.886 20	/var/lib/selinux/targeted/active/modules/100/irc
2026-01-22 00:05:59.887 20	/var/lib/selinux/targeted/active/modules/100/irqbalance
2026-01-22 00:05:59.888 20	/var/lib/selinux/targeted/active/modules/100/iscsi
2026-01-22 00:05:59.890 20	/var/lib/selinux/targeted/active/modules/100/isns
2026-01-22 00:05:59.891 20	/var/lib/selinux/targeted/active/modules/100/jabber
2026-01-22 00:05:59.892 20	/var/lib/selinux/targeted/active/modules/100/jetty
2026-01-22 00:05:59.893 20	/var/lib/selinux/targeted/active/modules/100/jockey
2026-01-22 00:05:59.894 20	/var/lib/selinux/targeted/active/modules/100/journalctl
2026-01-22 00:05:59.896 28	/var/lib/selinux/targeted/active/modules/100/kdump
2026-01-22 00:05:59.897 20	/var/lib/selinux/targeted/active/modules/100/kdumpgui
2026-01-22 00:05:59.898 20	/var/lib/selinux/targeted/active/modules/100/keepalived
2026-01-22 00:05:59.899 28	/var/lib/selinux/targeted/active/modules/100/kerberos
2026-01-22 00:05:59.901 20	/var/lib/selinux/targeted/active/modules/100/keyboardd
2026-01-22 00:05:59.902 24	/var/lib/selinux/targeted/active/modules/100/keystone
2026-01-22 00:05:59.903 20	/var/lib/selinux/targeted/active/modules/100/kismet
2026-01-22 00:05:59.904 20	/var/lib/selinux/targeted/active/modules/100/kmscon
2026-01-22 00:05:59.905 20	/var/lib/selinux/targeted/active/modules/100/kpatch
2026-01-22 00:05:59.907 20	/var/lib/selinux/targeted/active/modules/100/ksmtuned
2026-01-22 00:05:59.908 20	/var/lib/selinux/targeted/active/modules/100/ktalk
2026-01-22 00:05:59.909 20	/var/lib/selinux/targeted/active/modules/100/l2tp
2026-01-22 00:05:59.910 20	/var/lib/selinux/targeted/active/modules/100/ldap
2026-01-22 00:05:59.911 28	/var/lib/selinux/targeted/active/modules/100/libraries
2026-01-22 00:05:59.913 28	/var/lib/selinux/targeted/active/modules/100/likewise
2026-01-22 00:05:59.914 20	/var/lib/selinux/targeted/active/modules/100/linuxptp
2026-01-22 00:05:59.915 20	/var/lib/selinux/targeted/active/modules/100/lircd
2026-01-22 00:05:59.916 20	/var/lib/selinux/targeted/active/modules/100/livecd
2026-01-22 00:05:59.917 20	/var/lib/selinux/targeted/active/modules/100/lldpad
2026-01-22 00:05:59.919 20	/var/lib/selinux/targeted/active/modules/100/loadkeys
2026-01-22 00:05:59.920 28	/var/lib/selinux/targeted/active/modules/100/locallogin
2026-01-22 00:05:59.921 20	/var/lib/selinux/targeted/active/modules/100/lockdev
2026-01-22 00:05:59.923 20	/var/lib/selinux/targeted/active/modules/100/logadm
2026-01-22 00:05:59.924 36	/var/lib/selinux/targeted/active/modules/100/logging
2026-01-22 00:05:59.925 28	/var/lib/selinux/targeted/active/modules/100/logrotate
2026-01-22 00:05:59.926 20	/var/lib/selinux/targeted/active/modules/100/logwatch
2026-01-22 00:05:59.927 20	/var/lib/selinux/targeted/active/modules/100/lpd
2026-01-22 00:05:59.928 20	/var/lib/selinux/targeted/active/modules/100/lsm
2026-01-22 00:05:59.930 20	/var/lib/selinux/targeted/active/modules/100/lttng-tools
2026-01-22 00:05:59.931 28	/var/lib/selinux/targeted/active/modules/100/lvm
2026-01-22 00:05:59.932 20	/var/lib/selinux/targeted/active/modules/100/mailman
2026-01-22 00:05:59.933 20	/var/lib/selinux/targeted/active/modules/100/mailscanner
2026-01-22 00:05:59.934 20	/var/lib/selinux/targeted/active/modules/100/man2html
2026-01-22 00:05:59.936 20	/var/lib/selinux/targeted/active/modules/100/mandb
2026-01-22 00:05:59.937 20	/var/lib/selinux/targeted/active/modules/100/mcelog
2026-01-22 00:05:59.938 20	/var/lib/selinux/targeted/active/modules/100/mediawiki
2026-01-22 00:05:59.940 20	/var/lib/selinux/targeted/active/modules/100/memcached
2026-01-22 00:05:59.941 20	/var/lib/selinux/targeted/active/modules/100/milter
2026-01-22 00:05:59.942 20	/var/lib/selinux/targeted/active/modules/100/minidlna
2026-01-22 00:05:59.943 20	/var/lib/selinux/targeted/active/modules/100/minissdpd
2026-01-22 00:05:59.944 20	/var/lib/selinux/targeted/active/modules/100/mip6d
2026-01-22 00:05:59.946 20	/var/lib/selinux/targeted/active/modules/100/mirrormanager
2026-01-22 00:05:59.947 20	/var/lib/selinux/targeted/active/modules/100/miscfiles
2026-01-22 00:05:59.948 20	/var/lib/selinux/targeted/active/modules/100/mock
2026-01-22 00:05:59.949 20	/var/lib/selinux/targeted/active/modules/100/modemmanager
2026-01-22 00:05:59.950 28	/var/lib/selinux/targeted/active/modules/100/modutils
2026-01-22 00:05:59.952 20	/var/lib/selinux/targeted/active/modules/100/mojomojo
2026-01-22 00:05:59.953 20	/var/lib/selinux/targeted/active/modules/100/mon_statd
2026-01-22 00:05:59.954 20	/var/lib/selinux/targeted/active/modules/100/mongodb
2026-01-22 00:05:59.955 20	/var/lib/selinux/targeted/active/modules/100/motion
2026-01-22 00:05:59.956 28	/var/lib/selinux/targeted/active/modules/100/mount
2026-01-22 00:05:59.958 36	/var/lib/selinux/targeted/active/modules/100/mozilla
2026-01-22 00:05:59.959 20	/var/lib/selinux/targeted/active/modules/100/mpd
2026-01-22 00:05:59.960 20	/var/lib/selinux/targeted/active/modules/100/mplayer
2026-01-22 00:05:59.961 20	/var/lib/selinux/targeted/active/modules/100/mptcpd
2026-01-22 00:05:59.962 20	/var/lib/selinux/targeted/active/modules/100/mrtg
2026-01-22 00:05:59.963 28	/var/lib/selinux/targeted/active/modules/100/mta
2026-01-22 00:05:59.965 32	/var/lib/selinux/targeted/active/modules/100/munin
2026-01-22 00:05:59.966 28	/var/lib/selinux/targeted/active/modules/100/mysql
2026-01-22 00:05:59.967 20	/var/lib/selinux/targeted/active/modules/100/mythtv
2026-01-22 00:05:59.968 20	/var/lib/selinux/targeted/active/modules/100/naemon
2026-01-22 00:05:59.969 36	/var/lib/selinux/targeted/active/modules/100/nagios
2026-01-22 00:05:59.971 20	/var/lib/selinux/targeted/active/modules/100/namespace
2026-01-22 00:05:59.972 20	/var/lib/selinux/targeted/active/modules/100/ncftool
2026-01-22 00:05:59.973 20	/var/lib/selinux/targeted/active/modules/100/netlabel
2026-01-22 00:05:59.974 20	/var/lib/selinux/targeted/active/modules/100/netutils
2026-01-22 00:05:59.975 44	/var/lib/selinux/targeted/active/modules/100/networkmanager
2026-01-22 00:05:59.976 20	/var/lib/selinux/targeted/active/modules/100/ninfod
2026-01-22 00:05:59.978 20	/var/lib/selinux/targeted/active/modules/100/nis
2026-01-22 00:05:59.979 28	/var/lib/selinux/targeted/active/modules/100/nova
2026-01-22 00:05:59.980 20	/var/lib/selinux/targeted/active/modules/100/nscd
2026-01-22 00:05:59.981 20	/var/lib/selinux/targeted/active/modules/100/nsd
2026-01-22 00:05:59.982 20	/var/lib/selinux/targeted/active/modules/100/nslcd
2026-01-22 00:05:59.984 20	/var/lib/selinux/targeted/active/modules/100/ntop
2026-01-22 00:05:59.985 20	/var/lib/selinux/targeted/active/modules/100/ntp
2026-01-22 00:05:59.986 20	/var/lib/selinux/targeted/active/modules/100/numad
2026-01-22 00:05:59.987 28	/var/lib/selinux/targeted/active/modules/100/nut
2026-01-22 00:05:59.988 20	/var/lib/selinux/targeted/active/modules/100/nvme_stas
2026-01-22 00:05:59.990 20	/var/lib/selinux/targeted/active/modules/100/nx
2026-01-22 00:05:59.991 20	/var/lib/selinux/targeted/active/modules/100/obex
2026-01-22 00:05:59.992 20	/var/lib/selinux/targeted/active/modules/100/oddjob
2026-01-22 00:05:59.993 20	/var/lib/selinux/targeted/active/modules/100/opafm
2026-01-22 00:05:59.994 20	/var/lib/selinux/targeted/active/modules/100/openct
2026-01-22 00:05:59.995 20	/var/lib/selinux/targeted/active/modules/100/opendnssec
2026-01-22 00:05:59.997 20	/var/lib/selinux/targeted/active/modules/100/openfortivpn
2026-01-22 00:05:59.998 20	/var/lib/selinux/targeted/active/modules/100/openhpid
2026-01-22 00:05:59.999 36	/var/lib/selinux/targeted/active/modules/100/openshift
2026-01-22 00:06:00.000 16	/var/lib/selinux/targeted/active/modules/100/openshift-origin
2026-01-22 00:06:00.001 20	/var/lib/selinux/targeted/active/modules/100/opensm
2026-01-22 00:06:00.003 28	/var/lib/selinux/targeted/active/modules/100/openvpn
2026-01-22 00:06:00.004 20	/var/lib/selinux/targeted/active/modules/100/openvswitch
2026-01-22 00:06:00.005 20	/var/lib/selinux/targeted/active/modules/100/openwsman
2026-01-22 00:06:00.006 20	/var/lib/selinux/targeted/active/modules/100/oracleasm
2026-01-22 00:06:00.007 20	/var/lib/selinux/targeted/active/modules/100/osad
2026-01-22 00:06:00.008 20	/var/lib/selinux/targeted/active/modules/100/pads
2026-01-22 00:06:00.010 20	/var/lib/selinux/targeted/active/modules/100/passenger
2026-01-22 00:06:00.011 20	/var/lib/selinux/targeted/active/modules/100/pcmcia
2026-01-22 00:06:00.012 28	/var/lib/selinux/targeted/active/modules/100/pcp
2026-01-22 00:06:00.013 20	/var/lib/selinux/targeted/active/modules/100/pcscd
2026-01-22 00:06:00.014 20	/var/lib/selinux/targeted/active/modules/100/pdns
2026-01-22 00:06:00.016 36	/var/lib/selinux/targeted/active/modules/100/pegasus
2026-01-22 00:06:00.017 8	/var/lib/selinux/targeted/active/modules/100/permissivedomains
2026-01-22 00:06:00.018 20	/var/lib/selinux/targeted/active/modules/100/pesign
2026-01-22 00:06:00.019 20	/var/lib/selinux/targeted/active/modules/100/pingd
2026-01-22 00:06:00.021 28	/var/lib/selinux/targeted/active/modules/100/piranha
2026-01-22 00:06:00.022 20	/var/lib/selinux/targeted/active/modules/100/pkcs
2026-01-22 00:06:00.023 20	/var/lib/selinux/targeted/active/modules/100/pkcs11proxyd
2026-01-22 00:06:00.024 28	/var/lib/selinux/targeted/active/modules/100/pki
2026-01-22 00:06:00.025 20	/var/lib/selinux/targeted/active/modules/100/plymouthd
2026-01-22 00:06:00.026 20	/var/lib/selinux/targeted/active/modules/100/podsleuth
2026-01-22 00:06:00.028 28	/var/lib/selinux/targeted/active/modules/100/policykit
2026-01-22 00:06:00.029 20	/var/lib/selinux/targeted/active/modules/100/polipo
2026-01-22 00:06:00.030 20	/var/lib/selinux/targeted/active/modules/100/portmap
2026-01-22 00:06:00.031 20	/var/lib/selinux/targeted/active/modules/100/portreserve
2026-01-22 00:06:00.032 36	/var/lib/selinux/targeted/active/modules/100/postfix
2026-01-22 00:06:00.034 28	/var/lib/selinux/targeted/active/modules/100/postgresql
2026-01-22 00:06:00.035 20	/var/lib/selinux/targeted/active/modules/100/postgrey
2026-01-22 00:06:00.036 28	/var/lib/selinux/targeted/active/modules/100/ppp
2026-01-22 00:06:00.037 28	/var/lib/selinux/targeted/active/modules/100/prelink
2026-01-22 00:06:00.038 28	/var/lib/selinux/targeted/active/modules/100/prelude
2026-01-22 00:06:00.040 20	/var/lib/selinux/targeted/active/modules/100/privoxy
2026-01-22 00:06:00.041 20	/var/lib/selinux/targeted/active/modules/100/procmail
2026-01-22 00:06:00.042 20	/var/lib/selinux/targeted/active/modules/100/prosody
2026-01-22 00:06:00.043 20	/var/lib/selinux/targeted/active/modules/100/psad
2026-01-22 00:06:00.044 20	/var/lib/selinux/targeted/active/modules/100/ptchown
2026-01-22 00:06:00.046 20	/var/lib/selinux/targeted/active/modules/100/publicfile
2026-01-22 00:06:00.047 28	/var/lib/selinux/targeted/active/modules/100/pulseaudio
2026-01-22 00:06:00.048 28	/var/lib/selinux/targeted/active/modules/100/puppet
2026-01-22 00:06:00.049 20	/var/lib/selinux/targeted/active/modules/100/pwauth
2026-01-22 00:06:00.050 20	/var/lib/selinux/targeted/active/modules/100/qatlib
2026-01-22 00:06:00.051 24	/var/lib/selinux/targeted/active/modules/100/qmail
2026-01-22 00:06:00.053 20	/var/lib/selinux/targeted/active/modules/100/qpid
2026-01-22 00:06:00.054 28	/var/lib/selinux/targeted/active/modules/100/quantum
2026-01-22 00:06:00.055 20	/var/lib/selinux/targeted/active/modules/100/quota
2026-01-22 00:06:00.056 24	/var/lib/selinux/targeted/active/modules/100/rabbitmq
2026-01-22 00:06:00.057 20	/var/lib/selinux/targeted/active/modules/100/radius
2026-01-22 00:06:00.059 20	/var/lib/selinux/targeted/active/modules/100/radvd
2026-01-22 00:06:00.060 20	/var/lib/selinux/targeted/active/modules/100/raid
2026-01-22 00:06:00.061 20	/var/lib/selinux/targeted/active/modules/100/rasdaemon
2026-01-22 00:06:00.062 20	/var/lib/selinux/targeted/active/modules/100/rdisc
2026-01-22 00:06:00.063 20	/var/lib/selinux/targeted/active/modules/100/readahead
2026-01-22 00:06:00.065 36	/var/lib/selinux/targeted/active/modules/100/realmd
2026-01-22 00:06:00.066 20	/var/lib/selinux/targeted/active/modules/100/redis
2026-01-22 00:06:00.067 20	/var/lib/selinux/targeted/active/modules/100/remotelogin
2026-01-22 00:06:00.068 24	/var/lib/selinux/targeted/active/modules/100/rhcd
2026-01-22 00:06:00.069 36	/var/lib/selinux/targeted/active/modules/100/rhcs
2026-01-22 00:06:00.071 28	/var/lib/selinux/targeted/active/modules/100/rhev
2026-01-22 00:06:00.072 20	/var/lib/selinux/targeted/active/modules/100/rhgb
2026-01-22 00:06:00.073 20	/var/lib/selinux/targeted/active/modules/100/rhnsd
2026-01-22 00:06:00.074 24	/var/lib/selinux/targeted/active/modules/100/rhsmcertd
2026-01-22 00:06:00.075 28	/var/lib/selinux/targeted/active/modules/100/ricci
2026-01-22 00:06:00.077 16	/var/lib/selinux/targeted/active/modules/100/rkhunter
2026-01-22 00:06:00.078 20	/var/lib/selinux/targeted/active/modules/100/rkt
2026-01-22 00:06:00.079 24	/var/lib/selinux/targeted/active/modules/100/rlogin
2026-01-22 00:06:00.080 20	/var/lib/selinux/targeted/active/modules/100/rngd
2026-01-22 00:06:00.081 20	/var/lib/selinux/targeted/active/modules/100/rolekit
2026-01-22 00:06:00.082 20	/var/lib/selinux/targeted/active/modules/100/roundup
2026-01-22 00:06:00.084 28	/var/lib/selinux/targeted/active/modules/100/rpc
2026-01-22 00:06:00.085 20	/var/lib/selinux/targeted/active/modules/100/rpcbind
2026-01-22 00:06:00.086 36	/var/lib/selinux/targeted/active/modules/100/rpm
2026-01-22 00:06:00.087 20	/var/lib/selinux/targeted/active/modules/100/rrdcached
2026-01-22 00:06:00.088 20	/var/lib/selinux/targeted/active/modules/100/rshd
2026-01-22 00:06:00.090 20	/var/lib/selinux/targeted/active/modules/100/rshim
2026-01-22 00:06:00.091 20	/var/lib/selinux/targeted/active/modules/100/rssh
2026-01-22 00:06:00.092 20	/var/lib/selinux/targeted/active/modules/100/rsync
2026-01-22 00:06:00.093 20	/var/lib/selinux/targeted/active/modules/100/rtas
2026-01-22 00:06:00.094 20	/var/lib/selinux/targeted/active/modules/100/rtkit
2026-01-22 00:06:00.095 20	/var/lib/selinux/targeted/active/modules/100/rwho
2026-01-22 00:06:00.097 48	/var/lib/selinux/targeted/active/modules/100/samba
2026-01-22 00:06:00.098 20	/var/lib/selinux/targeted/active/modules/100/sambagui
2026-01-22 00:06:00.099 28	/var/lib/selinux/targeted/active/modules/100/sandboxX
2026-01-22 00:06:00.100 20	/var/lib/selinux/targeted/active/modules/100/sanlock
2026-01-22 00:06:00.102 20	/var/lib/selinux/targeted/active/modules/100/sap
2026-01-22 00:06:00.103 20	/var/lib/selinux/targeted/active/modules/100/sasl
2026-01-22 00:06:00.104 20	/var/lib/selinux/targeted/active/modules/100/sbd
2026-01-22 00:06:00.105 20	/var/lib/selinux/targeted/active/modules/100/sblim
2026-01-22 00:06:00.106 20	/var/lib/selinux/targeted/active/modules/100/screen
2026-01-22 00:06:00.108 28	/var/lib/selinux/targeted/active/modules/100/secadm
2026-01-22 00:06:00.109 20	/var/lib/selinux/targeted/active/modules/100/sectoolm
2026-01-22 00:06:00.110 36	/var/lib/selinux/targeted/active/modules/100/selinuxutil
2026-01-22 00:06:00.111 28	/var/lib/selinux/targeted/active/modules/100/sendmail
2026-01-22 00:06:00.113 20	/var/lib/selinux/targeted/active/modules/100/sensord
2026-01-22 00:06:00.114 20	/var/lib/selinux/targeted/active/modules/100/setrans
2026-01-22 00:06:00.115 20	/var/lib/selinux/targeted/active/modules/100/setroubleshoot
2026-01-22 00:06:00.116 20	/var/lib/selinux/targeted/active/modules/100/seunshare
2026-01-22 00:06:00.118 28	/var/lib/selinux/targeted/active/modules/100/sge
2026-01-22 00:06:00.119 20	/var/lib/selinux/targeted/active/modules/100/shorewall
2026-01-22 00:06:00.120 20	/var/lib/selinux/targeted/active/modules/100/slocate
2026-01-22 00:06:00.122 20	/var/lib/selinux/targeted/active/modules/100/slpd
2026-01-22 00:06:00.123 20	/var/lib/selinux/targeted/active/modules/100/smartmon
2026-01-22 00:06:00.124 20	/var/lib/selinux/targeted/active/modules/100/smokeping
2026-01-22 00:06:00.125 20	/var/lib/selinux/targeted/active/modules/100/smoltclient
2026-01-22 00:06:00.127 20	/var/lib/selinux/targeted/active/modules/100/smsd
2026-01-22 00:06:00.128 20	/var/lib/selinux/targeted/active/modules/100/snapper
2026-01-22 00:06:00.129 20	/var/lib/selinux/targeted/active/modules/100/snmp
2026-01-22 00:06:00.130 20	/var/lib/selinux/targeted/active/modules/100/snort
2026-01-22 00:06:00.132 28	/var/lib/selinux/targeted/active/modules/100/sosreport
2026-01-22 00:06:00.133 20	/var/lib/selinux/targeted/active/modules/100/soundserver
2026-01-22 00:06:00.134 28	/var/lib/selinux/targeted/active/modules/100/spamassassin
2026-01-22 00:06:00.135 20	/var/lib/selinux/targeted/active/modules/100/speech-dispatcher
2026-01-22 00:06:00.136 28	/var/lib/selinux/targeted/active/modules/100/squid
2026-01-22 00:06:00.138 40	/var/lib/selinux/targeted/active/modules/100/ssh
2026-01-22 00:06:00.139 20	/var/lib/selinux/targeted/active/modules/100/sslh
2026-01-22 00:06:00.140 28	/var/lib/selinux/targeted/active/modules/100/sssd
2026-01-22 00:06:00.141 76	/var/lib/selinux/targeted/active/modules/100/staff
2026-01-22 00:06:00.143 20	/var/lib/selinux/targeted/active/modules/100/stalld
2026-01-22 00:06:00.144 20	/var/lib/selinux/targeted/active/modules/100/stapserver
2026-01-22 00:06:00.145 20	/var/lib/selinux/targeted/active/modules/100/stratisd
2026-01-22 00:06:00.146 20	/var/lib/selinux/targeted/active/modules/100/stunnel
2026-01-22 00:06:00.148 20	/var/lib/selinux/targeted/active/modules/100/su
2026-01-22 00:06:00.149 20	/var/lib/selinux/targeted/active/modules/100/sudo
2026-01-22 00:06:00.150 20	/var/lib/selinux/targeted/active/modules/100/svnserve
2026-01-22 00:06:00.152 20	/var/lib/selinux/targeted/active/modules/100/swift
2026-01-22 00:06:00.153 100	/var/lib/selinux/targeted/active/modules/100/sysadm
2026-01-22 00:06:00.154 20	/var/lib/selinux/targeted/active/modules/100/sysadm_secadm
2026-01-22 00:06:00.155 28	/var/lib/selinux/targeted/active/modules/100/sysnetwork
2026-01-22 00:06:00.156 20	/var/lib/selinux/targeted/active/modules/100/sysstat
2026-01-22 00:06:00.158 48	/var/lib/selinux/targeted/active/modules/100/systemd
2026-01-22 00:06:00.159 20	/var/lib/selinux/targeted/active/modules/100/tangd
2026-01-22 00:06:00.160 20	/var/lib/selinux/targeted/active/modules/100/targetd
2026-01-22 00:06:00.161 20	/var/lib/selinux/targeted/active/modules/100/tcpd
2026-01-22 00:06:00.163 20	/var/lib/selinux/targeted/active/modules/100/tcsd
2026-01-22 00:06:00.164 28	/var/lib/selinux/targeted/active/modules/100/telepathy
2026-01-22 00:06:00.165 20	/var/lib/selinux/targeted/active/modules/100/telnet
2026-01-22 00:06:00.167 20	/var/lib/selinux/targeted/active/modules/100/tftp
2026-01-22 00:06:00.168 20	/var/lib/selinux/targeted/active/modules/100/tgtd
2026-01-22 00:06:00.169 20	/var/lib/selinux/targeted/active/modules/100/thin
2026-01-22 00:06:00.170 20	/var/lib/selinux/targeted/active/modules/100/thumb
2026-01-22 00:06:00.171 20	/var/lib/selinux/targeted/active/modules/100/timedatex
2026-01-22 00:06:00.173 20	/var/lib/selinux/targeted/active/modules/100/tlp
2026-01-22 00:06:00.174 20	/var/lib/selinux/targeted/active/modules/100/tmpreaper
2026-01-22 00:06:00.175 28	/var/lib/selinux/targeted/active/modules/100/tomcat
2026-01-22 00:06:00.176 20	/var/lib/selinux/targeted/active/modules/100/tor
2026-01-22 00:06:00.178 28	/var/lib/selinux/targeted/active/modules/100/tuned
2026-01-22 00:06:00.179 20	/var/lib/selinux/targeted/active/modules/100/tvtime
2026-01-22 00:06:00.180 36	/var/lib/selinux/targeted/active/modules/100/udev
2026-01-22 00:06:00.181 20	/var/lib/selinux/targeted/active/modules/100/ulogd
2026-01-22 00:06:00.183 20	/var/lib/selinux/targeted/active/modules/100/uml
2026-01-22 00:06:00.184 20	/var/lib/selinux/targeted/active/modules/100/unconfined
2026-01-22 00:06:00.185 40	/var/lib/selinux/targeted/active/modules/100/unconfineduser
2026-01-22 00:06:00.186 16	/var/lib/selinux/targeted/active/modules/100/unlabelednet
2026-01-22 00:06:00.188 60	/var/lib/selinux/targeted/active/modules/100/unprivuser
2026-01-22 00:06:00.189 20	/var/lib/selinux/targeted/active/modules/100/updfstab
2026-01-22 00:06:00.190 20	/var/lib/selinux/targeted/active/modules/100/usbmodules
2026-01-22 00:06:00.191 20	/var/lib/selinux/targeted/active/modules/100/usbmuxd
2026-01-22 00:06:00.192 32	/var/lib/selinux/targeted/active/modules/100/userdomain
2026-01-22 00:06:00.194 20	/var/lib/selinux/targeted/active/modules/100/userhelper
2026-01-22 00:06:00.195 36	/var/lib/selinux/targeted/active/modules/100/usermanage
2026-01-22 00:06:00.196 20	/var/lib/selinux/targeted/active/modules/100/usernetctl
2026-01-22 00:06:00.197 20	/var/lib/selinux/targeted/active/modules/100/uucp
2026-01-22 00:06:00.198 20	/var/lib/selinux/targeted/active/modules/100/uuidd
2026-01-22 00:06:00.200 20	/var/lib/selinux/targeted/active/modules/100/varnishd
2026-01-22 00:06:00.201 20	/var/lib/selinux/targeted/active/modules/100/vdagent
2026-01-22 00:06:00.202 20	/var/lib/selinux/targeted/active/modules/100/vhostmd
2026-01-22 00:06:00.203 64	/var/lib/selinux/targeted/active/modules/100/virt
2026-01-22 00:06:00.205 20	/var/lib/selinux/targeted/active/modules/100/vlock
2026-01-22 00:06:00.206 28	/var/lib/selinux/targeted/active/modules/100/vmtools
2026-01-22 00:06:00.207 28	/var/lib/selinux/targeted/active/modules/100/vmware
2026-01-22 00:06:00.208 20	/var/lib/selinux/targeted/active/modules/100/vnstatd
2026-01-22 00:06:00.210 20	/var/lib/selinux/targeted/active/modules/100/vpn
2026-01-22 00:06:00.211 20	/var/lib/selinux/targeted/active/modules/100/w3c
2026-01-22 00:06:00.212 28	/var/lib/selinux/targeted/active/modules/100/watchdog
2026-01-22 00:06:00.213 20	/var/lib/selinux/targeted/active/modules/100/wdmd
2026-01-22 00:06:00.214 28	/var/lib/selinux/targeted/active/modules/100/webadm
2026-01-22 00:06:00.216 20	/var/lib/selinux/targeted/active/modules/100/webalizer
2026-01-22 00:06:00.217 20	/var/lib/selinux/targeted/active/modules/100/wine
2026-01-22 00:06:00.218 20	/var/lib/selinux/targeted/active/modules/100/wireguard
2026-01-22 00:06:00.219 20	/var/lib/selinux/targeted/active/modules/100/wireshark
2026-01-22 00:06:00.220 28	/var/lib/selinux/targeted/active/modules/100/xen
2026-01-22 00:06:00.222 40	/var/lib/selinux/targeted/active/modules/100/xguest
2026-01-22 00:06:00.223 60	/var/lib/selinux/targeted/active/modules/100/xserver
2026-01-22 00:06:00.224 28	/var/lib/selinux/targeted/active/modules/100/zabbix
2026-01-22 00:06:00.225 20	/var/lib/selinux/targeted/active/modules/100/zarafa
2026-01-22 00:06:00.226 20	/var/lib/selinux/targeted/active/modules/100/zebra
2026-01-22 00:06:00.228 20	/var/lib/selinux/targeted/active/modules/100/zoneminder
2026-01-22 00:06:00.229 20	/var/lib/selinux/targeted/active/modules/100/zosremote
2026-01-22 00:06:00.230 10144	/var/lib/selinux/targeted/active/modules/100
2026-01-22 00:06:00.231 12	/var/lib/selinux/targeted/active/modules/200/ec2-instance-connect
2026-01-22 00:06:00.232 64	/var/lib/selinux/targeted/active/modules/200/container
2026-01-22 00:06:00.234 76	/var/lib/selinux/targeted/active/modules/200
2026-01-22 00:06:00.235 0	/var/lib/selinux/targeted/active/modules/disabled
2026-01-22 00:06:00.236 10220	/var/lib/selinux/targeted/active/modules
2026-01-22 00:06:00.237 17824	/var/lib/selinux/targeted/active
2026-01-22 00:06:00.238 17824	/var/lib/selinux/targeted
2026-01-22 00:06:00.240 0	/var/lib/selinux/final
2026-01-22 00:06:00.241 17824	/var/lib/selinux
2026-01-22 00:06:00.242 232	/var/lib/systemd/catalog
2026-01-22 00:06:00.243 0	/var/lib/systemd/coredump
2026-01-22 00:06:00.244 0	/var/lib/systemd/pstore
2026-01-22 00:06:00.245 0	/var/lib/systemd/timers
2026-01-22 00:06:00.247 0	/var/lib/systemd/home
2026-01-22 00:06:00.248 0	/var/lib/systemd/linger
2026-01-22 00:06:00.249 236	/var/lib/systemd
2026-01-22 00:06:00.250 0	/var/lib/portables
2026-01-22 00:06:00.252 0	/var/lib/private
2026-01-22 00:06:00.253 0	/var/lib/initramfs
2026-01-22 00:06:00.254 0	/var/lib/os-prober
2026-01-22 00:06:00.255 0	/var/lib/gssproxy/clients
2026-01-22 00:06:00.256 0	/var/lib/gssproxy/rcache
2026-01-22 00:06:00.257 0	/var/lib/gssproxy
2026-01-22 00:06:00.258 4	/var/lib/logrotate
2026-01-22 00:06:00.260 1256	/var/lib/sss/db
2026-01-22 00:06:00.261 0	/var/lib/sss/deskprofile
2026-01-22 00:06:00.262 0	/var/lib/sss/gpo_cache
2026-01-22 00:06:00.263 0	/var/lib/sss/mc
2026-01-22 00:06:00.264 0	/var/lib/sss/pipes/private
2026-01-22 00:06:00.266 0	/var/lib/sss/pipes
2026-01-22 00:06:00.267 0	/var/lib/sss/pubconf
2026-01-22 00:06:00.268 0	/var/lib/sss/secrets
2026-01-22 00:06:00.269 1256	/var/lib/sss
2026-01-22 00:06:00.270 4	/var/lib/chrony
2026-01-22 00:06:00.272 0	/var/lib/cloud
2026-01-22 00:06:00.273 0	/var/lib/kpatch
2026-01-22 00:06:00.274 0	/var/lib/nfs/rpc_pipefs
2026-01-22 00:06:00.275 0	/var/lib/nfs/statd/sm
2026-01-22 00:06:00.276 0	/var/lib/nfs/statd/sm.bak
2026-01-22 00:06:00.278 0	/var/lib/nfs/statd
2026-01-22 00:06:00.279 0	/var/lib/nfs/v4recovery
2026-01-22 00:06:00.280 0	/var/lib/nfs
2026-01-22 00:06:00.281 0	/var/lib/hibinit-agent
2026-01-22 00:06:00.282 0	/var/lib/xfsdump/inventory
2026-01-22 00:06:00.284 0	/var/lib/xfsdump
2026-01-22 00:06:00.285 0	/var/lib/amazon/ssm/ipc
2026-01-22 00:06:00.286 4	/var/lib/amazon/ssm/runtimeconfig
2026-01-22 00:06:00.287 4	/var/lib/amazon/ssm/Vault/Store
2026-01-22 00:06:00.288 8	/var/lib/amazon/ssm/Vault
2026-01-22 00:06:00.289 4	/var/lib/amazon/ssm/dynamicconfig
2026-01-22 00:06:00.291 0	/var/lib/amazon/ssm/localcommands/completed
2026-01-22 00:06:00.292 0	/var/lib/amazon/ssm/localcommands
2026-01-22 00:06:00.293 0	/var/lib/amazon/ssm/daemons
2026-01-22 00:06:00.294 0	/var/lib/amazon/ssm/i-04211d47fc32133ec/document/state/pending
2026-01-22 00:06:00.296 0	/var/lib/amazon/ssm/i-04211d47fc32133ec/document/state/current
2026-01-22 00:06:00.297 0	/var/lib/amazon/ssm/i-04211d47fc32133ec/document/state/completed
2026-01-22 00:06:00.298 0	/var/lib/amazon/ssm/i-04211d47fc32133ec/document/state/corrupt
2026-01-22 00:06:00.299 0	/var/lib/amazon/ssm/i-04211d47fc32133ec/document/state
2026-01-22 00:06:00.301 0	/var/lib/amazon/ssm/i-04211d47fc32133ec/document/orchestration/d89cea78-17ad-417b-b405-d789374dbf56/awsrunShellScript/CollectRunningKernel
2026-01-22 00:06:00.302 0	/var/lib/amazon/ssm/i-04211d47fc32133ec/document/orchestration/d89cea78-17ad-417b-b405-d789374dbf56/awsrunShellScript
2026-01-22 00:06:00.303 4	/var/lib/amazon/ssm/i-04211d47fc32133ec/document/orchestration/d89cea78-17ad-417b-b405-d789374dbf56/CollectRunningKernel
2026-01-22 00:06:00.304 4	/var/lib/amazon/ssm/i-04211d47fc32133ec/document/orchestration/d89cea78-17ad-417b-b405-d789374dbf56
2026-01-22 00:06:00.306 8	/var/lib/amazon/ssm/i-04211d47fc32133ec/document/orchestration/dc27f838-64de-4fe5-8ddc-61c5f2b05cfa/2025-12-04T17-07-57.169Z/awssoftwareInventory/collectSoftwareInventoryItems
2026-01-22 00:06:00.307 8	/var/lib/amazon/ssm/i-04211d47fc32133ec/document/orchestration/dc27f838-64de-4fe5-8ddc-61c5f2b05cfa/2025-12-04T17-07-57.169Z/awssoftwareInventory
2026-01-22 00:06:00.308 8	/var/lib/amazon/ssm/i-04211d47fc32133ec/document/orchestration/dc27f838-64de-4fe5-8ddc-61c5f2b05cfa/2025-12-04T17-07-57.169Z
2026-01-22 00:06:00.309 8	/var/lib/amazon/ssm/i-04211d47fc32133ec/document/orchestration/dc27f838-64de-4fe5-8ddc-61c5f2b05cfa
2026-01-22 00:06:00.311 12	/var/lib/amazon/ssm/i-04211d47fc32133ec/document/orchestration/01ef8244-a57b-48be-9c4c-deb4939b6ecd/awsrunShellScript/0.awsrunShellScript
2026-01-22 00:06:00.312 12	/var/lib/amazon/ssm/i-04211d47fc32133ec/document/orchestration/01ef8244-a57b-48be-9c4c-deb4939b6ecd/awsrunShellScript
2026-01-22 00:06:00.313 12	/var/lib/amazon/ssm/i-04211d47fc32133ec/document/orchestration/01ef8244-a57b-48be-9c4c-deb4939b6ecd
2026-01-22 00:06:00.314 20	/var/lib/amazon/ssm/i-04211d47fc32133ec/document/orchestration/033c19c1-0d59-409c-b25a-fe2dda45cc6a/awsrunShellScript/0.awsrunShellScript
2026-01-22 00:06:00.316 20	/var/lib/amazon/ssm/i-04211d47fc32133ec/document/orchestration/033c19c1-0d59-409c-b25a-fe2dda45cc6a/awsrunShellScript
2026-01-22 00:06:00.317 20	/var/lib/amazon/ssm/i-04211d47fc32133ec/document/orchestration/033c19c1-0d59-409c-b25a-fe2dda45cc6a
2026-01-22 00:06:00.319 0	/var/lib/amazon/ssm/i-04211d47fc32133ec/document/orchestration/6b64b251-67da-4590-bb67-b1de12c49db4/awsrefreshAssociation/refreshAssociation
2026-01-22 00:06:00.320 8	/var/lib/amazon/ssm/i-04211d47fc32133ec/document/orchestration/6b64b251-67da-4590-bb67-b1de12c49db4/awsrefreshAssociation
2026-01-22 00:06:00.321 8	/var/lib/amazon/ssm/i-04211d47fc32133ec/document/orchestration/6b64b251-67da-4590-bb67-b1de12c49db4
2026-01-22 00:06:00.322 8	/var/lib/amazon/ssm/i-04211d47fc32133ec/document/orchestration/616662fb-c3ff-43e2-a46a-5ffdae323a65/2025-12-04T17-17-21.211Z/awssoftwareInventory/collectSoftwareInventoryItems
2026-01-22 00:06:00.324 8	/var/lib/amazon/ssm/i-04211d47fc32133ec/document/orchestration/616662fb-c3ff-43e2-a46a-5ffdae323a65/2025-12-04T17-17-21.211Z/awssoftwareInventory
2026-01-22 00:06:00.325 8	/var/lib/amazon/ssm/i-04211d47fc32133ec/document/orchestration/616662fb-c3ff-43e2-a46a-5ffdae323a65/2025-12-04T17-17-21.211Z
2026-01-22 00:06:00.326 8	/var/lib/amazon/ssm/i-04211d47fc32133ec/document/orchestration/616662fb-c3ff-43e2-a46a-5ffdae323a65/2025-12-04T17-17-48.998Z/awssoftwareInventory/collectSoftwareInventoryItems
2026-01-22 00:06:00.327 8	/var/lib/amazon/ssm/i-04211d47fc32133ec/document/orchestration/616662fb-c3ff-43e2-a46a-5ffdae323a65/2025-12-04T17-17-48.998Z/awssoftwareInventory
2026-01-22 00:06:00.329 8	/var/lib/amazon/ssm/i-04211d47fc32133ec/document/orchestration/616662fb-c3ff-43e2-a46a-5ffdae323a65/2025-12-04T17-17-48.998Z
2026-01-22 00:06:00.330 16	/var/lib/amazon/ssm/i-04211d47fc32133ec/document/orchestration/616662fb-c3ff-43e2-a46a-5ffdae323a65
2026-01-22 00:06:00.332 28	/var/lib/amazon/ssm/i-04211d47fc32133ec/document/orchestration/2f29f763-02b6-4bea-a38b-c1104c73b5f0/awsrunShellScript/0.awsrunShellScript
2026-01-22 00:06:00.333 28	/var/lib/amazon/ssm/i-04211d47fc32133ec/document/orchestration/2f29f763-02b6-4bea-a38b-c1104c73b5f0/awsrunShellScript
2026-01-22 00:06:00.334 28	/var/lib/amazon/ssm/i-04211d47fc32133ec/document/orchestration/2f29f763-02b6-4bea-a38b-c1104c73b5f0
2026-01-22 00:06:00.335 112	/var/lib/amazon/ssm/i-04211d47fc32133ec/document/orchestration
2026-01-22 00:06:00.336 112	/var/lib/amazon/ssm/i-04211d47fc32133ec/document
2026-01-22 00:06:00.338 0	/var/lib/amazon/ssm/i-04211d47fc32133ec/longrunningplugins/datastore
2026-01-22 00:06:00.339 0	/var/lib/amazon/ssm/i-04211d47fc32133ec/longrunningplugins/healthcheck
2026-01-22 00:06:00.340 0	/var/lib/amazon/ssm/i-04211d47fc32133ec/longrunningplugins
2026-01-22 00:06:00.341 0	/var/lib/amazon/ssm/i-04211d47fc32133ec/replies
2026-01-22 00:06:00.342 0	/var/lib/amazon/ssm/i-04211d47fc32133ec/replies_mgs
2026-01-22 00:06:00.344 4	/var/lib/amazon/ssm/i-04211d47fc32133ec/inventory/custom
2026-01-22 00:06:00.345 0	/var/lib/amazon/ssm/i-04211d47fc32133ec/inventory/file
2026-01-22 00:06:00.346 0	/var/lib/amazon/ssm/i-04211d47fc32133ec/inventory/role
2026-01-22 00:06:00.348 8	/var/lib/amazon/ssm/i-04211d47fc32133ec/inventory
2026-01-22 00:06:00.349 0	/var/lib/amazon/ssm/i-04211d47fc32133ec/idempotency/SendCommand/d89cea78-17ad-417b-b405-d789374dbf56
2026-01-22 00:06:00.350 0	/var/lib/amazon/ssm/i-04211d47fc32133ec/idempotency/SendCommand/01ef8244-a57b-48be-9c4c-deb4939b6ecd
2026-01-22 00:06:00.351 0	/var/lib/amazon/ssm/i-04211d47fc32133ec/idempotency/SendCommand/033c19c1-0d59-409c-b25a-fe2dda45cc6a
2026-01-22 00:06:00.353 0	/var/lib/amazon/ssm/i-04211d47fc32133ec/idempotency/SendCommand/6b64b251-67da-4590-bb67-b1de12c49db4
2026-01-22 00:06:00.354 0	/var/lib/amazon/ssm/i-04211d47fc32133ec/idempotency/SendCommand/2f29f763-02b6-4bea-a38b-c1104c73b5f0
2026-01-22 00:06:00.355 16	/var/lib/amazon/ssm/i-04211d47fc32133ec/idempotency/SendCommand
2026-01-22 00:06:00.356 16	/var/lib/amazon/ssm/i-04211d47fc32133ec/idempotency
2026-01-22 00:06:00.358 0	/var/lib/amazon/ssm/i-04211d47fc32133ec/channels
2026-01-22 00:06:00.359 136	/var/lib/amazon/ssm/i-04211d47fc32133ec
2026-01-22 00:06:00.360 152	/var/lib/amazon/ssm
2026-01-22 00:06:00.361 152	/var/lib/amazon
2026-01-22 00:06:00.362 0	/var/lib/update-motd
2026-01-22 00:06:00.364 36352	/var/lib/rpm
2026-01-22 00:06:00.365 0	/var/lib/polkit-1/localauthority/10-vendor.d
2026-01-22 00:06:00.366 0	/var/lib/polkit-1/localauthority/20-org.d
2026-01-22 00:06:00.367 0	/var/lib/polkit-1/localauthority/30-site.d
2026-01-22 00:06:00.368 0	/var/lib/polkit-1/localauthority/50-local.d
2026-01-22 00:06:00.370 0	/var/lib/polkit-1/localauthority/90-mandatory.d
2026-01-22 00:06:00.371 0	/var/lib/polkit-1/localauthority
2026-01-22 00:06:00.372 0	/var/lib/polkit-1
2026-01-22 00:06:00.373 0	/var/lib/geoclue
2026-01-22 00:06:00.374 2328	/var/lib/texmf/web2c/luatex
2026-01-22 00:06:00.376 2340	/var/lib/texmf/web2c
2026-01-22 00:06:00.377 112	/var/lib/texmf/fonts/map/dvips/updmap
2026-01-22 00:06:00.378 112	/var/lib/texmf/fonts/map/dvips
2026-01-22 00:06:00.379 44	/var/lib/texmf/fonts/map/pdftex/updmap
2026-01-22 00:06:00.380 44	/var/lib/texmf/fonts/map/pdftex
2026-01-22 00:06:00.382 4	/var/lib/texmf/fonts/map/dvipdfmx/updmap
2026-01-22 00:06:00.383 4	/var/lib/texmf/fonts/map/dvipdfmx
2026-01-22 00:06:00.384 160	/var/lib/texmf/fonts/map
2026-01-22 00:06:00.385 160	/var/lib/texmf/fonts
2026-01-22 00:06:00.387 2504	/var/lib/texmf
2026-01-22 00:06:00.388 0	/var/lib/bigtop
2026-01-22 00:06:00.389 0	/var/lib/zookeeper
2026-01-22 00:06:00.390 0	/var/lib/trocla
2026-01-22 00:06:00.391 0	/var/lib/aws/emr/step-runner/hadoop-jars
2026-01-22 00:06:00.392 0	/var/lib/aws/emr/step-runner
2026-01-22 00:06:00.394 4	/var/lib/aws/emr
2026-01-22 00:06:00.395 4	/var/lib/aws
2026-01-22 00:06:00.396 0	/var/lib/dnsmasq
2026-01-22 00:06:00.397 0	/var/lib/provision-node
2026-01-22 00:06:00.399 0	/var/lib/containerd
2026-01-22 00:06:00.400 0	/var/lib/hadoop-yarn/cache
2026-01-22 00:06:00.401 0	/var/lib/hadoop-yarn
2026-01-22 00:06:00.402 0	/var/lib/hadoop-mapreduce/cache
2026-01-22 00:06:00.403 0	/var/lib/hadoop-mapreduce
2026-01-22 00:06:00.405 0	/var/lib/hadoop-hdfs/cache
2026-01-22 00:06:00.406 0	/var/lib/hadoop-hdfs
2026-01-22 00:06:00.407 0	/var/lib/hadoop-httpfs
2026-01-22 00:06:00.408 0	/var/lib/docker
2026-01-22 00:06:00.409 0	/var/lib/hadoop-kms/cache
2026-01-22 00:06:00.411 0	/var/lib/hadoop-kms
2026-01-22 00:06:00.412 0	/var/lib/upower
2026-01-22 00:06:00.413 0	/var/lib/setup-devices
2026-01-22 00:06:00.414 62752	/var/lib
2026-01-22 00:06:00.415 62752	total
2026-01-22 00:06:00.416 + lsof
2026-01-22 00:06:00.418 + awk '{print $9}'
2026-01-22 00:06:00.419 + grep '^/var/lib'
2026-01-22 00:06:00.420 + true
2026-01-22 00:06:00.421 + mkdir -p /mnt/var/lib
2026-01-22 00:06:00.423 + mv /var/lib /var/lib.old
2026-01-22 00:06:00.424 + ln -nsf /mnt/var/lib -T /var/lib
2026-01-22 00:06:00.425 + rsync -a /var/lib.old/ /mnt/var/lib
2026-01-22 00:06:01.997 + rm -Rf /var/lib.old
2026-01-22 00:06:02.037 + echo 'Moved directory to ephemeral: /var/lib'
2026-01-22 00:06:02.038 Moved directory to ephemeral: /var/lib
2026-01-22 00:06:02.039 + restart_proc_that_can_have_open_files_in_var_lib_dir
2026-01-22 00:06:02.041 + restart_proc_if_running dhclient 'service network restart'
2026-01-22 00:06:02.042 + pgrep -x dhclient
2026-01-22 00:06:02.044 + echo 'Not restarting dhclient as it isn'\''t running.'
2026-01-22 00:06:02.045 Not restarting dhclient as it isn't running.
2026-01-22 00:06:02.046 + print_deleted_files_in_old_dir /var/lib
2026-01-22 00:06:02.047 + echo 'Dumping remaining open deleted files in old /var/lib directory:'
2026-01-22 00:06:02.049 Dumping remaining open deleted files in old /var/lib directory:
2026-01-22 00:06:02.050 + lsof_deleted_files_in_old_dir /var/lib
2026-01-22 00:06:02.051 + lsof
2026-01-22 00:06:02.052 + grep '(deleted)'
2026-01-22 00:06:02.054 + grep /var/lib.old
2026-01-22 00:06:02.152 + true
2026-01-22 00:06:02.153 + echo 'Dump complete, any output indicates potential lost file.'
2026-01-22 00:06:02.154 Dump complete, any output indicates potential lost file.
2026-01-22 00:06:02.155 
2026-01-22 00:06:02.157 real	0m2.668s
2026-01-22 00:06:02.158 user	0m0.235s
2026-01-22 00:06:02.159 sys	0m0.229s
