2026-01-22 00:06:02.161 + setup_var_tmp_dir
2026-01-22 00:06:02.163 + move_to_ephemeral /var/tmp
2026-01-22 00:06:02.164 + echo 'Moving directory to ephemeral: /var/tmp'
2026-01-22 00:06:02.166 Moving directory to ephemeral: /var/tmp
2026-01-22 00:06:02.167 + ls -l /var/tmp
2026-01-22 00:06:02.169 total 0
2026-01-22 00:06:02.170 drwx------. 3 root root 17 Jan 22 00:05 systemd-private-30e8a80ba3774b1f8616bc72b2ff4d4d-dbus-broker.service-Sggpxr
2026-01-22 00:06:02.172 drwx------. 3 root root 17 Jan 22 00:05 systemd-private-30e8a80ba3774b1f8616bc72b2ff4d4d-policy-routes@ens5.service-37Tmwr
2026-01-22 00:06:02.173 drwx------. 3 root root 17 Jan 22 00:05 systemd-private-30e8a80ba3774b1f8616bc72b2ff4d4d-polkit.service-KSZmPG
2026-01-22 00:06:02.174 drwx------. 3 root root 17 Jan 22 00:05 systemd-private-30e8a80ba3774b1f8616bc72b2ff4d4d-rtkit-daemon.service-PRmdVj
2026-01-22 00:06:02.176 drwx------. 3 root root 17 Jan 22 00:05 systemd-private-30e8a80ba3774b1f8616bc72b2ff4d4d-systemd-logind.service-x9TZaG
2026-01-22 00:06:02.177 drwx------. 3 root root 17 Jan 22 00:05 systemd-private-30e8a80ba3774b1f8616bc72b2ff4d4d-systemd-resolved.service-d1PQKa
2026-01-22 00:06:02.179 drwx------. 3 root root 17 Jan 22 00:05 systemd-private-30e8a80ba3774b1f8616bc72b2ff4d4d-upower.service-DqF8lL
2026-01-22 00:06:02.180 + du -c /var/tmp
2026-01-22 00:06:02.182 0	/var/tmp/systemd-private-30e8a80ba3774b1f8616bc72b2ff4d4d-systemd-resolved.service-d1PQKa/tmp
2026-01-22 00:06:02.183 0	/var/tmp/systemd-private-30e8a80ba3774b1f8616bc72b2ff4d4d-systemd-resolved.service-d1PQKa
2026-01-22 00:06:02.184 0	/var/tmp/systemd-private-30e8a80ba3774b1f8616bc72b2ff4d4d-dbus-broker.service-Sggpxr/tmp
2026-01-22 00:06:02.186 0	/var/tmp/systemd-private-30e8a80ba3774b1f8616bc72b2ff4d4d-dbus-broker.service-Sggpxr
2026-01-22 00:06:02.187 0	/var/tmp/systemd-private-30e8a80ba3774b1f8616bc72b2ff4d4d-policy-routes@ens5.service-37Tmwr/tmp
2026-01-22 00:06:02.189 0	/var/tmp/systemd-private-30e8a80ba3774b1f8616bc72b2ff4d4d-policy-routes@ens5.service-37Tmwr
2026-01-22 00:06:02.190 0	/var/tmp/systemd-private-30e8a80ba3774b1f8616bc72b2ff4d4d-rtkit-daemon.service-PRmdVj/tmp
2026-01-22 00:06:02.192 0	/var/tmp/systemd-private-30e8a80ba3774b1f8616bc72b2ff4d4d-rtkit-daemon.service-PRmdVj
2026-01-22 00:06:02.193 0	/var/tmp/systemd-private-30e8a80ba3774b1f8616bc72b2ff4d4d-systemd-logind.service-x9TZaG/tmp
2026-01-22 00:06:02.194 0	/var/tmp/systemd-private-30e8a80ba3774b1f8616bc72b2ff4d4d-systemd-logind.service-x9TZaG
2026-01-22 00:06:02.196 0	/var/tmp/systemd-private-30e8a80ba3774b1f8616bc72b2ff4d4d-upower.service-DqF8lL/tmp
2026-01-22 00:06:02.197 0	/var/tmp/systemd-private-30e8a80ba3774b1f8616bc72b2ff4d4d-upower.service-DqF8lL
2026-01-22 00:06:02.199 0	/var/tmp/systemd-private-30e8a80ba3774b1f8616bc72b2ff4d4d-polkit.service-KSZmPG/tmp
2026-01-22 00:06:02.200 0	/var/tmp/systemd-private-30e8a80ba3774b1f8616bc72b2ff4d4d-polkit.service-KSZmPG
2026-01-22 00:06:02.201 16	/var/tmp
2026-01-22 00:06:02.202 16	total
2026-01-22 00:06:02.204 + lsof
2026-01-22 00:06:02.205 + awk '{print $9}'
2026-01-22 00:06:02.206 + grep '^/var/tmp'
2026-01-22 00:06:02.232 + true
2026-01-22 00:06:02.233 + mkdir -p /mnt/var/tmp
2026-01-22 00:06:02.234 + mv /var/tmp /var/tmp.old
2026-01-22 00:06:02.235 + ln -nsf /mnt/var/tmp -T /var/tmp
2026-01-22 00:06:02.237 + rsync -a /var/tmp.old/ /mnt/var/tmp
2026-01-22 00:06:02.282 + rm -Rf /var/tmp.old
2026-01-22 00:06:02.284 + echo 'Moved directory to ephemeral: /var/tmp'
2026-01-22 00:06:02.285 Moved directory to ephemeral: /var/tmp
2026-01-22 00:06:02.286 
2026-01-22 00:06:02.287 real	0m0.123s
2026-01-22 00:06:02.288 user	0m0.034s
2026-01-22 00:06:02.290 sys	0m0.059s
