2026-01-22 00:06:33.419 + setup_var_lib_dir
2026-01-22 00:06:33.420 + [[ -n true ]]
2026-01-22 00:06:33.421 + systemctl stop var-lib-nfs-rpc_pipefs.mount
2026-01-22 00:06:33.568 + target_dir=/var/lib
2026-01-22 00:06:33.569 + move_to_ephemeral /var/lib
2026-01-22 00:06:33.570 + echo 'Moving directory to ephemeral: /var/lib'
2026-01-22 00:06:33.572 Moving directory to ephemeral: /var/lib
2026-01-22 00:06:33.573 + ls -l /var/lib
2026-01-22 00:06:33.600 total 16
2026-01-22 00:06:33.602 drwxr-xr-x. 2 root      root      16384 Dec  4 17:16 alternatives
2026-01-22 00:06:33.603 drwxr-xr-x. 3 root      root         17 Dec  4 17:16 amazon
2026-01-22 00:06:33.604 drwxr-xr-x. 3 root      root         17 Dec  4 17:14 aws
2026-01-22 00:06:33.605 drwxr-xr-x. 2 root      root          6 Nov  5 12:07 bigtop
2026-01-22 00:06:33.606 drwxr-x---. 2 chrony    chrony       19 Dec  4 17:21 chrony
2026-01-22 00:06:33.607 drwxr-xr-x. 2 root      root          6 Dec  4 17:20 cloud
2026-01-22 00:06:33.608 drwxr-xr-x. 2 root      root          6 Nov  4 23:08 containerd
2026-01-22 00:06:33.609 drwxr-xr-x. 2 root      root         80 Dec  4 17:16 dnf
2026-01-22 00:06:33.610 drwxr-xr-x. 2 root      dnsmasq       6 Feb 21  2024 dnsmasq
2026-01-22 00:06:33.611 drwxr-xr-x. 2 root      root          6 Nov  4 18:29 docker
2026-01-22 00:06:33.612 drwxr-xr-x. 2 root      root          6 Jan 30  2023 games
2026-01-22 00:06:33.613 drwxr-xr-x. 2 geoclue   geoclue       6 Feb 18  2025 geoclue
2026-01-22 00:06:33.614 drwxr-xr-x. 4 root      root         55 Nov 17 07:08 gssproxy
2026-01-22 00:06:33.615 drwxr-xr-x. 3 hdfs      hadoop       19 Dec  4 17:16 hadoop-hdfs
2026-01-22 00:06:33.617 drwxrwxr-x. 2 httpfs    httpfs        6 Nov 26 23:35 hadoop-httpfs
2026-01-22 00:06:33.618 drwxrwxr-x. 3 kms       hadoop       19 Dec  4 17:16 hadoop-kms
2026-01-22 00:06:33.619 drwxrwxr-x. 3 mapred    hadoop       19 Dec  4 17:15 hadoop-mapreduce
2026-01-22 00:06:33.620 drwxr-xr-x. 3 yarn      hadoop       19 Dec  4 17:15 hadoop-yarn
2026-01-22 00:06:33.621 drwxr-xr-x. 2 root      root          6 Jan 25  2024 hibinit-agent
2026-01-22 00:06:33.622 drwxr-xr-x. 2 root      root          6 Oct 25  2024 initramfs
2026-01-22 00:06:33.623 drwxr-xr-x. 2 root      root          6 Mar 20  2025 kpatch
2026-01-22 00:06:33.624 drwxr-xr-x. 2 root      root         30 Jan 22 00:06 logrotate
2026-01-22 00:06:33.625 drwxr-xr-x. 2 root      root          6 Jan 30  2023 misc
2026-01-22 00:06:33.626 drwxr-xr-x. 5 root      root         80 Nov 17 07:09 nfs
2026-01-22 00:06:33.627 drwxr-xr-x. 2 root      root          6 Feb  1  2023 os-prober
2026-01-22 00:06:33.628 drwxr-x---. 3 root      polkitd      28 Dec  4 17:11 polkit-1
2026-01-22 00:06:33.629 drwx------. 2 root      root          6 Nov 17 07:08 portables
2026-01-22 00:06:33.630 drwx------. 2 root      root          6 Nov 17 07:08 private
2026-01-22 00:06:33.631 drwxr-xr-x. 2 hadoop    hadoop        6 Dec  3 23:48 provision-node
2026-01-22 00:06:33.632 drwxr-xr-x. 2 root      root         91 Nov 17 07:10 rpm
2026-01-22 00:06:33.633 drwxr-xr-x. 4 root      root         40 Dec  4 17:16 rpm-state
2026-01-22 00:06:33.634 drwxr-xr-x. 5 root      root         46 Nov 17 07:08 selinux
2026-01-22 00:06:33.635 drwxr-xr-x. 2 root      root          6 Jan 22 00:06 setup-devices
2026-01-22 00:06:33.636 drwxr-xr-x. 9 root      root        105 Nov 17 07:08 sss
2026-01-22 00:06:33.638 drwxr-xr-x. 8 root      root        110 Dec  4 17:07 systemd
2026-01-22 00:06:33.639 drwxr-xr-x. 4 root      root         44 Dec  4 17:14 texmf
2026-01-22 00:06:33.640 drwxr-xr-x. 2 root      root         30 Dec  4 17:14 trocla
2026-01-22 00:06:33.641 drwxr-xr-x. 2 root      root         18 Dec  4 17:07 update-motd
2026-01-22 00:06:33.642 drwxr-xr-x. 2 root      root          6 Jan 22 00:06 upower
2026-01-22 00:06:33.643 drwxr-xr-x. 3 root      root         23 Nov 17 07:09 xfsdump
2026-01-22 00:06:33.644 drwxr-xr-x. 2 root      root          6 Nov 17 07:06 yum
2026-01-22 00:06:33.645 drwxr-xr-x. 2 zookeeper zookeeper     6 Dec  4 17:13 zookeeper
2026-01-22 00:06:33.646 + du -c /var/lib
2026-01-22 00:06:33.647 0	/var/lib/yum
2026-01-22 00:06:33.648 4268	/var/lib/dnf
2026-01-22 00:06:33.649 0	/var/lib/games
2026-01-22 00:06:33.650 0	/var/lib/misc
2026-01-22 00:06:33.651 0	/var/lib/rpm-state/kernel
2026-01-22 00:06:33.652 0	/var/lib/rpm-state/puppet-agent
2026-01-22 00:06:33.653 0	/var/lib/rpm-state
2026-01-22 00:06:33.654 132	/var/lib/alternatives
2026-01-22 00:06:33.655 0	/var/lib/selinux/tmp
2026-01-22 00:06:33.662 36	/var/lib/selinux/targeted/active/modules/100/abrt
2026-01-22 00:06:33.663 20	/var/lib/selinux/targeted/active/modules/100/accountsd
2026-01-22 00:06:33.664 20	/var/lib/selinux/targeted/active/modules/100/acct
2026-01-22 00:06:33.665 20	/var/lib/selinux/targeted/active/modules/100/afs
2026-01-22 00:06:33.666 20	/var/lib/selinux/targeted/active/modules/100/afterburn
2026-01-22 00:06:33.667 20	/var/lib/selinux/targeted/active/modules/100/aiccu
2026-01-22 00:06:33.668 20	/var/lib/selinux/targeted/active/modules/100/aide
2026-01-22 00:06:33.669 20	/var/lib/selinux/targeted/active/modules/100/ajaxterm
2026-01-22 00:06:33.670 20	/var/lib/selinux/targeted/active/modules/100/alsa
2026-01-22 00:06:33.672 20	/var/lib/selinux/targeted/active/modules/100/amanda
2026-01-22 00:06:33.673 20	/var/lib/selinux/targeted/active/modules/100/amtu
2026-01-22 00:06:33.674 28	/var/lib/selinux/targeted/active/modules/100/anaconda
2026-01-22 00:06:33.675 24	/var/lib/selinux/targeted/active/modules/100/antivirus
2026-01-22 00:06:33.676 52	/var/lib/selinux/targeted/active/modules/100/apache
2026-01-22 00:06:33.677 28	/var/lib/selinux/targeted/active/modules/100/apcupsd
2026-01-22 00:06:33.678 28	/var/lib/selinux/targeted/active/modules/100/apm
2026-01-22 00:06:33.679 20	/var/lib/selinux/targeted/active/modules/100/application
2026-01-22 00:06:33.680 20	/var/lib/selinux/targeted/active/modules/100/arpwatch
2026-01-22 00:06:33.681 20	/var/lib/selinux/targeted/active/modules/100/asterisk
2026-01-22 00:06:33.682 28	/var/lib/selinux/targeted/active/modules/100/auditadm
2026-01-22 00:06:33.683 20	/var/lib/selinux/targeted/active/modules/100/authconfig
2026-01-22 00:06:33.684 36	/var/lib/selinux/targeted/active/modules/100/authlogin
2026-01-22 00:06:33.685 20	/var/lib/selinux/targeted/active/modules/100/automount
2026-01-22 00:06:33.686 20	/var/lib/selinux/targeted/active/modules/100/avahi
2026-01-22 00:06:33.687 20	/var/lib/selinux/targeted/active/modules/100/awstats
2026-01-22 00:06:33.689 28	/var/lib/selinux/targeted/active/modules/100/bacula
2026-01-22 00:06:33.690 136	/var/lib/selinux/targeted/active/modules/100/base
2026-01-22 00:06:33.691 20	/var/lib/selinux/targeted/active/modules/100/bcfg2
2026-01-22 00:06:33.692 28	/var/lib/selinux/targeted/active/modules/100/bind
2026-01-22 00:06:33.693 20	/var/lib/selinux/targeted/active/modules/100/bitlbee
2026-01-22 00:06:33.694 20	/var/lib/selinux/targeted/active/modules/100/blkmapd
2026-01-22 00:06:33.695 20	/var/lib/selinux/targeted/active/modules/100/blueman
2026-01-22 00:06:33.696 28	/var/lib/selinux/targeted/active/modules/100/bluetooth
2026-01-22 00:06:33.697 28	/var/lib/selinux/targeted/active/modules/100/boinc
2026-01-22 00:06:33.698 20	/var/lib/selinux/targeted/active/modules/100/boltd
2026-01-22 00:06:33.699 20	/var/lib/selinux/targeted/active/modules/100/boothd
2026-01-22 00:06:33.700 28	/var/lib/selinux/targeted/active/modules/100/bootloader
2026-01-22 00:06:33.701 20	/var/lib/selinux/targeted/active/modules/100/bootupd
2026-01-22 00:06:33.702 20	/var/lib/selinux/targeted/active/modules/100/brctl
2026-01-22 00:06:33.703 20	/var/lib/selinux/targeted/active/modules/100/brltty
2026-01-22 00:06:33.704 20	/var/lib/selinux/targeted/active/modules/100/bugzilla
2026-01-22 00:06:33.705 20	/var/lib/selinux/targeted/active/modules/100/bumblebee
2026-01-22 00:06:33.706 20	/var/lib/selinux/targeted/active/modules/100/cachefilesd
2026-01-22 00:06:33.707 20	/var/lib/selinux/targeted/active/modules/100/calamaris
2026-01-22 00:06:33.709 20	/var/lib/selinux/targeted/active/modules/100/callweaver
2026-01-22 00:06:33.710 20	/var/lib/selinux/targeted/active/modules/100/canna
2026-01-22 00:06:33.711 20	/var/lib/selinux/targeted/active/modules/100/ccs
2026-01-22 00:06:33.712 20	/var/lib/selinux/targeted/active/modules/100/cdrecord
2026-01-22 00:06:33.713 20	/var/lib/selinux/targeted/active/modules/100/certmaster
2026-01-22 00:06:33.714 28	/var/lib/selinux/targeted/active/modules/100/certmonger
2026-01-22 00:06:33.715 20	/var/lib/selinux/targeted/active/modules/100/certwatch
2026-01-22 00:06:33.716 20	/var/lib/selinux/targeted/active/modules/100/cfengine
2026-01-22 00:06:33.717 20	/var/lib/selinux/targeted/active/modules/100/cgroup
2026-01-22 00:06:33.718 28	/var/lib/selinux/targeted/active/modules/100/chrome
2026-01-22 00:06:33.719 24	/var/lib/selinux/targeted/active/modules/100/chronyd
2026-01-22 00:06:33.721 28	/var/lib/selinux/targeted/active/modules/100/cinder
2026-01-22 00:06:33.722 20	/var/lib/selinux/targeted/active/modules/100/cipe
2026-01-22 00:06:33.723 20	/var/lib/selinux/targeted/active/modules/100/clock
2026-01-22 00:06:33.724 20	/var/lib/selinux/targeted/active/modules/100/clogd
2026-01-22 00:06:33.725 28	/var/lib/selinux/targeted/active/modules/100/cloudform
2026-01-22 00:06:33.726 20	/var/lib/selinux/targeted/active/modules/100/cmirrord
2026-01-22 00:06:33.727 20	/var/lib/selinux/targeted/active/modules/100/cobbler
2026-01-22 00:06:33.728 20	/var/lib/selinux/targeted/active/modules/100/collectd
2026-01-22 00:06:33.729 20	/var/lib/selinux/targeted/active/modules/100/colord
2026-01-22 00:06:33.730 20	/var/lib/selinux/targeted/active/modules/100/comsat
2026-01-22 00:06:33.731 28	/var/lib/selinux/targeted/active/modules/100/condor
2026-01-22 00:06:33.732 20	/var/lib/selinux/targeted/active/modules/100/conman
2026-01-22 00:06:33.733 20	/var/lib/selinux/targeted/active/modules/100/conntrackd
2026-01-22 00:06:33.735 28	/var/lib/selinux/targeted/active/modules/100/consolekit
2026-01-22 00:06:33.736 20	/var/lib/selinux/targeted/active/modules/100/coreos_installer
2026-01-22 00:06:33.737 20	/var/lib/selinux/targeted/active/modules/100/couchdb
2026-01-22 00:06:33.738 20	/var/lib/selinux/targeted/active/modules/100/courier
2026-01-22 00:06:33.739 20	/var/lib/selinux/targeted/active/modules/100/cpucontrol
2026-01-22 00:06:33.740 20	/var/lib/selinux/targeted/active/modules/100/cpufreqselector
2026-01-22 00:06:33.742 20	/var/lib/selinux/targeted/active/modules/100/cpuplug
2026-01-22 00:06:33.743 40	/var/lib/selinux/targeted/active/modules/100/cron
2026-01-22 00:06:33.744 20	/var/lib/selinux/targeted/active/modules/100/ctdb
2026-01-22 00:06:33.745 36	/var/lib/selinux/targeted/active/modules/100/cups
2026-01-22 00:06:33.747 20	/var/lib/selinux/targeted/active/modules/100/cvs
2026-01-22 00:06:33.748 20	/var/lib/selinux/targeted/active/modules/100/cyphesis
2026-01-22 00:06:33.749 20	/var/lib/selinux/targeted/active/modules/100/cyrus
2026-01-22 00:06:33.750 20	/var/lib/selinux/targeted/active/modules/100/daemontools
2026-01-22 00:06:33.752 28	/var/lib/selinux/targeted/active/modules/100/dbadm
2026-01-22 00:06:33.753 20	/var/lib/selinux/targeted/active/modules/100/dbskk
2026-01-22 00:06:33.754 28	/var/lib/selinux/targeted/active/modules/100/dbus
2026-01-22 00:06:33.755 20	/var/lib/selinux/targeted/active/modules/100/dcc
2026-01-22 00:06:33.756 20	/var/lib/selinux/targeted/active/modules/100/ddclient
2026-01-22 00:06:33.758 20	/var/lib/selinux/targeted/active/modules/100/denyhosts
2026-01-22 00:06:33.759 32	/var/lib/selinux/targeted/active/modules/100/devicekit
2026-01-22 00:06:33.760 20	/var/lib/selinux/targeted/active/modules/100/dhcp
2026-01-22 00:06:33.761 20	/var/lib/selinux/targeted/active/modules/100/dictd
2026-01-22 00:06:33.762 28	/var/lib/selinux/targeted/active/modules/100/dirsrv
2026-01-22 00:06:33.764 28	/var/lib/selinux/targeted/active/modules/100/dirsrv-admin
2026-01-22 00:06:33.765 20	/var/lib/selinux/targeted/active/modules/100/dmesg
2026-01-22 00:06:33.766 20	/var/lib/selinux/targeted/active/modules/100/dmidecode
2026-01-22 00:06:33.767 20	/var/lib/selinux/targeted/active/modules/100/dnsmasq
2026-01-22 00:06:33.769 20	/var/lib/selinux/targeted/active/modules/100/dnssec
2026-01-22 00:06:33.770 28	/var/lib/selinux/targeted/active/modules/100/dovecot
2026-01-22 00:06:33.771 20	/var/lib/selinux/targeted/active/modules/100/drbd
2026-01-22 00:06:33.772 20	/var/lib/selinux/targeted/active/modules/100/dspam
2026-01-22 00:06:33.773 20	/var/lib/selinux/targeted/active/modules/100/entropyd
2026-01-22 00:06:33.775 24	/var/lib/selinux/targeted/active/modules/100/exim
2026-01-22 00:06:33.776 20	/var/lib/selinux/targeted/active/modules/100/fail2ban
2026-01-22 00:06:33.777 20	/var/lib/selinux/targeted/active/modules/100/fcoe
2026-01-22 00:06:33.778 20	/var/lib/selinux/targeted/active/modules/100/fdo
2026-01-22 00:06:33.779 20	/var/lib/selinux/targeted/active/modules/100/fetchmail
2026-01-22 00:06:33.780 20	/var/lib/selinux/targeted/active/modules/100/finger
2026-01-22 00:06:33.781 20	/var/lib/selinux/targeted/active/modules/100/firewalld
2026-01-22 00:06:33.783 20	/var/lib/selinux/targeted/active/modules/100/firewallgui
2026-01-22 00:06:33.784 20	/var/lib/selinux/targeted/active/modules/100/firstboot
2026-01-22 00:06:33.785 20	/var/lib/selinux/targeted/active/modules/100/fprintd
2026-01-22 00:06:33.786 20	/var/lib/selinux/targeted/active/modules/100/freeipmi
2026-01-22 00:06:33.787 20	/var/lib/selinux/targeted/active/modules/100/freqset
2026-01-22 00:06:33.788 28	/var/lib/selinux/targeted/active/modules/100/fstools
2026-01-22 00:06:33.789 28	/var/lib/selinux/targeted/active/modules/100/ftp
2026-01-22 00:06:33.790 20	/var/lib/selinux/targeted/active/modules/100/fwupd
2026-01-22 00:06:33.791 28	/var/lib/selinux/targeted/active/modules/100/games
2026-01-22 00:06:33.792 20	/var/lib/selinux/targeted/active/modules/100/gdomap
2026-01-22 00:06:33.793 20	/var/lib/selinux/targeted/active/modules/100/geoclue
2026-01-22 00:06:33.794 20	/var/lib/selinux/targeted/active/modules/100/getty
2026-01-22 00:06:33.795 20	/var/lib/selinux/targeted/active/modules/100/git
2026-01-22 00:06:33.796 20	/var/lib/selinux/targeted/active/modules/100/gitosis
2026-01-22 00:06:33.797 20	/var/lib/selinux/targeted/active/modules/100/glance
2026-01-22 00:06:33.798 28	/var/lib/selinux/targeted/active/modules/100/gnome
2026-01-22 00:06:33.799 28	/var/lib/selinux/targeted/active/modules/100/gpg
2026-01-22 00:06:33.800 20	/var/lib/selinux/targeted/active/modules/100/gpm
2026-01-22 00:06:33.801 20	/var/lib/selinux/targeted/active/modules/100/gpsd
2026-01-22 00:06:33.802 20	/var/lib/selinux/targeted/active/modules/100/gssproxy
2026-01-22 00:06:33.803 28	/var/lib/selinux/targeted/active/modules/100/guest
2026-01-22 00:06:33.804 20	/var/lib/selinux/targeted/active/modules/100/hddtemp
2026-01-22 00:06:33.805 20	/var/lib/selinux/targeted/active/modules/100/hostapd
2026-01-22 00:06:33.807 20	/var/lib/selinux/targeted/active/modules/100/hostname
2026-01-22 00:06:33.808 20	/var/lib/selinux/targeted/active/modules/100/hsqldb
2026-01-22 00:06:33.809 20	/var/lib/selinux/targeted/active/modules/100/hwloc
2026-01-22 00:06:33.810 20	/var/lib/selinux/targeted/active/modules/100/hypervkvp
2026-01-22 00:06:33.811 20	/var/lib/selinux/targeted/active/modules/100/ibacm
2026-01-22 00:06:33.812 16	/var/lib/selinux/targeted/active/modules/100/ica
2026-01-22 00:06:33.813 20	/var/lib/selinux/targeted/active/modules/100/icecast
2026-01-22 00:06:33.814 28	/var/lib/selinux/targeted/active/modules/100/inetd
2026-01-22 00:06:33.815 64	/var/lib/selinux/targeted/active/modules/100/init
2026-01-22 00:06:33.816 20	/var/lib/selinux/targeted/active/modules/100/inn
2026-01-22 00:06:33.817 32	/var/lib/selinux/targeted/active/modules/100/insights_client
2026-01-22 00:06:33.818 20	/var/lib/selinux/targeted/active/modules/100/iodine
2026-01-22 00:06:33.820 20	/var/lib/selinux/targeted/active/modules/100/iotop
2026-01-22 00:06:33.821 20	/var/lib/selinux/targeted/active/modules/100/ipmievd
2026-01-22 00:06:33.822 32	/var/lib/selinux/targeted/active/modules/100/ipsec
2026-01-22 00:06:33.823 24	/var/lib/selinux/targeted/active/modules/100/iptables
2026-01-22 00:06:33.824 20	/var/lib/selinux/targeted/active/modules/100/irc
2026-01-22 00:06:33.825 20	/var/lib/selinux/targeted/active/modules/100/irqbalance
2026-01-22 00:06:33.827 20	/var/lib/selinux/targeted/active/modules/100/iscsi
2026-01-22 00:06:33.828 20	/var/lib/selinux/targeted/active/modules/100/isns
2026-01-22 00:06:33.829 20	/var/lib/selinux/targeted/active/modules/100/jabber
2026-01-22 00:06:33.830 20	/var/lib/selinux/targeted/active/modules/100/jetty
2026-01-22 00:06:33.831 20	/var/lib/selinux/targeted/active/modules/100/jockey
2026-01-22 00:06:33.832 20	/var/lib/selinux/targeted/active/modules/100/journalctl
2026-01-22 00:06:33.833 28	/var/lib/selinux/targeted/active/modules/100/kdump
2026-01-22 00:06:33.834 20	/var/lib/selinux/targeted/active/modules/100/kdumpgui
2026-01-22 00:06:33.836 20	/var/lib/selinux/targeted/active/modules/100/keepalived
2026-01-22 00:06:33.837 28	/var/lib/selinux/targeted/active/modules/100/kerberos
2026-01-22 00:06:33.838 20	/var/lib/selinux/targeted/active/modules/100/keyboardd
2026-01-22 00:06:33.839 24	/var/lib/selinux/targeted/active/modules/100/keystone
2026-01-22 00:06:33.840 20	/var/lib/selinux/targeted/active/modules/100/kismet
2026-01-22 00:06:33.842 20	/var/lib/selinux/targeted/active/modules/100/kmscon
2026-01-22 00:06:33.843 20	/var/lib/selinux/targeted/active/modules/100/kpatch
2026-01-22 00:06:33.844 20	/var/lib/selinux/targeted/active/modules/100/ksmtuned
2026-01-22 00:06:33.845 20	/var/lib/selinux/targeted/active/modules/100/ktalk
2026-01-22 00:06:33.846 20	/var/lib/selinux/targeted/active/modules/100/l2tp
2026-01-22 00:06:33.847 20	/var/lib/selinux/targeted/active/modules/100/ldap
2026-01-22 00:06:33.849 28	/var/lib/selinux/targeted/active/modules/100/libraries
2026-01-22 00:06:33.850 28	/var/lib/selinux/targeted/active/modules/100/likewise
2026-01-22 00:06:33.851 20	/var/lib/selinux/targeted/active/modules/100/linuxptp
2026-01-22 00:06:33.852 20	/var/lib/selinux/targeted/active/modules/100/lircd
2026-01-22 00:06:33.853 20	/var/lib/selinux/targeted/active/modules/100/livecd
2026-01-22 00:06:33.854 20	/var/lib/selinux/targeted/active/modules/100/lldpad
2026-01-22 00:06:33.855 20	/var/lib/selinux/targeted/active/modules/100/loadkeys
2026-01-22 00:06:33.857 28	/var/lib/selinux/targeted/active/modules/100/locallogin
2026-01-22 00:06:33.858 20	/var/lib/selinux/targeted/active/modules/100/lockdev
2026-01-22 00:06:33.859 20	/var/lib/selinux/targeted/active/modules/100/logadm
2026-01-22 00:06:33.860 36	/var/lib/selinux/targeted/active/modules/100/logging
2026-01-22 00:06:33.861 28	/var/lib/selinux/targeted/active/modules/100/logrotate
2026-01-22 00:06:33.862 20	/var/lib/selinux/targeted/active/modules/100/logwatch
2026-01-22 00:06:33.863 20	/var/lib/selinux/targeted/active/modules/100/lpd
2026-01-22 00:06:33.864 20	/var/lib/selinux/targeted/active/modules/100/lsm
2026-01-22 00:06:33.865 20	/var/lib/selinux/targeted/active/modules/100/lttng-tools
2026-01-22 00:06:33.866 28	/var/lib/selinux/targeted/active/modules/100/lvm
2026-01-22 00:06:33.868 20	/var/lib/selinux/targeted/active/modules/100/mailman
2026-01-22 00:06:33.869 20	/var/lib/selinux/targeted/active/modules/100/mailscanner
2026-01-22 00:06:33.870 20	/var/lib/selinux/targeted/active/modules/100/man2html
2026-01-22 00:06:33.871 20	/var/lib/selinux/targeted/active/modules/100/mandb
2026-01-22 00:06:33.872 20	/var/lib/selinux/targeted/active/modules/100/mcelog
2026-01-22 00:06:33.873 20	/var/lib/selinux/targeted/active/modules/100/mediawiki
2026-01-22 00:06:33.874 20	/var/lib/selinux/targeted/active/modules/100/memcached
2026-01-22 00:06:33.875 20	/var/lib/selinux/targeted/active/modules/100/milter
2026-01-22 00:06:33.877 20	/var/lib/selinux/targeted/active/modules/100/minidlna
2026-01-22 00:06:33.878 20	/var/lib/selinux/targeted/active/modules/100/minissdpd
2026-01-22 00:06:33.879 20	/var/lib/selinux/targeted/active/modules/100/mip6d
2026-01-22 00:06:33.880 20	/var/lib/selinux/targeted/active/modules/100/mirrormanager
2026-01-22 00:06:33.881 20	/var/lib/selinux/targeted/active/modules/100/miscfiles
2026-01-22 00:06:33.882 20	/var/lib/selinux/targeted/active/modules/100/mock
2026-01-22 00:06:33.883 20	/var/lib/selinux/targeted/active/modules/100/modemmanager
2026-01-22 00:06:33.885 28	/var/lib/selinux/targeted/active/modules/100/modutils
2026-01-22 00:06:33.886 20	/var/lib/selinux/targeted/active/modules/100/mojomojo
2026-01-22 00:06:33.887 20	/var/lib/selinux/targeted/active/modules/100/mon_statd
2026-01-22 00:06:33.888 20	/var/lib/selinux/targeted/active/modules/100/mongodb
2026-01-22 00:06:33.889 20	/var/lib/selinux/targeted/active/modules/100/motion
2026-01-22 00:06:33.890 28	/var/lib/selinux/targeted/active/modules/100/mount
2026-01-22 00:06:33.891 36	/var/lib/selinux/targeted/active/modules/100/mozilla
2026-01-22 00:06:33.892 20	/var/lib/selinux/targeted/active/modules/100/mpd
2026-01-22 00:06:33.893 20	/var/lib/selinux/targeted/active/modules/100/mplayer
2026-01-22 00:06:33.894 20	/var/lib/selinux/targeted/active/modules/100/mptcpd
2026-01-22 00:06:33.895 20	/var/lib/selinux/targeted/active/modules/100/mrtg
2026-01-22 00:06:33.896 28	/var/lib/selinux/targeted/active/modules/100/mta
2026-01-22 00:06:33.897 32	/var/lib/selinux/targeted/active/modules/100/munin
2026-01-22 00:06:33.898 28	/var/lib/selinux/targeted/active/modules/100/mysql
2026-01-22 00:06:33.899 20	/var/lib/selinux/targeted/active/modules/100/mythtv
2026-01-22 00:06:33.900 20	/var/lib/selinux/targeted/active/modules/100/naemon
2026-01-22 00:06:33.901 36	/var/lib/selinux/targeted/active/modules/100/nagios
2026-01-22 00:06:33.902 20	/var/lib/selinux/targeted/active/modules/100/namespace
2026-01-22 00:06:33.903 20	/var/lib/selinux/targeted/active/modules/100/ncftool
2026-01-22 00:06:33.904 20	/var/lib/selinux/targeted/active/modules/100/netlabel
2026-01-22 00:06:33.905 20	/var/lib/selinux/targeted/active/modules/100/netutils
2026-01-22 00:06:33.906 44	/var/lib/selinux/targeted/active/modules/100/networkmanager
2026-01-22 00:06:33.908 20	/var/lib/selinux/targeted/active/modules/100/ninfod
2026-01-22 00:06:33.909 20	/var/lib/selinux/targeted/active/modules/100/nis
2026-01-22 00:06:33.910 28	/var/lib/selinux/targeted/active/modules/100/nova
2026-01-22 00:06:33.911 20	/var/lib/selinux/targeted/active/modules/100/nscd
2026-01-22 00:06:33.912 20	/var/lib/selinux/targeted/active/modules/100/nsd
2026-01-22 00:06:33.913 20	/var/lib/selinux/targeted/active/modules/100/nslcd
2026-01-22 00:06:33.914 20	/var/lib/selinux/targeted/active/modules/100/ntop
2026-01-22 00:06:33.915 20	/var/lib/selinux/targeted/active/modules/100/ntp
2026-01-22 00:06:33.916 20	/var/lib/selinux/targeted/active/modules/100/numad
2026-01-22 00:06:33.917 28	/var/lib/selinux/targeted/active/modules/100/nut
2026-01-22 00:06:33.918 20	/var/lib/selinux/targeted/active/modules/100/nvme_stas
2026-01-22 00:06:33.919 20	/var/lib/selinux/targeted/active/modules/100/nx
2026-01-22 00:06:33.920 20	/var/lib/selinux/targeted/active/modules/100/obex
2026-01-22 00:06:33.921 20	/var/lib/selinux/targeted/active/modules/100/oddjob
2026-01-22 00:06:33.922 20	/var/lib/selinux/targeted/active/modules/100/opafm
2026-01-22 00:06:33.923 20	/var/lib/selinux/targeted/active/modules/100/openct
2026-01-22 00:06:33.924 20	/var/lib/selinux/targeted/active/modules/100/opendnssec
2026-01-22 00:06:33.925 20	/var/lib/selinux/targeted/active/modules/100/openfortivpn
2026-01-22 00:06:33.926 20	/var/lib/selinux/targeted/active/modules/100/openhpid
2026-01-22 00:06:33.928 36	/var/lib/selinux/targeted/active/modules/100/openshift
2026-01-22 00:06:33.929 16	/var/lib/selinux/targeted/active/modules/100/openshift-origin
2026-01-22 00:06:33.930 20	/var/lib/selinux/targeted/active/modules/100/opensm
2026-01-22 00:06:33.931 28	/var/lib/selinux/targeted/active/modules/100/openvpn
2026-01-22 00:06:33.932 20	/var/lib/selinux/targeted/active/modules/100/openvswitch
2026-01-22 00:06:33.933 20	/var/lib/selinux/targeted/active/modules/100/openwsman
2026-01-22 00:06:33.934 20	/var/lib/selinux/targeted/active/modules/100/oracleasm
2026-01-22 00:06:33.935 20	/var/lib/selinux/targeted/active/modules/100/osad
2026-01-22 00:06:33.936 20	/var/lib/selinux/targeted/active/modules/100/pads
2026-01-22 00:06:33.937 20	/var/lib/selinux/targeted/active/modules/100/passenger
2026-01-22 00:06:33.938 20	/var/lib/selinux/targeted/active/modules/100/pcmcia
2026-01-22 00:06:33.939 28	/var/lib/selinux/targeted/active/modules/100/pcp
2026-01-22 00:06:33.940 20	/var/lib/selinux/targeted/active/modules/100/pcscd
2026-01-22 00:06:33.941 20	/var/lib/selinux/targeted/active/modules/100/pdns
2026-01-22 00:06:33.942 36	/var/lib/selinux/targeted/active/modules/100/pegasus
2026-01-22 00:06:33.943 8	/var/lib/selinux/targeted/active/modules/100/permissivedomains
2026-01-22 00:06:33.944 20	/var/lib/selinux/targeted/active/modules/100/pesign
2026-01-22 00:06:33.945 20	/var/lib/selinux/targeted/active/modules/100/pingd
2026-01-22 00:06:33.946 28	/var/lib/selinux/targeted/active/modules/100/piranha
2026-01-22 00:06:33.947 20	/var/lib/selinux/targeted/active/modules/100/pkcs
2026-01-22 00:06:33.948 20	/var/lib/selinux/targeted/active/modules/100/pkcs11proxyd
2026-01-22 00:06:33.949 28	/var/lib/selinux/targeted/active/modules/100/pki
2026-01-22 00:06:33.951 20	/var/lib/selinux/targeted/active/modules/100/plymouthd
2026-01-22 00:06:33.952 20	/var/lib/selinux/targeted/active/modules/100/podsleuth
2026-01-22 00:06:33.953 28	/var/lib/selinux/targeted/active/modules/100/policykit
2026-01-22 00:06:33.954 20	/var/lib/selinux/targeted/active/modules/100/polipo
2026-01-22 00:06:33.955 20	/var/lib/selinux/targeted/active/modules/100/portmap
2026-01-22 00:06:33.956 20	/var/lib/selinux/targeted/active/modules/100/portreserve
2026-01-22 00:06:33.957 36	/var/lib/selinux/targeted/active/modules/100/postfix
2026-01-22 00:06:33.958 28	/var/lib/selinux/targeted/active/modules/100/postgresql
2026-01-22 00:06:33.959 20	/var/lib/selinux/targeted/active/modules/100/postgrey
2026-01-22 00:06:33.960 28	/var/lib/selinux/targeted/active/modules/100/ppp
2026-01-22 00:06:33.961 28	/var/lib/selinux/targeted/active/modules/100/prelink
2026-01-22 00:06:33.962 28	/var/lib/selinux/targeted/active/modules/100/prelude
2026-01-22 00:06:33.963 20	/var/lib/selinux/targeted/active/modules/100/privoxy
2026-01-22 00:06:33.964 20	/var/lib/selinux/targeted/active/modules/100/procmail
2026-01-22 00:06:33.965 20	/var/lib/selinux/targeted/active/modules/100/prosody
2026-01-22 00:06:33.966 20	/var/lib/selinux/targeted/active/modules/100/psad
2026-01-22 00:06:33.967 20	/var/lib/selinux/targeted/active/modules/100/ptchown
2026-01-22 00:06:33.968 20	/var/lib/selinux/targeted/active/modules/100/publicfile
2026-01-22 00:06:33.969 28	/var/lib/selinux/targeted/active/modules/100/pulseaudio
2026-01-22 00:06:33.970 28	/var/lib/selinux/targeted/active/modules/100/puppet
2026-01-22 00:06:33.971 20	/var/lib/selinux/targeted/active/modules/100/pwauth
2026-01-22 00:06:33.972 20	/var/lib/selinux/targeted/active/modules/100/qatlib
2026-01-22 00:06:33.973 24	/var/lib/selinux/targeted/active/modules/100/qmail
2026-01-22 00:06:33.974 20	/var/lib/selinux/targeted/active/modules/100/qpid
2026-01-22 00:06:33.975 28	/var/lib/selinux/targeted/active/modules/100/quantum
2026-01-22 00:06:33.976 20	/var/lib/selinux/targeted/active/modules/100/quota
2026-01-22 00:06:33.977 24	/var/lib/selinux/targeted/active/modules/100/rabbitmq
2026-01-22 00:06:33.978 20	/var/lib/selinux/targeted/active/modules/100/radius
2026-01-22 00:06:33.979 20	/var/lib/selinux/targeted/active/modules/100/radvd
2026-01-22 00:06:33.980 20	/var/lib/selinux/targeted/active/modules/100/raid
2026-01-22 00:06:33.982 20	/var/lib/selinux/targeted/active/modules/100/rasdaemon
2026-01-22 00:06:33.983 20	/var/lib/selinux/targeted/active/modules/100/rdisc
2026-01-22 00:06:33.984 20	/var/lib/selinux/targeted/active/modules/100/readahead
2026-01-22 00:06:33.985 36	/var/lib/selinux/targeted/active/modules/100/realmd
2026-01-22 00:06:33.986 20	/var/lib/selinux/targeted/active/modules/100/redis
2026-01-22 00:06:33.987 20	/var/lib/selinux/targeted/active/modules/100/remotelogin
2026-01-22 00:06:33.988 24	/var/lib/selinux/targeted/active/modules/100/rhcd
2026-01-22 00:06:33.989 36	/var/lib/selinux/targeted/active/modules/100/rhcs
2026-01-22 00:06:33.990 28	/var/lib/selinux/targeted/active/modules/100/rhev
2026-01-22 00:06:33.991 20	/var/lib/selinux/targeted/active/modules/100/rhgb
2026-01-22 00:06:33.992 20	/var/lib/selinux/targeted/active/modules/100/rhnsd
2026-01-22 00:06:33.993 24	/var/lib/selinux/targeted/active/modules/100/rhsmcertd
2026-01-22 00:06:33.994 28	/var/lib/selinux/targeted/active/modules/100/ricci
2026-01-22 00:06:33.995 16	/var/lib/selinux/targeted/active/modules/100/rkhunter
2026-01-22 00:06:33.996 20	/var/lib/selinux/targeted/active/modules/100/rkt
2026-01-22 00:06:33.997 24	/var/lib/selinux/targeted/active/modules/100/rlogin
2026-01-22 00:06:33.998 20	/var/lib/selinux/targeted/active/modules/100/rngd
2026-01-22 00:06:33.999 20	/var/lib/selinux/targeted/active/modules/100/rolekit
2026-01-22 00:06:34.000 20	/var/lib/selinux/targeted/active/modules/100/roundup
2026-01-22 00:06:34.001 28	/var/lib/selinux/targeted/active/modules/100/rpc
2026-01-22 00:06:34.002 20	/var/lib/selinux/targeted/active/modules/100/rpcbind
2026-01-22 00:06:34.003 36	/var/lib/selinux/targeted/active/modules/100/rpm
2026-01-22 00:06:34.004 20	/var/lib/selinux/targeted/active/modules/100/rrdcached
2026-01-22 00:06:34.005 20	/var/lib/selinux/targeted/active/modules/100/rshd
2026-01-22 00:06:34.006 20	/var/lib/selinux/targeted/active/modules/100/rshim
2026-01-22 00:06:34.008 20	/var/lib/selinux/targeted/active/modules/100/rssh
2026-01-22 00:06:34.009 20	/var/lib/selinux/targeted/active/modules/100/rsync
2026-01-22 00:06:34.010 20	/var/lib/selinux/targeted/active/modules/100/rtas
2026-01-22 00:06:34.011 20	/var/lib/selinux/targeted/active/modules/100/rtkit
2026-01-22 00:06:34.012 20	/var/lib/selinux/targeted/active/modules/100/rwho
2026-01-22 00:06:34.013 48	/var/lib/selinux/targeted/active/modules/100/samba
2026-01-22 00:06:34.014 20	/var/lib/selinux/targeted/active/modules/100/sambagui
2026-01-22 00:06:34.015 28	/var/lib/selinux/targeted/active/modules/100/sandboxX
2026-01-22 00:06:34.016 20	/var/lib/selinux/targeted/active/modules/100/sanlock
2026-01-22 00:06:34.017 20	/var/lib/selinux/targeted/active/modules/100/sap
2026-01-22 00:06:34.018 20	/var/lib/selinux/targeted/active/modules/100/sasl
2026-01-22 00:06:34.019 20	/var/lib/selinux/targeted/active/modules/100/sbd
2026-01-22 00:06:34.020 20	/var/lib/selinux/targeted/active/modules/100/sblim
2026-01-22 00:06:34.021 20	/var/lib/selinux/targeted/active/modules/100/screen
2026-01-22 00:06:34.022 28	/var/lib/selinux/targeted/active/modules/100/secadm
2026-01-22 00:06:34.023 20	/var/lib/selinux/targeted/active/modules/100/sectoolm
2026-01-22 00:06:34.024 36	/var/lib/selinux/targeted/active/modules/100/selinuxutil
2026-01-22 00:06:34.025 28	/var/lib/selinux/targeted/active/modules/100/sendmail
2026-01-22 00:06:34.026 20	/var/lib/selinux/targeted/active/modules/100/sensord
2026-01-22 00:06:34.028 20	/var/lib/selinux/targeted/active/modules/100/setrans
2026-01-22 00:06:34.029 20	/var/lib/selinux/targeted/active/modules/100/setroubleshoot
2026-01-22 00:06:34.030 20	/var/lib/selinux/targeted/active/modules/100/seunshare
2026-01-22 00:06:34.031 28	/var/lib/selinux/targeted/active/modules/100/sge
2026-01-22 00:06:34.032 20	/var/lib/selinux/targeted/active/modules/100/shorewall
2026-01-22 00:06:34.033 20	/var/lib/selinux/targeted/active/modules/100/slocate
2026-01-22 00:06:34.034 20	/var/lib/selinux/targeted/active/modules/100/slpd
2026-01-22 00:06:34.035 20	/var/lib/selinux/targeted/active/modules/100/smartmon
2026-01-22 00:06:34.036 20	/var/lib/selinux/targeted/active/modules/100/smokeping
2026-01-22 00:06:34.037 20	/var/lib/selinux/targeted/active/modules/100/smoltclient
2026-01-22 00:06:34.038 20	/var/lib/selinux/targeted/active/modules/100/smsd
2026-01-22 00:06:34.039 20	/var/lib/selinux/targeted/active/modules/100/snapper
2026-01-22 00:06:34.040 20	/var/lib/selinux/targeted/active/modules/100/snmp
2026-01-22 00:06:34.041 20	/var/lib/selinux/targeted/active/modules/100/snort
2026-01-22 00:06:34.042 28	/var/lib/selinux/targeted/active/modules/100/sosreport
2026-01-22 00:06:34.043 20	/var/lib/selinux/targeted/active/modules/100/soundserver
2026-01-22 00:06:34.044 28	/var/lib/selinux/targeted/active/modules/100/spamassassin
2026-01-22 00:06:34.045 20	/var/lib/selinux/targeted/active/modules/100/speech-dispatcher
2026-01-22 00:06:34.046 28	/var/lib/selinux/targeted/active/modules/100/squid
2026-01-22 00:06:34.047 40	/var/lib/selinux/targeted/active/modules/100/ssh
2026-01-22 00:06:34.048 20	/var/lib/selinux/targeted/active/modules/100/sslh
2026-01-22 00:06:34.049 28	/var/lib/selinux/targeted/active/modules/100/sssd
2026-01-22 00:06:34.050 76	/var/lib/selinux/targeted/active/modules/100/staff
2026-01-22 00:06:34.051 20	/var/lib/selinux/targeted/active/modules/100/stalld
2026-01-22 00:06:34.052 20	/var/lib/selinux/targeted/active/modules/100/stapserver
2026-01-22 00:06:34.053 20	/var/lib/selinux/targeted/active/modules/100/stratisd
2026-01-22 00:06:34.054 20	/var/lib/selinux/targeted/active/modules/100/stunnel
2026-01-22 00:06:34.055 20	/var/lib/selinux/targeted/active/modules/100/su
2026-01-22 00:06:34.057 20	/var/lib/selinux/targeted/active/modules/100/sudo
2026-01-22 00:06:34.058 20	/var/lib/selinux/targeted/active/modules/100/svnserve
2026-01-22 00:06:34.059 20	/var/lib/selinux/targeted/active/modules/100/swift
2026-01-22 00:06:34.060 100	/var/lib/selinux/targeted/active/modules/100/sysadm
2026-01-22 00:06:34.061 20	/var/lib/selinux/targeted/active/modules/100/sysadm_secadm
2026-01-22 00:06:34.062 28	/var/lib/selinux/targeted/active/modules/100/sysnetwork
2026-01-22 00:06:34.063 20	/var/lib/selinux/targeted/active/modules/100/sysstat
2026-01-22 00:06:34.064 48	/var/lib/selinux/targeted/active/modules/100/systemd
2026-01-22 00:06:34.065 20	/var/lib/selinux/targeted/active/modules/100/tangd
2026-01-22 00:06:34.066 20	/var/lib/selinux/targeted/active/modules/100/targetd
2026-01-22 00:06:34.067 20	/var/lib/selinux/targeted/active/modules/100/tcpd
2026-01-22 00:06:34.068 20	/var/lib/selinux/targeted/active/modules/100/tcsd
2026-01-22 00:06:34.069 28	/var/lib/selinux/targeted/active/modules/100/telepathy
2026-01-22 00:06:34.070 20	/var/lib/selinux/targeted/active/modules/100/telnet
2026-01-22 00:06:34.071 20	/var/lib/selinux/targeted/active/modules/100/tftp
2026-01-22 00:06:34.072 20	/var/lib/selinux/targeted/active/modules/100/tgtd
2026-01-22 00:06:34.073 20	/var/lib/selinux/targeted/active/modules/100/thin
2026-01-22 00:06:34.074 20	/var/lib/selinux/targeted/active/modules/100/thumb
2026-01-22 00:06:34.075 20	/var/lib/selinux/targeted/active/modules/100/timedatex
2026-01-22 00:06:34.076 20	/var/lib/selinux/targeted/active/modules/100/tlp
2026-01-22 00:06:34.077 20	/var/lib/selinux/targeted/active/modules/100/tmpreaper
2026-01-22 00:06:34.079 28	/var/lib/selinux/targeted/active/modules/100/tomcat
2026-01-22 00:06:34.080 20	/var/lib/selinux/targeted/active/modules/100/tor
2026-01-22 00:06:34.081 28	/var/lib/selinux/targeted/active/modules/100/tuned
2026-01-22 00:06:34.082 20	/var/lib/selinux/targeted/active/modules/100/tvtime
2026-01-22 00:06:34.083 36	/var/lib/selinux/targeted/active/modules/100/udev
2026-01-22 00:06:34.084 20	/var/lib/selinux/targeted/active/modules/100/ulogd
2026-01-22 00:06:34.085 20	/var/lib/selinux/targeted/active/modules/100/uml
2026-01-22 00:06:34.086 20	/var/lib/selinux/targeted/active/modules/100/unconfined
2026-01-22 00:06:34.087 40	/var/lib/selinux/targeted/active/modules/100/unconfineduser
2026-01-22 00:06:34.088 16	/var/lib/selinux/targeted/active/modules/100/unlabelednet
2026-01-22 00:06:34.089 60	/var/lib/selinux/targeted/active/modules/100/unprivuser
2026-01-22 00:06:34.090 20	/var/lib/selinux/targeted/active/modules/100/updfstab
2026-01-22 00:06:34.092 20	/var/lib/selinux/targeted/active/modules/100/usbmodules
2026-01-22 00:06:34.093 20	/var/lib/selinux/targeted/active/modules/100/usbmuxd
2026-01-22 00:06:34.094 32	/var/lib/selinux/targeted/active/modules/100/userdomain
2026-01-22 00:06:34.095 20	/var/lib/selinux/targeted/active/modules/100/userhelper
2026-01-22 00:06:34.096 36	/var/lib/selinux/targeted/active/modules/100/usermanage
2026-01-22 00:06:34.097 20	/var/lib/selinux/targeted/active/modules/100/usernetctl
2026-01-22 00:06:34.099 20	/var/lib/selinux/targeted/active/modules/100/uucp
2026-01-22 00:06:34.100 20	/var/lib/selinux/targeted/active/modules/100/uuidd
2026-01-22 00:06:34.101 20	/var/lib/selinux/targeted/active/modules/100/varnishd
2026-01-22 00:06:34.102 20	/var/lib/selinux/targeted/active/modules/100/vdagent
2026-01-22 00:06:34.103 20	/var/lib/selinux/targeted/active/modules/100/vhostmd
2026-01-22 00:06:34.104 64	/var/lib/selinux/targeted/active/modules/100/virt
2026-01-22 00:06:34.105 20	/var/lib/selinux/targeted/active/modules/100/vlock
2026-01-22 00:06:34.106 28	/var/lib/selinux/targeted/active/modules/100/vmtools
2026-01-22 00:06:34.107 28	/var/lib/selinux/targeted/active/modules/100/vmware
2026-01-22 00:06:34.108 20	/var/lib/selinux/targeted/active/modules/100/vnstatd
2026-01-22 00:06:34.109 20	/var/lib/selinux/targeted/active/modules/100/vpn
2026-01-22 00:06:34.111 20	/var/lib/selinux/targeted/active/modules/100/w3c
2026-01-22 00:06:34.112 28	/var/lib/selinux/targeted/active/modules/100/watchdog
2026-01-22 00:06:34.113 20	/var/lib/selinux/targeted/active/modules/100/wdmd
2026-01-22 00:06:34.114 28	/var/lib/selinux/targeted/active/modules/100/webadm
2026-01-22 00:06:34.115 20	/var/lib/selinux/targeted/active/modules/100/webalizer
2026-01-22 00:06:34.116 20	/var/lib/selinux/targeted/active/modules/100/wine
2026-01-22 00:06:34.117 20	/var/lib/selinux/targeted/active/modules/100/wireguard
2026-01-22 00:06:34.118 20	/var/lib/selinux/targeted/active/modules/100/wireshark
2026-01-22 00:06:34.119 28	/var/lib/selinux/targeted/active/modules/100/xen
2026-01-22 00:06:34.120 40	/var/lib/selinux/targeted/active/modules/100/xguest
2026-01-22 00:06:34.121 60	/var/lib/selinux/targeted/active/modules/100/xserver
2026-01-22 00:06:34.122 28	/var/lib/selinux/targeted/active/modules/100/zabbix
2026-01-22 00:06:34.124 20	/var/lib/selinux/targeted/active/modules/100/zarafa
2026-01-22 00:06:34.125 20	/var/lib/selinux/targeted/active/modules/100/zebra
2026-01-22 00:06:34.126 20	/var/lib/selinux/targeted/active/modules/100/zoneminder
2026-01-22 00:06:34.127 20	/var/lib/selinux/targeted/active/modules/100/zosremote
2026-01-22 00:06:34.128 10144	/var/lib/selinux/targeted/active/modules/100
2026-01-22 00:06:34.129 12	/var/lib/selinux/targeted/active/modules/200/ec2-instance-connect
2026-01-22 00:06:34.130 64	/var/lib/selinux/targeted/active/modules/200/container
2026-01-22 00:06:34.131 76	/var/lib/selinux/targeted/active/modules/200
2026-01-22 00:06:34.132 0	/var/lib/selinux/targeted/active/modules/disabled
2026-01-22 00:06:34.133 10220	/var/lib/selinux/targeted/active/modules
2026-01-22 00:06:34.135 17824	/var/lib/selinux/targeted/active
2026-01-22 00:06:34.136 17824	/var/lib/selinux/targeted
2026-01-22 00:06:34.137 0	/var/lib/selinux/final
2026-01-22 00:06:34.138 17824	/var/lib/selinux
2026-01-22 00:06:34.139 232	/var/lib/systemd/catalog
2026-01-22 00:06:34.140 0	/var/lib/systemd/coredump
2026-01-22 00:06:34.141 0	/var/lib/systemd/pstore
2026-01-22 00:06:34.142 0	/var/lib/systemd/timers
2026-01-22 00:06:34.143 0	/var/lib/systemd/home
2026-01-22 00:06:34.144 0	/var/lib/systemd/linger
2026-01-22 00:06:34.145 236	/var/lib/systemd
2026-01-22 00:06:34.146 0	/var/lib/portables
2026-01-22 00:06:34.147 0	/var/lib/private
2026-01-22 00:06:34.148 0	/var/lib/initramfs
2026-01-22 00:06:34.149 0	/var/lib/os-prober
2026-01-22 00:06:34.150 0	/var/lib/gssproxy/clients
2026-01-22 00:06:34.151 0	/var/lib/gssproxy/rcache
2026-01-22 00:06:34.153 0	/var/lib/gssproxy
2026-01-22 00:06:34.154 4	/var/lib/logrotate
2026-01-22 00:06:34.155 1256	/var/lib/sss/db
2026-01-22 00:06:34.156 0	/var/lib/sss/deskprofile
2026-01-22 00:06:34.157 0	/var/lib/sss/gpo_cache
2026-01-22 00:06:34.158 0	/var/lib/sss/mc
2026-01-22 00:06:34.159 0	/var/lib/sss/pipes/private
2026-01-22 00:06:34.160 0	/var/lib/sss/pipes
2026-01-22 00:06:34.161 0	/var/lib/sss/pubconf
2026-01-22 00:06:34.162 0	/var/lib/sss/secrets
2026-01-22 00:06:34.163 1256	/var/lib/sss
2026-01-22 00:06:34.164 4	/var/lib/chrony
2026-01-22 00:06:34.165 0	/var/lib/cloud
2026-01-22 00:06:34.167 0	/var/lib/kpatch
2026-01-22 00:06:34.168 0	/var/lib/nfs/rpc_pipefs
2026-01-22 00:06:34.169 0	/var/lib/nfs/statd/sm
2026-01-22 00:06:34.170 0	/var/lib/nfs/statd/sm.bak
2026-01-22 00:06:34.171 0	/var/lib/nfs/statd
2026-01-22 00:06:34.172 0	/var/lib/nfs/v4recovery
2026-01-22 00:06:34.173 0	/var/lib/nfs
2026-01-22 00:06:34.174 0	/var/lib/hibinit-agent
2026-01-22 00:06:34.175 0	/var/lib/xfsdump/inventory
2026-01-22 00:06:34.176 0	/var/lib/xfsdump
2026-01-22 00:06:34.177 0	/var/lib/amazon/ssm/ipc
2026-01-22 00:06:34.178 4	/var/lib/amazon/ssm/runtimeconfig
2026-01-22 00:06:34.179 4	/var/lib/amazon/ssm/Vault/Store
2026-01-22 00:06:34.180 8	/var/lib/amazon/ssm/Vault
2026-01-22 00:06:34.181 4	/var/lib/amazon/ssm/dynamicconfig
2026-01-22 00:06:34.182 0	/var/lib/amazon/ssm/localcommands/completed
2026-01-22 00:06:34.183 0	/var/lib/amazon/ssm/localcommands
2026-01-22 00:06:34.184 0	/var/lib/amazon/ssm/daemons
2026-01-22 00:06:34.185 0	/var/lib/amazon/ssm/i-04211d47fc32133ec/document/state/pending
2026-01-22 00:06:34.186 0	/var/lib/amazon/ssm/i-04211d47fc32133ec/document/state/current
2026-01-22 00:06:34.188 0	/var/lib/amazon/ssm/i-04211d47fc32133ec/document/state/completed
2026-01-22 00:06:34.189 0	/var/lib/amazon/ssm/i-04211d47fc32133ec/document/state/corrupt
2026-01-22 00:06:34.190 0	/var/lib/amazon/ssm/i-04211d47fc32133ec/document/state
2026-01-22 00:06:34.191 0	/var/lib/amazon/ssm/i-04211d47fc32133ec/document/orchestration/d89cea78-17ad-417b-b405-d789374dbf56/awsrunShellScript/CollectRunningKernel
2026-01-22 00:06:34.192 0	/var/lib/amazon/ssm/i-04211d47fc32133ec/document/orchestration/d89cea78-17ad-417b-b405-d789374dbf56/awsrunShellScript
2026-01-22 00:06:34.193 4	/var/lib/amazon/ssm/i-04211d47fc32133ec/document/orchestration/d89cea78-17ad-417b-b405-d789374dbf56/CollectRunningKernel
2026-01-22 00:06:34.194 4	/var/lib/amazon/ssm/i-04211d47fc32133ec/document/orchestration/d89cea78-17ad-417b-b405-d789374dbf56
2026-01-22 00:06:34.195 8	/var/lib/amazon/ssm/i-04211d47fc32133ec/document/orchestration/dc27f838-64de-4fe5-8ddc-61c5f2b05cfa/2025-12-04T17-07-57.169Z/awssoftwareInventory/collectSoftwareInventoryItems
2026-01-22 00:06:34.196 8	/var/lib/amazon/ssm/i-04211d47fc32133ec/document/orchestration/dc27f838-64de-4fe5-8ddc-61c5f2b05cfa/2025-12-04T17-07-57.169Z/awssoftwareInventory
2026-01-22 00:06:34.198 8	/var/lib/amazon/ssm/i-04211d47fc32133ec/document/orchestration/dc27f838-64de-4fe5-8ddc-61c5f2b05cfa/2025-12-04T17-07-57.169Z
2026-01-22 00:06:34.199 8	/var/lib/amazon/ssm/i-04211d47fc32133ec/document/orchestration/dc27f838-64de-4fe5-8ddc-61c5f2b05cfa
2026-01-22 00:06:34.200 12	/var/lib/amazon/ssm/i-04211d47fc32133ec/document/orchestration/01ef8244-a57b-48be-9c4c-deb4939b6ecd/awsrunShellScript/0.awsrunShellScript
2026-01-22 00:06:34.201 12	/var/lib/amazon/ssm/i-04211d47fc32133ec/document/orchestration/01ef8244-a57b-48be-9c4c-deb4939b6ecd/awsrunShellScript
2026-01-22 00:06:34.202 12	/var/lib/amazon/ssm/i-04211d47fc32133ec/document/orchestration/01ef8244-a57b-48be-9c4c-deb4939b6ecd
2026-01-22 00:06:34.203 20	/var/lib/amazon/ssm/i-04211d47fc32133ec/document/orchestration/033c19c1-0d59-409c-b25a-fe2dda45cc6a/awsrunShellScript/0.awsrunShellScript
2026-01-22 00:06:34.204 20	/var/lib/amazon/ssm/i-04211d47fc32133ec/document/orchestration/033c19c1-0d59-409c-b25a-fe2dda45cc6a/awsrunShellScript
2026-01-22 00:06:34.205 20	/var/lib/amazon/ssm/i-04211d47fc32133ec/document/orchestration/033c19c1-0d59-409c-b25a-fe2dda45cc6a
2026-01-22 00:06:34.206 0	/var/lib/amazon/ssm/i-04211d47fc32133ec/document/orchestration/6b64b251-67da-4590-bb67-b1de12c49db4/awsrefreshAssociation/refreshAssociation
2026-01-22 00:06:34.207 8	/var/lib/amazon/ssm/i-04211d47fc32133ec/document/orchestration/6b64b251-67da-4590-bb67-b1de12c49db4/awsrefreshAssociation
2026-01-22 00:06:34.209 8	/var/lib/amazon/ssm/i-04211d47fc32133ec/document/orchestration/6b64b251-67da-4590-bb67-b1de12c49db4
2026-01-22 00:06:34.210 8	/var/lib/amazon/ssm/i-04211d47fc32133ec/document/orchestration/616662fb-c3ff-43e2-a46a-5ffdae323a65/2025-12-04T17-17-21.211Z/awssoftwareInventory/collectSoftwareInventoryItems
2026-01-22 00:06:34.211 8	/var/lib/amazon/ssm/i-04211d47fc32133ec/document/orchestration/616662fb-c3ff-43e2-a46a-5ffdae323a65/2025-12-04T17-17-21.211Z/awssoftwareInventory
2026-01-22 00:06:34.212 8	/var/lib/amazon/ssm/i-04211d47fc32133ec/document/orchestration/616662fb-c3ff-43e2-a46a-5ffdae323a65/2025-12-04T17-17-21.211Z
2026-01-22 00:06:34.213 8	/var/lib/amazon/ssm/i-04211d47fc32133ec/document/orchestration/616662fb-c3ff-43e2-a46a-5ffdae323a65/2025-12-04T17-17-48.998Z/awssoftwareInventory/collectSoftwareInventoryItems
2026-01-22 00:06:34.214 8	/var/lib/amazon/ssm/i-04211d47fc32133ec/document/orchestration/616662fb-c3ff-43e2-a46a-5ffdae323a65/2025-12-04T17-17-48.998Z/awssoftwareInventory
2026-01-22 00:06:34.215 8	/var/lib/amazon/ssm/i-04211d47fc32133ec/document/orchestration/616662fb-c3ff-43e2-a46a-5ffdae323a65/2025-12-04T17-17-48.998Z
2026-01-22 00:06:34.216 16	/var/lib/amazon/ssm/i-04211d47fc32133ec/document/orchestration/616662fb-c3ff-43e2-a46a-5ffdae323a65
2026-01-22 00:06:34.217 28	/var/lib/amazon/ssm/i-04211d47fc32133ec/document/orchestration/2f29f763-02b6-4bea-a38b-c1104c73b5f0/awsrunShellScript/0.awsrunShellScript
2026-01-22 00:06:34.218 28	/var/lib/amazon/ssm/i-04211d47fc32133ec/document/orchestration/2f29f763-02b6-4bea-a38b-c1104c73b5f0/awsrunShellScript
2026-01-22 00:06:34.219 28	/var/lib/amazon/ssm/i-04211d47fc32133ec/document/orchestration/2f29f763-02b6-4bea-a38b-c1104c73b5f0
2026-01-22 00:06:34.221 112	/var/lib/amazon/ssm/i-04211d47fc32133ec/document/orchestration
2026-01-22 00:06:34.222 112	/var/lib/amazon/ssm/i-04211d47fc32133ec/document
2026-01-22 00:06:34.223 0	/var/lib/amazon/ssm/i-04211d47fc32133ec/longrunningplugins/datastore
2026-01-22 00:06:34.224 0	/var/lib/amazon/ssm/i-04211d47fc32133ec/longrunningplugins/healthcheck
2026-01-22 00:06:34.225 0	/var/lib/amazon/ssm/i-04211d47fc32133ec/longrunningplugins
2026-01-22 00:06:34.226 0	/var/lib/amazon/ssm/i-04211d47fc32133ec/replies
2026-01-22 00:06:34.227 0	/var/lib/amazon/ssm/i-04211d47fc32133ec/replies_mgs
2026-01-22 00:06:34.228 4	/var/lib/amazon/ssm/i-04211d47fc32133ec/inventory/custom
2026-01-22 00:06:34.229 0	/var/lib/amazon/ssm/i-04211d47fc32133ec/inventory/file
2026-01-22 00:06:34.230 0	/var/lib/amazon/ssm/i-04211d47fc32133ec/inventory/role
2026-01-22 00:06:34.231 8	/var/lib/amazon/ssm/i-04211d47fc32133ec/inventory
2026-01-22 00:06:34.232 0	/var/lib/amazon/ssm/i-04211d47fc32133ec/idempotency/SendCommand/d89cea78-17ad-417b-b405-d789374dbf56
2026-01-22 00:06:34.233 0	/var/lib/amazon/ssm/i-04211d47fc32133ec/idempotency/SendCommand/01ef8244-a57b-48be-9c4c-deb4939b6ecd
2026-01-22 00:06:34.235 0	/var/lib/amazon/ssm/i-04211d47fc32133ec/idempotency/SendCommand/033c19c1-0d59-409c-b25a-fe2dda45cc6a
2026-01-22 00:06:34.236 0	/var/lib/amazon/ssm/i-04211d47fc32133ec/idempotency/SendCommand/6b64b251-67da-4590-bb67-b1de12c49db4
2026-01-22 00:06:34.237 0	/var/lib/amazon/ssm/i-04211d47fc32133ec/idempotency/SendCommand/2f29f763-02b6-4bea-a38b-c1104c73b5f0
2026-01-22 00:06:34.238 16	/var/lib/amazon/ssm/i-04211d47fc32133ec/idempotency/SendCommand
2026-01-22 00:06:34.239 16	/var/lib/amazon/ssm/i-04211d47fc32133ec/idempotency
2026-01-22 00:06:34.240 0	/var/lib/amazon/ssm/i-04211d47fc32133ec/channels
2026-01-22 00:06:34.241 136	/var/lib/amazon/ssm/i-04211d47fc32133ec
2026-01-22 00:06:34.242 152	/var/lib/amazon/ssm
2026-01-22 00:06:34.243 152	/var/lib/amazon
2026-01-22 00:06:34.244 0	/var/lib/update-motd
2026-01-22 00:06:34.245 36352	/var/lib/rpm
2026-01-22 00:06:34.246 0	/var/lib/polkit-1/localauthority/10-vendor.d
2026-01-22 00:06:34.248 0	/var/lib/polkit-1/localauthority/20-org.d
2026-01-22 00:06:34.249 0	/var/lib/polkit-1/localauthority/30-site.d
2026-01-22 00:06:34.250 0	/var/lib/polkit-1/localauthority/50-local.d
2026-01-22 00:06:34.251 0	/var/lib/polkit-1/localauthority/90-mandatory.d
2026-01-22 00:06:34.252 0	/var/lib/polkit-1/localauthority
2026-01-22 00:06:34.253 0	/var/lib/polkit-1
2026-01-22 00:06:34.254 0	/var/lib/geoclue
2026-01-22 00:06:34.255 2328	/var/lib/texmf/web2c/luatex
2026-01-22 00:06:34.256 2340	/var/lib/texmf/web2c
2026-01-22 00:06:34.257 112	/var/lib/texmf/fonts/map/dvips/updmap
2026-01-22 00:06:34.258 112	/var/lib/texmf/fonts/map/dvips
2026-01-22 00:06:34.259 44	/var/lib/texmf/fonts/map/pdftex/updmap
2026-01-22 00:06:34.260 44	/var/lib/texmf/fonts/map/pdftex
2026-01-22 00:06:34.261 4	/var/lib/texmf/fonts/map/dvipdfmx/updmap
2026-01-22 00:06:34.262 4	/var/lib/texmf/fonts/map/dvipdfmx
2026-01-22 00:06:34.263 160	/var/lib/texmf/fonts/map
2026-01-22 00:06:34.264 160	/var/lib/texmf/fonts
2026-01-22 00:06:34.265 2504	/var/lib/texmf
2026-01-22 00:06:34.266 0	/var/lib/bigtop
2026-01-22 00:06:34.267 0	/var/lib/zookeeper
2026-01-22 00:06:34.268 0	/var/lib/trocla
2026-01-22 00:06:34.269 0	/var/lib/aws/emr/step-runner/hadoop-jars
2026-01-22 00:06:34.270 0	/var/lib/aws/emr/step-runner
2026-01-22 00:06:34.271 4	/var/lib/aws/emr
2026-01-22 00:06:34.272 4	/var/lib/aws
2026-01-22 00:06:34.273 0	/var/lib/dnsmasq
2026-01-22 00:06:34.274 0	/var/lib/provision-node
2026-01-22 00:06:34.275 0	/var/lib/containerd
2026-01-22 00:06:34.277 0	/var/lib/hadoop-yarn/cache
2026-01-22 00:06:34.278 0	/var/lib/hadoop-yarn
2026-01-22 00:06:34.279 0	/var/lib/hadoop-mapreduce/cache
2026-01-22 00:06:34.280 0	/var/lib/hadoop-mapreduce
2026-01-22 00:06:34.281 0	/var/lib/hadoop-hdfs/cache
2026-01-22 00:06:34.282 0	/var/lib/hadoop-hdfs
2026-01-22 00:06:34.283 0	/var/lib/hadoop-httpfs
2026-01-22 00:06:34.284 0	/var/lib/docker
2026-01-22 00:06:34.285 0	/var/lib/hadoop-kms/cache
2026-01-22 00:06:34.286 0	/var/lib/hadoop-kms
2026-01-22 00:06:34.287 0	/var/lib/upower
2026-01-22 00:06:34.288 0	/var/lib/setup-devices
2026-01-22 00:06:34.289 62752	/var/lib
2026-01-22 00:06:34.290 62752	total
2026-01-22 00:06:34.291 + lsof
2026-01-22 00:06:34.292 + awk '{print $9}'
2026-01-22 00:06:34.293 + grep '^/var/lib'
2026-01-22 00:06:34.294 + true
2026-01-22 00:06:34.295 + mkdir -p /mnt/var/lib
2026-01-22 00:06:34.296 + mv /var/lib /var/lib.old
2026-01-22 00:06:34.297 + ln -nsf /mnt/var/lib -T /var/lib
2026-01-22 00:06:34.299 + rsync -a /var/lib.old/ /mnt/var/lib
2026-01-22 00:06:35.940 + rm -Rf /var/lib.old
2026-01-22 00:06:35.979 + echo 'Moved directory to ephemeral: /var/lib'
2026-01-22 00:06:35.980 Moved directory to ephemeral: /var/lib
2026-01-22 00:06:35.982 + restart_proc_that_can_have_open_files_in_var_lib_dir
2026-01-22 00:06:35.983 + restart_proc_if_running dhclient 'service network restart'
2026-01-22 00:06:35.984 + pgrep -x dhclient
2026-01-22 00:06:35.986 + echo 'Not restarting dhclient as it isn'\''t running.'
2026-01-22 00:06:35.987 Not restarting dhclient as it isn't running.
2026-01-22 00:06:35.988 + print_deleted_files_in_old_dir /var/lib
2026-01-22 00:06:35.989 + echo 'Dumping remaining open deleted files in old /var/lib directory:'
2026-01-22 00:06:35.990 Dumping remaining open deleted files in old /var/lib directory:
2026-01-22 00:06:35.991 + lsof_deleted_files_in_old_dir /var/lib
2026-01-22 00:06:35.992 + lsof
2026-01-22 00:06:35.993 + grep '(deleted)'
2026-01-22 00:06:35.994 + grep /var/lib.old
2026-01-22 00:06:36.111 + true
2026-01-22 00:06:36.112 + echo 'Dump complete, any output indicates potential lost file.'
2026-01-22 00:06:36.113 Dump complete, any output indicates potential lost file.
2026-01-22 00:06:36.114 
2026-01-22 00:06:36.115 real	0m2.692s
2026-01-22 00:06:36.116 user	0m0.200s
2026-01-22 00:06:36.117 sys	0m0.265s
