2026-01-22 00:06:36.246 + setup_var_cache_dir
2026-01-22 00:06:36.248 + move_to_ephemeral /var/cache
2026-01-22 00:06:36.249 + echo 'Moving directory to ephemeral: /var/cache'
2026-01-22 00:06:36.250 Moving directory to ephemeral: /var/cache
2026-01-22 00:06:36.251 + ls -l /var/cache
2026-01-22 00:06:36.252 total 32
2026-01-22 00:06:36.253 drwxr-xr-x.  2 root root     6 Jan 30  2023 bpf
2026-01-22 00:06:36.254 drwxr-xr-x.  8 root root 16384 Dec  4 17:16 dnf
2026-01-22 00:06:36.255 drwxr-xr-x.  2 root root     6 Oct 17 22:54 krb5rcache
2026-01-22 00:06:36.256 drwx------.  2 root root    23 Jan 22 00:06 ldconfig
2026-01-22 00:06:36.257 drwxr-xr-x.  3 root root    21 Dec  4 17:11 libX11
2026-01-22 00:06:36.258 drwxr-xr-x. 35 root root 16384 Dec  4 17:16 man
2026-01-22 00:06:36.260 drwx------.  2 root root     6 Nov 17 07:08 private
2026-01-22 00:06:36.261 + du -c /var/cache
2026-01-22 00:06:36.262 0	/var/cache/bpf
2026-01-22 00:06:36.263 36	/var/cache/ldconfig
2026-01-22 00:06:36.265 0	/var/cache/private
2026-01-22 00:06:36.266 0	/var/cache/krb5rcache
2026-01-22 00:06:36.267 0	/var/cache/dnf/amazonlinux-5ca606579ad66bce/packages
2026-01-22 00:06:36.268 0	/var/cache/dnf/amazonlinux-5ca606579ad66bce/repodata
2026-01-22 00:06:36.269 0	/var/cache/dnf/amazonlinux-5ca606579ad66bce
2026-01-22 00:06:36.270 0	/var/cache/dnf/kernel-livepatch-4ae3c03a06a2e235/repodata
2026-01-22 00:06:36.271 0	/var/cache/dnf/kernel-livepatch-4ae3c03a06a2e235
2026-01-22 00:06:36.273 0	/var/cache/dnf/emr-kamino-platform-repo-d3d9443dfb58a0b1/repodata
2026-01-22 00:06:36.274 0	/var/cache/dnf/emr-kamino-platform-repo-d3d9443dfb58a0b1
2026-01-22 00:06:36.275 0	/var/cache/dnf/emr-apps-repo-2d8a0c0bbdeef6d1/packages
2026-01-22 00:06:36.276 0	/var/cache/dnf/emr-apps-repo-2d8a0c0bbdeef6d1/repodata
2026-01-22 00:06:36.277 0	/var/cache/dnf/emr-apps-repo-2d8a0c0bbdeef6d1
2026-01-22 00:06:36.278 0	/var/cache/dnf/emr-platform-repo-661733d16c87f474/packages
2026-01-22 00:06:36.279 0	/var/cache/dnf/emr-platform-repo-661733d16c87f474/repodata
2026-01-22 00:06:36.280 0	/var/cache/dnf/emr-platform-repo-661733d16c87f474
2026-01-22 00:06:36.281 0	/var/cache/dnf/emr-kamino-apps-repo-7b0ef0eb644d38a7/repodata
2026-01-22 00:06:36.282 0	/var/cache/dnf/emr-kamino-apps-repo-7b0ef0eb644d38a7
2026-01-22 00:06:36.283 3536	/var/cache/dnf
2026-01-22 00:06:36.284 0	/var/cache/man/cat1
2026-01-22 00:06:36.285 0	/var/cache/man/cat2
2026-01-22 00:06:36.287 0	/var/cache/man/cat3
2026-01-22 00:06:36.288 0	/var/cache/man/cat4
2026-01-22 00:06:36.289 0	/var/cache/man/cat5
2026-01-22 00:06:36.290 0	/var/cache/man/cat6
2026-01-22 00:06:36.291 0	/var/cache/man/cat7
2026-01-22 00:06:36.292 0	/var/cache/man/cat8
2026-01-22 00:06:36.293 0	/var/cache/man/ru/cat1
2026-01-22 00:06:36.294 0	/var/cache/man/ru/cat3
2026-01-22 00:06:36.295 0	/var/cache/man/ru/cat5
2026-01-22 00:06:36.296 0	/var/cache/man/ru/cat8
2026-01-22 00:06:36.297 40	/var/cache/man/ru
2026-01-22 00:06:36.298 0	/var/cache/man/cs/cat1
2026-01-22 00:06:36.299 0	/var/cache/man/cs/cat3
2026-01-22 00:06:36.300 0	/var/cache/man/cs/cat5
2026-01-22 00:06:36.301 0	/var/cache/man/cs/cat7
2026-01-22 00:06:36.302 0	/var/cache/man/cs/cat8
2026-01-22 00:06:36.303 20	/var/cache/man/cs
2026-01-22 00:06:36.304 0	/var/cache/man/da/cat1
2026-01-22 00:06:36.305 0	/var/cache/man/da/cat5
2026-01-22 00:06:36.306 0	/var/cache/man/da/cat8
2026-01-22 00:06:36.307 20	/var/cache/man/da
2026-01-22 00:06:36.308 0	/var/cache/man/de/cat1
2026-01-22 00:06:36.309 0	/var/cache/man/de/cat3
2026-01-22 00:06:36.310 0	/var/cache/man/de/cat5
2026-01-22 00:06:36.311 0	/var/cache/man/de/cat8
2026-01-22 00:06:36.312 24	/var/cache/man/de
2026-01-22 00:06:36.313 0	/var/cache/man/fr/cat1
2026-01-22 00:06:36.314 0	/var/cache/man/fr/cat3
2026-01-22 00:06:36.315 0	/var/cache/man/fr/cat5
2026-01-22 00:06:36.317 0	/var/cache/man/fr/cat8
2026-01-22 00:06:36.318 24	/var/cache/man/fr
2026-01-22 00:06:36.319 0	/var/cache/man/hu/cat1
2026-01-22 00:06:36.320 0	/var/cache/man/hu/cat8
2026-01-22 00:06:36.321 20	/var/cache/man/hu
2026-01-22 00:06:36.322 0	/var/cache/man/id/cat1
2026-01-22 00:06:36.323 0	/var/cache/man/id/cat5
2026-01-22 00:06:36.324 0	/var/cache/man/id/cat8
2026-01-22 00:06:36.325 20	/var/cache/man/id
2026-01-22 00:06:36.326 0	/var/cache/man/it/cat1
2026-01-22 00:06:36.327 0	/var/cache/man/it/cat3
2026-01-22 00:06:36.328 0	/var/cache/man/it/cat5
2026-01-22 00:06:36.329 0	/var/cache/man/it/cat8
2026-01-22 00:06:36.330 20	/var/cache/man/it
2026-01-22 00:06:36.331 0	/var/cache/man/ja/cat1
2026-01-22 00:06:36.332 0	/var/cache/man/ja/cat5
2026-01-22 00:06:36.333 0	/var/cache/man/ja/cat8
2026-01-22 00:06:36.334 24	/var/cache/man/ja
2026-01-22 00:06:36.335 0	/var/cache/man/ko/cat8
2026-01-22 00:06:36.336 20	/var/cache/man/ko
2026-01-22 00:06:36.337 0	/var/cache/man/pl/cat1
2026-01-22 00:06:36.338 0	/var/cache/man/pl/cat3
2026-01-22 00:06:36.339 0	/var/cache/man/pl/cat5
2026-01-22 00:06:36.340 0	/var/cache/man/pl/cat8
2026-01-22 00:06:36.341 20	/var/cache/man/pl
2026-01-22 00:06:36.342 0	/var/cache/man/pt_BR/cat1
2026-01-22 00:06:36.343 0	/var/cache/man/pt_BR/cat5
2026-01-22 00:06:36.344 0	/var/cache/man/pt_BR/cat8
2026-01-22 00:06:36.345 20	/var/cache/man/pt_BR
2026-01-22 00:06:36.346 0	/var/cache/man/sv/cat1
2026-01-22 00:06:36.347 0	/var/cache/man/sv/cat3
2026-01-22 00:06:36.348 0	/var/cache/man/sv/cat5
2026-01-22 00:06:36.349 0	/var/cache/man/sv/cat8
2026-01-22 00:06:36.350 20	/var/cache/man/sv
2026-01-22 00:06:36.351 0	/var/cache/man/tr/cat1
2026-01-22 00:06:36.352 0	/var/cache/man/tr/cat5
2026-01-22 00:06:36.353 0	/var/cache/man/tr/cat8
2026-01-22 00:06:36.354 20	/var/cache/man/tr
2026-01-22 00:06:36.355 0	/var/cache/man/zh_CN/cat1
2026-01-22 00:06:36.356 0	/var/cache/man/zh_CN/cat3
2026-01-22 00:06:36.357 0	/var/cache/man/zh_CN/cat5
2026-01-22 00:06:36.358 0	/var/cache/man/zh_CN/cat8
2026-01-22 00:06:36.359 20	/var/cache/man/zh_CN
2026-01-22 00:06:36.360 0	/var/cache/man/zh_TW/cat1
2026-01-22 00:06:36.361 0	/var/cache/man/zh_TW/cat8
2026-01-22 00:06:36.362 20	/var/cache/man/zh_TW
2026-01-22 00:06:36.363 0	/var/cache/man/uk/cat1
2026-01-22 00:06:36.364 0	/var/cache/man/uk/cat5
2026-01-22 00:06:36.365 0	/var/cache/man/uk/cat8
2026-01-22 00:06:36.366 20	/var/cache/man/uk
2026-01-22 00:06:36.367 0	/var/cache/man/sk/cat8
2026-01-22 00:06:36.368 20	/var/cache/man/sk
2026-01-22 00:06:36.369 0	/var/cache/man/ca/cat5
2026-01-22 00:06:36.370 20	/var/cache/man/ca
2026-01-22 00:06:36.371 0	/var/cache/man/pt/cat1
2026-01-22 00:06:36.372 0	/var/cache/man/pt/cat5
2026-01-22 00:06:36.373 0	/var/cache/man/pt/cat8
2026-01-22 00:06:36.374 20	/var/cache/man/pt
2026-01-22 00:06:36.375 0	/var/cache/man/es/cat1
2026-01-22 00:06:36.376 0	/var/cache/man/es/cat5
2026-01-22 00:06:36.377 0	/var/cache/man/es/cat8
2026-01-22 00:06:36.378 20	/var/cache/man/es
2026-01-22 00:06:36.379 0	/var/cache/man/nl/cat1
2026-01-22 00:06:36.380 0	/var/cache/man/nl/cat5
2026-01-22 00:06:36.381 0	/var/cache/man/nl/cat8
2026-01-22 00:06:36.382 20	/var/cache/man/nl
2026-01-22 00:06:36.383 0	/var/cache/man/sr/cat1
2026-01-22 00:06:36.384 0	/var/cache/man/sr/cat5
2026-01-22 00:06:36.385 0	/var/cache/man/sr/cat8
2026-01-22 00:06:36.386 20	/var/cache/man/sr
2026-01-22 00:06:36.387 0	/var/cache/man/local/cat1
2026-01-22 00:06:36.389 0	/var/cache/man/local/cat2
2026-01-22 00:06:36.390 0	/var/cache/man/local/cat3
2026-01-22 00:06:36.391 0	/var/cache/man/local/cat4
2026-01-22 00:06:36.392 0	/var/cache/man/local/cat5
2026-01-22 00:06:36.393 0	/var/cache/man/local/cat6
2026-01-22 00:06:36.394 0	/var/cache/man/local/cat7
2026-01-22 00:06:36.395 0	/var/cache/man/local/cat8
2026-01-22 00:06:36.397 0	/var/cache/man/local/cat9
2026-01-22 00:06:36.398 20	/var/cache/man/local
2026-01-22 00:06:36.399 0	/var/cache/man/oldlocal/cat1
2026-01-22 00:06:36.401 20	/var/cache/man/oldlocal
2026-01-22 00:06:36.402 2792	/var/cache/man
2026-01-22 00:06:36.403 0	/var/cache/libX11/compose
2026-01-22 00:06:36.404 0	/var/cache/libX11
2026-01-22 00:06:36.405 6364	/var/cache
2026-01-22 00:06:36.406 6364	total
2026-01-22 00:06:36.407 + lsof
2026-01-22 00:06:36.408 + awk '{print $9}'
2026-01-22 00:06:36.409 + grep '^/var/cache'
2026-01-22 00:06:36.430 + true
2026-01-22 00:06:36.431 + mkdir -p /mnt/var/cache
2026-01-22 00:06:36.432 + mv /var/cache /var/cache.old
2026-01-22 00:06:36.433 + ln -nsf /mnt/var/cache -T /var/cache
2026-01-22 00:06:36.435 + rsync -a /var/cache.old/ /mnt/var/cache
2026-01-22 00:06:36.761 + rm -Rf /var/cache.old
2026-01-22 00:06:36.765 + echo 'Moved directory to ephemeral: /var/cache'
2026-01-22 00:06:36.766 Moved directory to ephemeral: /var/cache
2026-01-22 00:06:36.768 
2026-01-22 00:06:36.769 real	0m0.520s
2026-01-22 00:06:36.770 user	0m0.070s
2026-01-22 00:06:36.771 sys	0m0.047s
