2026-01-22 00:54:34.548 + setup_var_cache_dir
2026-01-22 00:54:34.549 + move_to_ephemeral /var/cache
2026-01-22 00:54:34.551 + echo 'Moving directory to ephemeral: /var/cache'
2026-01-22 00:54:34.552 Moving directory to ephemeral: /var/cache
2026-01-22 00:54:34.553 + ls -l /var/cache
2026-01-22 00:54:34.554 total 32
2026-01-22 00:54:34.555 drwxr-xr-x.  2 root root     6 Jan 30  2023 bpf
2026-01-22 00:54:34.556 drwxr-xr-x.  8 root root 16384 Dec  4 17:16 dnf
2026-01-22 00:54:34.557 drwxr-xr-x.  2 root root     6 Oct 17 22:54 krb5rcache
2026-01-22 00:54:34.558 drwx------.  2 root root    23 Jan 22 00:54 ldconfig
2026-01-22 00:54:34.559 drwxr-xr-x.  3 root root    21 Dec  4 17:11 libX11
2026-01-22 00:54:34.560 drwxr-xr-x. 35 root root 16384 Dec  4 17:16 man
2026-01-22 00:54:34.561 drwx------.  2 root root     6 Nov 17 07:08 private
2026-01-22 00:54:34.563 + du -c /var/cache
2026-01-22 00:54:34.564 0	/var/cache/bpf
2026-01-22 00:54:34.566 36	/var/cache/ldconfig
2026-01-22 00:54:34.567 0	/var/cache/private
2026-01-22 00:54:34.568 0	/var/cache/krb5rcache
2026-01-22 00:54:34.569 0	/var/cache/dnf/amazonlinux-5ca606579ad66bce/packages
2026-01-22 00:54:34.570 0	/var/cache/dnf/amazonlinux-5ca606579ad66bce/repodata
2026-01-22 00:54:34.571 0	/var/cache/dnf/amazonlinux-5ca606579ad66bce
2026-01-22 00:54:34.572 0	/var/cache/dnf/kernel-livepatch-4ae3c03a06a2e235/repodata
2026-01-22 00:54:34.573 0	/var/cache/dnf/kernel-livepatch-4ae3c03a06a2e235
2026-01-22 00:54:34.574 0	/var/cache/dnf/emr-kamino-platform-repo-d3d9443dfb58a0b1/repodata
2026-01-22 00:54:34.575 0	/var/cache/dnf/emr-kamino-platform-repo-d3d9443dfb58a0b1
2026-01-22 00:54:34.577 0	/var/cache/dnf/emr-apps-repo-2d8a0c0bbdeef6d1/packages
2026-01-22 00:54:34.578 0	/var/cache/dnf/emr-apps-repo-2d8a0c0bbdeef6d1/repodata
2026-01-22 00:54:34.579 0	/var/cache/dnf/emr-apps-repo-2d8a0c0bbdeef6d1
2026-01-22 00:54:34.580 0	/var/cache/dnf/emr-platform-repo-661733d16c87f474/packages
2026-01-22 00:54:34.581 0	/var/cache/dnf/emr-platform-repo-661733d16c87f474/repodata
2026-01-22 00:54:34.582 0	/var/cache/dnf/emr-platform-repo-661733d16c87f474
2026-01-22 00:54:34.583 0	/var/cache/dnf/emr-kamino-apps-repo-7b0ef0eb644d38a7/repodata
2026-01-22 00:54:34.584 0	/var/cache/dnf/emr-kamino-apps-repo-7b0ef0eb644d38a7
2026-01-22 00:54:34.585 3536	/var/cache/dnf
2026-01-22 00:54:34.587 0	/var/cache/man/cat1
2026-01-22 00:54:34.588 0	/var/cache/man/cat2
2026-01-22 00:54:34.589 0	/var/cache/man/cat3
2026-01-22 00:54:34.590 0	/var/cache/man/cat4
2026-01-22 00:54:34.591 0	/var/cache/man/cat5
2026-01-22 00:54:34.592 0	/var/cache/man/cat6
2026-01-22 00:54:34.593 0	/var/cache/man/cat7
2026-01-22 00:54:34.594 0	/var/cache/man/cat8
2026-01-22 00:54:34.595 0	/var/cache/man/ru/cat1
2026-01-22 00:54:34.596 0	/var/cache/man/ru/cat3
2026-01-22 00:54:34.597 0	/var/cache/man/ru/cat5
2026-01-22 00:54:34.598 0	/var/cache/man/ru/cat8
2026-01-22 00:54:34.599 40	/var/cache/man/ru
2026-01-22 00:54:34.600 0	/var/cache/man/cs/cat1
2026-01-22 00:54:34.601 0	/var/cache/man/cs/cat3
2026-01-22 00:54:34.603 0	/var/cache/man/cs/cat5
2026-01-22 00:54:34.604 0	/var/cache/man/cs/cat7
2026-01-22 00:54:34.605 0	/var/cache/man/cs/cat8
2026-01-22 00:54:34.606 20	/var/cache/man/cs
2026-01-22 00:54:34.607 0	/var/cache/man/da/cat1
2026-01-22 00:54:34.608 0	/var/cache/man/da/cat5
2026-01-22 00:54:34.609 0	/var/cache/man/da/cat8
2026-01-22 00:54:34.610 20	/var/cache/man/da
2026-01-22 00:54:34.611 0	/var/cache/man/de/cat1
2026-01-22 00:54:34.612 0	/var/cache/man/de/cat3
2026-01-22 00:54:34.613 0	/var/cache/man/de/cat5
2026-01-22 00:54:34.614 0	/var/cache/man/de/cat8
2026-01-22 00:54:34.615 24	/var/cache/man/de
2026-01-22 00:54:34.616 0	/var/cache/man/fr/cat1
2026-01-22 00:54:34.617 0	/var/cache/man/fr/cat3
2026-01-22 00:54:34.618 0	/var/cache/man/fr/cat5
2026-01-22 00:54:34.619 0	/var/cache/man/fr/cat8
2026-01-22 00:54:34.620 24	/var/cache/man/fr
2026-01-22 00:54:34.621 0	/var/cache/man/hu/cat1
2026-01-22 00:54:34.622 0	/var/cache/man/hu/cat8
2026-01-22 00:54:34.623 20	/var/cache/man/hu
2026-01-22 00:54:34.624 0	/var/cache/man/id/cat1
2026-01-22 00:54:34.625 0	/var/cache/man/id/cat5
2026-01-22 00:54:34.626 0	/var/cache/man/id/cat8
2026-01-22 00:54:34.627 20	/var/cache/man/id
2026-01-22 00:54:34.628 0	/var/cache/man/it/cat1
2026-01-22 00:54:34.629 0	/var/cache/man/it/cat3
2026-01-22 00:54:34.630 0	/var/cache/man/it/cat5
2026-01-22 00:54:34.631 0	/var/cache/man/it/cat8
2026-01-22 00:54:34.632 20	/var/cache/man/it
2026-01-22 00:54:34.633 0	/var/cache/man/ja/cat1
2026-01-22 00:54:34.634 0	/var/cache/man/ja/cat5
2026-01-22 00:54:34.635 0	/var/cache/man/ja/cat8
2026-01-22 00:54:34.636 24	/var/cache/man/ja
2026-01-22 00:54:34.637 0	/var/cache/man/ko/cat8
2026-01-22 00:54:34.638 20	/var/cache/man/ko
2026-01-22 00:54:34.639 0	/var/cache/man/pl/cat1
2026-01-22 00:54:34.640 0	/var/cache/man/pl/cat3
2026-01-22 00:54:34.641 0	/var/cache/man/pl/cat5
2026-01-22 00:54:34.642 0	/var/cache/man/pl/cat8
2026-01-22 00:54:34.643 20	/var/cache/man/pl
2026-01-22 00:54:34.644 0	/var/cache/man/pt_BR/cat1
2026-01-22 00:54:34.646 0	/var/cache/man/pt_BR/cat5
2026-01-22 00:54:34.647 0	/var/cache/man/pt_BR/cat8
2026-01-22 00:54:34.648 20	/var/cache/man/pt_BR
2026-01-22 00:54:34.649 0	/var/cache/man/sv/cat1
2026-01-22 00:54:34.650 0	/var/cache/man/sv/cat3
2026-01-22 00:54:34.651 0	/var/cache/man/sv/cat5
2026-01-22 00:54:34.652 0	/var/cache/man/sv/cat8
2026-01-22 00:54:34.653 20	/var/cache/man/sv
2026-01-22 00:54:34.654 0	/var/cache/man/tr/cat1
2026-01-22 00:54:34.655 0	/var/cache/man/tr/cat5
2026-01-22 00:54:34.656 0	/var/cache/man/tr/cat8
2026-01-22 00:54:34.657 20	/var/cache/man/tr
2026-01-22 00:54:34.658 0	/var/cache/man/zh_CN/cat1
2026-01-22 00:54:34.659 0	/var/cache/man/zh_CN/cat3
2026-01-22 00:54:34.660 0	/var/cache/man/zh_CN/cat5
2026-01-22 00:54:34.661 0	/var/cache/man/zh_CN/cat8
2026-01-22 00:54:34.663 20	/var/cache/man/zh_CN
2026-01-22 00:54:34.664 0	/var/cache/man/zh_TW/cat1
2026-01-22 00:54:34.665 0	/var/cache/man/zh_TW/cat8
2026-01-22 00:54:34.666 20	/var/cache/man/zh_TW
2026-01-22 00:54:34.667 0	/var/cache/man/uk/cat1
2026-01-22 00:54:34.668 0	/var/cache/man/uk/cat5
2026-01-22 00:54:34.669 0	/var/cache/man/uk/cat8
2026-01-22 00:54:34.670 20	/var/cache/man/uk
2026-01-22 00:54:34.671 0	/var/cache/man/sk/cat8
2026-01-22 00:54:34.672 20	/var/cache/man/sk
2026-01-22 00:54:34.673 0	/var/cache/man/ca/cat5
2026-01-22 00:54:34.674 20	/var/cache/man/ca
2026-01-22 00:54:34.675 0	/var/cache/man/pt/cat1
2026-01-22 00:54:34.677 0	/var/cache/man/pt/cat5
2026-01-22 00:54:34.678 0	/var/cache/man/pt/cat8
2026-01-22 00:54:34.679 20	/var/cache/man/pt
2026-01-22 00:54:34.680 0	/var/cache/man/es/cat1
2026-01-22 00:54:34.681 0	/var/cache/man/es/cat5
2026-01-22 00:54:34.682 0	/var/cache/man/es/cat8
2026-01-22 00:54:34.683 20	/var/cache/man/es
2026-01-22 00:54:34.684 0	/var/cache/man/nl/cat1
2026-01-22 00:54:34.686 0	/var/cache/man/nl/cat5
2026-01-22 00:54:34.687 0	/var/cache/man/nl/cat8
2026-01-22 00:54:34.688 20	/var/cache/man/nl
2026-01-22 00:54:34.689 0	/var/cache/man/sr/cat1
2026-01-22 00:54:34.691 0	/var/cache/man/sr/cat5
2026-01-22 00:54:34.692 0	/var/cache/man/sr/cat8
2026-01-22 00:54:34.693 20	/var/cache/man/sr
2026-01-22 00:54:34.694 0	/var/cache/man/local/cat1
2026-01-22 00:54:34.695 0	/var/cache/man/local/cat2
2026-01-22 00:54:34.696 0	/var/cache/man/local/cat3
2026-01-22 00:54:34.697 0	/var/cache/man/local/cat4
2026-01-22 00:54:34.698 0	/var/cache/man/local/cat5
2026-01-22 00:54:34.699 0	/var/cache/man/local/cat6
2026-01-22 00:54:34.700 0	/var/cache/man/local/cat7
2026-01-22 00:54:34.702 0	/var/cache/man/local/cat8
2026-01-22 00:54:34.703 0	/var/cache/man/local/cat9
2026-01-22 00:54:34.704 20	/var/cache/man/local
2026-01-22 00:54:34.705 0	/var/cache/man/oldlocal/cat1
2026-01-22 00:54:34.706 20	/var/cache/man/oldlocal
2026-01-22 00:54:34.707 2792	/var/cache/man
2026-01-22 00:54:34.708 0	/var/cache/libX11/compose
2026-01-22 00:54:34.709 0	/var/cache/libX11
2026-01-22 00:54:34.710 6364	/var/cache
2026-01-22 00:54:34.711 6364	total
2026-01-22 00:54:34.712 + lsof
2026-01-22 00:54:34.714 + awk '{print $9}'
2026-01-22 00:54:34.715 + grep '^/var/cache'
2026-01-22 00:54:34.716 + true
2026-01-22 00:54:34.717 + mkdir -p /mnt/var/cache
2026-01-22 00:54:34.718 + mv /var/cache /var/cache.old
2026-01-22 00:54:34.719 + ln -nsf /mnt/var/cache -T /var/cache
2026-01-22 00:54:34.720 + rsync -a /var/cache.old/ /mnt/var/cache
2026-01-22 00:54:34.919 + rm -Rf /var/cache.old
2026-01-22 00:54:34.924 + echo 'Moved directory to ephemeral: /var/cache'
2026-01-22 00:54:34.925 Moved directory to ephemeral: /var/cache
2026-01-22 00:54:34.926 
2026-01-22 00:54:34.927 real	0m0.376s
2026-01-22 00:54:34.928 user	0m0.085s
2026-01-22 00:54:34.929 sys	0m0.035s
