2026-01-22 00:54:31.639 + setup_var_log_dir
2026-01-22 00:54:31.640 + target_dir=/var/log
2026-01-22 00:54:31.641 + move_to_ephemeral /var/log
2026-01-22 00:54:31.642 + echo 'Moving directory to ephemeral: /var/log'
2026-01-22 00:54:31.643 Moving directory to ephemeral: /var/log
2026-01-22 00:54:31.644 + ls -l /var/log
2026-01-22 00:54:31.667 total 4
2026-01-22 00:54:31.669 lrwxrwxrwx. 1 root      root             39 Nov 17 07:08 README -> ../../usr/share/doc/systemd/README.logs
2026-01-22 00:54:31.670 drwxr-xr-x. 2 root      root              6 Dec  4 17:20 amazon
2026-01-22 00:54:31.672 drwx------. 2 root      root             23 Jan 22 00:54 audit
2026-01-22 00:54:31.673 -rw-rw----. 1 root      utmp              0 Nov 17 07:08 btmp
2026-01-22 00:54:31.674 drwxr-x---. 2 chrony    chrony            6 Dec  4 17:12 chrony
2026-01-22 00:54:31.675 drwxrwxr-x. 2 hdfs      hadoop            6 Nov 26 23:35 hadoop-hdfs
2026-01-22 00:54:31.677 drwxrwxr-x. 2 httpfs    httpfs            6 Nov 26 23:35 hadoop-httpfs
2026-01-22 00:54:31.678 drwxrwxr-x. 2 kms       hadoop            6 Nov 26 23:35 hadoop-kms
2026-01-22 00:54:31.679 drwxrwxr-x. 2 mapred    hadoop            6 Nov 26 23:35 hadoop-mapreduce
2026-01-22 00:54:31.681 drwxrwxr-x. 2 yarn      hadoop            6 Nov 26 23:35 hadoop-yarn
2026-01-22 00:54:31.682 drwxr-sr-x+ 3 root      systemd-journal  46 Dec  4 17:20 journal
2026-01-22 00:54:31.683 -rw-rw-r--. 1 root      utmp              0 Nov 17 07:08 lastlog
2026-01-22 00:54:31.684 drwxr-xr-x. 2 root      root             32 Jan 22 00:54 mk-tmp-on-root
2026-01-22 00:54:31.686 drwx------. 2 root      root              6 Nov 17 07:08 private
2026-01-22 00:54:31.687 drwx------. 2 hadoop    hadoop            6 Dec  3 23:48 provision-node
2026-01-22 00:54:31.688 drwxr-xr-x. 3 root      root             20 Dec  4 17:14 puppetlabs
2026-01-22 00:54:31.689 drwxr-xr-x. 2 root      root             18 Jan 22 00:54 sa
2026-01-22 00:54:31.691 drwxr-x---. 2 root      root              6 Oct 17 22:54 sssd
2026-01-22 00:54:31.692 -rw-------. 1 root      root              0 Nov 17 07:08 tallylog
2026-01-22 00:54:31.693 -rw-rw-r--. 1 root      utmp            384 Jan 22 00:54 wtmp
2026-01-22 00:54:31.694 drwxr-xr-x. 2 zookeeper zookeeper         6 Dec  4 17:13 zookeeper
2026-01-22 00:54:31.696 + du -c /var/log
2026-01-22 00:54:31.697 11796	/var/log/journal/ec276fc410ae8f3bf6c5605dc1bcdbc7
2026-01-22 00:54:31.698 11796	/var/log/journal
2026-01-22 00:54:31.700 0	/var/log/private
2026-01-22 00:54:31.701 0	/var/log/sssd
2026-01-22 00:54:31.702 0	/var/log/chrony
2026-01-22 00:54:31.703 0	/var/log/amazon
2026-01-22 00:54:31.705 16	/var/log/audit
2026-01-22 00:54:31.706 4	/var/log/sa
2026-01-22 00:54:31.707 0	/var/log/zookeeper
2026-01-22 00:54:31.708 0	/var/log/puppetlabs/puppet
2026-01-22 00:54:31.709 0	/var/log/puppetlabs
2026-01-22 00:54:31.710 0	/var/log/provision-node
2026-01-22 00:54:31.711 0	/var/log/hadoop-yarn
2026-01-22 00:54:31.712 0	/var/log/hadoop-mapreduce
2026-01-22 00:54:31.713 0	/var/log/hadoop-hdfs
2026-01-22 00:54:31.714 0	/var/log/hadoop-httpfs
2026-01-22 00:54:31.715 0	/var/log/hadoop-kms
2026-01-22 00:54:31.716 4	/var/log/mk-tmp-on-root
2026-01-22 00:54:31.718 11840	/var/log
2026-01-22 00:54:31.719 11840	total
2026-01-22 00:54:31.720 + lsof
2026-01-22 00:54:31.721 + awk '{print $9}'
2026-01-22 00:54:31.722 + grep '^/var/log'
2026-01-22 00:54:31.840 /var/log/journal/ec276fc410ae8f3bf6c5605dc1bcdbc7/system.journal
2026-01-22 00:54:31.841 /var/log/journal/ec276fc410ae8f3bf6c5605dc1bcdbc7/system.journal
2026-01-22 00:54:31.843 /var/log/audit/audit.log
2026-01-22 00:54:31.844 + mkdir -p /mnt/var/log
2026-01-22 00:54:31.845 + mv /var/log /var/log.old
2026-01-22 00:54:31.846 + ln -nsf /mnt/var/log -T /var/log
2026-01-22 00:54:31.847 + rsync -a /var/log.old/ /mnt/var/log
2026-01-22 00:54:31.911 + rm -Rf /var/log.old
2026-01-22 00:54:31.914 + echo 'Moved directory to ephemeral: /var/log'
2026-01-22 00:54:31.915 Moved directory to ephemeral: /var/log
2026-01-22 00:54:31.916 + restart_proc_that_can_have_open_files_in_var_log_dir
2026-01-22 00:54:31.917 + restart_proc_if_enabled auditd 'systemctl start auditd'
2026-01-22 00:54:31.918 + systemctl is-enabled auditd
2026-01-22 00:54:31.921 + echo 'Restarting auditd.'
2026-01-22 00:54:31.922 Restarting auditd.
2026-01-22 00:54:31.923 + systemctl start auditd
2026-01-22 00:54:31.928 + echo 'Restart of auditd completed.'
2026-01-22 00:54:31.929 Restart of auditd completed.
2026-01-22 00:54:31.930 + restart_proc_if_running rsyslogd 'systemctl restart rsyslog'
2026-01-22 00:54:31.931 + pgrep -x rsyslogd
2026-01-22 00:54:31.936 + echo 'Not restarting rsyslogd as it isn'\''t running.'
2026-01-22 00:54:31.937 Not restarting rsyslogd as it isn't running.
2026-01-22 00:54:31.938 + print_deleted_files_in_old_dir /var/log
2026-01-22 00:54:31.939 + echo 'Dumping remaining open deleted files in old /var/log directory:'
2026-01-22 00:54:31.940 Dumping remaining open deleted files in old /var/log directory:
2026-01-22 00:54:31.941 + lsof_deleted_files_in_old_dir /var/log
2026-01-22 00:54:31.942 + lsof
2026-01-22 00:54:31.943 + grep '(deleted)'
2026-01-22 00:54:31.944 + grep /var/log.old
2026-01-22 00:54:32.129 systemd-j 1033                           root   16u      REG              259,3   8388608    8529812 /var/log.old/journal/ec276fc410ae8f3bf6c5605dc1bcdbc7/system.journal (deleted)
2026-01-22 00:54:32.130 auditd    1612                           root    5w      REG              259,3     13443    1194089 /var/log.old/audit/audit.log (deleted)
2026-01-22 00:54:32.131 auditd    1612 1613 auditd               root    5w      REG              259,3     13443    1194089 /var/log.old/audit/audit.log (deleted)
2026-01-22 00:54:32.132 + echo 'Dump complete, any output indicates potential lost file.'
2026-01-22 00:54:32.133 Dump complete, any output indicates potential lost file.
2026-01-22 00:54:32.134 
2026-01-22 00:54:32.135 real	0m0.491s
2026-01-22 00:54:32.137 user	0m0.136s
2026-01-22 00:54:32.138 sys	0m0.079s
