2026-01-22 00:05:59.987 + setup_var_lib_dir
2026-01-22 00:05:59.988 + [[ -n true ]]
2026-01-22 00:05:59.990 + systemctl stop var-lib-nfs-rpc_pipefs.mount
2026-01-22 00:06:00.174 + target_dir=/var/lib
2026-01-22 00:06:00.175 + move_to_ephemeral /var/lib
2026-01-22 00:06:00.177 + echo 'Moving directory to ephemeral: /var/lib'
2026-01-22 00:06:00.178 Moving directory to ephemeral: /var/lib
2026-01-22 00:06:00.179 + ls -l /var/lib
2026-01-22 00:06:00.209 total 16
2026-01-22 00:06:00.210 drwxr-xr-x. 2 root      root      16384 Dec  4 17:16 alternatives
2026-01-22 00:06:00.211 drwxr-xr-x. 3 root      root         17 Dec  4 17:16 amazon
2026-01-22 00:06:00.213 drwxr-xr-x. 3 root      root         17 Dec  4 17:14 aws
2026-01-22 00:06:00.214 drwxr-xr-x. 2 root      root          6 Nov  5 12:07 bigtop
2026-01-22 00:06:00.215 drwxr-x---. 2 chrony    chrony       19 Dec  4 17:21 chrony
2026-01-22 00:06:00.216 drwxr-xr-x. 2 root      root          6 Dec  4 17:20 cloud
2026-01-22 00:06:00.218 drwxr-xr-x. 2 root      root          6 Nov  4 23:08 containerd
2026-01-22 00:06:00.219 drwxr-xr-x. 2 root      root         80 Dec  4 17:16 dnf
2026-01-22 00:06:00.220 drwxr-xr-x. 2 root      dnsmasq       6 Feb 21  2024 dnsmasq
2026-01-22 00:06:00.221 drwxr-xr-x. 2 root      root          6 Nov  4 18:29 docker
2026-01-22 00:06:00.223 drwxr-xr-x. 2 root      root          6 Jan 30  2023 games
2026-01-22 00:06:00.224 drwxr-xr-x. 2 geoclue   geoclue       6 Feb 18  2025 geoclue
2026-01-22 00:06:00.225 drwxr-xr-x. 4 root      root         55 Nov 17 07:08 gssproxy
2026-01-22 00:06:00.226 drwxr-xr-x. 3 hdfs      hadoop       19 Dec  4 17:16 hadoop-hdfs
2026-01-22 00:06:00.228 drwxrwxr-x. 2 httpfs    httpfs        6 Nov 26 23:35 hadoop-httpfs
2026-01-22 00:06:00.229 drwxrwxr-x. 3 kms       hadoop       19 Dec  4 17:16 hadoop-kms
2026-01-22 00:06:00.230 drwxrwxr-x. 3 mapred    hadoop       19 Dec  4 17:15 hadoop-mapreduce
2026-01-22 00:06:00.231 drwxr-xr-x. 3 yarn      hadoop       19 Dec  4 17:15 hadoop-yarn
2026-01-22 00:06:00.233 drwxr-xr-x. 2 root      root          6 Jan 25  2024 hibinit-agent
2026-01-22 00:06:00.234 drwxr-xr-x. 2 root      root          6 Oct 25  2024 initramfs
2026-01-22 00:06:00.235 drwxr-xr-x. 2 root      root          6 Mar 20  2025 kpatch
2026-01-22 00:06:00.236 drwxr-xr-x. 2 root      root         30 Jan 22 00:05 logrotate
2026-01-22 00:06:00.238 drwxr-xr-x. 2 root      root          6 Jan 30  2023 misc
2026-01-22 00:06:00.239 drwxr-xr-x. 5 root      root         80 Nov 17 07:09 nfs
2026-01-22 00:06:00.240 drwxr-xr-x. 2 root      root          6 Feb  1  2023 os-prober
2026-01-22 00:06:00.241 drwxr-x---. 3 root      polkitd      28 Dec  4 17:11 polkit-1
2026-01-22 00:06:00.242 drwx------. 2 root      root          6 Nov 17 07:08 portables
2026-01-22 00:06:00.244 drwx------. 2 root      root          6 Nov 17 07:08 private
2026-01-22 00:06:00.245 drwxr-xr-x. 2 hadoop    hadoop        6 Dec  3 23:48 provision-node
2026-01-22 00:06:00.246 drwxr-xr-x. 2 root      root         91 Nov 17 07:10 rpm
2026-01-22 00:06:00.247 drwxr-xr-x. 4 root      root         40 Dec  4 17:16 rpm-state
2026-01-22 00:06:00.249 drwxr-xr-x. 5 root      root         46 Nov 17 07:08 selinux
2026-01-22 00:06:00.250 drwxr-xr-x. 2 root      root          6 Jan 22 00:05 setup-devices
2026-01-22 00:06:00.251 drwxr-xr-x. 9 root      root        105 Nov 17 07:08 sss
2026-01-22 00:06:00.252 drwxr-xr-x. 8 root      root        110 Dec  4 17:07 systemd
2026-01-22 00:06:00.254 drwxr-xr-x. 4 root      root         44 Dec  4 17:14 texmf
2026-01-22 00:06:00.255 drwxr-xr-x. 2 root      root         30 Dec  4 17:14 trocla
2026-01-22 00:06:00.256 drwxr-xr-x. 2 root      root         18 Dec  4 17:07 update-motd
2026-01-22 00:06:00.257 drwxr-xr-x. 2 root      root          6 Jan 22 00:05 upower
2026-01-22 00:06:00.259 drwxr-xr-x. 3 root      root         23 Nov 17 07:09 xfsdump
2026-01-22 00:06:00.260 drwxr-xr-x. 2 root      root          6 Nov 17 07:06 yum
2026-01-22 00:06:00.261 drwxr-xr-x. 2 zookeeper zookeeper     6 Dec  4 17:13 zookeeper
2026-01-22 00:06:00.263 + du -c /var/lib
2026-01-22 00:06:00.264 0	/var/lib/yum
2026-01-22 00:06:00.265 4268	/var/lib/dnf
2026-01-22 00:06:00.266 0	/var/lib/games
2026-01-22 00:06:00.268 0	/var/lib/misc
2026-01-22 00:06:00.269 0	/var/lib/rpm-state/kernel
2026-01-22 00:06:00.270 0	/var/lib/rpm-state/puppet-agent
2026-01-22 00:06:00.271 0	/var/lib/rpm-state
2026-01-22 00:06:00.272 132	/var/lib/alternatives
2026-01-22 00:06:00.274 0	/var/lib/selinux/tmp
2026-01-22 00:06:00.275 36	/var/lib/selinux/targeted/active/modules/100/abrt
2026-01-22 00:06:00.276 20	/var/lib/selinux/targeted/active/modules/100/accountsd
2026-01-22 00:06:00.277 20	/var/lib/selinux/targeted/active/modules/100/acct
2026-01-22 00:06:00.279 20	/var/lib/selinux/targeted/active/modules/100/afs
2026-01-22 00:06:00.280 20	/var/lib/selinux/targeted/active/modules/100/afterburn
2026-01-22 00:06:00.281 20	/var/lib/selinux/targeted/active/modules/100/aiccu
2026-01-22 00:06:00.282 20	/var/lib/selinux/targeted/active/modules/100/aide
2026-01-22 00:06:00.283 20	/var/lib/selinux/targeted/active/modules/100/ajaxterm
2026-01-22 00:06:00.285 20	/var/lib/selinux/targeted/active/modules/100/alsa
2026-01-22 00:06:00.286 20	/var/lib/selinux/targeted/active/modules/100/amanda
2026-01-22 00:06:00.287 20	/var/lib/selinux/targeted/active/modules/100/amtu
2026-01-22 00:06:00.288 28	/var/lib/selinux/targeted/active/modules/100/anaconda
2026-01-22 00:06:00.290 24	/var/lib/selinux/targeted/active/modules/100/antivirus
2026-01-22 00:06:00.291 52	/var/lib/selinux/targeted/active/modules/100/apache
2026-01-22 00:06:00.292 28	/var/lib/selinux/targeted/active/modules/100/apcupsd
2026-01-22 00:06:00.294 28	/var/lib/selinux/targeted/active/modules/100/apm
2026-01-22 00:06:00.295 20	/var/lib/selinux/targeted/active/modules/100/application
2026-01-22 00:06:00.296 20	/var/lib/selinux/targeted/active/modules/100/arpwatch
2026-01-22 00:06:00.297 20	/var/lib/selinux/targeted/active/modules/100/asterisk
2026-01-22 00:06:00.299 28	/var/lib/selinux/targeted/active/modules/100/auditadm
2026-01-22 00:06:00.300 20	/var/lib/selinux/targeted/active/modules/100/authconfig
2026-01-22 00:06:00.301 36	/var/lib/selinux/targeted/active/modules/100/authlogin
2026-01-22 00:06:00.302 20	/var/lib/selinux/targeted/active/modules/100/automount
2026-01-22 00:06:00.304 20	/var/lib/selinux/targeted/active/modules/100/avahi
2026-01-22 00:06:00.305 20	/var/lib/selinux/targeted/active/modules/100/awstats
2026-01-22 00:06:00.306 28	/var/lib/selinux/targeted/active/modules/100/bacula
2026-01-22 00:06:00.307 136	/var/lib/selinux/targeted/active/modules/100/base
2026-01-22 00:06:00.309 20	/var/lib/selinux/targeted/active/modules/100/bcfg2
2026-01-22 00:06:00.310 28	/var/lib/selinux/targeted/active/modules/100/bind
2026-01-22 00:06:00.311 20	/var/lib/selinux/targeted/active/modules/100/bitlbee
2026-01-22 00:06:00.313 20	/var/lib/selinux/targeted/active/modules/100/blkmapd
2026-01-22 00:06:00.314 20	/var/lib/selinux/targeted/active/modules/100/blueman
2026-01-22 00:06:00.315 28	/var/lib/selinux/targeted/active/modules/100/bluetooth
2026-01-22 00:06:00.317 28	/var/lib/selinux/targeted/active/modules/100/boinc
2026-01-22 00:06:00.318 20	/var/lib/selinux/targeted/active/modules/100/boltd
2026-01-22 00:06:00.319 20	/var/lib/selinux/targeted/active/modules/100/boothd
2026-01-22 00:06:00.321 28	/var/lib/selinux/targeted/active/modules/100/bootloader
2026-01-22 00:06:00.322 20	/var/lib/selinux/targeted/active/modules/100/bootupd
2026-01-22 00:06:00.323 20	/var/lib/selinux/targeted/active/modules/100/brctl
2026-01-22 00:06:00.324 20	/var/lib/selinux/targeted/active/modules/100/brltty
2026-01-22 00:06:00.326 20	/var/lib/selinux/targeted/active/modules/100/bugzilla
2026-01-22 00:06:00.327 20	/var/lib/selinux/targeted/active/modules/100/bumblebee
2026-01-22 00:06:00.328 20	/var/lib/selinux/targeted/active/modules/100/cachefilesd
2026-01-22 00:06:00.329 20	/var/lib/selinux/targeted/active/modules/100/calamaris
2026-01-22 00:06:00.330 20	/var/lib/selinux/targeted/active/modules/100/callweaver
2026-01-22 00:06:00.332 20	/var/lib/selinux/targeted/active/modules/100/canna
2026-01-22 00:06:00.333 20	/var/lib/selinux/targeted/active/modules/100/ccs
2026-01-22 00:06:00.334 20	/var/lib/selinux/targeted/active/modules/100/cdrecord
2026-01-22 00:06:00.336 20	/var/lib/selinux/targeted/active/modules/100/certmaster
2026-01-22 00:06:00.337 28	/var/lib/selinux/targeted/active/modules/100/certmonger
2026-01-22 00:06:00.338 20	/var/lib/selinux/targeted/active/modules/100/certwatch
2026-01-22 00:06:00.340 20	/var/lib/selinux/targeted/active/modules/100/cfengine
2026-01-22 00:06:00.342 20	/var/lib/selinux/targeted/active/modules/100/cgroup
2026-01-22 00:06:00.343 28	/var/lib/selinux/targeted/active/modules/100/chrome
2026-01-22 00:06:00.344 24	/var/lib/selinux/targeted/active/modules/100/chronyd
2026-01-22 00:06:00.346 28	/var/lib/selinux/targeted/active/modules/100/cinder
2026-01-22 00:06:00.347 20	/var/lib/selinux/targeted/active/modules/100/cipe
2026-01-22 00:06:00.348 20	/var/lib/selinux/targeted/active/modules/100/clock
2026-01-22 00:06:00.349 20	/var/lib/selinux/targeted/active/modules/100/clogd
2026-01-22 00:06:00.350 28	/var/lib/selinux/targeted/active/modules/100/cloudform
2026-01-22 00:06:00.352 20	/var/lib/selinux/targeted/active/modules/100/cmirrord
2026-01-22 00:06:00.353 20	/var/lib/selinux/targeted/active/modules/100/cobbler
2026-01-22 00:06:00.354 20	/var/lib/selinux/targeted/active/modules/100/collectd
2026-01-22 00:06:00.355 20	/var/lib/selinux/targeted/active/modules/100/colord
2026-01-22 00:06:00.357 20	/var/lib/selinux/targeted/active/modules/100/comsat
2026-01-22 00:06:00.358 28	/var/lib/selinux/targeted/active/modules/100/condor
2026-01-22 00:06:00.359 20	/var/lib/selinux/targeted/active/modules/100/conman
2026-01-22 00:06:00.360 20	/var/lib/selinux/targeted/active/modules/100/conntrackd
2026-01-22 00:06:00.362 28	/var/lib/selinux/targeted/active/modules/100/consolekit
2026-01-22 00:06:00.363 20	/var/lib/selinux/targeted/active/modules/100/coreos_installer
2026-01-22 00:06:00.364 20	/var/lib/selinux/targeted/active/modules/100/couchdb
2026-01-22 00:06:00.365 20	/var/lib/selinux/targeted/active/modules/100/courier
2026-01-22 00:06:00.367 20	/var/lib/selinux/targeted/active/modules/100/cpucontrol
2026-01-22 00:06:00.368 20	/var/lib/selinux/targeted/active/modules/100/cpufreqselector
2026-01-22 00:06:00.369 20	/var/lib/selinux/targeted/active/modules/100/cpuplug
2026-01-22 00:06:00.370 40	/var/lib/selinux/targeted/active/modules/100/cron
2026-01-22 00:06:00.372 20	/var/lib/selinux/targeted/active/modules/100/ctdb
2026-01-22 00:06:00.373 36	/var/lib/selinux/targeted/active/modules/100/cups
2026-01-22 00:06:00.374 20	/var/lib/selinux/targeted/active/modules/100/cvs
2026-01-22 00:06:00.375 20	/var/lib/selinux/targeted/active/modules/100/cyphesis
2026-01-22 00:06:00.376 20	/var/lib/selinux/targeted/active/modules/100/cyrus
2026-01-22 00:06:00.378 20	/var/lib/selinux/targeted/active/modules/100/daemontools
2026-01-22 00:06:00.379 28	/var/lib/selinux/targeted/active/modules/100/dbadm
2026-01-22 00:06:00.380 20	/var/lib/selinux/targeted/active/modules/100/dbskk
2026-01-22 00:06:00.381 28	/var/lib/selinux/targeted/active/modules/100/dbus
2026-01-22 00:06:00.383 20	/var/lib/selinux/targeted/active/modules/100/dcc
2026-01-22 00:06:00.384 20	/var/lib/selinux/targeted/active/modules/100/ddclient
2026-01-22 00:06:00.385 20	/var/lib/selinux/targeted/active/modules/100/denyhosts
2026-01-22 00:06:00.386 32	/var/lib/selinux/targeted/active/modules/100/devicekit
2026-01-22 00:06:00.387 20	/var/lib/selinux/targeted/active/modules/100/dhcp
2026-01-22 00:06:00.389 20	/var/lib/selinux/targeted/active/modules/100/dictd
2026-01-22 00:06:00.390 28	/var/lib/selinux/targeted/active/modules/100/dirsrv
2026-01-22 00:06:00.391 28	/var/lib/selinux/targeted/active/modules/100/dirsrv-admin
2026-01-22 00:06:00.392 20	/var/lib/selinux/targeted/active/modules/100/dmesg
2026-01-22 00:06:00.394 20	/var/lib/selinux/targeted/active/modules/100/dmidecode
2026-01-22 00:06:00.395 20	/var/lib/selinux/targeted/active/modules/100/dnsmasq
2026-01-22 00:06:00.396 20	/var/lib/selinux/targeted/active/modules/100/dnssec
2026-01-22 00:06:00.398 28	/var/lib/selinux/targeted/active/modules/100/dovecot
2026-01-22 00:06:00.399 20	/var/lib/selinux/targeted/active/modules/100/drbd
2026-01-22 00:06:00.401 20	/var/lib/selinux/targeted/active/modules/100/dspam
2026-01-22 00:06:00.402 20	/var/lib/selinux/targeted/active/modules/100/entropyd
2026-01-22 00:06:00.403 24	/var/lib/selinux/targeted/active/modules/100/exim
2026-01-22 00:06:00.405 20	/var/lib/selinux/targeted/active/modules/100/fail2ban
2026-01-22 00:06:00.406 20	/var/lib/selinux/targeted/active/modules/100/fcoe
2026-01-22 00:06:00.407 20	/var/lib/selinux/targeted/active/modules/100/fdo
2026-01-22 00:06:00.409 20	/var/lib/selinux/targeted/active/modules/100/fetchmail
2026-01-22 00:06:00.410 20	/var/lib/selinux/targeted/active/modules/100/finger
2026-01-22 00:06:00.411 20	/var/lib/selinux/targeted/active/modules/100/firewalld
2026-01-22 00:06:00.412 20	/var/lib/selinux/targeted/active/modules/100/firewallgui
2026-01-22 00:06:00.414 20	/var/lib/selinux/targeted/active/modules/100/firstboot
2026-01-22 00:06:00.415 20	/var/lib/selinux/targeted/active/modules/100/fprintd
2026-01-22 00:06:00.416 20	/var/lib/selinux/targeted/active/modules/100/freeipmi
2026-01-22 00:06:00.418 20	/var/lib/selinux/targeted/active/modules/100/freqset
2026-01-22 00:06:00.419 28	/var/lib/selinux/targeted/active/modules/100/fstools
2026-01-22 00:06:00.420 28	/var/lib/selinux/targeted/active/modules/100/ftp
2026-01-22 00:06:00.422 20	/var/lib/selinux/targeted/active/modules/100/fwupd
2026-01-22 00:06:00.423 28	/var/lib/selinux/targeted/active/modules/100/games
2026-01-22 00:06:00.424 20	/var/lib/selinux/targeted/active/modules/100/gdomap
2026-01-22 00:06:00.425 20	/var/lib/selinux/targeted/active/modules/100/geoclue
2026-01-22 00:06:00.427 20	/var/lib/selinux/targeted/active/modules/100/getty
2026-01-22 00:06:00.428 20	/var/lib/selinux/targeted/active/modules/100/git
2026-01-22 00:06:00.429 20	/var/lib/selinux/targeted/active/modules/100/gitosis
2026-01-22 00:06:00.430 20	/var/lib/selinux/targeted/active/modules/100/glance
2026-01-22 00:06:00.433 28	/var/lib/selinux/targeted/active/modules/100/gnome
2026-01-22 00:06:00.434 28	/var/lib/selinux/targeted/active/modules/100/gpg
2026-01-22 00:06:00.435 20	/var/lib/selinux/targeted/active/modules/100/gpm
2026-01-22 00:06:00.437 20	/var/lib/selinux/targeted/active/modules/100/gpsd
2026-01-22 00:06:00.438 20	/var/lib/selinux/targeted/active/modules/100/gssproxy
2026-01-22 00:06:00.439 28	/var/lib/selinux/targeted/active/modules/100/guest
2026-01-22 00:06:00.441 20	/var/lib/selinux/targeted/active/modules/100/hddtemp
2026-01-22 00:06:00.442 20	/var/lib/selinux/targeted/active/modules/100/hostapd
2026-01-22 00:06:00.443 20	/var/lib/selinux/targeted/active/modules/100/hostname
2026-01-22 00:06:00.445 20	/var/lib/selinux/targeted/active/modules/100/hsqldb
2026-01-22 00:06:00.446 20	/var/lib/selinux/targeted/active/modules/100/hwloc
2026-01-22 00:06:00.447 20	/var/lib/selinux/targeted/active/modules/100/hypervkvp
2026-01-22 00:06:00.449 20	/var/lib/selinux/targeted/active/modules/100/ibacm
2026-01-22 00:06:00.450 16	/var/lib/selinux/targeted/active/modules/100/ica
2026-01-22 00:06:00.451 20	/var/lib/selinux/targeted/active/modules/100/icecast
2026-01-22 00:06:00.453 28	/var/lib/selinux/targeted/active/modules/100/inetd
2026-01-22 00:06:00.454 64	/var/lib/selinux/targeted/active/modules/100/init
2026-01-22 00:06:00.455 20	/var/lib/selinux/targeted/active/modules/100/inn
2026-01-22 00:06:00.457 32	/var/lib/selinux/targeted/active/modules/100/insights_client
2026-01-22 00:06:00.458 20	/var/lib/selinux/targeted/active/modules/100/iodine
2026-01-22 00:06:00.459 20	/var/lib/selinux/targeted/active/modules/100/iotop
2026-01-22 00:06:00.460 20	/var/lib/selinux/targeted/active/modules/100/ipmievd
2026-01-22 00:06:00.462 32	/var/lib/selinux/targeted/active/modules/100/ipsec
2026-01-22 00:06:00.463 24	/var/lib/selinux/targeted/active/modules/100/iptables
2026-01-22 00:06:00.464 20	/var/lib/selinux/targeted/active/modules/100/irc
2026-01-22 00:06:00.466 20	/var/lib/selinux/targeted/active/modules/100/irqbalance
2026-01-22 00:06:00.467 20	/var/lib/selinux/targeted/active/modules/100/iscsi
2026-01-22 00:06:00.468 20	/var/lib/selinux/targeted/active/modules/100/isns
2026-01-22 00:06:00.470 20	/var/lib/selinux/targeted/active/modules/100/jabber
2026-01-22 00:06:00.471 20	/var/lib/selinux/targeted/active/modules/100/jetty
2026-01-22 00:06:00.475 20	/var/lib/selinux/targeted/active/modules/100/jockey
2026-01-22 00:06:00.476 20	/var/lib/selinux/targeted/active/modules/100/journalctl
2026-01-22 00:06:00.478 28	/var/lib/selinux/targeted/active/modules/100/kdump
2026-01-22 00:06:00.479 20	/var/lib/selinux/targeted/active/modules/100/kdumpgui
2026-01-22 00:06:00.480 20	/var/lib/selinux/targeted/active/modules/100/keepalived
2026-01-22 00:06:00.482 28	/var/lib/selinux/targeted/active/modules/100/kerberos
2026-01-22 00:06:00.484 20	/var/lib/selinux/targeted/active/modules/100/keyboardd
2026-01-22 00:06:00.485 24	/var/lib/selinux/targeted/active/modules/100/keystone
2026-01-22 00:06:00.487 20	/var/lib/selinux/targeted/active/modules/100/kismet
2026-01-22 00:06:00.488 20	/var/lib/selinux/targeted/active/modules/100/kmscon
2026-01-22 00:06:00.490 20	/var/lib/selinux/targeted/active/modules/100/kpatch
2026-01-22 00:06:00.491 20	/var/lib/selinux/targeted/active/modules/100/ksmtuned
2026-01-22 00:06:00.492 20	/var/lib/selinux/targeted/active/modules/100/ktalk
2026-01-22 00:06:00.493 20	/var/lib/selinux/targeted/active/modules/100/l2tp
2026-01-22 00:06:00.495 20	/var/lib/selinux/targeted/active/modules/100/ldap
2026-01-22 00:06:00.496 28	/var/lib/selinux/targeted/active/modules/100/libraries
2026-01-22 00:06:00.497 28	/var/lib/selinux/targeted/active/modules/100/likewise
2026-01-22 00:06:00.499 20	/var/lib/selinux/targeted/active/modules/100/linuxptp
2026-01-22 00:06:00.500 20	/var/lib/selinux/targeted/active/modules/100/lircd
2026-01-22 00:06:00.501 20	/var/lib/selinux/targeted/active/modules/100/livecd
2026-01-22 00:06:00.502 20	/var/lib/selinux/targeted/active/modules/100/lldpad
2026-01-22 00:06:00.504 20	/var/lib/selinux/targeted/active/modules/100/loadkeys
2026-01-22 00:06:00.505 28	/var/lib/selinux/targeted/active/modules/100/locallogin
2026-01-22 00:06:00.506 20	/var/lib/selinux/targeted/active/modules/100/lockdev
2026-01-22 00:06:00.508 20	/var/lib/selinux/targeted/active/modules/100/logadm
2026-01-22 00:06:00.509 36	/var/lib/selinux/targeted/active/modules/100/logging
2026-01-22 00:06:00.510 28	/var/lib/selinux/targeted/active/modules/100/logrotate
2026-01-22 00:06:00.512 20	/var/lib/selinux/targeted/active/modules/100/logwatch
2026-01-22 00:06:00.513 20	/var/lib/selinux/targeted/active/modules/100/lpd
2026-01-22 00:06:00.514 20	/var/lib/selinux/targeted/active/modules/100/lsm
2026-01-22 00:06:00.515 20	/var/lib/selinux/targeted/active/modules/100/lttng-tools
2026-01-22 00:06:00.517 28	/var/lib/selinux/targeted/active/modules/100/lvm
2026-01-22 00:06:00.518 20	/var/lib/selinux/targeted/active/modules/100/mailman
2026-01-22 00:06:00.519 20	/var/lib/selinux/targeted/active/modules/100/mailscanner
2026-01-22 00:06:00.520 20	/var/lib/selinux/targeted/active/modules/100/man2html
2026-01-22 00:06:00.522 20	/var/lib/selinux/targeted/active/modules/100/mandb
2026-01-22 00:06:00.523 20	/var/lib/selinux/targeted/active/modules/100/mcelog
2026-01-22 00:06:00.524 20	/var/lib/selinux/targeted/active/modules/100/mediawiki
2026-01-22 00:06:00.525 20	/var/lib/selinux/targeted/active/modules/100/memcached
2026-01-22 00:06:00.527 20	/var/lib/selinux/targeted/active/modules/100/milter
2026-01-22 00:06:00.528 20	/var/lib/selinux/targeted/active/modules/100/minidlna
2026-01-22 00:06:00.529 20	/var/lib/selinux/targeted/active/modules/100/minissdpd
2026-01-22 00:06:00.530 20	/var/lib/selinux/targeted/active/modules/100/mip6d
2026-01-22 00:06:00.531 20	/var/lib/selinux/targeted/active/modules/100/mirrormanager
2026-01-22 00:06:00.533 20	/var/lib/selinux/targeted/active/modules/100/miscfiles
2026-01-22 00:06:00.534 20	/var/lib/selinux/targeted/active/modules/100/mock
2026-01-22 00:06:00.535 20	/var/lib/selinux/targeted/active/modules/100/modemmanager
2026-01-22 00:06:00.536 28	/var/lib/selinux/targeted/active/modules/100/modutils
2026-01-22 00:06:00.538 20	/var/lib/selinux/targeted/active/modules/100/mojomojo
2026-01-22 00:06:00.539 20	/var/lib/selinux/targeted/active/modules/100/mon_statd
2026-01-22 00:06:00.540 20	/var/lib/selinux/targeted/active/modules/100/mongodb
2026-01-22 00:06:00.541 20	/var/lib/selinux/targeted/active/modules/100/motion
2026-01-22 00:06:00.542 28	/var/lib/selinux/targeted/active/modules/100/mount
2026-01-22 00:06:00.544 36	/var/lib/selinux/targeted/active/modules/100/mozilla
2026-01-22 00:06:00.545 20	/var/lib/selinux/targeted/active/modules/100/mpd
2026-01-22 00:06:00.546 20	/var/lib/selinux/targeted/active/modules/100/mplayer
2026-01-22 00:06:00.547 20	/var/lib/selinux/targeted/active/modules/100/mptcpd
2026-01-22 00:06:00.548 20	/var/lib/selinux/targeted/active/modules/100/mrtg
2026-01-22 00:06:00.550 28	/var/lib/selinux/targeted/active/modules/100/mta
2026-01-22 00:06:00.551 32	/var/lib/selinux/targeted/active/modules/100/munin
2026-01-22 00:06:00.552 28	/var/lib/selinux/targeted/active/modules/100/mysql
2026-01-22 00:06:00.553 20	/var/lib/selinux/targeted/active/modules/100/mythtv
2026-01-22 00:06:00.555 20	/var/lib/selinux/targeted/active/modules/100/naemon
2026-01-22 00:06:00.556 36	/var/lib/selinux/targeted/active/modules/100/nagios
2026-01-22 00:06:00.557 20	/var/lib/selinux/targeted/active/modules/100/namespace
2026-01-22 00:06:00.558 20	/var/lib/selinux/targeted/active/modules/100/ncftool
2026-01-22 00:06:00.560 20	/var/lib/selinux/targeted/active/modules/100/netlabel
2026-01-22 00:06:00.561 20	/var/lib/selinux/targeted/active/modules/100/netutils
2026-01-22 00:06:00.562 44	/var/lib/selinux/targeted/active/modules/100/networkmanager
2026-01-22 00:06:00.563 20	/var/lib/selinux/targeted/active/modules/100/ninfod
2026-01-22 00:06:00.564 20	/var/lib/selinux/targeted/active/modules/100/nis
2026-01-22 00:06:00.566 28	/var/lib/selinux/targeted/active/modules/100/nova
2026-01-22 00:06:00.567 20	/var/lib/selinux/targeted/active/modules/100/nscd
2026-01-22 00:06:00.568 20	/var/lib/selinux/targeted/active/modules/100/nsd
2026-01-22 00:06:00.569 20	/var/lib/selinux/targeted/active/modules/100/nslcd
2026-01-22 00:06:00.570 20	/var/lib/selinux/targeted/active/modules/100/ntop
2026-01-22 00:06:00.572 20	/var/lib/selinux/targeted/active/modules/100/ntp
2026-01-22 00:06:00.573 20	/var/lib/selinux/targeted/active/modules/100/numad
2026-01-22 00:06:00.574 28	/var/lib/selinux/targeted/active/modules/100/nut
2026-01-22 00:06:00.575 20	/var/lib/selinux/targeted/active/modules/100/nvme_stas
2026-01-22 00:06:00.577 20	/var/lib/selinux/targeted/active/modules/100/nx
2026-01-22 00:06:00.578 20	/var/lib/selinux/targeted/active/modules/100/obex
2026-01-22 00:06:00.579 20	/var/lib/selinux/targeted/active/modules/100/oddjob
2026-01-22 00:06:00.580 20	/var/lib/selinux/targeted/active/modules/100/opafm
2026-01-22 00:06:00.582 20	/var/lib/selinux/targeted/active/modules/100/openct
2026-01-22 00:06:00.583 20	/var/lib/selinux/targeted/active/modules/100/opendnssec
2026-01-22 00:06:00.584 20	/var/lib/selinux/targeted/active/modules/100/openfortivpn
2026-01-22 00:06:00.585 20	/var/lib/selinux/targeted/active/modules/100/openhpid
2026-01-22 00:06:00.586 36	/var/lib/selinux/targeted/active/modules/100/openshift
2026-01-22 00:06:00.588 16	/var/lib/selinux/targeted/active/modules/100/openshift-origin
2026-01-22 00:06:00.589 20	/var/lib/selinux/targeted/active/modules/100/opensm
2026-01-22 00:06:00.590 28	/var/lib/selinux/targeted/active/modules/100/openvpn
2026-01-22 00:06:00.591 20	/var/lib/selinux/targeted/active/modules/100/openvswitch
2026-01-22 00:06:00.593 20	/var/lib/selinux/targeted/active/modules/100/openwsman
2026-01-22 00:06:00.594 20	/var/lib/selinux/targeted/active/modules/100/oracleasm
2026-01-22 00:06:00.595 20	/var/lib/selinux/targeted/active/modules/100/osad
2026-01-22 00:06:00.596 20	/var/lib/selinux/targeted/active/modules/100/pads
2026-01-22 00:06:00.598 20	/var/lib/selinux/targeted/active/modules/100/passenger
2026-01-22 00:06:00.599 20	/var/lib/selinux/targeted/active/modules/100/pcmcia
2026-01-22 00:06:00.600 28	/var/lib/selinux/targeted/active/modules/100/pcp
2026-01-22 00:06:00.601 20	/var/lib/selinux/targeted/active/modules/100/pcscd
2026-01-22 00:06:00.603 20	/var/lib/selinux/targeted/active/modules/100/pdns
2026-01-22 00:06:00.604 36	/var/lib/selinux/targeted/active/modules/100/pegasus
2026-01-22 00:06:00.605 8	/var/lib/selinux/targeted/active/modules/100/permissivedomains
2026-01-22 00:06:00.607 20	/var/lib/selinux/targeted/active/modules/100/pesign
2026-01-22 00:06:00.608 20	/var/lib/selinux/targeted/active/modules/100/pingd
2026-01-22 00:06:00.609 28	/var/lib/selinux/targeted/active/modules/100/piranha
2026-01-22 00:06:00.610 20	/var/lib/selinux/targeted/active/modules/100/pkcs
2026-01-22 00:06:00.611 20	/var/lib/selinux/targeted/active/modules/100/pkcs11proxyd
2026-01-22 00:06:00.613 28	/var/lib/selinux/targeted/active/modules/100/pki
2026-01-22 00:06:00.614 20	/var/lib/selinux/targeted/active/modules/100/plymouthd
2026-01-22 00:06:00.616 20	/var/lib/selinux/targeted/active/modules/100/podsleuth
2026-01-22 00:06:00.617 28	/var/lib/selinux/targeted/active/modules/100/policykit
2026-01-22 00:06:00.618 20	/var/lib/selinux/targeted/active/modules/100/polipo
2026-01-22 00:06:00.619 20	/var/lib/selinux/targeted/active/modules/100/portmap
2026-01-22 00:06:00.621 20	/var/lib/selinux/targeted/active/modules/100/portreserve
2026-01-22 00:06:00.622 36	/var/lib/selinux/targeted/active/modules/100/postfix
2026-01-22 00:06:00.623 28	/var/lib/selinux/targeted/active/modules/100/postgresql
2026-01-22 00:06:00.624 20	/var/lib/selinux/targeted/active/modules/100/postgrey
2026-01-22 00:06:00.626 28	/var/lib/selinux/targeted/active/modules/100/ppp
2026-01-22 00:06:00.627 28	/var/lib/selinux/targeted/active/modules/100/prelink
2026-01-22 00:06:00.628 28	/var/lib/selinux/targeted/active/modules/100/prelude
2026-01-22 00:06:00.629 20	/var/lib/selinux/targeted/active/modules/100/privoxy
2026-01-22 00:06:00.630 20	/var/lib/selinux/targeted/active/modules/100/procmail
2026-01-22 00:06:00.632 20	/var/lib/selinux/targeted/active/modules/100/prosody
2026-01-22 00:06:00.633 20	/var/lib/selinux/targeted/active/modules/100/psad
2026-01-22 00:06:00.634 20	/var/lib/selinux/targeted/active/modules/100/ptchown
2026-01-22 00:06:00.636 20	/var/lib/selinux/targeted/active/modules/100/publicfile
2026-01-22 00:06:00.637 28	/var/lib/selinux/targeted/active/modules/100/pulseaudio
2026-01-22 00:06:00.638 28	/var/lib/selinux/targeted/active/modules/100/puppet
2026-01-22 00:06:00.639 20	/var/lib/selinux/targeted/active/modules/100/pwauth
2026-01-22 00:06:00.641 20	/var/lib/selinux/targeted/active/modules/100/qatlib
2026-01-22 00:06:00.642 24	/var/lib/selinux/targeted/active/modules/100/qmail
2026-01-22 00:06:00.643 20	/var/lib/selinux/targeted/active/modules/100/qpid
2026-01-22 00:06:00.644 28	/var/lib/selinux/targeted/active/modules/100/quantum
2026-01-22 00:06:00.646 20	/var/lib/selinux/targeted/active/modules/100/quota
2026-01-22 00:06:00.647 24	/var/lib/selinux/targeted/active/modules/100/rabbitmq
2026-01-22 00:06:00.648 20	/var/lib/selinux/targeted/active/modules/100/radius
2026-01-22 00:06:00.649 20	/var/lib/selinux/targeted/active/modules/100/radvd
2026-01-22 00:06:00.651 20	/var/lib/selinux/targeted/active/modules/100/raid
2026-01-22 00:06:00.652 20	/var/lib/selinux/targeted/active/modules/100/rasdaemon
2026-01-22 00:06:00.653 20	/var/lib/selinux/targeted/active/modules/100/rdisc
2026-01-22 00:06:00.654 20	/var/lib/selinux/targeted/active/modules/100/readahead
2026-01-22 00:06:00.656 36	/var/lib/selinux/targeted/active/modules/100/realmd
2026-01-22 00:06:00.657 20	/var/lib/selinux/targeted/active/modules/100/redis
2026-01-22 00:06:00.658 20	/var/lib/selinux/targeted/active/modules/100/remotelogin
2026-01-22 00:06:00.659 24	/var/lib/selinux/targeted/active/modules/100/rhcd
2026-01-22 00:06:00.660 36	/var/lib/selinux/targeted/active/modules/100/rhcs
2026-01-22 00:06:00.662 28	/var/lib/selinux/targeted/active/modules/100/rhev
2026-01-22 00:06:00.663 20	/var/lib/selinux/targeted/active/modules/100/rhgb
2026-01-22 00:06:00.664 20	/var/lib/selinux/targeted/active/modules/100/rhnsd
2026-01-22 00:06:00.665 24	/var/lib/selinux/targeted/active/modules/100/rhsmcertd
2026-01-22 00:06:00.666 28	/var/lib/selinux/targeted/active/modules/100/ricci
2026-01-22 00:06:00.668 16	/var/lib/selinux/targeted/active/modules/100/rkhunter
2026-01-22 00:06:00.669 20	/var/lib/selinux/targeted/active/modules/100/rkt
2026-01-22 00:06:00.670 24	/var/lib/selinux/targeted/active/modules/100/rlogin
2026-01-22 00:06:00.671 20	/var/lib/selinux/targeted/active/modules/100/rngd
2026-01-22 00:06:00.673 20	/var/lib/selinux/targeted/active/modules/100/rolekit
2026-01-22 00:06:00.674 20	/var/lib/selinux/targeted/active/modules/100/roundup
2026-01-22 00:06:00.675 28	/var/lib/selinux/targeted/active/modules/100/rpc
2026-01-22 00:06:00.676 20	/var/lib/selinux/targeted/active/modules/100/rpcbind
2026-01-22 00:06:00.678 36	/var/lib/selinux/targeted/active/modules/100/rpm
2026-01-22 00:06:00.679 20	/var/lib/selinux/targeted/active/modules/100/rrdcached
2026-01-22 00:06:00.680 20	/var/lib/selinux/targeted/active/modules/100/rshd
2026-01-22 00:06:00.682 20	/var/lib/selinux/targeted/active/modules/100/rshim
2026-01-22 00:06:00.683 20	/var/lib/selinux/targeted/active/modules/100/rssh
2026-01-22 00:06:00.684 20	/var/lib/selinux/targeted/active/modules/100/rsync
2026-01-22 00:06:00.686 20	/var/lib/selinux/targeted/active/modules/100/rtas
2026-01-22 00:06:00.687 20	/var/lib/selinux/targeted/active/modules/100/rtkit
2026-01-22 00:06:00.689 20	/var/lib/selinux/targeted/active/modules/100/rwho
2026-01-22 00:06:00.690 48	/var/lib/selinux/targeted/active/modules/100/samba
2026-01-22 00:06:00.691 20	/var/lib/selinux/targeted/active/modules/100/sambagui
2026-01-22 00:06:00.692 28	/var/lib/selinux/targeted/active/modules/100/sandboxX
2026-01-22 00:06:00.694 20	/var/lib/selinux/targeted/active/modules/100/sanlock
2026-01-22 00:06:00.695 20	/var/lib/selinux/targeted/active/modules/100/sap
2026-01-22 00:06:00.696 20	/var/lib/selinux/targeted/active/modules/100/sasl
2026-01-22 00:06:00.697 20	/var/lib/selinux/targeted/active/modules/100/sbd
2026-01-22 00:06:00.699 20	/var/lib/selinux/targeted/active/modules/100/sblim
2026-01-22 00:06:00.700 20	/var/lib/selinux/targeted/active/modules/100/screen
2026-01-22 00:06:00.702 28	/var/lib/selinux/targeted/active/modules/100/secadm
2026-01-22 00:06:00.703 20	/var/lib/selinux/targeted/active/modules/100/sectoolm
2026-01-22 00:06:00.704 36	/var/lib/selinux/targeted/active/modules/100/selinuxutil
2026-01-22 00:06:00.705 28	/var/lib/selinux/targeted/active/modules/100/sendmail
2026-01-22 00:06:00.706 20	/var/lib/selinux/targeted/active/modules/100/sensord
2026-01-22 00:06:00.708 20	/var/lib/selinux/targeted/active/modules/100/setrans
2026-01-22 00:06:00.709 20	/var/lib/selinux/targeted/active/modules/100/setroubleshoot
2026-01-22 00:06:00.710 20	/var/lib/selinux/targeted/active/modules/100/seunshare
2026-01-22 00:06:00.711 28	/var/lib/selinux/targeted/active/modules/100/sge
2026-01-22 00:06:00.713 20	/var/lib/selinux/targeted/active/modules/100/shorewall
2026-01-22 00:06:00.714 20	/var/lib/selinux/targeted/active/modules/100/slocate
2026-01-22 00:06:00.715 20	/var/lib/selinux/targeted/active/modules/100/slpd
2026-01-22 00:06:00.717 20	/var/lib/selinux/targeted/active/modules/100/smartmon
2026-01-22 00:06:00.718 20	/var/lib/selinux/targeted/active/modules/100/smokeping
2026-01-22 00:06:00.719 20	/var/lib/selinux/targeted/active/modules/100/smoltclient
2026-01-22 00:06:00.720 20	/var/lib/selinux/targeted/active/modules/100/smsd
2026-01-22 00:06:00.722 20	/var/lib/selinux/targeted/active/modules/100/snapper
2026-01-22 00:06:00.723 20	/var/lib/selinux/targeted/active/modules/100/snmp
2026-01-22 00:06:00.724 20	/var/lib/selinux/targeted/active/modules/100/snort
2026-01-22 00:06:00.725 28	/var/lib/selinux/targeted/active/modules/100/sosreport
2026-01-22 00:06:00.727 20	/var/lib/selinux/targeted/active/modules/100/soundserver
2026-01-22 00:06:00.728 28	/var/lib/selinux/targeted/active/modules/100/spamassassin
2026-01-22 00:06:00.729 20	/var/lib/selinux/targeted/active/modules/100/speech-dispatcher
2026-01-22 00:06:00.730 28	/var/lib/selinux/targeted/active/modules/100/squid
2026-01-22 00:06:00.732 40	/var/lib/selinux/targeted/active/modules/100/ssh
2026-01-22 00:06:00.733 20	/var/lib/selinux/targeted/active/modules/100/sslh
2026-01-22 00:06:00.734 28	/var/lib/selinux/targeted/active/modules/100/sssd
2026-01-22 00:06:00.735 76	/var/lib/selinux/targeted/active/modules/100/staff
2026-01-22 00:06:00.737 20	/var/lib/selinux/targeted/active/modules/100/stalld
2026-01-22 00:06:00.738 20	/var/lib/selinux/targeted/active/modules/100/stapserver
2026-01-22 00:06:00.739 20	/var/lib/selinux/targeted/active/modules/100/stratisd
2026-01-22 00:06:00.740 20	/var/lib/selinux/targeted/active/modules/100/stunnel
2026-01-22 00:06:00.742 20	/var/lib/selinux/targeted/active/modules/100/su
2026-01-22 00:06:00.743 20	/var/lib/selinux/targeted/active/modules/100/sudo
2026-01-22 00:06:00.744 20	/var/lib/selinux/targeted/active/modules/100/svnserve
2026-01-22 00:06:00.746 20	/var/lib/selinux/targeted/active/modules/100/swift
2026-01-22 00:06:00.747 100	/var/lib/selinux/targeted/active/modules/100/sysadm
2026-01-22 00:06:00.748 20	/var/lib/selinux/targeted/active/modules/100/sysadm_secadm
2026-01-22 00:06:00.749 28	/var/lib/selinux/targeted/active/modules/100/sysnetwork
2026-01-22 00:06:00.751 20	/var/lib/selinux/targeted/active/modules/100/sysstat
2026-01-22 00:06:00.752 48	/var/lib/selinux/targeted/active/modules/100/systemd
2026-01-22 00:06:00.753 20	/var/lib/selinux/targeted/active/modules/100/tangd
2026-01-22 00:06:00.754 20	/var/lib/selinux/targeted/active/modules/100/targetd
2026-01-22 00:06:00.756 20	/var/lib/selinux/targeted/active/modules/100/tcpd
2026-01-22 00:06:00.757 20	/var/lib/selinux/targeted/active/modules/100/tcsd
2026-01-22 00:06:00.758 28	/var/lib/selinux/targeted/active/modules/100/telepathy
2026-01-22 00:06:00.759 20	/var/lib/selinux/targeted/active/modules/100/telnet
2026-01-22 00:06:00.761 20	/var/lib/selinux/targeted/active/modules/100/tftp
2026-01-22 00:06:00.762 20	/var/lib/selinux/targeted/active/modules/100/tgtd
2026-01-22 00:06:00.763 20	/var/lib/selinux/targeted/active/modules/100/thin
2026-01-22 00:06:00.764 20	/var/lib/selinux/targeted/active/modules/100/thumb
2026-01-22 00:06:00.766 20	/var/lib/selinux/targeted/active/modules/100/timedatex
2026-01-22 00:06:00.767 20	/var/lib/selinux/targeted/active/modules/100/tlp
2026-01-22 00:06:00.768 20	/var/lib/selinux/targeted/active/modules/100/tmpreaper
2026-01-22 00:06:00.770 28	/var/lib/selinux/targeted/active/modules/100/tomcat
2026-01-22 00:06:00.771 20	/var/lib/selinux/targeted/active/modules/100/tor
2026-01-22 00:06:00.772 28	/var/lib/selinux/targeted/active/modules/100/tuned
2026-01-22 00:06:00.773 20	/var/lib/selinux/targeted/active/modules/100/tvtime
2026-01-22 00:06:00.775 36	/var/lib/selinux/targeted/active/modules/100/udev
2026-01-22 00:06:00.776 20	/var/lib/selinux/targeted/active/modules/100/ulogd
2026-01-22 00:06:00.777 20	/var/lib/selinux/targeted/active/modules/100/uml
2026-01-22 00:06:00.779 20	/var/lib/selinux/targeted/active/modules/100/unconfined
2026-01-22 00:06:00.780 40	/var/lib/selinux/targeted/active/modules/100/unconfineduser
2026-01-22 00:06:00.781 16	/var/lib/selinux/targeted/active/modules/100/unlabelednet
2026-01-22 00:06:00.782 60	/var/lib/selinux/targeted/active/modules/100/unprivuser
2026-01-22 00:06:00.783 20	/var/lib/selinux/targeted/active/modules/100/updfstab
2026-01-22 00:06:00.785 20	/var/lib/selinux/targeted/active/modules/100/usbmodules
2026-01-22 00:06:00.786 20	/var/lib/selinux/targeted/active/modules/100/usbmuxd
2026-01-22 00:06:00.787 32	/var/lib/selinux/targeted/active/modules/100/userdomain
2026-01-22 00:06:00.789 20	/var/lib/selinux/targeted/active/modules/100/userhelper
2026-01-22 00:06:00.790 36	/var/lib/selinux/targeted/active/modules/100/usermanage
2026-01-22 00:06:00.791 20	/var/lib/selinux/targeted/active/modules/100/usernetctl
2026-01-22 00:06:00.792 20	/var/lib/selinux/targeted/active/modules/100/uucp
2026-01-22 00:06:00.794 20	/var/lib/selinux/targeted/active/modules/100/uuidd
2026-01-22 00:06:00.795 20	/var/lib/selinux/targeted/active/modules/100/varnishd
2026-01-22 00:06:00.796 20	/var/lib/selinux/targeted/active/modules/100/vdagent
2026-01-22 00:06:00.797 20	/var/lib/selinux/targeted/active/modules/100/vhostmd
2026-01-22 00:06:00.799 64	/var/lib/selinux/targeted/active/modules/100/virt
2026-01-22 00:06:00.800 20	/var/lib/selinux/targeted/active/modules/100/vlock
2026-01-22 00:06:00.801 28	/var/lib/selinux/targeted/active/modules/100/vmtools
2026-01-22 00:06:00.803 28	/var/lib/selinux/targeted/active/modules/100/vmware
2026-01-22 00:06:00.804 20	/var/lib/selinux/targeted/active/modules/100/vnstatd
2026-01-22 00:06:00.805 20	/var/lib/selinux/targeted/active/modules/100/vpn
2026-01-22 00:06:00.806 20	/var/lib/selinux/targeted/active/modules/100/w3c
2026-01-22 00:06:00.808 28	/var/lib/selinux/targeted/active/modules/100/watchdog
2026-01-22 00:06:00.809 20	/var/lib/selinux/targeted/active/modules/100/wdmd
2026-01-22 00:06:00.810 28	/var/lib/selinux/targeted/active/modules/100/webadm
2026-01-22 00:06:00.812 20	/var/lib/selinux/targeted/active/modules/100/webalizer
2026-01-22 00:06:00.813 20	/var/lib/selinux/targeted/active/modules/100/wine
2026-01-22 00:06:00.814 20	/var/lib/selinux/targeted/active/modules/100/wireguard
2026-01-22 00:06:00.815 20	/var/lib/selinux/targeted/active/modules/100/wireshark
2026-01-22 00:06:00.817 28	/var/lib/selinux/targeted/active/modules/100/xen
2026-01-22 00:06:00.818 40	/var/lib/selinux/targeted/active/modules/100/xguest
2026-01-22 00:06:00.819 60	/var/lib/selinux/targeted/active/modules/100/xserver
2026-01-22 00:06:00.821 28	/var/lib/selinux/targeted/active/modules/100/zabbix
2026-01-22 00:06:00.822 20	/var/lib/selinux/targeted/active/modules/100/zarafa
2026-01-22 00:06:00.823 20	/var/lib/selinux/targeted/active/modules/100/zebra
2026-01-22 00:06:00.825 20	/var/lib/selinux/targeted/active/modules/100/zoneminder
2026-01-22 00:06:00.826 20	/var/lib/selinux/targeted/active/modules/100/zosremote
2026-01-22 00:06:00.827 10144	/var/lib/selinux/targeted/active/modules/100
2026-01-22 00:06:00.828 12	/var/lib/selinux/targeted/active/modules/200/ec2-instance-connect
2026-01-22 00:06:00.829 64	/var/lib/selinux/targeted/active/modules/200/container
2026-01-22 00:06:00.831 76	/var/lib/selinux/targeted/active/modules/200
2026-01-22 00:06:00.832 0	/var/lib/selinux/targeted/active/modules/disabled
2026-01-22 00:06:00.833 10220	/var/lib/selinux/targeted/active/modules
2026-01-22 00:06:00.835 17824	/var/lib/selinux/targeted/active
2026-01-22 00:06:00.836 17824	/var/lib/selinux/targeted
2026-01-22 00:06:00.837 0	/var/lib/selinux/final
2026-01-22 00:06:00.838 17824	/var/lib/selinux
2026-01-22 00:06:00.840 232	/var/lib/systemd/catalog
2026-01-22 00:06:00.841 0	/var/lib/systemd/coredump
2026-01-22 00:06:00.842 0	/var/lib/systemd/pstore
2026-01-22 00:06:00.843 0	/var/lib/systemd/timers
2026-01-22 00:06:00.844 0	/var/lib/systemd/home
2026-01-22 00:06:00.846 0	/var/lib/systemd/linger
2026-01-22 00:06:00.847 236	/var/lib/systemd
2026-01-22 00:06:00.848 0	/var/lib/portables
2026-01-22 00:06:00.849 0	/var/lib/private
2026-01-22 00:06:00.851 0	/var/lib/initramfs
2026-01-22 00:06:00.852 0	/var/lib/os-prober
2026-01-22 00:06:00.853 0	/var/lib/gssproxy/clients
2026-01-22 00:06:00.854 0	/var/lib/gssproxy/rcache
2026-01-22 00:06:00.856 0	/var/lib/gssproxy
2026-01-22 00:06:00.857 4	/var/lib/logrotate
2026-01-22 00:06:00.858 1256	/var/lib/sss/db
2026-01-22 00:06:00.859 0	/var/lib/sss/deskprofile
2026-01-22 00:06:00.860 0	/var/lib/sss/gpo_cache
2026-01-22 00:06:00.862 0	/var/lib/sss/mc
2026-01-22 00:06:00.863 0	/var/lib/sss/pipes/private
2026-01-22 00:06:00.864 0	/var/lib/sss/pipes
2026-01-22 00:06:00.866 0	/var/lib/sss/pubconf
2026-01-22 00:06:00.867 0	/var/lib/sss/secrets
2026-01-22 00:06:00.868 1256	/var/lib/sss
2026-01-22 00:06:00.869 4	/var/lib/chrony
2026-01-22 00:06:00.870 0	/var/lib/cloud
2026-01-22 00:06:00.872 0	/var/lib/kpatch
2026-01-22 00:06:00.873 0	/var/lib/nfs/rpc_pipefs
2026-01-22 00:06:00.874 0	/var/lib/nfs/statd/sm
2026-01-22 00:06:00.876 0	/var/lib/nfs/statd/sm.bak
2026-01-22 00:06:00.877 0	/var/lib/nfs/statd
2026-01-22 00:06:00.878 0	/var/lib/nfs/v4recovery
2026-01-22 00:06:00.879 0	/var/lib/nfs
2026-01-22 00:06:00.881 0	/var/lib/hibinit-agent
2026-01-22 00:06:00.882 0	/var/lib/xfsdump/inventory
2026-01-22 00:06:00.883 0	/var/lib/xfsdump
2026-01-22 00:06:00.884 0	/var/lib/amazon/ssm/ipc
2026-01-22 00:06:00.886 4	/var/lib/amazon/ssm/runtimeconfig
2026-01-22 00:06:00.887 4	/var/lib/amazon/ssm/Vault/Store
2026-01-22 00:06:00.888 8	/var/lib/amazon/ssm/Vault
2026-01-22 00:06:00.889 4	/var/lib/amazon/ssm/dynamicconfig
2026-01-22 00:06:00.891 0	/var/lib/amazon/ssm/localcommands/completed
2026-01-22 00:06:00.892 0	/var/lib/amazon/ssm/localcommands
2026-01-22 00:06:00.893 0	/var/lib/amazon/ssm/daemons
2026-01-22 00:06:00.894 0	/var/lib/amazon/ssm/i-04211d47fc32133ec/document/state/pending
2026-01-22 00:06:00.896 0	/var/lib/amazon/ssm/i-04211d47fc32133ec/document/state/current
2026-01-22 00:06:00.897 0	/var/lib/amazon/ssm/i-04211d47fc32133ec/document/state/completed
2026-01-22 00:06:00.898 0	/var/lib/amazon/ssm/i-04211d47fc32133ec/document/state/corrupt
2026-01-22 00:06:00.899 0	/var/lib/amazon/ssm/i-04211d47fc32133ec/document/state
2026-01-22 00:06:00.901 0	/var/lib/amazon/ssm/i-04211d47fc32133ec/document/orchestration/d89cea78-17ad-417b-b405-d789374dbf56/awsrunShellScript/CollectRunningKernel
2026-01-22 00:06:00.902 0	/var/lib/amazon/ssm/i-04211d47fc32133ec/document/orchestration/d89cea78-17ad-417b-b405-d789374dbf56/awsrunShellScript
2026-01-22 00:06:00.904 4	/var/lib/amazon/ssm/i-04211d47fc32133ec/document/orchestration/d89cea78-17ad-417b-b405-d789374dbf56/CollectRunningKernel
2026-01-22 00:06:00.905 4	/var/lib/amazon/ssm/i-04211d47fc32133ec/document/orchestration/d89cea78-17ad-417b-b405-d789374dbf56
2026-01-22 00:06:00.906 8	/var/lib/amazon/ssm/i-04211d47fc32133ec/document/orchestration/dc27f838-64de-4fe5-8ddc-61c5f2b05cfa/2025-12-04T17-07-57.169Z/awssoftwareInventory/collectSoftwareInventoryItems
2026-01-22 00:06:00.907 8	/var/lib/amazon/ssm/i-04211d47fc32133ec/document/orchestration/dc27f838-64de-4fe5-8ddc-61c5f2b05cfa/2025-12-04T17-07-57.169Z/awssoftwareInventory
2026-01-22 00:06:00.909 8	/var/lib/amazon/ssm/i-04211d47fc32133ec/document/orchestration/dc27f838-64de-4fe5-8ddc-61c5f2b05cfa/2025-12-04T17-07-57.169Z
2026-01-22 00:06:00.910 8	/var/lib/amazon/ssm/i-04211d47fc32133ec/document/orchestration/dc27f838-64de-4fe5-8ddc-61c5f2b05cfa
2026-01-22 00:06:00.911 12	/var/lib/amazon/ssm/i-04211d47fc32133ec/document/orchestration/01ef8244-a57b-48be-9c4c-deb4939b6ecd/awsrunShellScript/0.awsrunShellScript
2026-01-22 00:06:00.913 12	/var/lib/amazon/ssm/i-04211d47fc32133ec/document/orchestration/01ef8244-a57b-48be-9c4c-deb4939b6ecd/awsrunShellScript
2026-01-22 00:06:00.914 12	/var/lib/amazon/ssm/i-04211d47fc32133ec/document/orchestration/01ef8244-a57b-48be-9c4c-deb4939b6ecd
2026-01-22 00:06:00.916 20	/var/lib/amazon/ssm/i-04211d47fc32133ec/document/orchestration/033c19c1-0d59-409c-b25a-fe2dda45cc6a/awsrunShellScript/0.awsrunShellScript
2026-01-22 00:06:00.917 20	/var/lib/amazon/ssm/i-04211d47fc32133ec/document/orchestration/033c19c1-0d59-409c-b25a-fe2dda45cc6a/awsrunShellScript
2026-01-22 00:06:00.918 20	/var/lib/amazon/ssm/i-04211d47fc32133ec/document/orchestration/033c19c1-0d59-409c-b25a-fe2dda45cc6a
2026-01-22 00:06:00.919 0	/var/lib/amazon/ssm/i-04211d47fc32133ec/document/orchestration/6b64b251-67da-4590-bb67-b1de12c49db4/awsrefreshAssociation/refreshAssociation
2026-01-22 00:06:00.921 8	/var/lib/amazon/ssm/i-04211d47fc32133ec/document/orchestration/6b64b251-67da-4590-bb67-b1de12c49db4/awsrefreshAssociation
2026-01-22 00:06:00.922 8	/var/lib/amazon/ssm/i-04211d47fc32133ec/document/orchestration/6b64b251-67da-4590-bb67-b1de12c49db4
2026-01-22 00:06:00.923 8	/var/lib/amazon/ssm/i-04211d47fc32133ec/document/orchestration/616662fb-c3ff-43e2-a46a-5ffdae323a65/2025-12-04T17-17-21.211Z/awssoftwareInventory/collectSoftwareInventoryItems
2026-01-22 00:06:00.925 8	/var/lib/amazon/ssm/i-04211d47fc32133ec/document/orchestration/616662fb-c3ff-43e2-a46a-5ffdae323a65/2025-12-04T17-17-21.211Z/awssoftwareInventory
2026-01-22 00:06:00.926 8	/var/lib/amazon/ssm/i-04211d47fc32133ec/document/orchestration/616662fb-c3ff-43e2-a46a-5ffdae323a65/2025-12-04T17-17-21.211Z
2026-01-22 00:06:00.928 8	/var/lib/amazon/ssm/i-04211d47fc32133ec/document/orchestration/616662fb-c3ff-43e2-a46a-5ffdae323a65/2025-12-04T17-17-48.998Z/awssoftwareInventory/collectSoftwareInventoryItems
2026-01-22 00:06:00.929 8	/var/lib/amazon/ssm/i-04211d47fc32133ec/document/orchestration/616662fb-c3ff-43e2-a46a-5ffdae323a65/2025-12-04T17-17-48.998Z/awssoftwareInventory
2026-01-22 00:06:00.930 8	/var/lib/amazon/ssm/i-04211d47fc32133ec/document/orchestration/616662fb-c3ff-43e2-a46a-5ffdae323a65/2025-12-04T17-17-48.998Z
2026-01-22 00:06:00.931 16	/var/lib/amazon/ssm/i-04211d47fc32133ec/document/orchestration/616662fb-c3ff-43e2-a46a-5ffdae323a65
2026-01-22 00:06:00.933 28	/var/lib/amazon/ssm/i-04211d47fc32133ec/document/orchestration/2f29f763-02b6-4bea-a38b-c1104c73b5f0/awsrunShellScript/0.awsrunShellScript
2026-01-22 00:06:00.934 28	/var/lib/amazon/ssm/i-04211d47fc32133ec/document/orchestration/2f29f763-02b6-4bea-a38b-c1104c73b5f0/awsrunShellScript
2026-01-22 00:06:00.935 28	/var/lib/amazon/ssm/i-04211d47fc32133ec/document/orchestration/2f29f763-02b6-4bea-a38b-c1104c73b5f0
2026-01-22 00:06:00.936 112	/var/lib/amazon/ssm/i-04211d47fc32133ec/document/orchestration
2026-01-22 00:06:00.938 112	/var/lib/amazon/ssm/i-04211d47fc32133ec/document
2026-01-22 00:06:00.939 0	/var/lib/amazon/ssm/i-04211d47fc32133ec/longrunningplugins/datastore
2026-01-22 00:06:00.940 0	/var/lib/amazon/ssm/i-04211d47fc32133ec/longrunningplugins/healthcheck
2026-01-22 00:06:00.942 0	/var/lib/amazon/ssm/i-04211d47fc32133ec/longrunningplugins
2026-01-22 00:06:00.943 0	/var/lib/amazon/ssm/i-04211d47fc32133ec/replies
2026-01-22 00:06:00.944 0	/var/lib/amazon/ssm/i-04211d47fc32133ec/replies_mgs
2026-01-22 00:06:00.945 4	/var/lib/amazon/ssm/i-04211d47fc32133ec/inventory/custom
2026-01-22 00:06:00.946 0	/var/lib/amazon/ssm/i-04211d47fc32133ec/inventory/file
2026-01-22 00:06:00.948 0	/var/lib/amazon/ssm/i-04211d47fc32133ec/inventory/role
2026-01-22 00:06:00.949 8	/var/lib/amazon/ssm/i-04211d47fc32133ec/inventory
2026-01-22 00:06:00.950 0	/var/lib/amazon/ssm/i-04211d47fc32133ec/idempotency/SendCommand/d89cea78-17ad-417b-b405-d789374dbf56
2026-01-22 00:06:00.952 0	/var/lib/amazon/ssm/i-04211d47fc32133ec/idempotency/SendCommand/01ef8244-a57b-48be-9c4c-deb4939b6ecd
2026-01-22 00:06:00.953 0	/var/lib/amazon/ssm/i-04211d47fc32133ec/idempotency/SendCommand/033c19c1-0d59-409c-b25a-fe2dda45cc6a
2026-01-22 00:06:00.955 0	/var/lib/amazon/ssm/i-04211d47fc32133ec/idempotency/SendCommand/6b64b251-67da-4590-bb67-b1de12c49db4
2026-01-22 00:06:00.956 0	/var/lib/amazon/ssm/i-04211d47fc32133ec/idempotency/SendCommand/2f29f763-02b6-4bea-a38b-c1104c73b5f0
2026-01-22 00:06:00.957 16	/var/lib/amazon/ssm/i-04211d47fc32133ec/idempotency/SendCommand
2026-01-22 00:06:00.958 16	/var/lib/amazon/ssm/i-04211d47fc32133ec/idempotency
2026-01-22 00:06:00.960 0	/var/lib/amazon/ssm/i-04211d47fc32133ec/channels
2026-01-22 00:06:00.961 136	/var/lib/amazon/ssm/i-04211d47fc32133ec
2026-01-22 00:06:00.962 152	/var/lib/amazon/ssm
2026-01-22 00:06:00.964 152	/var/lib/amazon
2026-01-22 00:06:00.965 0	/var/lib/update-motd
2026-01-22 00:06:00.966 36352	/var/lib/rpm
2026-01-22 00:06:00.968 0	/var/lib/polkit-1/localauthority/10-vendor.d
2026-01-22 00:06:00.969 0	/var/lib/polkit-1/localauthority/20-org.d
2026-01-22 00:06:00.970 0	/var/lib/polkit-1/localauthority/30-site.d
2026-01-22 00:06:00.971 0	/var/lib/polkit-1/localauthority/50-local.d
2026-01-22 00:06:00.973 0	/var/lib/polkit-1/localauthority/90-mandatory.d
2026-01-22 00:06:00.974 0	/var/lib/polkit-1/localauthority
2026-01-22 00:06:00.975 0	/var/lib/polkit-1
2026-01-22 00:06:00.977 0	/var/lib/geoclue
2026-01-22 00:06:00.978 2328	/var/lib/texmf/web2c/luatex
2026-01-22 00:06:00.979 2340	/var/lib/texmf/web2c
2026-01-22 00:06:00.980 112	/var/lib/texmf/fonts/map/dvips/updmap
2026-01-22 00:06:00.982 112	/var/lib/texmf/fonts/map/dvips
2026-01-22 00:06:00.983 44	/var/lib/texmf/fonts/map/pdftex/updmap
2026-01-22 00:06:00.984 44	/var/lib/texmf/fonts/map/pdftex
2026-01-22 00:06:00.986 4	/var/lib/texmf/fonts/map/dvipdfmx/updmap
2026-01-22 00:06:00.987 4	/var/lib/texmf/fonts/map/dvipdfmx
2026-01-22 00:06:00.988 160	/var/lib/texmf/fonts/map
2026-01-22 00:06:00.990 160	/var/lib/texmf/fonts
2026-01-22 00:06:00.991 2504	/var/lib/texmf
2026-01-22 00:06:00.992 0	/var/lib/bigtop
2026-01-22 00:06:00.994 0	/var/lib/zookeeper
2026-01-22 00:06:00.995 0	/var/lib/trocla
2026-01-22 00:06:00.996 0	/var/lib/aws/emr/step-runner/hadoop-jars
2026-01-22 00:06:00.997 0	/var/lib/aws/emr/step-runner
2026-01-22 00:06:00.999 4	/var/lib/aws/emr
2026-01-22 00:06:01.000 4	/var/lib/aws
2026-01-22 00:06:01.001 0	/var/lib/dnsmasq
2026-01-22 00:06:01.003 0	/var/lib/provision-node
2026-01-22 00:06:01.004 0	/var/lib/containerd
2026-01-22 00:06:01.005 0	/var/lib/hadoop-yarn/cache
2026-01-22 00:06:01.007 0	/var/lib/hadoop-yarn
2026-01-22 00:06:01.008 0	/var/lib/hadoop-mapreduce/cache
2026-01-22 00:06:01.009 0	/var/lib/hadoop-mapreduce
2026-01-22 00:06:01.010 0	/var/lib/hadoop-hdfs/cache
2026-01-22 00:06:01.012 0	/var/lib/hadoop-hdfs
2026-01-22 00:06:01.013 0	/var/lib/hadoop-httpfs
2026-01-22 00:06:01.014 0	/var/lib/docker
2026-01-22 00:06:01.016 0	/var/lib/hadoop-kms/cache
2026-01-22 00:06:01.017 0	/var/lib/hadoop-kms
2026-01-22 00:06:01.018 0	/var/lib/upower
2026-01-22 00:06:01.019 0	/var/lib/setup-devices
2026-01-22 00:06:01.021 62752	/var/lib
2026-01-22 00:06:01.022 62752	total
2026-01-22 00:06:01.023 + lsof
2026-01-22 00:06:01.024 + awk '{print $9}'
2026-01-22 00:06:01.026 + grep '^/var/lib'
2026-01-22 00:06:01.027 + true
2026-01-22 00:06:01.028 + mkdir -p /mnt/var/lib
2026-01-22 00:06:01.030 + mv /var/lib /var/lib.old
2026-01-22 00:06:01.031 + ln -nsf /mnt/var/lib -T /var/lib
2026-01-22 00:06:01.032 + rsync -a /var/lib.old/ /mnt/var/lib
2026-01-22 00:06:02.659 + rm -Rf /var/lib.old
2026-01-22 00:06:02.699 + echo 'Moved directory to ephemeral: /var/lib'
2026-01-22 00:06:02.700 Moved directory to ephemeral: /var/lib
2026-01-22 00:06:02.701 + restart_proc_that_can_have_open_files_in_var_lib_dir
2026-01-22 00:06:02.703 + restart_proc_if_running dhclient 'service network restart'
2026-01-22 00:06:02.704 + pgrep -x dhclient
2026-01-22 00:06:02.706 + echo 'Not restarting dhclient as it isn'\''t running.'
2026-01-22 00:06:02.707 Not restarting dhclient as it isn't running.
2026-01-22 00:06:02.709 + print_deleted_files_in_old_dir /var/lib
2026-01-22 00:06:02.710 + echo 'Dumping remaining open deleted files in old /var/lib directory:'
2026-01-22 00:06:02.711 Dumping remaining open deleted files in old /var/lib directory:
2026-01-22 00:06:02.713 + lsof_deleted_files_in_old_dir /var/lib
2026-01-22 00:06:02.714 + lsof
2026-01-22 00:06:02.715 + grep '(deleted)'
2026-01-22 00:06:02.716 + grep /var/lib.old
2026-01-22 00:06:02.866 + true
2026-01-22 00:06:02.868 + echo 'Dump complete, any output indicates potential lost file.'
2026-01-22 00:06:02.869 Dump complete, any output indicates potential lost file.
2026-01-22 00:06:02.870 
2026-01-22 00:06:02.872 real	0m2.879s
2026-01-22 00:06:02.873 user	0m0.210s
2026-01-22 00:06:02.874 sys	0m0.297s
