2026-01-22 00:05:59.615 + setup_var_log_dir
2026-01-22 00:05:59.617 + target_dir=/var/log
2026-01-22 00:05:59.618 + move_to_ephemeral /var/log
2026-01-22 00:05:59.619 + echo 'Moving directory to ephemeral: /var/log'
2026-01-22 00:05:59.620 Moving directory to ephemeral: /var/log
2026-01-22 00:05:59.621 + ls -l /var/log
2026-01-22 00:05:59.655 total 4
2026-01-22 00:05:59.657 lrwxrwxrwx. 1 root      root             39 Nov 17 07:08 README -> ../../usr/share/doc/systemd/README.logs
2026-01-22 00:05:59.659 drwxr-xr-x. 2 root      root              6 Dec  4 17:20 amazon
2026-01-22 00:05:59.661 drwx------. 2 root      root             23 Jan 22 00:05 audit
2026-01-22 00:05:59.663 -rw-rw----. 1 root      utmp              0 Nov 17 07:08 btmp
2026-01-22 00:05:59.665 drwxr-x---. 2 chrony    chrony            6 Dec  4 17:12 chrony
2026-01-22 00:05:59.667 drwxrwxr-x. 2 hdfs      hadoop            6 Nov 26 23:35 hadoop-hdfs
2026-01-22 00:05:59.668 drwxrwxr-x. 2 httpfs    httpfs            6 Nov 26 23:35 hadoop-httpfs
2026-01-22 00:05:59.670 drwxrwxr-x. 2 kms       hadoop            6 Nov 26 23:35 hadoop-kms
2026-01-22 00:05:59.672 drwxrwxr-x. 2 mapred    hadoop            6 Nov 26 23:35 hadoop-mapreduce
2026-01-22 00:05:59.674 drwxrwxr-x. 2 yarn      hadoop            6 Nov 26 23:35 hadoop-yarn
2026-01-22 00:05:59.675 drwxr-sr-x+ 3 root      systemd-journal  46 Dec  4 17:20 journal
2026-01-22 00:05:59.677 -rw-rw-r--. 1 root      utmp              0 Nov 17 07:08 lastlog
2026-01-22 00:05:59.678 drwxr-xr-x. 2 root      root             32 Jan 22 00:05 mk-tmp-on-root
2026-01-22 00:05:59.680 drwx------. 2 root      root              6 Nov 17 07:08 private
2026-01-22 00:05:59.681 drwx------. 2 hadoop    hadoop            6 Dec  3 23:48 provision-node
2026-01-22 00:05:59.683 drwxr-xr-x. 3 root      root             20 Dec  4 17:14 puppetlabs
2026-01-22 00:05:59.684 drwxr-xr-x. 2 root      root             18 Jan 22 00:05 sa
2026-01-22 00:05:59.685 drwxr-x---. 2 root      root              6 Oct 17 22:54 sssd
2026-01-22 00:05:59.687 -rw-------. 1 root      root              0 Nov 17 07:08 tallylog
2026-01-22 00:05:59.688 -rw-rw-r--. 1 root      utmp            384 Jan 22 00:05 wtmp
2026-01-22 00:05:59.690 drwxr-xr-x. 2 zookeeper zookeeper         6 Dec  4 17:13 zookeeper
2026-01-22 00:05:59.691 + du -c /var/log
2026-01-22 00:05:59.693 11796	/var/log/journal/ec276fc410ae8f3bf6c5605dc1bcdbc7
2026-01-22 00:05:59.694 11796	/var/log/journal
2026-01-22 00:05:59.695 0	/var/log/private
2026-01-22 00:05:59.697 0	/var/log/sssd
2026-01-22 00:05:59.698 0	/var/log/chrony
2026-01-22 00:05:59.699 0	/var/log/amazon
2026-01-22 00:05:59.700 16	/var/log/audit
2026-01-22 00:05:59.702 4	/var/log/sa
2026-01-22 00:05:59.704 0	/var/log/zookeeper
2026-01-22 00:05:59.706 0	/var/log/puppetlabs/puppet
2026-01-22 00:05:59.708 0	/var/log/puppetlabs
2026-01-22 00:05:59.710 0	/var/log/provision-node
2026-01-22 00:05:59.711 0	/var/log/hadoop-yarn
2026-01-22 00:05:59.713 0	/var/log/hadoop-mapreduce
2026-01-22 00:05:59.714 0	/var/log/hadoop-hdfs
2026-01-22 00:05:59.715 0	/var/log/hadoop-httpfs
2026-01-22 00:05:59.717 0	/var/log/hadoop-kms
2026-01-22 00:05:59.718 4	/var/log/mk-tmp-on-root
2026-01-22 00:05:59.719 11840	/var/log
2026-01-22 00:05:59.721 11840	total
2026-01-22 00:05:59.722 + lsof
2026-01-22 00:05:59.723 + awk '{print $9}'
2026-01-22 00:05:59.724 + grep '^/var/log'
2026-01-22 00:05:59.808 /var/log/journal/ec276fc410ae8f3bf6c5605dc1bcdbc7/system.journal
2026-01-22 00:05:59.809 /var/log/journal/ec276fc410ae8f3bf6c5605dc1bcdbc7/system.journal
2026-01-22 00:05:59.810 /var/log/audit/audit.log
2026-01-22 00:05:59.812 + mkdir -p /mnt/var/log
2026-01-22 00:05:59.813 + mv /var/log /var/log.old
2026-01-22 00:05:59.814 + ln -nsf /mnt/var/log -T /var/log
2026-01-22 00:05:59.816 + rsync -a /var/log.old/ /mnt/var/log
2026-01-22 00:05:59.878 + rm -Rf /var/log.old
2026-01-22 00:05:59.881 + echo 'Moved directory to ephemeral: /var/log'
2026-01-22 00:05:59.882 Moved directory to ephemeral: /var/log
2026-01-22 00:05:59.883 + restart_proc_that_can_have_open_files_in_var_log_dir
2026-01-22 00:05:59.885 + restart_proc_if_enabled auditd 'systemctl start auditd'
2026-01-22 00:05:59.886 + systemctl is-enabled auditd
2026-01-22 00:05:59.889 + echo 'Restarting auditd.'
2026-01-22 00:05:59.890 Restarting auditd.
2026-01-22 00:05:59.891 + systemctl start auditd
2026-01-22 00:05:59.895 + echo 'Restart of auditd completed.'
2026-01-22 00:05:59.897 Restart of auditd completed.
2026-01-22 00:05:59.898 + restart_proc_if_running rsyslogd 'systemctl restart rsyslog'
2026-01-22 00:05:59.899 + pgrep -x rsyslogd
2026-01-22 00:05:59.903 + echo 'Not restarting rsyslogd as it isn'\''t running.'
2026-01-22 00:05:59.905 Not restarting rsyslogd as it isn't running.
2026-01-22 00:05:59.906 + print_deleted_files_in_old_dir /var/log
2026-01-22 00:05:59.907 + echo 'Dumping remaining open deleted files in old /var/log directory:'
2026-01-22 00:05:59.909 Dumping remaining open deleted files in old /var/log directory:
2026-01-22 00:05:59.910 + lsof_deleted_files_in_old_dir /var/log
2026-01-22 00:05:59.911 + lsof
2026-01-22 00:05:59.912 + grep '(deleted)'
2026-01-22 00:05:59.913 + grep /var/log.old
2026-01-22 00:05:59.975 systemd-j 1041                           root   16u      REG              259,3   8388608    8529812 /var/log.old/journal/ec276fc410ae8f3bf6c5605dc1bcdbc7/system.journal (deleted)
2026-01-22 00:05:59.976 auditd    1617                           root    5w      REG              259,3     13681    1194089 /var/log.old/audit/audit.log (deleted)
2026-01-22 00:05:59.977 auditd    1617 1618 auditd               root    5w      REG              259,3     13681    1194089 /var/log.old/audit/audit.log (deleted)
2026-01-22 00:05:59.979 + echo 'Dump complete, any output indicates potential lost file.'
2026-01-22 00:05:59.980 Dump complete, any output indicates potential lost file.
2026-01-22 00:05:59.981 
2026-01-22 00:05:59.982 real	0m0.360s
2026-01-22 00:05:59.984 user	0m0.120s
2026-01-22 00:05:59.985 sys	0m0.105s
