2026-01-22 00:05:59.345 + setup_tmp_dir
2026-01-22 00:05:59.347 ++ readlink /tmp
2026-01-22 00:05:59.348 + [[ '' == \/\m\n\t\/\t\m\p ]]
2026-01-22 00:05:59.349 ++ readlink /mnt/tmp
2026-01-22 00:05:59.351 + [[ '' == \/\t\m\p ]]
2026-01-22 00:05:59.352 ++ findmnt -rno TARGET /tmp
2026-01-22 00:05:59.354 + [[ -n '' ]]
2026-01-22 00:05:59.355 + [[ -e /mnt/tmp ]]
2026-01-22 00:05:59.356 + move_to_ephemeral /tmp
2026-01-22 00:05:59.358 + echo 'Moving directory to ephemeral: /tmp'
2026-01-22 00:05:59.360 Moving directory to ephemeral: /tmp
2026-01-22 00:05:59.361 + ls -l /tmp
2026-01-22 00:05:59.362 total 0
2026-01-22 00:05:59.364 drwxr-xr-x. 2 root root  6 Jan 22 00:05 hsperfdata_root
2026-01-22 00:05:59.365 drwx------. 3 root root 17 Jan 22 00:05 systemd-private-0ee8d6892907441994ac7a8a9484f438-dbus-broker.service-yISqWi
2026-01-22 00:05:59.366 drwx------. 3 root root 17 Jan 22 00:05 systemd-private-0ee8d6892907441994ac7a8a9484f438-policy-routes@ens5.service-fjNTz4
2026-01-22 00:05:59.367 drwx------. 3 root root 17 Jan 22 00:05 systemd-private-0ee8d6892907441994ac7a8a9484f438-polkit.service-a8JSOz
2026-01-22 00:05:59.369 drwx------. 3 root root 17 Jan 22 00:05 systemd-private-0ee8d6892907441994ac7a8a9484f438-rtkit-daemon.service-qTUghe
2026-01-22 00:05:59.370 drwx------. 3 root root 17 Jan 22 00:05 systemd-private-0ee8d6892907441994ac7a8a9484f438-systemd-logind.service-R26Yet
2026-01-22 00:05:59.372 drwx------. 3 root root 17 Jan 22 00:05 systemd-private-0ee8d6892907441994ac7a8a9484f438-systemd-resolved.service-EWr9Gk
2026-01-22 00:05:59.373 drwx------. 3 root root 17 Jan 22 00:05 systemd-private-0ee8d6892907441994ac7a8a9484f438-upower.service-cgXVhU
2026-01-22 00:05:59.374 + du -c /tmp
2026-01-22 00:05:59.376 0	/tmp/.X11-unix
2026-01-22 00:05:59.377 0	/tmp/.ICE-unix
2026-01-22 00:05:59.378 0	/tmp/.XIM-unix
2026-01-22 00:05:59.379 0	/tmp/.font-unix
2026-01-22 00:05:59.381 0	/tmp/systemd-private-0ee8d6892907441994ac7a8a9484f438-systemd-resolved.service-EWr9Gk/tmp
2026-01-22 00:05:59.382 0	/tmp/systemd-private-0ee8d6892907441994ac7a8a9484f438-systemd-resolved.service-EWr9Gk
2026-01-22 00:05:59.383 0	/tmp/systemd-private-0ee8d6892907441994ac7a8a9484f438-dbus-broker.service-yISqWi/tmp
2026-01-22 00:05:59.385 0	/tmp/systemd-private-0ee8d6892907441994ac7a8a9484f438-dbus-broker.service-yISqWi
2026-01-22 00:05:59.386 0	/tmp/systemd-private-0ee8d6892907441994ac7a8a9484f438-policy-routes@ens5.service-fjNTz4/tmp
2026-01-22 00:05:59.387 0	/tmp/systemd-private-0ee8d6892907441994ac7a8a9484f438-policy-routes@ens5.service-fjNTz4
2026-01-22 00:05:59.388 0	/tmp/systemd-private-0ee8d6892907441994ac7a8a9484f438-rtkit-daemon.service-qTUghe/tmp
2026-01-22 00:05:59.390 0	/tmp/systemd-private-0ee8d6892907441994ac7a8a9484f438-rtkit-daemon.service-qTUghe
2026-01-22 00:05:59.391 0	/tmp/systemd-private-0ee8d6892907441994ac7a8a9484f438-systemd-logind.service-R26Yet/tmp
2026-01-22 00:05:59.392 0	/tmp/systemd-private-0ee8d6892907441994ac7a8a9484f438-systemd-logind.service-R26Yet
2026-01-22 00:05:59.394 0	/tmp/systemd-private-0ee8d6892907441994ac7a8a9484f438-upower.service-cgXVhU/tmp
2026-01-22 00:05:59.395 0	/tmp/systemd-private-0ee8d6892907441994ac7a8a9484f438-upower.service-cgXVhU
2026-01-22 00:05:59.396 0	/tmp/systemd-private-0ee8d6892907441994ac7a8a9484f438-polkit.service-a8JSOz/tmp
2026-01-22 00:05:59.398 0	/tmp/systemd-private-0ee8d6892907441994ac7a8a9484f438-polkit.service-a8JSOz
2026-01-22 00:05:59.399 0	/tmp/hsperfdata_root
2026-01-22 00:05:59.400 16	/tmp
2026-01-22 00:05:59.401 16	total
2026-01-22 00:05:59.403 + lsof
2026-01-22 00:05:59.404 + awk '{print $9}'
2026-01-22 00:05:59.405 + grep '^/tmp'
2026-01-22 00:05:59.487 + true
2026-01-22 00:05:59.488 + mkdir -p /mnt/tmp
2026-01-22 00:05:59.490 + mv /tmp /tmp.old
2026-01-22 00:05:59.491 + ln -nsf /mnt/tmp -T /tmp
2026-01-22 00:05:59.492 + rsync -a /tmp.old/ /mnt/tmp
2026-01-22 00:05:59.597 + rm -Rf /tmp.old
2026-01-22 00:05:59.599 + echo 'Moved directory to ephemeral: /tmp'
2026-01-22 00:05:59.600 Moved directory to ephemeral: /tmp
2026-01-22 00:05:59.601 
2026-01-22 00:05:59.602 real	0m0.254s
2026-01-22 00:05:59.604 user	0m0.056s
2026-01-22 00:05:59.605 sys	0m0.051s
