2026-01-18 17:12:29.747 + setup_var_tmp_dir
2026-01-18 17:12:29.748 + move_to_ephemeral /var/tmp
2026-01-18 17:12:29.749 + echo 'Moving directory to ephemeral: /var/tmp'
2026-01-18 17:12:29.751 Moving directory to ephemeral: /var/tmp
2026-01-18 17:12:29.752 + ls -l /var/tmp
2026-01-18 17:12:29.753 total 0
2026-01-18 17:12:29.754 drwx------. 3 root root 17 Jan 18 17:12 systemd-private-af0aae1588a84e5d90ddaac59889b237-dbus-broker.service-Oz4Bkj
2026-01-18 17:12:29.756 drwx------. 3 root root 17 Jan 18 17:12 systemd-private-af0aae1588a84e5d90ddaac59889b237-policy-routes@ens5.service-RP8FpX
2026-01-18 17:12:29.757 drwx------. 3 root root 17 Jan 18 17:12 systemd-private-af0aae1588a84e5d90ddaac59889b237-polkit.service-8NEjkq
2026-01-18 17:12:29.758 drwx------. 3 root root 17 Jan 18 17:12 systemd-private-af0aae1588a84e5d90ddaac59889b237-rtkit-daemon.service-bsOlsK
2026-01-18 17:12:29.760 drwx------. 3 root root 17 Jan 18 17:12 systemd-private-af0aae1588a84e5d90ddaac59889b237-systemd-logind.service-KXTJqB
2026-01-18 17:12:29.761 drwx------. 3 root root 17 Jan 18 17:12 systemd-private-af0aae1588a84e5d90ddaac59889b237-systemd-resolved.service-QY0caK
2026-01-18 17:12:29.762 drwx------. 3 root root 17 Jan 18 17:12 systemd-private-af0aae1588a84e5d90ddaac59889b237-upower.service-iQyf0A
2026-01-18 17:12:29.763 + du -c /var/tmp
2026-01-18 17:12:29.765 0	/var/tmp/systemd-private-af0aae1588a84e5d90ddaac59889b237-systemd-resolved.service-QY0caK/tmp
2026-01-18 17:12:29.766 0	/var/tmp/systemd-private-af0aae1588a84e5d90ddaac59889b237-systemd-resolved.service-QY0caK
2026-01-18 17:12:29.767 0	/var/tmp/systemd-private-af0aae1588a84e5d90ddaac59889b237-dbus-broker.service-Oz4Bkj/tmp
2026-01-18 17:12:29.769 0	/var/tmp/systemd-private-af0aae1588a84e5d90ddaac59889b237-dbus-broker.service-Oz4Bkj
2026-01-18 17:12:29.770 0	/var/tmp/systemd-private-af0aae1588a84e5d90ddaac59889b237-policy-routes@ens5.service-RP8FpX/tmp
2026-01-18 17:12:29.771 0	/var/tmp/systemd-private-af0aae1588a84e5d90ddaac59889b237-policy-routes@ens5.service-RP8FpX
2026-01-18 17:12:29.772 0	/var/tmp/systemd-private-af0aae1588a84e5d90ddaac59889b237-rtkit-daemon.service-bsOlsK/tmp
2026-01-18 17:12:29.774 0	/var/tmp/systemd-private-af0aae1588a84e5d90ddaac59889b237-rtkit-daemon.service-bsOlsK
2026-01-18 17:12:29.775 0	/var/tmp/systemd-private-af0aae1588a84e5d90ddaac59889b237-systemd-logind.service-KXTJqB/tmp
2026-01-18 17:12:29.776 0	/var/tmp/systemd-private-af0aae1588a84e5d90ddaac59889b237-systemd-logind.service-KXTJqB
2026-01-18 17:12:29.777 0	/var/tmp/systemd-private-af0aae1588a84e5d90ddaac59889b237-upower.service-iQyf0A/tmp
2026-01-18 17:12:29.779 0	/var/tmp/systemd-private-af0aae1588a84e5d90ddaac59889b237-upower.service-iQyf0A
2026-01-18 17:12:29.780 0	/var/tmp/systemd-private-af0aae1588a84e5d90ddaac59889b237-polkit.service-8NEjkq/tmp
2026-01-18 17:12:29.781 0	/var/tmp/systemd-private-af0aae1588a84e5d90ddaac59889b237-polkit.service-8NEjkq
2026-01-18 17:12:29.782 16	/var/tmp
2026-01-18 17:12:29.784 16	total
2026-01-18 17:12:29.785 + lsof
2026-01-18 17:12:29.786 + awk '{print $9}'
2026-01-18 17:12:29.787 + grep '^/var/tmp'
2026-01-18 17:12:29.818 + true
2026-01-18 17:12:29.820 + mkdir -p /mnt/var/tmp
2026-01-18 17:12:29.821 + mv /var/tmp /var/tmp.old
2026-01-18 17:12:29.822 + ln -nsf /mnt/var/tmp -T /var/tmp
2026-01-18 17:12:29.823 + rsync -a /var/tmp.old/ /mnt/var/tmp
2026-01-18 17:12:29.868 + rm -Rf /var/tmp.old
2026-01-18 17:12:29.869 + echo 'Moved directory to ephemeral: /var/tmp'
2026-01-18 17:12:29.870 Moved directory to ephemeral: /var/tmp
2026-01-18 17:12:29.871 
2026-01-18 17:12:29.872 real	0m0.123s
2026-01-18 17:12:29.873 user	0m0.066s
2026-01-18 17:12:29.874 sys	0m0.026s
