2026-01-18 17:12:26.918 + setup_var_lib_dir
2026-01-18 17:12:26.919 + [[ -n true ]]
2026-01-18 17:12:26.921 + systemctl stop var-lib-nfs-rpc_pipefs.mount
2026-01-18 17:12:27.048 + target_dir=/var/lib
2026-01-18 17:12:27.049 + move_to_ephemeral /var/lib
2026-01-18 17:12:27.050 + echo 'Moving directory to ephemeral: /var/lib'
2026-01-18 17:12:27.051 Moving directory to ephemeral: /var/lib
2026-01-18 17:12:27.052 + ls -l /var/lib
2026-01-18 17:12:27.065 total 16
2026-01-18 17:12:27.067 drwxr-xr-x. 2 root      root      16384 Dec  4 17:16 alternatives
2026-01-18 17:12:27.068 drwxr-xr-x. 3 root      root         17 Dec  4 17:16 amazon
2026-01-18 17:12:27.069 drwxr-xr-x. 3 root      root         17 Dec  4 17:14 aws
2026-01-18 17:12:27.070 drwxr-xr-x. 2 root      root          6 Nov  5 12:07 bigtop
2026-01-18 17:12:27.071 drwxr-x---. 2 chrony    chrony       19 Dec  4 17:21 chrony
2026-01-18 17:12:27.072 drwxr-xr-x. 2 root      root          6 Dec  4 17:20 cloud
2026-01-18 17:12:27.073 drwxr-xr-x. 2 root      root          6 Nov  4 23:08 containerd
2026-01-18 17:12:27.074 drwxr-xr-x. 2 root      root         80 Dec  4 17:16 dnf
2026-01-18 17:12:27.075 drwxr-xr-x. 2 root      dnsmasq       6 Feb 21  2024 dnsmasq
2026-01-18 17:12:27.076 drwxr-xr-x. 2 root      root          6 Nov  4 18:29 docker
2026-01-18 17:12:27.077 drwxr-xr-x. 2 root      root          6 Jan 30  2023 games
2026-01-18 17:12:27.078 drwxr-xr-x. 2 geoclue   geoclue       6 Feb 18  2025 geoclue
2026-01-18 17:12:27.079 drwxr-xr-x. 4 root      root         55 Nov 17 07:08 gssproxy
2026-01-18 17:12:27.080 drwxr-xr-x. 3 hdfs      hadoop       19 Dec  4 17:16 hadoop-hdfs
2026-01-18 17:12:27.081 drwxrwxr-x. 2 httpfs    httpfs        6 Nov 26 23:35 hadoop-httpfs
2026-01-18 17:12:27.082 drwxrwxr-x. 3 kms       hadoop       19 Dec  4 17:16 hadoop-kms
2026-01-18 17:12:27.083 drwxrwxr-x. 3 mapred    hadoop       19 Dec  4 17:15 hadoop-mapreduce
2026-01-18 17:12:27.084 drwxr-xr-x. 3 yarn      hadoop       19 Dec  4 17:15 hadoop-yarn
2026-01-18 17:12:27.085 drwxr-xr-x. 2 root      root          6 Jan 25  2024 hibinit-agent
2026-01-18 17:12:27.086 drwxr-xr-x. 2 root      root          6 Oct 25  2024 initramfs
2026-01-18 17:12:27.087 drwxr-xr-x. 2 root      root          6 Mar 20  2025 kpatch
2026-01-18 17:12:27.088 drwxr-xr-x. 2 root      root         30 Jan 18 17:12 logrotate
2026-01-18 17:12:27.089 drwxr-xr-x. 2 root      root          6 Jan 30  2023 misc
2026-01-18 17:12:27.090 drwxr-xr-x. 5 root      root         80 Nov 17 07:09 nfs
2026-01-18 17:12:27.091 drwxr-xr-x. 2 root      root          6 Feb  1  2023 os-prober
2026-01-18 17:12:27.092 drwxr-x---. 3 root      polkitd      28 Dec  4 17:11 polkit-1
2026-01-18 17:12:27.093 drwx------. 2 root      root          6 Nov 17 07:08 portables
2026-01-18 17:12:27.095 drwx------. 2 root      root          6 Nov 17 07:08 private
2026-01-18 17:12:27.096 drwxr-xr-x. 2 hadoop    hadoop        6 Dec  3 23:48 provision-node
2026-01-18 17:12:27.097 drwxr-xr-x. 2 root      root         91 Nov 17 07:10 rpm
2026-01-18 17:12:27.098 drwxr-xr-x. 4 root      root         40 Dec  4 17:16 rpm-state
2026-01-18 17:12:27.099 drwxr-xr-x. 5 root      root         46 Nov 17 07:08 selinux
2026-01-18 17:12:27.100 drwxr-xr-x. 2 root      root          6 Jan 18 17:12 setup-devices
2026-01-18 17:12:27.101 drwxr-xr-x. 9 root      root        105 Nov 17 07:08 sss
2026-01-18 17:12:27.102 drwxr-xr-x. 8 root      root        110 Dec  4 17:07 systemd
2026-01-18 17:12:27.103 drwxr-xr-x. 4 root      root         44 Dec  4 17:14 texmf
2026-01-18 17:12:27.104 drwxr-xr-x. 2 root      root         30 Dec  4 17:14 trocla
2026-01-18 17:12:27.105 drwxr-xr-x. 2 root      root         18 Dec  4 17:07 update-motd
2026-01-18 17:12:27.106 drwxr-xr-x. 2 root      root          6 Jan 18 17:12 upower
2026-01-18 17:12:27.107 drwxr-xr-x. 3 root      root         23 Nov 17 07:09 xfsdump
2026-01-18 17:12:27.108 drwxr-xr-x. 2 root      root          6 Nov 17 07:06 yum
2026-01-18 17:12:27.109 drwxr-xr-x. 2 zookeeper zookeeper     6 Dec  4 17:13 zookeeper
2026-01-18 17:12:27.110 + du -c /var/lib
2026-01-18 17:12:27.111 0	/var/lib/yum
2026-01-18 17:12:27.112 4268	/var/lib/dnf
2026-01-18 17:12:27.113 0	/var/lib/games
2026-01-18 17:12:27.114 0	/var/lib/misc
2026-01-18 17:12:27.115 0	/var/lib/rpm-state/kernel
2026-01-18 17:12:27.116 0	/var/lib/rpm-state/puppet-agent
2026-01-18 17:12:27.117 0	/var/lib/rpm-state
2026-01-18 17:12:27.118 132	/var/lib/alternatives
2026-01-18 17:12:27.119 0	/var/lib/selinux/tmp
2026-01-18 17:12:27.121 36	/var/lib/selinux/targeted/active/modules/100/abrt
2026-01-18 17:12:27.122 20	/var/lib/selinux/targeted/active/modules/100/accountsd
2026-01-18 17:12:27.123 20	/var/lib/selinux/targeted/active/modules/100/acct
2026-01-18 17:12:27.124 20	/var/lib/selinux/targeted/active/modules/100/afs
2026-01-18 17:12:27.125 20	/var/lib/selinux/targeted/active/modules/100/afterburn
2026-01-18 17:12:27.126 20	/var/lib/selinux/targeted/active/modules/100/aiccu
2026-01-18 17:12:27.127 20	/var/lib/selinux/targeted/active/modules/100/aide
2026-01-18 17:12:27.128 20	/var/lib/selinux/targeted/active/modules/100/ajaxterm
2026-01-18 17:12:27.129 20	/var/lib/selinux/targeted/active/modules/100/alsa
2026-01-18 17:12:27.130 20	/var/lib/selinux/targeted/active/modules/100/amanda
2026-01-18 17:12:27.131 20	/var/lib/selinux/targeted/active/modules/100/amtu
2026-01-18 17:12:27.132 28	/var/lib/selinux/targeted/active/modules/100/anaconda
2026-01-18 17:12:27.133 24	/var/lib/selinux/targeted/active/modules/100/antivirus
2026-01-18 17:12:27.134 52	/var/lib/selinux/targeted/active/modules/100/apache
2026-01-18 17:12:27.135 28	/var/lib/selinux/targeted/active/modules/100/apcupsd
2026-01-18 17:12:27.136 28	/var/lib/selinux/targeted/active/modules/100/apm
2026-01-18 17:12:27.137 20	/var/lib/selinux/targeted/active/modules/100/application
2026-01-18 17:12:27.138 20	/var/lib/selinux/targeted/active/modules/100/arpwatch
2026-01-18 17:12:27.139 20	/var/lib/selinux/targeted/active/modules/100/asterisk
2026-01-18 17:12:27.140 28	/var/lib/selinux/targeted/active/modules/100/auditadm
2026-01-18 17:12:27.141 20	/var/lib/selinux/targeted/active/modules/100/authconfig
2026-01-18 17:12:27.142 36	/var/lib/selinux/targeted/active/modules/100/authlogin
2026-01-18 17:12:27.143 20	/var/lib/selinux/targeted/active/modules/100/automount
2026-01-18 17:12:27.145 20	/var/lib/selinux/targeted/active/modules/100/avahi
2026-01-18 17:12:27.146 20	/var/lib/selinux/targeted/active/modules/100/awstats
2026-01-18 17:12:27.147 28	/var/lib/selinux/targeted/active/modules/100/bacula
2026-01-18 17:12:27.148 136	/var/lib/selinux/targeted/active/modules/100/base
2026-01-18 17:12:27.149 20	/var/lib/selinux/targeted/active/modules/100/bcfg2
2026-01-18 17:12:27.150 28	/var/lib/selinux/targeted/active/modules/100/bind
2026-01-18 17:12:27.151 20	/var/lib/selinux/targeted/active/modules/100/bitlbee
2026-01-18 17:12:27.152 20	/var/lib/selinux/targeted/active/modules/100/blkmapd
2026-01-18 17:12:27.153 20	/var/lib/selinux/targeted/active/modules/100/blueman
2026-01-18 17:12:27.154 28	/var/lib/selinux/targeted/active/modules/100/bluetooth
2026-01-18 17:12:27.155 28	/var/lib/selinux/targeted/active/modules/100/boinc
2026-01-18 17:12:27.157 20	/var/lib/selinux/targeted/active/modules/100/boltd
2026-01-18 17:12:27.158 20	/var/lib/selinux/targeted/active/modules/100/boothd
2026-01-18 17:12:27.159 28	/var/lib/selinux/targeted/active/modules/100/bootloader
2026-01-18 17:12:27.160 20	/var/lib/selinux/targeted/active/modules/100/bootupd
2026-01-18 17:12:27.161 20	/var/lib/selinux/targeted/active/modules/100/brctl
2026-01-18 17:12:27.162 20	/var/lib/selinux/targeted/active/modules/100/brltty
2026-01-18 17:12:27.163 20	/var/lib/selinux/targeted/active/modules/100/bugzilla
2026-01-18 17:12:27.164 20	/var/lib/selinux/targeted/active/modules/100/bumblebee
2026-01-18 17:12:27.165 20	/var/lib/selinux/targeted/active/modules/100/cachefilesd
2026-01-18 17:12:27.166 20	/var/lib/selinux/targeted/active/modules/100/calamaris
2026-01-18 17:12:27.167 20	/var/lib/selinux/targeted/active/modules/100/callweaver
2026-01-18 17:12:27.168 20	/var/lib/selinux/targeted/active/modules/100/canna
2026-01-18 17:12:27.169 20	/var/lib/selinux/targeted/active/modules/100/ccs
2026-01-18 17:12:27.171 20	/var/lib/selinux/targeted/active/modules/100/cdrecord
2026-01-18 17:12:27.172 20	/var/lib/selinux/targeted/active/modules/100/certmaster
2026-01-18 17:12:27.173 28	/var/lib/selinux/targeted/active/modules/100/certmonger
2026-01-18 17:12:27.174 20	/var/lib/selinux/targeted/active/modules/100/certwatch
2026-01-18 17:12:27.175 20	/var/lib/selinux/targeted/active/modules/100/cfengine
2026-01-18 17:12:27.176 20	/var/lib/selinux/targeted/active/modules/100/cgroup
2026-01-18 17:12:27.177 28	/var/lib/selinux/targeted/active/modules/100/chrome
2026-01-18 17:12:27.178 24	/var/lib/selinux/targeted/active/modules/100/chronyd
2026-01-18 17:12:27.179 28	/var/lib/selinux/targeted/active/modules/100/cinder
2026-01-18 17:12:27.180 20	/var/lib/selinux/targeted/active/modules/100/cipe
2026-01-18 17:12:27.181 20	/var/lib/selinux/targeted/active/modules/100/clock
2026-01-18 17:12:27.182 20	/var/lib/selinux/targeted/active/modules/100/clogd
2026-01-18 17:12:27.183 28	/var/lib/selinux/targeted/active/modules/100/cloudform
2026-01-18 17:12:27.184 20	/var/lib/selinux/targeted/active/modules/100/cmirrord
2026-01-18 17:12:27.186 20	/var/lib/selinux/targeted/active/modules/100/cobbler
2026-01-18 17:12:27.187 20	/var/lib/selinux/targeted/active/modules/100/collectd
2026-01-18 17:12:27.189 20	/var/lib/selinux/targeted/active/modules/100/colord
2026-01-18 17:12:27.190 20	/var/lib/selinux/targeted/active/modules/100/comsat
2026-01-18 17:12:27.191 28	/var/lib/selinux/targeted/active/modules/100/condor
2026-01-18 17:12:27.192 20	/var/lib/selinux/targeted/active/modules/100/conman
2026-01-18 17:12:27.193 20	/var/lib/selinux/targeted/active/modules/100/conntrackd
2026-01-18 17:12:27.194 28	/var/lib/selinux/targeted/active/modules/100/consolekit
2026-01-18 17:12:27.195 20	/var/lib/selinux/targeted/active/modules/100/coreos_installer
2026-01-18 17:12:27.196 20	/var/lib/selinux/targeted/active/modules/100/couchdb
2026-01-18 17:12:27.197 20	/var/lib/selinux/targeted/active/modules/100/courier
2026-01-18 17:12:27.198 20	/var/lib/selinux/targeted/active/modules/100/cpucontrol
2026-01-18 17:12:27.199 20	/var/lib/selinux/targeted/active/modules/100/cpufreqselector
2026-01-18 17:12:27.200 20	/var/lib/selinux/targeted/active/modules/100/cpuplug
2026-01-18 17:12:27.201 40	/var/lib/selinux/targeted/active/modules/100/cron
2026-01-18 17:12:27.202 20	/var/lib/selinux/targeted/active/modules/100/ctdb
2026-01-18 17:12:27.203 36	/var/lib/selinux/targeted/active/modules/100/cups
2026-01-18 17:12:27.204 20	/var/lib/selinux/targeted/active/modules/100/cvs
2026-01-18 17:12:27.206 20	/var/lib/selinux/targeted/active/modules/100/cyphesis
2026-01-18 17:12:27.207 20	/var/lib/selinux/targeted/active/modules/100/cyrus
2026-01-18 17:12:27.208 20	/var/lib/selinux/targeted/active/modules/100/daemontools
2026-01-18 17:12:27.209 28	/var/lib/selinux/targeted/active/modules/100/dbadm
2026-01-18 17:12:27.210 20	/var/lib/selinux/targeted/active/modules/100/dbskk
2026-01-18 17:12:27.211 28	/var/lib/selinux/targeted/active/modules/100/dbus
2026-01-18 17:12:27.212 20	/var/lib/selinux/targeted/active/modules/100/dcc
2026-01-18 17:12:27.213 20	/var/lib/selinux/targeted/active/modules/100/ddclient
2026-01-18 17:12:27.214 20	/var/lib/selinux/targeted/active/modules/100/denyhosts
2026-01-18 17:12:27.215 32	/var/lib/selinux/targeted/active/modules/100/devicekit
2026-01-18 17:12:27.216 20	/var/lib/selinux/targeted/active/modules/100/dhcp
2026-01-18 17:12:27.217 20	/var/lib/selinux/targeted/active/modules/100/dictd
2026-01-18 17:12:27.218 28	/var/lib/selinux/targeted/active/modules/100/dirsrv
2026-01-18 17:12:27.220 28	/var/lib/selinux/targeted/active/modules/100/dirsrv-admin
2026-01-18 17:12:27.221 20	/var/lib/selinux/targeted/active/modules/100/dmesg
2026-01-18 17:12:27.222 20	/var/lib/selinux/targeted/active/modules/100/dmidecode
2026-01-18 17:12:27.223 20	/var/lib/selinux/targeted/active/modules/100/dnsmasq
2026-01-18 17:12:27.224 20	/var/lib/selinux/targeted/active/modules/100/dnssec
2026-01-18 17:12:27.225 28	/var/lib/selinux/targeted/active/modules/100/dovecot
2026-01-18 17:12:27.226 20	/var/lib/selinux/targeted/active/modules/100/drbd
2026-01-18 17:12:27.227 20	/var/lib/selinux/targeted/active/modules/100/dspam
2026-01-18 17:12:27.228 20	/var/lib/selinux/targeted/active/modules/100/entropyd
2026-01-18 17:12:27.229 24	/var/lib/selinux/targeted/active/modules/100/exim
2026-01-18 17:12:27.230 20	/var/lib/selinux/targeted/active/modules/100/fail2ban
2026-01-18 17:12:27.231 20	/var/lib/selinux/targeted/active/modules/100/fcoe
2026-01-18 17:12:27.232 20	/var/lib/selinux/targeted/active/modules/100/fdo
2026-01-18 17:12:27.233 20	/var/lib/selinux/targeted/active/modules/100/fetchmail
2026-01-18 17:12:27.234 20	/var/lib/selinux/targeted/active/modules/100/finger
2026-01-18 17:12:27.235 20	/var/lib/selinux/targeted/active/modules/100/firewalld
2026-01-18 17:12:27.236 20	/var/lib/selinux/targeted/active/modules/100/firewallgui
2026-01-18 17:12:27.237 20	/var/lib/selinux/targeted/active/modules/100/firstboot
2026-01-18 17:12:27.238 20	/var/lib/selinux/targeted/active/modules/100/fprintd
2026-01-18 17:12:27.239 20	/var/lib/selinux/targeted/active/modules/100/freeipmi
2026-01-18 17:12:27.240 20	/var/lib/selinux/targeted/active/modules/100/freqset
2026-01-18 17:12:27.241 28	/var/lib/selinux/targeted/active/modules/100/fstools
2026-01-18 17:12:27.242 28	/var/lib/selinux/targeted/active/modules/100/ftp
2026-01-18 17:12:27.243 20	/var/lib/selinux/targeted/active/modules/100/fwupd
2026-01-18 17:12:27.244 28	/var/lib/selinux/targeted/active/modules/100/games
2026-01-18 17:12:27.245 20	/var/lib/selinux/targeted/active/modules/100/gdomap
2026-01-18 17:12:27.246 20	/var/lib/selinux/targeted/active/modules/100/geoclue
2026-01-18 17:12:27.247 20	/var/lib/selinux/targeted/active/modules/100/getty
2026-01-18 17:12:27.248 20	/var/lib/selinux/targeted/active/modules/100/git
2026-01-18 17:12:27.249 20	/var/lib/selinux/targeted/active/modules/100/gitosis
2026-01-18 17:12:27.250 20	/var/lib/selinux/targeted/active/modules/100/glance
2026-01-18 17:12:27.251 28	/var/lib/selinux/targeted/active/modules/100/gnome
2026-01-18 17:12:27.252 28	/var/lib/selinux/targeted/active/modules/100/gpg
2026-01-18 17:12:27.253 20	/var/lib/selinux/targeted/active/modules/100/gpm
2026-01-18 17:12:27.254 20	/var/lib/selinux/targeted/active/modules/100/gpsd
2026-01-18 17:12:27.255 20	/var/lib/selinux/targeted/active/modules/100/gssproxy
2026-01-18 17:12:27.257 28	/var/lib/selinux/targeted/active/modules/100/guest
2026-01-18 17:12:27.258 20	/var/lib/selinux/targeted/active/modules/100/hddtemp
2026-01-18 17:12:27.259 20	/var/lib/selinux/targeted/active/modules/100/hostapd
2026-01-18 17:12:27.260 20	/var/lib/selinux/targeted/active/modules/100/hostname
2026-01-18 17:12:27.261 20	/var/lib/selinux/targeted/active/modules/100/hsqldb
2026-01-18 17:12:27.262 20	/var/lib/selinux/targeted/active/modules/100/hwloc
2026-01-18 17:12:27.263 20	/var/lib/selinux/targeted/active/modules/100/hypervkvp
2026-01-18 17:12:27.264 20	/var/lib/selinux/targeted/active/modules/100/ibacm
2026-01-18 17:12:27.265 16	/var/lib/selinux/targeted/active/modules/100/ica
2026-01-18 17:12:27.266 20	/var/lib/selinux/targeted/active/modules/100/icecast
2026-01-18 17:12:27.267 28	/var/lib/selinux/targeted/active/modules/100/inetd
2026-01-18 17:12:27.268 64	/var/lib/selinux/targeted/active/modules/100/init
2026-01-18 17:12:27.269 20	/var/lib/selinux/targeted/active/modules/100/inn
2026-01-18 17:12:27.270 32	/var/lib/selinux/targeted/active/modules/100/insights_client
2026-01-18 17:12:27.272 20	/var/lib/selinux/targeted/active/modules/100/iodine
2026-01-18 17:12:27.273 20	/var/lib/selinux/targeted/active/modules/100/iotop
2026-01-18 17:12:27.274 20	/var/lib/selinux/targeted/active/modules/100/ipmievd
2026-01-18 17:12:27.275 32	/var/lib/selinux/targeted/active/modules/100/ipsec
2026-01-18 17:12:27.276 24	/var/lib/selinux/targeted/active/modules/100/iptables
2026-01-18 17:12:27.277 20	/var/lib/selinux/targeted/active/modules/100/irc
2026-01-18 17:12:27.278 20	/var/lib/selinux/targeted/active/modules/100/irqbalance
2026-01-18 17:12:27.279 20	/var/lib/selinux/targeted/active/modules/100/iscsi
2026-01-18 17:12:27.280 20	/var/lib/selinux/targeted/active/modules/100/isns
2026-01-18 17:12:27.281 20	/var/lib/selinux/targeted/active/modules/100/jabber
2026-01-18 17:12:27.282 20	/var/lib/selinux/targeted/active/modules/100/jetty
2026-01-18 17:12:27.283 20	/var/lib/selinux/targeted/active/modules/100/jockey
2026-01-18 17:12:27.284 20	/var/lib/selinux/targeted/active/modules/100/journalctl
2026-01-18 17:12:27.285 28	/var/lib/selinux/targeted/active/modules/100/kdump
2026-01-18 17:12:27.286 20	/var/lib/selinux/targeted/active/modules/100/kdumpgui
2026-01-18 17:12:27.288 20	/var/lib/selinux/targeted/active/modules/100/keepalived
2026-01-18 17:12:27.289 28	/var/lib/selinux/targeted/active/modules/100/kerberos
2026-01-18 17:12:27.290 20	/var/lib/selinux/targeted/active/modules/100/keyboardd
2026-01-18 17:12:27.291 24	/var/lib/selinux/targeted/active/modules/100/keystone
2026-01-18 17:12:27.292 20	/var/lib/selinux/targeted/active/modules/100/kismet
2026-01-18 17:12:27.294 20	/var/lib/selinux/targeted/active/modules/100/kmscon
2026-01-18 17:12:27.295 20	/var/lib/selinux/targeted/active/modules/100/kpatch
2026-01-18 17:12:27.296 20	/var/lib/selinux/targeted/active/modules/100/ksmtuned
2026-01-18 17:12:27.297 20	/var/lib/selinux/targeted/active/modules/100/ktalk
2026-01-18 17:12:27.298 20	/var/lib/selinux/targeted/active/modules/100/l2tp
2026-01-18 17:12:27.299 20	/var/lib/selinux/targeted/active/modules/100/ldap
2026-01-18 17:12:27.300 28	/var/lib/selinux/targeted/active/modules/100/libraries
2026-01-18 17:12:27.301 28	/var/lib/selinux/targeted/active/modules/100/likewise
2026-01-18 17:12:27.302 20	/var/lib/selinux/targeted/active/modules/100/linuxptp
2026-01-18 17:12:27.303 20	/var/lib/selinux/targeted/active/modules/100/lircd
2026-01-18 17:12:27.304 20	/var/lib/selinux/targeted/active/modules/100/livecd
2026-01-18 17:12:27.305 20	/var/lib/selinux/targeted/active/modules/100/lldpad
2026-01-18 17:12:27.307 20	/var/lib/selinux/targeted/active/modules/100/loadkeys
2026-01-18 17:12:27.308 28	/var/lib/selinux/targeted/active/modules/100/locallogin
2026-01-18 17:12:27.310 20	/var/lib/selinux/targeted/active/modules/100/lockdev
2026-01-18 17:12:27.311 20	/var/lib/selinux/targeted/active/modules/100/logadm
2026-01-18 17:12:27.312 36	/var/lib/selinux/targeted/active/modules/100/logging
2026-01-18 17:12:27.313 28	/var/lib/selinux/targeted/active/modules/100/logrotate
2026-01-18 17:12:27.314 20	/var/lib/selinux/targeted/active/modules/100/logwatch
2026-01-18 17:12:27.315 20	/var/lib/selinux/targeted/active/modules/100/lpd
2026-01-18 17:12:27.316 20	/var/lib/selinux/targeted/active/modules/100/lsm
2026-01-18 17:12:27.317 20	/var/lib/selinux/targeted/active/modules/100/lttng-tools
2026-01-18 17:12:27.318 28	/var/lib/selinux/targeted/active/modules/100/lvm
2026-01-18 17:12:27.320 20	/var/lib/selinux/targeted/active/modules/100/mailman
2026-01-18 17:12:27.321 20	/var/lib/selinux/targeted/active/modules/100/mailscanner
2026-01-18 17:12:27.322 20	/var/lib/selinux/targeted/active/modules/100/man2html
2026-01-18 17:12:27.323 20	/var/lib/selinux/targeted/active/modules/100/mandb
2026-01-18 17:12:27.324 20	/var/lib/selinux/targeted/active/modules/100/mcelog
2026-01-18 17:12:27.325 20	/var/lib/selinux/targeted/active/modules/100/mediawiki
2026-01-18 17:12:27.326 20	/var/lib/selinux/targeted/active/modules/100/memcached
2026-01-18 17:12:27.327 20	/var/lib/selinux/targeted/active/modules/100/milter
2026-01-18 17:12:27.328 20	/var/lib/selinux/targeted/active/modules/100/minidlna
2026-01-18 17:12:27.329 20	/var/lib/selinux/targeted/active/modules/100/minissdpd
2026-01-18 17:12:27.330 20	/var/lib/selinux/targeted/active/modules/100/mip6d
2026-01-18 17:12:27.331 20	/var/lib/selinux/targeted/active/modules/100/mirrormanager
2026-01-18 17:12:27.332 20	/var/lib/selinux/targeted/active/modules/100/miscfiles
2026-01-18 17:12:27.333 20	/var/lib/selinux/targeted/active/modules/100/mock
2026-01-18 17:12:27.334 20	/var/lib/selinux/targeted/active/modules/100/modemmanager
2026-01-18 17:12:27.335 28	/var/lib/selinux/targeted/active/modules/100/modutils
2026-01-18 17:12:27.337 20	/var/lib/selinux/targeted/active/modules/100/mojomojo
2026-01-18 17:12:27.338 20	/var/lib/selinux/targeted/active/modules/100/mon_statd
2026-01-18 17:12:27.339 20	/var/lib/selinux/targeted/active/modules/100/mongodb
2026-01-18 17:12:27.340 20	/var/lib/selinux/targeted/active/modules/100/motion
2026-01-18 17:12:27.341 28	/var/lib/selinux/targeted/active/modules/100/mount
2026-01-18 17:12:27.342 36	/var/lib/selinux/targeted/active/modules/100/mozilla
2026-01-18 17:12:27.343 20	/var/lib/selinux/targeted/active/modules/100/mpd
2026-01-18 17:12:27.344 20	/var/lib/selinux/targeted/active/modules/100/mplayer
2026-01-18 17:12:27.345 20	/var/lib/selinux/targeted/active/modules/100/mptcpd
2026-01-18 17:12:27.346 20	/var/lib/selinux/targeted/active/modules/100/mrtg
2026-01-18 17:12:27.347 28	/var/lib/selinux/targeted/active/modules/100/mta
2026-01-18 17:12:27.348 32	/var/lib/selinux/targeted/active/modules/100/munin
2026-01-18 17:12:27.349 28	/var/lib/selinux/targeted/active/modules/100/mysql
2026-01-18 17:12:27.350 20	/var/lib/selinux/targeted/active/modules/100/mythtv
2026-01-18 17:12:27.351 20	/var/lib/selinux/targeted/active/modules/100/naemon
2026-01-18 17:12:27.352 36	/var/lib/selinux/targeted/active/modules/100/nagios
2026-01-18 17:12:27.353 20	/var/lib/selinux/targeted/active/modules/100/namespace
2026-01-18 17:12:27.354 20	/var/lib/selinux/targeted/active/modules/100/ncftool
2026-01-18 17:12:27.355 20	/var/lib/selinux/targeted/active/modules/100/netlabel
2026-01-18 17:12:27.356 20	/var/lib/selinux/targeted/active/modules/100/netutils
2026-01-18 17:12:27.357 44	/var/lib/selinux/targeted/active/modules/100/networkmanager
2026-01-18 17:12:27.358 20	/var/lib/selinux/targeted/active/modules/100/ninfod
2026-01-18 17:12:27.359 20	/var/lib/selinux/targeted/active/modules/100/nis
2026-01-18 17:12:27.360 28	/var/lib/selinux/targeted/active/modules/100/nova
2026-01-18 17:12:27.361 20	/var/lib/selinux/targeted/active/modules/100/nscd
2026-01-18 17:12:27.362 20	/var/lib/selinux/targeted/active/modules/100/nsd
2026-01-18 17:12:27.363 20	/var/lib/selinux/targeted/active/modules/100/nslcd
2026-01-18 17:12:27.364 20	/var/lib/selinux/targeted/active/modules/100/ntop
2026-01-18 17:12:27.365 20	/var/lib/selinux/targeted/active/modules/100/ntp
2026-01-18 17:12:27.367 20	/var/lib/selinux/targeted/active/modules/100/numad
2026-01-18 17:12:27.368 28	/var/lib/selinux/targeted/active/modules/100/nut
2026-01-18 17:12:27.369 20	/var/lib/selinux/targeted/active/modules/100/nvme_stas
2026-01-18 17:12:27.370 20	/var/lib/selinux/targeted/active/modules/100/nx
2026-01-18 17:12:27.371 20	/var/lib/selinux/targeted/active/modules/100/obex
2026-01-18 17:12:27.372 20	/var/lib/selinux/targeted/active/modules/100/oddjob
2026-01-18 17:12:27.373 20	/var/lib/selinux/targeted/active/modules/100/opafm
2026-01-18 17:12:27.374 20	/var/lib/selinux/targeted/active/modules/100/openct
2026-01-18 17:12:27.375 20	/var/lib/selinux/targeted/active/modules/100/opendnssec
2026-01-18 17:12:27.376 20	/var/lib/selinux/targeted/active/modules/100/openfortivpn
2026-01-18 17:12:27.377 20	/var/lib/selinux/targeted/active/modules/100/openhpid
2026-01-18 17:12:27.378 36	/var/lib/selinux/targeted/active/modules/100/openshift
2026-01-18 17:12:27.379 16	/var/lib/selinux/targeted/active/modules/100/openshift-origin
2026-01-18 17:12:27.380 20	/var/lib/selinux/targeted/active/modules/100/opensm
2026-01-18 17:12:27.381 28	/var/lib/selinux/targeted/active/modules/100/openvpn
2026-01-18 17:12:27.382 20	/var/lib/selinux/targeted/active/modules/100/openvswitch
2026-01-18 17:12:27.383 20	/var/lib/selinux/targeted/active/modules/100/openwsman
2026-01-18 17:12:27.384 20	/var/lib/selinux/targeted/active/modules/100/oracleasm
2026-01-18 17:12:27.385 20	/var/lib/selinux/targeted/active/modules/100/osad
2026-01-18 17:12:27.386 20	/var/lib/selinux/targeted/active/modules/100/pads
2026-01-18 17:12:27.387 20	/var/lib/selinux/targeted/active/modules/100/passenger
2026-01-18 17:12:27.388 20	/var/lib/selinux/targeted/active/modules/100/pcmcia
2026-01-18 17:12:27.389 28	/var/lib/selinux/targeted/active/modules/100/pcp
2026-01-18 17:12:27.390 20	/var/lib/selinux/targeted/active/modules/100/pcscd
2026-01-18 17:12:27.391 20	/var/lib/selinux/targeted/active/modules/100/pdns
2026-01-18 17:12:27.392 36	/var/lib/selinux/targeted/active/modules/100/pegasus
2026-01-18 17:12:27.394 8	/var/lib/selinux/targeted/active/modules/100/permissivedomains
2026-01-18 17:12:27.395 20	/var/lib/selinux/targeted/active/modules/100/pesign
2026-01-18 17:12:27.396 20	/var/lib/selinux/targeted/active/modules/100/pingd
2026-01-18 17:12:27.397 28	/var/lib/selinux/targeted/active/modules/100/piranha
2026-01-18 17:12:27.398 20	/var/lib/selinux/targeted/active/modules/100/pkcs
2026-01-18 17:12:27.399 20	/var/lib/selinux/targeted/active/modules/100/pkcs11proxyd
2026-01-18 17:12:27.400 28	/var/lib/selinux/targeted/active/modules/100/pki
2026-01-18 17:12:27.401 20	/var/lib/selinux/targeted/active/modules/100/plymouthd
2026-01-18 17:12:27.402 20	/var/lib/selinux/targeted/active/modules/100/podsleuth
2026-01-18 17:12:27.403 28	/var/lib/selinux/targeted/active/modules/100/policykit
2026-01-18 17:12:27.404 20	/var/lib/selinux/targeted/active/modules/100/polipo
2026-01-18 17:12:27.405 20	/var/lib/selinux/targeted/active/modules/100/portmap
2026-01-18 17:12:27.406 20	/var/lib/selinux/targeted/active/modules/100/portreserve
2026-01-18 17:12:27.407 36	/var/lib/selinux/targeted/active/modules/100/postfix
2026-01-18 17:12:27.408 28	/var/lib/selinux/targeted/active/modules/100/postgresql
2026-01-18 17:12:27.409 20	/var/lib/selinux/targeted/active/modules/100/postgrey
2026-01-18 17:12:27.410 28	/var/lib/selinux/targeted/active/modules/100/ppp
2026-01-18 17:12:27.411 28	/var/lib/selinux/targeted/active/modules/100/prelink
2026-01-18 17:12:27.412 28	/var/lib/selinux/targeted/active/modules/100/prelude
2026-01-18 17:12:27.413 20	/var/lib/selinux/targeted/active/modules/100/privoxy
2026-01-18 17:12:27.414 20	/var/lib/selinux/targeted/active/modules/100/procmail
2026-01-18 17:12:27.415 20	/var/lib/selinux/targeted/active/modules/100/prosody
2026-01-18 17:12:27.416 20	/var/lib/selinux/targeted/active/modules/100/psad
2026-01-18 17:12:27.417 20	/var/lib/selinux/targeted/active/modules/100/ptchown
2026-01-18 17:12:27.418 20	/var/lib/selinux/targeted/active/modules/100/publicfile
2026-01-18 17:12:27.419 28	/var/lib/selinux/targeted/active/modules/100/pulseaudio
2026-01-18 17:12:27.421 28	/var/lib/selinux/targeted/active/modules/100/puppet
2026-01-18 17:12:27.422 20	/var/lib/selinux/targeted/active/modules/100/pwauth
2026-01-18 17:12:27.423 20	/var/lib/selinux/targeted/active/modules/100/qatlib
2026-01-18 17:12:27.424 24	/var/lib/selinux/targeted/active/modules/100/qmail
2026-01-18 17:12:27.425 20	/var/lib/selinux/targeted/active/modules/100/qpid
2026-01-18 17:12:27.426 28	/var/lib/selinux/targeted/active/modules/100/quantum
2026-01-18 17:12:27.427 20	/var/lib/selinux/targeted/active/modules/100/quota
2026-01-18 17:12:27.428 24	/var/lib/selinux/targeted/active/modules/100/rabbitmq
2026-01-18 17:12:27.429 20	/var/lib/selinux/targeted/active/modules/100/radius
2026-01-18 17:12:27.430 20	/var/lib/selinux/targeted/active/modules/100/radvd
2026-01-18 17:12:27.431 20	/var/lib/selinux/targeted/active/modules/100/raid
2026-01-18 17:12:27.432 20	/var/lib/selinux/targeted/active/modules/100/rasdaemon
2026-01-18 17:12:27.433 20	/var/lib/selinux/targeted/active/modules/100/rdisc
2026-01-18 17:12:27.434 20	/var/lib/selinux/targeted/active/modules/100/readahead
2026-01-18 17:12:27.435 36	/var/lib/selinux/targeted/active/modules/100/realmd
2026-01-18 17:12:27.436 20	/var/lib/selinux/targeted/active/modules/100/redis
2026-01-18 17:12:27.437 20	/var/lib/selinux/targeted/active/modules/100/remotelogin
2026-01-18 17:12:27.438 24	/var/lib/selinux/targeted/active/modules/100/rhcd
2026-01-18 17:12:27.439 36	/var/lib/selinux/targeted/active/modules/100/rhcs
2026-01-18 17:12:27.440 28	/var/lib/selinux/targeted/active/modules/100/rhev
2026-01-18 17:12:27.441 20	/var/lib/selinux/targeted/active/modules/100/rhgb
2026-01-18 17:12:27.442 20	/var/lib/selinux/targeted/active/modules/100/rhnsd
2026-01-18 17:12:27.443 24	/var/lib/selinux/targeted/active/modules/100/rhsmcertd
2026-01-18 17:12:27.444 28	/var/lib/selinux/targeted/active/modules/100/ricci
2026-01-18 17:12:27.445 16	/var/lib/selinux/targeted/active/modules/100/rkhunter
2026-01-18 17:12:27.447 20	/var/lib/selinux/targeted/active/modules/100/rkt
2026-01-18 17:12:27.448 24	/var/lib/selinux/targeted/active/modules/100/rlogin
2026-01-18 17:12:27.449 20	/var/lib/selinux/targeted/active/modules/100/rngd
2026-01-18 17:12:27.450 20	/var/lib/selinux/targeted/active/modules/100/rolekit
2026-01-18 17:12:27.451 20	/var/lib/selinux/targeted/active/modules/100/roundup
2026-01-18 17:12:27.452 28	/var/lib/selinux/targeted/active/modules/100/rpc
2026-01-18 17:12:27.453 20	/var/lib/selinux/targeted/active/modules/100/rpcbind
2026-01-18 17:12:27.454 36	/var/lib/selinux/targeted/active/modules/100/rpm
2026-01-18 17:12:27.455 20	/var/lib/selinux/targeted/active/modules/100/rrdcached
2026-01-18 17:12:27.456 20	/var/lib/selinux/targeted/active/modules/100/rshd
2026-01-18 17:12:27.457 20	/var/lib/selinux/targeted/active/modules/100/rshim
2026-01-18 17:12:27.458 20	/var/lib/selinux/targeted/active/modules/100/rssh
2026-01-18 17:12:27.459 20	/var/lib/selinux/targeted/active/modules/100/rsync
2026-01-18 17:12:27.460 20	/var/lib/selinux/targeted/active/modules/100/rtas
2026-01-18 17:12:27.461 20	/var/lib/selinux/targeted/active/modules/100/rtkit
2026-01-18 17:12:27.462 20	/var/lib/selinux/targeted/active/modules/100/rwho
2026-01-18 17:12:27.463 48	/var/lib/selinux/targeted/active/modules/100/samba
2026-01-18 17:12:27.464 20	/var/lib/selinux/targeted/active/modules/100/sambagui
2026-01-18 17:12:27.465 28	/var/lib/selinux/targeted/active/modules/100/sandboxX
2026-01-18 17:12:27.466 20	/var/lib/selinux/targeted/active/modules/100/sanlock
2026-01-18 17:12:27.467 20	/var/lib/selinux/targeted/active/modules/100/sap
2026-01-18 17:12:27.468 20	/var/lib/selinux/targeted/active/modules/100/sasl
2026-01-18 17:12:27.469 20	/var/lib/selinux/targeted/active/modules/100/sbd
2026-01-18 17:12:27.470 20	/var/lib/selinux/targeted/active/modules/100/sblim
2026-01-18 17:12:27.471 20	/var/lib/selinux/targeted/active/modules/100/screen
2026-01-18 17:12:27.472 28	/var/lib/selinux/targeted/active/modules/100/secadm
2026-01-18 17:12:27.473 20	/var/lib/selinux/targeted/active/modules/100/sectoolm
2026-01-18 17:12:27.474 36	/var/lib/selinux/targeted/active/modules/100/selinuxutil
2026-01-18 17:12:27.475 28	/var/lib/selinux/targeted/active/modules/100/sendmail
2026-01-18 17:12:27.477 20	/var/lib/selinux/targeted/active/modules/100/sensord
2026-01-18 17:12:27.478 20	/var/lib/selinux/targeted/active/modules/100/setrans
2026-01-18 17:12:27.479 20	/var/lib/selinux/targeted/active/modules/100/setroubleshoot
2026-01-18 17:12:27.480 20	/var/lib/selinux/targeted/active/modules/100/seunshare
2026-01-18 17:12:27.481 28	/var/lib/selinux/targeted/active/modules/100/sge
2026-01-18 17:12:27.482 20	/var/lib/selinux/targeted/active/modules/100/shorewall
2026-01-18 17:12:27.483 20	/var/lib/selinux/targeted/active/modules/100/slocate
2026-01-18 17:12:27.484 20	/var/lib/selinux/targeted/active/modules/100/slpd
2026-01-18 17:12:27.485 20	/var/lib/selinux/targeted/active/modules/100/smartmon
2026-01-18 17:12:27.486 20	/var/lib/selinux/targeted/active/modules/100/smokeping
2026-01-18 17:12:27.487 20	/var/lib/selinux/targeted/active/modules/100/smoltclient
2026-01-18 17:12:27.488 20	/var/lib/selinux/targeted/active/modules/100/smsd
2026-01-18 17:12:27.489 20	/var/lib/selinux/targeted/active/modules/100/snapper
2026-01-18 17:12:27.490 20	/var/lib/selinux/targeted/active/modules/100/snmp
2026-01-18 17:12:27.491 20	/var/lib/selinux/targeted/active/modules/100/snort
2026-01-18 17:12:27.492 28	/var/lib/selinux/targeted/active/modules/100/sosreport
2026-01-18 17:12:27.493 20	/var/lib/selinux/targeted/active/modules/100/soundserver
2026-01-18 17:12:27.494 28	/var/lib/selinux/targeted/active/modules/100/spamassassin
2026-01-18 17:12:27.495 20	/var/lib/selinux/targeted/active/modules/100/speech-dispatcher
2026-01-18 17:12:27.496 28	/var/lib/selinux/targeted/active/modules/100/squid
2026-01-18 17:12:27.498 40	/var/lib/selinux/targeted/active/modules/100/ssh
2026-01-18 17:12:27.499 20	/var/lib/selinux/targeted/active/modules/100/sslh
2026-01-18 17:12:27.500 28	/var/lib/selinux/targeted/active/modules/100/sssd
2026-01-18 17:12:27.501 76	/var/lib/selinux/targeted/active/modules/100/staff
2026-01-18 17:12:27.502 20	/var/lib/selinux/targeted/active/modules/100/stalld
2026-01-18 17:12:27.503 20	/var/lib/selinux/targeted/active/modules/100/stapserver
2026-01-18 17:12:27.504 20	/var/lib/selinux/targeted/active/modules/100/stratisd
2026-01-18 17:12:27.505 20	/var/lib/selinux/targeted/active/modules/100/stunnel
2026-01-18 17:12:27.506 20	/var/lib/selinux/targeted/active/modules/100/su
2026-01-18 17:12:27.507 20	/var/lib/selinux/targeted/active/modules/100/sudo
2026-01-18 17:12:27.508 20	/var/lib/selinux/targeted/active/modules/100/svnserve
2026-01-18 17:12:27.509 20	/var/lib/selinux/targeted/active/modules/100/swift
2026-01-18 17:12:27.510 100	/var/lib/selinux/targeted/active/modules/100/sysadm
2026-01-18 17:12:27.511 20	/var/lib/selinux/targeted/active/modules/100/sysadm_secadm
2026-01-18 17:12:27.512 28	/var/lib/selinux/targeted/active/modules/100/sysnetwork
2026-01-18 17:12:27.513 20	/var/lib/selinux/targeted/active/modules/100/sysstat
2026-01-18 17:12:27.514 48	/var/lib/selinux/targeted/active/modules/100/systemd
2026-01-18 17:12:27.515 20	/var/lib/selinux/targeted/active/modules/100/tangd
2026-01-18 17:12:27.516 20	/var/lib/selinux/targeted/active/modules/100/targetd
2026-01-18 17:12:27.517 20	/var/lib/selinux/targeted/active/modules/100/tcpd
2026-01-18 17:12:27.518 20	/var/lib/selinux/targeted/active/modules/100/tcsd
2026-01-18 17:12:27.519 28	/var/lib/selinux/targeted/active/modules/100/telepathy
2026-01-18 17:12:27.520 20	/var/lib/selinux/targeted/active/modules/100/telnet
2026-01-18 17:12:27.521 20	/var/lib/selinux/targeted/active/modules/100/tftp
2026-01-18 17:12:27.522 20	/var/lib/selinux/targeted/active/modules/100/tgtd
2026-01-18 17:12:27.523 20	/var/lib/selinux/targeted/active/modules/100/thin
2026-01-18 17:12:27.524 20	/var/lib/selinux/targeted/active/modules/100/thumb
2026-01-18 17:12:27.525 20	/var/lib/selinux/targeted/active/modules/100/timedatex
2026-01-18 17:12:27.527 20	/var/lib/selinux/targeted/active/modules/100/tlp
2026-01-18 17:12:27.528 20	/var/lib/selinux/targeted/active/modules/100/tmpreaper
2026-01-18 17:12:27.529 28	/var/lib/selinux/targeted/active/modules/100/tomcat
2026-01-18 17:12:27.530 20	/var/lib/selinux/targeted/active/modules/100/tor
2026-01-18 17:12:27.531 28	/var/lib/selinux/targeted/active/modules/100/tuned
2026-01-18 17:12:27.532 20	/var/lib/selinux/targeted/active/modules/100/tvtime
2026-01-18 17:12:27.534 36	/var/lib/selinux/targeted/active/modules/100/udev
2026-01-18 17:12:27.535 20	/var/lib/selinux/targeted/active/modules/100/ulogd
2026-01-18 17:12:27.536 20	/var/lib/selinux/targeted/active/modules/100/uml
2026-01-18 17:12:27.537 20	/var/lib/selinux/targeted/active/modules/100/unconfined
2026-01-18 17:12:27.538 40	/var/lib/selinux/targeted/active/modules/100/unconfineduser
2026-01-18 17:12:27.539 16	/var/lib/selinux/targeted/active/modules/100/unlabelednet
2026-01-18 17:12:27.540 60	/var/lib/selinux/targeted/active/modules/100/unprivuser
2026-01-18 17:12:27.541 20	/var/lib/selinux/targeted/active/modules/100/updfstab
2026-01-18 17:12:27.542 20	/var/lib/selinux/targeted/active/modules/100/usbmodules
2026-01-18 17:12:27.543 20	/var/lib/selinux/targeted/active/modules/100/usbmuxd
2026-01-18 17:12:27.544 32	/var/lib/selinux/targeted/active/modules/100/userdomain
2026-01-18 17:12:27.546 20	/var/lib/selinux/targeted/active/modules/100/userhelper
2026-01-18 17:12:27.547 36	/var/lib/selinux/targeted/active/modules/100/usermanage
2026-01-18 17:12:27.548 20	/var/lib/selinux/targeted/active/modules/100/usernetctl
2026-01-18 17:12:27.549 20	/var/lib/selinux/targeted/active/modules/100/uucp
2026-01-18 17:12:27.550 20	/var/lib/selinux/targeted/active/modules/100/uuidd
2026-01-18 17:12:27.551 20	/var/lib/selinux/targeted/active/modules/100/varnishd
2026-01-18 17:12:27.552 20	/var/lib/selinux/targeted/active/modules/100/vdagent
2026-01-18 17:12:27.553 20	/var/lib/selinux/targeted/active/modules/100/vhostmd
2026-01-18 17:12:27.554 64	/var/lib/selinux/targeted/active/modules/100/virt
2026-01-18 17:12:27.555 20	/var/lib/selinux/targeted/active/modules/100/vlock
2026-01-18 17:12:27.557 28	/var/lib/selinux/targeted/active/modules/100/vmtools
2026-01-18 17:12:27.558 28	/var/lib/selinux/targeted/active/modules/100/vmware
2026-01-18 17:12:27.559 20	/var/lib/selinux/targeted/active/modules/100/vnstatd
2026-01-18 17:12:27.560 20	/var/lib/selinux/targeted/active/modules/100/vpn
2026-01-18 17:12:27.561 20	/var/lib/selinux/targeted/active/modules/100/w3c
2026-01-18 17:12:27.562 28	/var/lib/selinux/targeted/active/modules/100/watchdog
2026-01-18 17:12:27.563 20	/var/lib/selinux/targeted/active/modules/100/wdmd
2026-01-18 17:12:27.564 28	/var/lib/selinux/targeted/active/modules/100/webadm
2026-01-18 17:12:27.565 20	/var/lib/selinux/targeted/active/modules/100/webalizer
2026-01-18 17:12:27.566 20	/var/lib/selinux/targeted/active/modules/100/wine
2026-01-18 17:12:27.567 20	/var/lib/selinux/targeted/active/modules/100/wireguard
2026-01-18 17:12:27.568 20	/var/lib/selinux/targeted/active/modules/100/wireshark
2026-01-18 17:12:27.569 28	/var/lib/selinux/targeted/active/modules/100/xen
2026-01-18 17:12:27.570 40	/var/lib/selinux/targeted/active/modules/100/xguest
2026-01-18 17:12:27.571 60	/var/lib/selinux/targeted/active/modules/100/xserver
2026-01-18 17:12:27.572 28	/var/lib/selinux/targeted/active/modules/100/zabbix
2026-01-18 17:12:27.574 20	/var/lib/selinux/targeted/active/modules/100/zarafa
2026-01-18 17:12:27.575 20	/var/lib/selinux/targeted/active/modules/100/zebra
2026-01-18 17:12:27.576 20	/var/lib/selinux/targeted/active/modules/100/zoneminder
2026-01-18 17:12:27.577 20	/var/lib/selinux/targeted/active/modules/100/zosremote
2026-01-18 17:12:27.578 10144	/var/lib/selinux/targeted/active/modules/100
2026-01-18 17:12:27.579 12	/var/lib/selinux/targeted/active/modules/200/ec2-instance-connect
2026-01-18 17:12:27.580 64	/var/lib/selinux/targeted/active/modules/200/container
2026-01-18 17:12:27.581 76	/var/lib/selinux/targeted/active/modules/200
2026-01-18 17:12:27.582 0	/var/lib/selinux/targeted/active/modules/disabled
2026-01-18 17:12:27.583 10220	/var/lib/selinux/targeted/active/modules
2026-01-18 17:12:27.584 17824	/var/lib/selinux/targeted/active
2026-01-18 17:12:27.585 17824	/var/lib/selinux/targeted
2026-01-18 17:12:27.587 0	/var/lib/selinux/final
2026-01-18 17:12:27.588 17824	/var/lib/selinux
2026-01-18 17:12:27.589 232	/var/lib/systemd/catalog
2026-01-18 17:12:27.590 0	/var/lib/systemd/coredump
2026-01-18 17:12:27.591 0	/var/lib/systemd/pstore
2026-01-18 17:12:27.592 0	/var/lib/systemd/timers
2026-01-18 17:12:27.593 0	/var/lib/systemd/home
2026-01-18 17:12:27.594 0	/var/lib/systemd/linger
2026-01-18 17:12:27.595 236	/var/lib/systemd
2026-01-18 17:12:27.596 0	/var/lib/portables
2026-01-18 17:12:27.597 0	/var/lib/private
2026-01-18 17:12:27.598 0	/var/lib/initramfs
2026-01-18 17:12:27.599 0	/var/lib/os-prober
2026-01-18 17:12:27.600 0	/var/lib/gssproxy/clients
2026-01-18 17:12:27.601 0	/var/lib/gssproxy/rcache
2026-01-18 17:12:27.602 0	/var/lib/gssproxy
2026-01-18 17:12:27.603 4	/var/lib/logrotate
2026-01-18 17:12:27.604 1256	/var/lib/sss/db
2026-01-18 17:12:27.605 0	/var/lib/sss/deskprofile
2026-01-18 17:12:27.606 0	/var/lib/sss/gpo_cache
2026-01-18 17:12:27.607 0	/var/lib/sss/mc
2026-01-18 17:12:27.608 0	/var/lib/sss/pipes/private
2026-01-18 17:12:27.609 0	/var/lib/sss/pipes
2026-01-18 17:12:27.610 0	/var/lib/sss/pubconf
2026-01-18 17:12:27.611 0	/var/lib/sss/secrets
2026-01-18 17:12:27.612 1256	/var/lib/sss
2026-01-18 17:12:27.613 4	/var/lib/chrony
2026-01-18 17:12:27.614 0	/var/lib/cloud
2026-01-18 17:12:27.615 0	/var/lib/kpatch
2026-01-18 17:12:27.616 0	/var/lib/nfs/rpc_pipefs
2026-01-18 17:12:27.617 0	/var/lib/nfs/statd/sm
2026-01-18 17:12:27.618 0	/var/lib/nfs/statd/sm.bak
2026-01-18 17:12:27.619 0	/var/lib/nfs/statd
2026-01-18 17:12:27.620 0	/var/lib/nfs/v4recovery
2026-01-18 17:12:27.621 0	/var/lib/nfs
2026-01-18 17:12:27.623 0	/var/lib/hibinit-agent
2026-01-18 17:12:27.624 0	/var/lib/xfsdump/inventory
2026-01-18 17:12:27.625 0	/var/lib/xfsdump
2026-01-18 17:12:27.626 0	/var/lib/amazon/ssm/ipc
2026-01-18 17:12:27.627 4	/var/lib/amazon/ssm/runtimeconfig
2026-01-18 17:12:27.628 4	/var/lib/amazon/ssm/Vault/Store
2026-01-18 17:12:27.629 8	/var/lib/amazon/ssm/Vault
2026-01-18 17:12:27.630 4	/var/lib/amazon/ssm/dynamicconfig
2026-01-18 17:12:27.631 0	/var/lib/amazon/ssm/localcommands/completed
2026-01-18 17:12:27.632 0	/var/lib/amazon/ssm/localcommands
2026-01-18 17:12:27.633 0	/var/lib/amazon/ssm/daemons
2026-01-18 17:12:27.634 0	/var/lib/amazon/ssm/i-04211d47fc32133ec/document/state/pending
2026-01-18 17:12:27.635 0	/var/lib/amazon/ssm/i-04211d47fc32133ec/document/state/current
2026-01-18 17:12:27.636 0	/var/lib/amazon/ssm/i-04211d47fc32133ec/document/state/completed
2026-01-18 17:12:27.637 0	/var/lib/amazon/ssm/i-04211d47fc32133ec/document/state/corrupt
2026-01-18 17:12:27.638 0	/var/lib/amazon/ssm/i-04211d47fc32133ec/document/state
2026-01-18 17:12:27.639 0	/var/lib/amazon/ssm/i-04211d47fc32133ec/document/orchestration/d89cea78-17ad-417b-b405-d789374dbf56/awsrunShellScript/CollectRunningKernel
2026-01-18 17:12:27.640 0	/var/lib/amazon/ssm/i-04211d47fc32133ec/document/orchestration/d89cea78-17ad-417b-b405-d789374dbf56/awsrunShellScript
2026-01-18 17:12:27.641 4	/var/lib/amazon/ssm/i-04211d47fc32133ec/document/orchestration/d89cea78-17ad-417b-b405-d789374dbf56/CollectRunningKernel
2026-01-18 17:12:27.642 4	/var/lib/amazon/ssm/i-04211d47fc32133ec/document/orchestration/d89cea78-17ad-417b-b405-d789374dbf56
2026-01-18 17:12:27.644 8	/var/lib/amazon/ssm/i-04211d47fc32133ec/document/orchestration/dc27f838-64de-4fe5-8ddc-61c5f2b05cfa/2025-12-04T17-07-57.169Z/awssoftwareInventory/collectSoftwareInventoryItems
2026-01-18 17:12:27.645 8	/var/lib/amazon/ssm/i-04211d47fc32133ec/document/orchestration/dc27f838-64de-4fe5-8ddc-61c5f2b05cfa/2025-12-04T17-07-57.169Z/awssoftwareInventory
2026-01-18 17:12:27.646 8	/var/lib/amazon/ssm/i-04211d47fc32133ec/document/orchestration/dc27f838-64de-4fe5-8ddc-61c5f2b05cfa/2025-12-04T17-07-57.169Z
2026-01-18 17:12:27.647 8	/var/lib/amazon/ssm/i-04211d47fc32133ec/document/orchestration/dc27f838-64de-4fe5-8ddc-61c5f2b05cfa
2026-01-18 17:12:27.648 12	/var/lib/amazon/ssm/i-04211d47fc32133ec/document/orchestration/01ef8244-a57b-48be-9c4c-deb4939b6ecd/awsrunShellScript/0.awsrunShellScript
2026-01-18 17:12:27.649 12	/var/lib/amazon/ssm/i-04211d47fc32133ec/document/orchestration/01ef8244-a57b-48be-9c4c-deb4939b6ecd/awsrunShellScript
2026-01-18 17:12:27.650 12	/var/lib/amazon/ssm/i-04211d47fc32133ec/document/orchestration/01ef8244-a57b-48be-9c4c-deb4939b6ecd
2026-01-18 17:12:27.651 20	/var/lib/amazon/ssm/i-04211d47fc32133ec/document/orchestration/033c19c1-0d59-409c-b25a-fe2dda45cc6a/awsrunShellScript/0.awsrunShellScript
2026-01-18 17:12:27.652 20	/var/lib/amazon/ssm/i-04211d47fc32133ec/document/orchestration/033c19c1-0d59-409c-b25a-fe2dda45cc6a/awsrunShellScript
2026-01-18 17:12:27.653 20	/var/lib/amazon/ssm/i-04211d47fc32133ec/document/orchestration/033c19c1-0d59-409c-b25a-fe2dda45cc6a
2026-01-18 17:12:27.655 0	/var/lib/amazon/ssm/i-04211d47fc32133ec/document/orchestration/6b64b251-67da-4590-bb67-b1de12c49db4/awsrefreshAssociation/refreshAssociation
2026-01-18 17:12:27.656 8	/var/lib/amazon/ssm/i-04211d47fc32133ec/document/orchestration/6b64b251-67da-4590-bb67-b1de12c49db4/awsrefreshAssociation
2026-01-18 17:12:27.657 8	/var/lib/amazon/ssm/i-04211d47fc32133ec/document/orchestration/6b64b251-67da-4590-bb67-b1de12c49db4
2026-01-18 17:12:27.658 8	/var/lib/amazon/ssm/i-04211d47fc32133ec/document/orchestration/616662fb-c3ff-43e2-a46a-5ffdae323a65/2025-12-04T17-17-21.211Z/awssoftwareInventory/collectSoftwareInventoryItems
2026-01-18 17:12:27.659 8	/var/lib/amazon/ssm/i-04211d47fc32133ec/document/orchestration/616662fb-c3ff-43e2-a46a-5ffdae323a65/2025-12-04T17-17-21.211Z/awssoftwareInventory
2026-01-18 17:12:27.660 8	/var/lib/amazon/ssm/i-04211d47fc32133ec/document/orchestration/616662fb-c3ff-43e2-a46a-5ffdae323a65/2025-12-04T17-17-21.211Z
2026-01-18 17:12:27.661 8	/var/lib/amazon/ssm/i-04211d47fc32133ec/document/orchestration/616662fb-c3ff-43e2-a46a-5ffdae323a65/2025-12-04T17-17-48.998Z/awssoftwareInventory/collectSoftwareInventoryItems
2026-01-18 17:12:27.663 8	/var/lib/amazon/ssm/i-04211d47fc32133ec/document/orchestration/616662fb-c3ff-43e2-a46a-5ffdae323a65/2025-12-04T17-17-48.998Z/awssoftwareInventory
2026-01-18 17:12:27.664 8	/var/lib/amazon/ssm/i-04211d47fc32133ec/document/orchestration/616662fb-c3ff-43e2-a46a-5ffdae323a65/2025-12-04T17-17-48.998Z
2026-01-18 17:12:27.665 16	/var/lib/amazon/ssm/i-04211d47fc32133ec/document/orchestration/616662fb-c3ff-43e2-a46a-5ffdae323a65
2026-01-18 17:12:27.666 28	/var/lib/amazon/ssm/i-04211d47fc32133ec/document/orchestration/2f29f763-02b6-4bea-a38b-c1104c73b5f0/awsrunShellScript/0.awsrunShellScript
2026-01-18 17:12:27.667 28	/var/lib/amazon/ssm/i-04211d47fc32133ec/document/orchestration/2f29f763-02b6-4bea-a38b-c1104c73b5f0/awsrunShellScript
2026-01-18 17:12:27.668 28	/var/lib/amazon/ssm/i-04211d47fc32133ec/document/orchestration/2f29f763-02b6-4bea-a38b-c1104c73b5f0
2026-01-18 17:12:27.669 112	/var/lib/amazon/ssm/i-04211d47fc32133ec/document/orchestration
2026-01-18 17:12:27.670 112	/var/lib/amazon/ssm/i-04211d47fc32133ec/document
2026-01-18 17:12:27.671 0	/var/lib/amazon/ssm/i-04211d47fc32133ec/longrunningplugins/datastore
2026-01-18 17:12:27.672 0	/var/lib/amazon/ssm/i-04211d47fc32133ec/longrunningplugins/healthcheck
2026-01-18 17:12:27.673 0	/var/lib/amazon/ssm/i-04211d47fc32133ec/longrunningplugins
2026-01-18 17:12:27.674 0	/var/lib/amazon/ssm/i-04211d47fc32133ec/replies
2026-01-18 17:12:27.675 0	/var/lib/amazon/ssm/i-04211d47fc32133ec/replies_mgs
2026-01-18 17:12:27.676 4	/var/lib/amazon/ssm/i-04211d47fc32133ec/inventory/custom
2026-01-18 17:12:27.677 0	/var/lib/amazon/ssm/i-04211d47fc32133ec/inventory/file
2026-01-18 17:12:27.678 0	/var/lib/amazon/ssm/i-04211d47fc32133ec/inventory/role
2026-01-18 17:12:27.679 8	/var/lib/amazon/ssm/i-04211d47fc32133ec/inventory
2026-01-18 17:12:27.680 0	/var/lib/amazon/ssm/i-04211d47fc32133ec/idempotency/SendCommand/d89cea78-17ad-417b-b405-d789374dbf56
2026-01-18 17:12:27.681 0	/var/lib/amazon/ssm/i-04211d47fc32133ec/idempotency/SendCommand/01ef8244-a57b-48be-9c4c-deb4939b6ecd
2026-01-18 17:12:27.683 0	/var/lib/amazon/ssm/i-04211d47fc32133ec/idempotency/SendCommand/033c19c1-0d59-409c-b25a-fe2dda45cc6a
2026-01-18 17:12:27.684 0	/var/lib/amazon/ssm/i-04211d47fc32133ec/idempotency/SendCommand/6b64b251-67da-4590-bb67-b1de12c49db4
2026-01-18 17:12:27.685 0	/var/lib/amazon/ssm/i-04211d47fc32133ec/idempotency/SendCommand/2f29f763-02b6-4bea-a38b-c1104c73b5f0
2026-01-18 17:12:27.686 16	/var/lib/amazon/ssm/i-04211d47fc32133ec/idempotency/SendCommand
2026-01-18 17:12:27.687 16	/var/lib/amazon/ssm/i-04211d47fc32133ec/idempotency
2026-01-18 17:12:27.688 0	/var/lib/amazon/ssm/i-04211d47fc32133ec/channels
2026-01-18 17:12:27.689 136	/var/lib/amazon/ssm/i-04211d47fc32133ec
2026-01-18 17:12:27.690 152	/var/lib/amazon/ssm
2026-01-18 17:12:27.691 152	/var/lib/amazon
2026-01-18 17:12:27.692 0	/var/lib/update-motd
2026-01-18 17:12:27.693 36352	/var/lib/rpm
2026-01-18 17:12:27.694 0	/var/lib/polkit-1/localauthority/10-vendor.d
2026-01-18 17:12:27.695 0	/var/lib/polkit-1/localauthority/20-org.d
2026-01-18 17:12:27.696 0	/var/lib/polkit-1/localauthority/30-site.d
2026-01-18 17:12:27.697 0	/var/lib/polkit-1/localauthority/50-local.d
2026-01-18 17:12:27.698 0	/var/lib/polkit-1/localauthority/90-mandatory.d
2026-01-18 17:12:27.699 0	/var/lib/polkit-1/localauthority
2026-01-18 17:12:27.700 0	/var/lib/polkit-1
2026-01-18 17:12:27.701 0	/var/lib/geoclue
2026-01-18 17:12:27.702 2328	/var/lib/texmf/web2c/luatex
2026-01-18 17:12:27.703 2340	/var/lib/texmf/web2c
2026-01-18 17:12:27.704 112	/var/lib/texmf/fonts/map/dvips/updmap
2026-01-18 17:12:27.705 112	/var/lib/texmf/fonts/map/dvips
2026-01-18 17:12:27.707 44	/var/lib/texmf/fonts/map/pdftex/updmap
2026-01-18 17:12:27.708 44	/var/lib/texmf/fonts/map/pdftex
2026-01-18 17:12:27.709 4	/var/lib/texmf/fonts/map/dvipdfmx/updmap
2026-01-18 17:12:27.710 4	/var/lib/texmf/fonts/map/dvipdfmx
2026-01-18 17:12:27.711 160	/var/lib/texmf/fonts/map
2026-01-18 17:12:27.712 160	/var/lib/texmf/fonts
2026-01-18 17:12:27.713 2504	/var/lib/texmf
2026-01-18 17:12:27.714 0	/var/lib/bigtop
2026-01-18 17:12:27.715 0	/var/lib/zookeeper
2026-01-18 17:12:27.716 0	/var/lib/trocla
2026-01-18 17:12:27.717 0	/var/lib/aws/emr/step-runner/hadoop-jars
2026-01-18 17:12:27.718 0	/var/lib/aws/emr/step-runner
2026-01-18 17:12:27.719 4	/var/lib/aws/emr
2026-01-18 17:12:27.720 4	/var/lib/aws
2026-01-18 17:12:27.721 0	/var/lib/dnsmasq
2026-01-18 17:12:27.722 0	/var/lib/provision-node
2026-01-18 17:12:27.723 0	/var/lib/containerd
2026-01-18 17:12:27.724 0	/var/lib/hadoop-yarn/cache
2026-01-18 17:12:27.725 0	/var/lib/hadoop-yarn
2026-01-18 17:12:27.726 0	/var/lib/hadoop-mapreduce/cache
2026-01-18 17:12:27.727 0	/var/lib/hadoop-mapreduce
2026-01-18 17:12:27.729 0	/var/lib/hadoop-hdfs/cache
2026-01-18 17:12:27.730 0	/var/lib/hadoop-hdfs
2026-01-18 17:12:27.731 0	/var/lib/hadoop-httpfs
2026-01-18 17:12:27.732 0	/var/lib/docker
2026-01-18 17:12:27.733 0	/var/lib/hadoop-kms/cache
2026-01-18 17:12:27.734 0	/var/lib/hadoop-kms
2026-01-18 17:12:27.735 0	/var/lib/upower
2026-01-18 17:12:27.736 0	/var/lib/setup-devices
2026-01-18 17:12:27.737 62752	/var/lib
2026-01-18 17:12:27.738 62752	total
2026-01-18 17:12:27.739 + lsof
2026-01-18 17:12:27.740 + awk '{print $9}'
2026-01-18 17:12:27.741 + grep '^/var/lib'
2026-01-18 17:12:27.742 + true
2026-01-18 17:12:27.743 + mkdir -p /mnt/var/lib
2026-01-18 17:12:27.744 + mv /var/lib /var/lib.old
2026-01-18 17:12:27.745 + ln -nsf /mnt/var/lib -T /var/lib
2026-01-18 17:12:27.746 + rsync -a /var/lib.old/ /mnt/var/lib
2026-01-18 17:12:29.581 + rm -Rf /var/lib.old
2026-01-18 17:12:29.620 + echo 'Moved directory to ephemeral: /var/lib'
2026-01-18 17:12:29.621 Moved directory to ephemeral: /var/lib
2026-01-18 17:12:29.622 + restart_proc_that_can_have_open_files_in_var_lib_dir
2026-01-18 17:12:29.623 + restart_proc_if_running dhclient 'service network restart'
2026-01-18 17:12:29.624 + pgrep -x dhclient
2026-01-18 17:12:29.625 + echo 'Not restarting dhclient as it isn'\''t running.'
2026-01-18 17:12:29.627 Not restarting dhclient as it isn't running.
2026-01-18 17:12:29.628 + print_deleted_files_in_old_dir /var/lib
2026-01-18 17:12:29.629 + echo 'Dumping remaining open deleted files in old /var/lib directory:'
2026-01-18 17:12:29.630 Dumping remaining open deleted files in old /var/lib directory:
2026-01-18 17:12:29.631 + lsof_deleted_files_in_old_dir /var/lib
2026-01-18 17:12:29.632 + lsof
2026-01-18 17:12:29.633 + grep '(deleted)'
2026-01-18 17:12:29.634 + grep /var/lib.old
2026-01-18 17:12:29.738 + true
2026-01-18 17:12:29.740 + echo 'Dump complete, any output indicates potential lost file.'
2026-01-18 17:12:29.741 Dump complete, any output indicates potential lost file.
2026-01-18 17:12:29.742 
2026-01-18 17:12:29.743 real	0m2.820s
2026-01-18 17:12:29.744 user	0m0.178s
2026-01-18 17:12:29.745 sys	0m0.272s
