2026-01-18 17:12:29.876 + setup_var_cache_dir
2026-01-18 17:12:29.877 + move_to_ephemeral /var/cache
2026-01-18 17:12:29.878 + echo 'Moving directory to ephemeral: /var/cache'
2026-01-18 17:12:29.879 Moving directory to ephemeral: /var/cache
2026-01-18 17:12:29.880 + ls -l /var/cache
2026-01-18 17:12:29.881 total 32
2026-01-18 17:12:29.882 drwxr-xr-x.  2 root root     6 Jan 30  2023 bpf
2026-01-18 17:12:29.884 drwxr-xr-x.  8 root root 16384 Dec  4 17:16 dnf
2026-01-18 17:12:29.885 drwxr-xr-x.  2 root root     6 Oct 17 22:54 krb5rcache
2026-01-18 17:12:29.886 drwx------.  2 root root    23 Jan 18 17:12 ldconfig
2026-01-18 17:12:29.888 drwxr-xr-x.  3 root root    21 Dec  4 17:11 libX11
2026-01-18 17:12:29.889 drwxr-xr-x. 35 root root 16384 Dec  4 17:16 man
2026-01-18 17:12:29.890 drwx------.  2 root root     6 Nov 17 07:08 private
2026-01-18 17:12:29.891 + du -c /var/cache
2026-01-18 17:12:29.892 0	/var/cache/bpf
2026-01-18 17:12:29.893 36	/var/cache/ldconfig
2026-01-18 17:12:29.894 0	/var/cache/private
2026-01-18 17:12:29.895 0	/var/cache/krb5rcache
2026-01-18 17:12:29.897 0	/var/cache/dnf/amazonlinux-5ca606579ad66bce/packages
2026-01-18 17:12:29.898 0	/var/cache/dnf/amazonlinux-5ca606579ad66bce/repodata
2026-01-18 17:12:29.899 0	/var/cache/dnf/amazonlinux-5ca606579ad66bce
2026-01-18 17:12:29.900 0	/var/cache/dnf/kernel-livepatch-4ae3c03a06a2e235/repodata
2026-01-18 17:12:29.901 0	/var/cache/dnf/kernel-livepatch-4ae3c03a06a2e235
2026-01-18 17:12:29.902 0	/var/cache/dnf/emr-kamino-platform-repo-d3d9443dfb58a0b1/repodata
2026-01-18 17:12:29.903 0	/var/cache/dnf/emr-kamino-platform-repo-d3d9443dfb58a0b1
2026-01-18 17:12:29.904 0	/var/cache/dnf/emr-apps-repo-2d8a0c0bbdeef6d1/packages
2026-01-18 17:12:29.905 0	/var/cache/dnf/emr-apps-repo-2d8a0c0bbdeef6d1/repodata
2026-01-18 17:12:29.906 0	/var/cache/dnf/emr-apps-repo-2d8a0c0bbdeef6d1
2026-01-18 17:12:29.907 0	/var/cache/dnf/emr-platform-repo-661733d16c87f474/packages
2026-01-18 17:12:29.908 0	/var/cache/dnf/emr-platform-repo-661733d16c87f474/repodata
2026-01-18 17:12:29.909 0	/var/cache/dnf/emr-platform-repo-661733d16c87f474
2026-01-18 17:12:29.910 0	/var/cache/dnf/emr-kamino-apps-repo-7b0ef0eb644d38a7/repodata
2026-01-18 17:12:29.911 0	/var/cache/dnf/emr-kamino-apps-repo-7b0ef0eb644d38a7
2026-01-18 17:12:29.912 3536	/var/cache/dnf
2026-01-18 17:12:29.913 0	/var/cache/man/cat1
2026-01-18 17:12:29.914 0	/var/cache/man/cat2
2026-01-18 17:12:29.916 0	/var/cache/man/cat3
2026-01-18 17:12:29.918 0	/var/cache/man/cat4
2026-01-18 17:12:29.919 0	/var/cache/man/cat5
2026-01-18 17:12:29.920 0	/var/cache/man/cat6
2026-01-18 17:12:29.921 0	/var/cache/man/cat7
2026-01-18 17:12:29.922 0	/var/cache/man/cat8
2026-01-18 17:12:29.923 0	/var/cache/man/ru/cat1
2026-01-18 17:12:29.924 0	/var/cache/man/ru/cat3
2026-01-18 17:12:29.925 0	/var/cache/man/ru/cat5
2026-01-18 17:12:29.926 0	/var/cache/man/ru/cat8
2026-01-18 17:12:29.927 40	/var/cache/man/ru
2026-01-18 17:12:29.928 0	/var/cache/man/cs/cat1
2026-01-18 17:12:29.929 0	/var/cache/man/cs/cat3
2026-01-18 17:12:29.930 0	/var/cache/man/cs/cat5
2026-01-18 17:12:29.931 0	/var/cache/man/cs/cat7
2026-01-18 17:12:29.932 0	/var/cache/man/cs/cat8
2026-01-18 17:12:29.933 20	/var/cache/man/cs
2026-01-18 17:12:29.934 0	/var/cache/man/da/cat1
2026-01-18 17:12:29.935 0	/var/cache/man/da/cat5
2026-01-18 17:12:29.936 0	/var/cache/man/da/cat8
2026-01-18 17:12:29.937 20	/var/cache/man/da
2026-01-18 17:12:29.938 0	/var/cache/man/de/cat1
2026-01-18 17:12:29.939 0	/var/cache/man/de/cat3
2026-01-18 17:12:29.940 0	/var/cache/man/de/cat5
2026-01-18 17:12:29.941 0	/var/cache/man/de/cat8
2026-01-18 17:12:29.942 24	/var/cache/man/de
2026-01-18 17:12:29.943 0	/var/cache/man/fr/cat1
2026-01-18 17:12:29.944 0	/var/cache/man/fr/cat3
2026-01-18 17:12:29.945 0	/var/cache/man/fr/cat5
2026-01-18 17:12:29.946 0	/var/cache/man/fr/cat8
2026-01-18 17:12:29.947 24	/var/cache/man/fr
2026-01-18 17:12:29.948 0	/var/cache/man/hu/cat1
2026-01-18 17:12:29.949 0	/var/cache/man/hu/cat8
2026-01-18 17:12:29.950 20	/var/cache/man/hu
2026-01-18 17:12:29.951 0	/var/cache/man/id/cat1
2026-01-18 17:12:29.952 0	/var/cache/man/id/cat5
2026-01-18 17:12:29.953 0	/var/cache/man/id/cat8
2026-01-18 17:12:29.954 20	/var/cache/man/id
2026-01-18 17:12:29.955 0	/var/cache/man/it/cat1
2026-01-18 17:12:29.956 0	/var/cache/man/it/cat3
2026-01-18 17:12:29.957 0	/var/cache/man/it/cat5
2026-01-18 17:12:29.958 0	/var/cache/man/it/cat8
2026-01-18 17:12:29.959 20	/var/cache/man/it
2026-01-18 17:12:29.960 0	/var/cache/man/ja/cat1
2026-01-18 17:12:29.961 0	/var/cache/man/ja/cat5
2026-01-18 17:12:29.962 0	/var/cache/man/ja/cat8
2026-01-18 17:12:29.963 24	/var/cache/man/ja
2026-01-18 17:12:29.964 0	/var/cache/man/ko/cat8
2026-01-18 17:12:29.965 20	/var/cache/man/ko
2026-01-18 17:12:29.966 0	/var/cache/man/pl/cat1
2026-01-18 17:12:29.967 0	/var/cache/man/pl/cat3
2026-01-18 17:12:29.968 0	/var/cache/man/pl/cat5
2026-01-18 17:12:29.969 0	/var/cache/man/pl/cat8
2026-01-18 17:12:29.970 20	/var/cache/man/pl
2026-01-18 17:12:29.971 0	/var/cache/man/pt_BR/cat1
2026-01-18 17:12:29.972 0	/var/cache/man/pt_BR/cat5
2026-01-18 17:12:29.973 0	/var/cache/man/pt_BR/cat8
2026-01-18 17:12:29.974 20	/var/cache/man/pt_BR
2026-01-18 17:12:29.975 0	/var/cache/man/sv/cat1
2026-01-18 17:12:29.976 0	/var/cache/man/sv/cat3
2026-01-18 17:12:29.977 0	/var/cache/man/sv/cat5
2026-01-18 17:12:29.978 0	/var/cache/man/sv/cat8
2026-01-18 17:12:29.979 20	/var/cache/man/sv
2026-01-18 17:12:29.980 0	/var/cache/man/tr/cat1
2026-01-18 17:12:29.981 0	/var/cache/man/tr/cat5
2026-01-18 17:12:29.982 0	/var/cache/man/tr/cat8
2026-01-18 17:12:29.984 20	/var/cache/man/tr
2026-01-18 17:12:29.985 0	/var/cache/man/zh_CN/cat1
2026-01-18 17:12:29.986 0	/var/cache/man/zh_CN/cat3
2026-01-18 17:12:29.987 0	/var/cache/man/zh_CN/cat5
2026-01-18 17:12:29.988 0	/var/cache/man/zh_CN/cat8
2026-01-18 17:12:29.989 20	/var/cache/man/zh_CN
2026-01-18 17:12:29.990 0	/var/cache/man/zh_TW/cat1
2026-01-18 17:12:29.991 0	/var/cache/man/zh_TW/cat8
2026-01-18 17:12:29.992 20	/var/cache/man/zh_TW
2026-01-18 17:12:29.993 0	/var/cache/man/uk/cat1
2026-01-18 17:12:29.994 0	/var/cache/man/uk/cat5
2026-01-18 17:12:29.995 0	/var/cache/man/uk/cat8
2026-01-18 17:12:29.997 20	/var/cache/man/uk
2026-01-18 17:12:29.998 0	/var/cache/man/sk/cat8
2026-01-18 17:12:29.999 20	/var/cache/man/sk
2026-01-18 17:12:30.000 0	/var/cache/man/ca/cat5
2026-01-18 17:12:30.001 20	/var/cache/man/ca
2026-01-18 17:12:30.002 0	/var/cache/man/pt/cat1
2026-01-18 17:12:30.003 0	/var/cache/man/pt/cat5
2026-01-18 17:12:30.005 0	/var/cache/man/pt/cat8
2026-01-18 17:12:30.006 20	/var/cache/man/pt
2026-01-18 17:12:30.007 0	/var/cache/man/es/cat1
2026-01-18 17:12:30.008 0	/var/cache/man/es/cat5
2026-01-18 17:12:30.010 0	/var/cache/man/es/cat8
2026-01-18 17:12:30.011 20	/var/cache/man/es
2026-01-18 17:12:30.012 0	/var/cache/man/nl/cat1
2026-01-18 17:12:30.013 0	/var/cache/man/nl/cat5
2026-01-18 17:12:30.014 0	/var/cache/man/nl/cat8
2026-01-18 17:12:30.015 20	/var/cache/man/nl
2026-01-18 17:12:30.016 0	/var/cache/man/sr/cat1
2026-01-18 17:12:30.018 0	/var/cache/man/sr/cat5
2026-01-18 17:12:30.019 0	/var/cache/man/sr/cat8
2026-01-18 17:12:30.020 20	/var/cache/man/sr
2026-01-18 17:12:30.021 0	/var/cache/man/local/cat1
2026-01-18 17:12:30.022 0	/var/cache/man/local/cat2
2026-01-18 17:12:30.023 0	/var/cache/man/local/cat3
2026-01-18 17:12:30.024 0	/var/cache/man/local/cat4
2026-01-18 17:12:30.025 0	/var/cache/man/local/cat5
2026-01-18 17:12:30.026 0	/var/cache/man/local/cat6
2026-01-18 17:12:30.027 0	/var/cache/man/local/cat7
2026-01-18 17:12:30.028 0	/var/cache/man/local/cat8
2026-01-18 17:12:30.029 0	/var/cache/man/local/cat9
2026-01-18 17:12:30.030 20	/var/cache/man/local
2026-01-18 17:12:30.031 0	/var/cache/man/oldlocal/cat1
2026-01-18 17:12:30.032 20	/var/cache/man/oldlocal
2026-01-18 17:12:30.033 2792	/var/cache/man
2026-01-18 17:12:30.034 0	/var/cache/libX11/compose
2026-01-18 17:12:30.036 0	/var/cache/libX11
2026-01-18 17:12:30.037 6364	/var/cache
2026-01-18 17:12:30.038 6364	total
2026-01-18 17:12:30.039 + lsof
2026-01-18 17:12:30.040 + awk '{print $9}'
2026-01-18 17:12:30.041 + grep '^/var/cache'
2026-01-18 17:12:30.042 + true
2026-01-18 17:12:30.043 + mkdir -p /mnt/var/cache
2026-01-18 17:12:30.044 + mv /var/cache /var/cache.old
2026-01-18 17:12:30.045 + ln -nsf /mnt/var/cache -T /var/cache
2026-01-18 17:12:30.046 + rsync -a /var/cache.old/ /mnt/var/cache
2026-01-18 17:12:30.261 + rm -Rf /var/cache.old
2026-01-18 17:12:30.265 + echo 'Moved directory to ephemeral: /var/cache'
2026-01-18 17:12:30.266 Moved directory to ephemeral: /var/cache
2026-01-18 17:12:30.267 
2026-01-18 17:12:30.268 real	0m0.390s
2026-01-18 17:12:30.269 user	0m0.054s
2026-01-18 17:12:30.270 sys	0m0.063s
