2026-01-18 17:12:26.553 + setup_var_log_dir
2026-01-18 17:12:26.554 + target_dir=/var/log
2026-01-18 17:12:26.555 + move_to_ephemeral /var/log
2026-01-18 17:12:26.556 + echo 'Moving directory to ephemeral: /var/log'
2026-01-18 17:12:26.557 Moving directory to ephemeral: /var/log
2026-01-18 17:12:26.558 + ls -l /var/log
2026-01-18 17:12:26.580 total 4
2026-01-18 17:12:26.581 lrwxrwxrwx. 1 root      root             39 Nov 17 07:08 README -> ../../usr/share/doc/systemd/README.logs
2026-01-18 17:12:26.582 drwxr-xr-x. 2 root      root              6 Dec  4 17:20 amazon
2026-01-18 17:12:26.583 drwx------. 2 root      root             23 Jan 18 17:12 audit
2026-01-18 17:12:26.584 -rw-rw----. 1 root      utmp              0 Nov 17 07:08 btmp
2026-01-18 17:12:26.585 drwxr-x---. 2 chrony    chrony            6 Dec  4 17:12 chrony
2026-01-18 17:12:26.586 drwxrwxr-x. 2 hdfs      hadoop            6 Nov 26 23:35 hadoop-hdfs
2026-01-18 17:12:26.587 drwxrwxr-x. 2 httpfs    httpfs            6 Nov 26 23:35 hadoop-httpfs
2026-01-18 17:12:26.588 drwxrwxr-x. 2 kms       hadoop            6 Nov 26 23:35 hadoop-kms
2026-01-18 17:12:26.590 drwxrwxr-x. 2 mapred    hadoop            6 Nov 26 23:35 hadoop-mapreduce
2026-01-18 17:12:26.591 drwxrwxr-x. 2 yarn      hadoop            6 Nov 26 23:35 hadoop-yarn
2026-01-18 17:12:26.593 drwxr-sr-x+ 3 root      systemd-journal  46 Dec  4 17:20 journal
2026-01-18 17:12:26.594 -rw-rw-r--. 1 root      utmp              0 Nov 17 07:08 lastlog
2026-01-18 17:12:26.595 drwxr-xr-x. 2 root      root             32 Jan 18 17:12 mk-tmp-on-root
2026-01-18 17:12:26.596 drwx------. 2 root      root              6 Nov 17 07:08 private
2026-01-18 17:12:26.598 drwx------. 2 hadoop    hadoop            6 Dec  3 23:48 provision-node
2026-01-18 17:12:26.599 drwxr-xr-x. 3 root      root             20 Dec  4 17:14 puppetlabs
2026-01-18 17:12:26.600 drwxr-xr-x. 2 root      root             18 Jan 18 17:12 sa
2026-01-18 17:12:26.601 drwxr-x---. 2 root      root              6 Oct 17 22:54 sssd
2026-01-18 17:12:26.603 -rw-------. 1 root      root              0 Nov 17 07:08 tallylog
2026-01-18 17:12:26.604 -rw-rw-r--. 1 root      utmp            384 Jan 18 17:12 wtmp
2026-01-18 17:12:26.605 drwxr-xr-x. 2 zookeeper zookeeper         6 Dec  4 17:13 zookeeper
2026-01-18 17:12:26.606 + du -c /var/log
2026-01-18 17:12:26.608 11792	/var/log/journal/ec276fc410ae8f3bf6c5605dc1bcdbc7
2026-01-18 17:12:26.609 11792	/var/log/journal
2026-01-18 17:12:26.610 0	/var/log/private
2026-01-18 17:12:26.611 0	/var/log/sssd
2026-01-18 17:12:26.612 0	/var/log/chrony
2026-01-18 17:12:26.613 0	/var/log/amazon
2026-01-18 17:12:26.614 16	/var/log/audit
2026-01-18 17:12:26.616 4	/var/log/sa
2026-01-18 17:12:26.617 0	/var/log/zookeeper
2026-01-18 17:12:26.618 0	/var/log/puppetlabs/puppet
2026-01-18 17:12:26.619 0	/var/log/puppetlabs
2026-01-18 17:12:26.621 0	/var/log/provision-node
2026-01-18 17:12:26.622 0	/var/log/hadoop-yarn
2026-01-18 17:12:26.623 0	/var/log/hadoop-mapreduce
2026-01-18 17:12:26.624 0	/var/log/hadoop-hdfs
2026-01-18 17:12:26.625 0	/var/log/hadoop-httpfs
2026-01-18 17:12:26.627 0	/var/log/hadoop-kms
2026-01-18 17:12:26.628 4	/var/log/mk-tmp-on-root
2026-01-18 17:12:26.629 11836	/var/log
2026-01-18 17:12:26.630 11836	total
2026-01-18 17:12:26.631 + lsof
2026-01-18 17:12:26.632 + awk '{print $9}'
2026-01-18 17:12:26.633 + grep '^/var/log'
2026-01-18 17:12:26.690 /var/log/journal/ec276fc410ae8f3bf6c5605dc1bcdbc7/system.journal
2026-01-18 17:12:26.691 /var/log/journal/ec276fc410ae8f3bf6c5605dc1bcdbc7/system.journal
2026-01-18 17:12:26.692 /var/log/audit/audit.log
2026-01-18 17:12:26.693 + mkdir -p /mnt/var/log
2026-01-18 17:12:26.694 + mv /var/log /var/log.old
2026-01-18 17:12:26.695 + ln -nsf /mnt/var/log -T /var/log
2026-01-18 17:12:26.696 + rsync -a /var/log.old/ /mnt/var/log
2026-01-18 17:12:26.758 + rm -Rf /var/log.old
2026-01-18 17:12:26.760 + echo 'Moved directory to ephemeral: /var/log'
2026-01-18 17:12:26.761 Moved directory to ephemeral: /var/log
2026-01-18 17:12:26.762 + restart_proc_that_can_have_open_files_in_var_log_dir
2026-01-18 17:12:26.763 + restart_proc_if_enabled auditd 'systemctl start auditd'
2026-01-18 17:12:26.765 + systemctl is-enabled auditd
2026-01-18 17:12:26.767 + echo 'Restarting auditd.'
2026-01-18 17:12:26.768 Restarting auditd.
2026-01-18 17:12:26.769 + systemctl start auditd
2026-01-18 17:12:26.773 + echo 'Restart of auditd completed.'
2026-01-18 17:12:26.774 Restart of auditd completed.
2026-01-18 17:12:26.775 + restart_proc_if_running rsyslogd 'systemctl restart rsyslog'
2026-01-18 17:12:26.776 + pgrep -x rsyslogd
2026-01-18 17:12:26.780 + echo 'Not restarting rsyslogd as it isn'\''t running.'
2026-01-18 17:12:26.781 Not restarting rsyslogd as it isn't running.
2026-01-18 17:12:26.783 + print_deleted_files_in_old_dir /var/log
2026-01-18 17:12:26.784 + echo 'Dumping remaining open deleted files in old /var/log directory:'
2026-01-18 17:12:26.785 Dumping remaining open deleted files in old /var/log directory:
2026-01-18 17:12:26.786 + lsof_deleted_files_in_old_dir /var/log
2026-01-18 17:12:26.787 + lsof
2026-01-18 17:12:26.788 + grep '(deleted)'
2026-01-18 17:12:26.789 + grep /var/log.old
2026-01-18 17:12:26.908 systemd-j 1041                           root   16u      REG              259,3   8388608    8529812 /var/log.old/journal/ec276fc410ae8f3bf6c5605dc1bcdbc7/system.journal (deleted)
2026-01-18 17:12:26.909 auditd    1618                           root    5w      REG              259,3     13443    1194089 /var/log.old/audit/audit.log (deleted)
2026-01-18 17:12:26.910 auditd    1618 1619 auditd               root    5w      REG              259,3     13443    1194089 /var/log.old/audit/audit.log (deleted)
2026-01-18 17:12:26.911 + echo 'Dump complete, any output indicates potential lost file.'
2026-01-18 17:12:26.912 Dump complete, any output indicates potential lost file.
2026-01-18 17:12:26.913 
2026-01-18 17:12:26.914 real	0m0.356s
2026-01-18 17:12:26.915 user	0m0.089s
2026-01-18 17:12:26.916 sys	0m0.115s
