2026-01-18 17:14:15 +0000 Puppet (info): Loading facts
2026-01-18 17:14:15 +0000 Puppet (info): Loading facts
2026-01-18 17:14:15 +0000 Puppet (info): Loading facts
2026-01-18 17:14:15 +0000 Puppet (info): Loading facts
2026-01-18 17:14:15 +0000 Puppet (info): Loading facts
2026-01-18 17:14:15 +0000 Puppet (info): Loading facts
2026-01-18 17:14:15 +0000 Puppet (info): Loading facts
2026-01-18 17:14:15 +0000 Puppet (info): Loading facts
2026-01-18 17:14:15 +0000 Puppet (info): Loading facts
2026-01-18 17:14:16 +0000 Puppet (warning): The function 'hiera' is deprecated in favor of using 'lookup'. See https://puppet.com/docs/puppet/8.1/deprecated_language.html
   (file & line not available)
2026-01-18 17:14:16 +0000 Puppet (warning): Interpolation failed with 'hadoop_hiera_ha_path', but compilation continuing; 
   (file & line not available)
2026-01-18 17:14:16 +0000 Scope(Class[main]) (info): Currently processing aux_set_2
2026-01-18 17:14:16 +0000 Puppet (warning): /etc/puppetlabs/puppet/hieradata/bigtop/noha.yaml: file does not contain a valid yaml hash
2026-01-18 17:14:16 +0000 Puppet (notice): Compiled catalog for ip-172-31-39-66.ec2.internal in environment production in 0.12 seconds
2026-01-18 17:14:17 +0000 Puppet (info): Using environment 'production'
2026-01-18 17:14:17 +0000 Puppet (info): Applying configuration version '1768756456'
2026-01-18 17:14:17 +0000 Stage[pre] (info): Starting to evaluate the resource (1 of 30)
2026-01-18 17:14:17 +0000 Stage[pre] (info): Evaluated in 0.00 seconds
2026-01-18 17:14:17 +0000 Stage[pre] (info): Starting to evaluate the resource (2 of 30)
2026-01-18 17:14:17 +0000 Stage[pre] (info): Evaluated in 0.00 seconds
2026-01-18 17:14:17 +0000 Stage[main] (info): Starting to evaluate the resource (3 of 30)
2026-01-18 17:14:17 +0000 Stage[main] (info): Evaluated in 0.00 seconds
2026-01-18 17:14:17 +0000 Class[Settings] (info): Starting to evaluate the resource (4 of 30)
2026-01-18 17:14:17 +0000 Class[Settings] (info): Evaluated in 0.00 seconds
2026-01-18 17:14:17 +0000 Class[Settings] (info): Starting to evaluate the resource (5 of 30)
2026-01-18 17:14:17 +0000 Class[Settings] (info): Evaluated in 0.00 seconds
2026-01-18 17:14:17 +0000 Class[Main] (info): Starting to evaluate the resource (6 of 30)
2026-01-18 17:14:17 +0000 Class[Main] (info): Evaluated in 0.00 seconds
2026-01-18 17:14:17 +0000 /Stage[main]/Main/Package[jdk] (info): Starting to evaluate the resource (7 of 30)
2026-01-18 17:14:17 +0000 /Stage[main]/Main/Package[jdk]/ensure (notice): current_value 'purged', should be 'present' (noop)
2026-01-18 17:14:17 +0000 /Stage[main]/Main/Package[jdk] (info): Evaluated in 0.02 seconds
2026-01-18 17:14:17 +0000 Node[default] (info): Starting to evaluate the resource (8 of 30)
2026-01-18 17:14:17 +0000 Node[default] (info): Evaluated in 0.00 seconds
2026-01-18 17:14:17 +0000 Node[default] (info): Starting to evaluate the resource (9 of 30)
2026-01-18 17:14:17 +0000 Node[default] (info): Evaluated in 0.00 seconds
2026-01-18 17:14:17 +0000 Class[Main] (info): Starting to evaluate the resource (10 of 30)
2026-01-18 17:14:17 +0000 Class[Main] (notice): Would have triggered 'refresh' from 1 event
2026-01-18 17:14:17 +0000 Class[Main] (info): Evaluated in 0.00 seconds
2026-01-18 17:14:17 +0000 Class[Hadoop_cluster_node] (info): Starting to evaluate the resource (11 of 30)
2026-01-18 17:14:17 +0000 Class[Hadoop_cluster_node] (info): Evaluated in 0.00 seconds
2026-01-18 17:14:17 +0000 Class[Node_with_roles] (info): Starting to evaluate the resource (12 of 30)
2026-01-18 17:14:17 +0000 Class[Node_with_roles] (info): Evaluated in 0.00 seconds
2026-01-18 17:14:17 +0000 /Stage[main]/Hadoop_cluster_node/User[hadoop] (info): Starting to evaluate the resource (13 of 30)
2026-01-18 17:14:17 +0000 /Stage[main]/Hadoop_cluster_node/User[hadoop] (info): Evaluated in 0.00 seconds
2026-01-18 17:14:17 +0000 Emr_scripts::Scripts[emr_scripts scripts] (info): Starting to evaluate the resource (14 of 30)
2026-01-18 17:14:17 +0000 Emr_scripts::Scripts[emr_scripts scripts] (info): Evaluated in 0.00 seconds
2026-01-18 17:14:17 +0000 Node_with_roles::Deploy_module[tez] (info): Starting to evaluate the resource (15 of 30)
2026-01-18 17:14:17 +0000 Node_with_roles::Deploy_module[tez] (info): Evaluated in 0.00 seconds
2026-01-18 17:14:17 +0000 Node_with_roles::Deploy_module[tez] (info): Starting to evaluate the resource (16 of 30)
2026-01-18 17:14:17 +0000 Node_with_roles::Deploy_module[tez] (info): Evaluated in 0.00 seconds
2026-01-18 17:14:17 +0000 Class[Node_with_roles] (info): Starting to evaluate the resource (17 of 30)
2026-01-18 17:14:17 +0000 Class[Node_with_roles] (info): Evaluated in 0.00 seconds
2026-01-18 17:14:17 +0000 /Stage[main]/Hadoop_cluster_node/Emr_scripts::Scripts[emr_scripts scripts]/Package[emr-scripts] (info): Starting to evaluate the resource (18 of 30)
2026-01-18 17:14:17 +0000 /Stage[main]/Hadoop_cluster_node/Emr_scripts::Scripts[emr_scripts scripts]/Package[emr-scripts] (info): Evaluated in 0.00 seconds
2026-01-18 17:14:17 +0000 Emr_scripts::Scripts[emr_scripts scripts] (info): Starting to evaluate the resource (19 of 30)
2026-01-18 17:14:17 +0000 Emr_scripts::Scripts[emr_scripts scripts] (info): Evaluated in 0.00 seconds
2026-01-18 17:14:17 +0000 Class[Hadoop_cluster_node] (info): Starting to evaluate the resource (20 of 30)
2026-01-18 17:14:17 +0000 Class[Hadoop_cluster_node] (info): Evaluated in 0.00 seconds
2026-01-18 17:14:17 +0000 Class[Tez::Deploy] (info): Starting to evaluate the resource (21 of 30)
2026-01-18 17:14:17 +0000 Class[Tez::Deploy] (info): Evaluated in 0.00 seconds
2026-01-18 17:14:17 +0000 Class[Tez::Deploy] (info): Starting to evaluate the resource (22 of 30)
2026-01-18 17:14:17 +0000 Class[Tez::Deploy] (info): Evaluated in 0.00 seconds
2026-01-18 17:14:17 +0000 Stage[main] (info): Starting to evaluate the resource (23 of 30)
2026-01-18 17:14:17 +0000 Stage[main] (notice): Would have triggered 'refresh' from 1 event
2026-01-18 17:14:17 +0000 Stage[main] (info): Evaluated in 0.00 seconds
2026-01-18 17:14:17 +0000 /Schedule[puppet] (info): Starting to evaluate the resource (24 of 30)
2026-01-18 17:14:17 +0000 /Schedule[puppet] (info): Evaluated in 0.00 seconds
2026-01-18 17:14:17 +0000 /Schedule[hourly] (info): Starting to evaluate the resource (25 of 30)
2026-01-18 17:14:17 +0000 /Schedule[hourly] (info): Evaluated in 0.00 seconds
2026-01-18 17:14:17 +0000 /Schedule[daily] (info): Starting to evaluate the resource (26 of 30)
2026-01-18 17:14:17 +0000 /Schedule[daily] (info): Evaluated in 0.00 seconds
2026-01-18 17:14:17 +0000 /Schedule[weekly] (info): Starting to evaluate the resource (27 of 30)
2026-01-18 17:14:17 +0000 /Schedule[weekly] (info): Evaluated in 0.00 seconds
2026-01-18 17:14:17 +0000 /Schedule[monthly] (info): Starting to evaluate the resource (28 of 30)
2026-01-18 17:14:17 +0000 /Schedule[monthly] (info): Evaluated in 0.00 seconds
2026-01-18 17:14:17 +0000 /Schedule[never] (info): Starting to evaluate the resource (29 of 30)
2026-01-18 17:14:17 +0000 /Schedule[never] (info): Evaluated in 0.00 seconds
2026-01-18 17:14:17 +0000 /Filebucket[puppet] (info): Starting to evaluate the resource (30 of 30)
2026-01-18 17:14:17 +0000 /Filebucket[puppet] (info): Evaluated in 0.00 seconds
2026-01-18 17:14:17 +0000 Puppet (notice): Applied catalog in 0.15 seconds
