real-time non-blocking time  (microseconds, -R) unlimited
core file size              (blocks, -c) unlimited
data seg size               (kbytes, -d) unlimited
scheduling priority                 (-e) 0
file size                   (blocks, -f) unlimited
pending signals                     (-i) 30446
max locked memory           (kbytes, -l) unlimited
max memory size             (kbytes, -m) unlimited
open files                          (-n) 65535
pipe size                (512 bytes, -p) 8
POSIX message queues         (bytes, -q) 819200
real-time priority                  (-r) 0
stack size                  (kbytes, -s) 10240
cpu time                   (seconds, -t) unlimited
max user processes                  (-u) unlimited
virtual memory              (kbytes, -v) unlimited
file locks                          (-x) unlimited
Jan 18, 2026 5:13:58 PM com.sun.jersey.guice.spi.container.GuiceComponentProviderFactory register
INFO: Registering org.apache.hadoop.mapreduce.v2.hs.webapp.HsWebServices as a root resource class
Jan 18, 2026 5:13:59 PM com.sun.jersey.guice.spi.container.GuiceComponentProviderFactory register
INFO: Registering org.apache.hadoop.mapreduce.v2.hs.webapp.JAXBContextResolver as a provider class
Jan 18, 2026 5:13:59 PM com.sun.jersey.guice.spi.container.GuiceComponentProviderFactory register
INFO: Registering org.apache.hadoop.yarn.webapp.GenericExceptionHandler as a provider class
Jan 18, 2026 5:13:59 PM com.sun.jersey.server.impl.application.WebApplicationImpl _initiate
INFO: Initiating Jersey application, version 'Jersey: 1.19.4 05/24/2017 03:20 PM'
Jan 18, 2026 5:13:59 PM com.sun.jersey.guice.spi.container.GuiceComponentProviderFactory getComponentProvider
INFO: Binding org.apache.hadoop.mapreduce.v2.hs.webapp.JAXBContextResolver to GuiceManagedComponentProvider with the scope "Singleton"
Jan 18, 2026 5:13:59 PM com.sun.jersey.guice.spi.container.GuiceComponentProviderFactory getComponentProvider
INFO: Binding org.apache.hadoop.yarn.webapp.GenericExceptionHandler to GuiceManagedComponentProvider with the scope "Singleton"
Jan 18, 2026 5:13:59 PM com.sun.jersey.guice.spi.container.GuiceComponentProviderFactory getComponentProvider
INFO: Binding org.apache.hadoop.mapreduce.v2.hs.webapp.HsWebServices to GuiceManagedComponentProvider with the scope "PerRequest"
