2026-01-22 00:38:29.780 + setup_var_tmp_dir
2026-01-22 00:38:29.781 + move_to_ephemeral /var/tmp
2026-01-22 00:38:29.782 + echo 'Moving directory to ephemeral: /var/tmp'
2026-01-22 00:38:29.784 Moving directory to ephemeral: /var/tmp
2026-01-22 00:38:29.785 + ls -l /var/tmp
2026-01-22 00:38:29.786 total 0
2026-01-22 00:38:29.788 drwx------. 3 root root 17 Jan 22 00:38 systemd-private-f90360341f8c4a2b9ed8227b4d9bc4d5-dbus-broker.service-wprHn6
2026-01-22 00:38:29.789 drwx------. 3 root root 17 Jan 22 00:38 systemd-private-f90360341f8c4a2b9ed8227b4d9bc4d5-policy-routes@ens5.service-Grhfmz
2026-01-22 00:38:29.790 drwx------. 3 root root 17 Jan 22 00:38 systemd-private-f90360341f8c4a2b9ed8227b4d9bc4d5-polkit.service-uxBnBt
2026-01-22 00:38:29.791 drwx------. 3 root root 17 Jan 22 00:38 systemd-private-f90360341f8c4a2b9ed8227b4d9bc4d5-rtkit-daemon.service-g41GnL
2026-01-22 00:38:29.792 drwx------. 3 root root 17 Jan 22 00:38 systemd-private-f90360341f8c4a2b9ed8227b4d9bc4d5-systemd-logind.service-LR7YsJ
2026-01-22 00:38:29.793 drwx------. 3 root root 17 Jan 22 00:38 systemd-private-f90360341f8c4a2b9ed8227b4d9bc4d5-systemd-resolved.service-vJRrxo
2026-01-22 00:38:29.794 drwx------. 3 root root 17 Jan 22 00:38 systemd-private-f90360341f8c4a2b9ed8227b4d9bc4d5-upower.service-EWLn8l
2026-01-22 00:38:29.795 + du -c /var/tmp
2026-01-22 00:38:29.796 0	/var/tmp/systemd-private-f90360341f8c4a2b9ed8227b4d9bc4d5-systemd-resolved.service-vJRrxo/tmp
2026-01-22 00:38:29.798 0	/var/tmp/systemd-private-f90360341f8c4a2b9ed8227b4d9bc4d5-systemd-resolved.service-vJRrxo
2026-01-22 00:38:29.799 0	/var/tmp/systemd-private-f90360341f8c4a2b9ed8227b4d9bc4d5-dbus-broker.service-wprHn6/tmp
2026-01-22 00:38:29.800 0	/var/tmp/systemd-private-f90360341f8c4a2b9ed8227b4d9bc4d5-dbus-broker.service-wprHn6
2026-01-22 00:38:29.801 0	/var/tmp/systemd-private-f90360341f8c4a2b9ed8227b4d9bc4d5-policy-routes@ens5.service-Grhfmz/tmp
2026-01-22 00:38:29.802 0	/var/tmp/systemd-private-f90360341f8c4a2b9ed8227b4d9bc4d5-policy-routes@ens5.service-Grhfmz
2026-01-22 00:38:29.803 0	/var/tmp/systemd-private-f90360341f8c4a2b9ed8227b4d9bc4d5-rtkit-daemon.service-g41GnL/tmp
2026-01-22 00:38:29.804 0	/var/tmp/systemd-private-f90360341f8c4a2b9ed8227b4d9bc4d5-rtkit-daemon.service-g41GnL
2026-01-22 00:38:29.805 0	/var/tmp/systemd-private-f90360341f8c4a2b9ed8227b4d9bc4d5-systemd-logind.service-LR7YsJ/tmp
2026-01-22 00:38:29.806 0	/var/tmp/systemd-private-f90360341f8c4a2b9ed8227b4d9bc4d5-systemd-logind.service-LR7YsJ
2026-01-22 00:38:29.807 0	/var/tmp/systemd-private-f90360341f8c4a2b9ed8227b4d9bc4d5-upower.service-EWLn8l/tmp
2026-01-22 00:38:29.809 0	/var/tmp/systemd-private-f90360341f8c4a2b9ed8227b4d9bc4d5-upower.service-EWLn8l
2026-01-22 00:38:29.810 0	/var/tmp/systemd-private-f90360341f8c4a2b9ed8227b4d9bc4d5-polkit.service-uxBnBt/tmp
2026-01-22 00:38:29.811 0	/var/tmp/systemd-private-f90360341f8c4a2b9ed8227b4d9bc4d5-polkit.service-uxBnBt
2026-01-22 00:38:29.812 16	/var/tmp
2026-01-22 00:38:29.813 16	total
2026-01-22 00:38:29.814 + lsof
2026-01-22 00:38:29.815 + awk '{print $9}'
2026-01-22 00:38:29.816 + grep '^/var/tmp'
2026-01-22 00:38:29.849 + true
2026-01-22 00:38:29.850 + mkdir -p /mnt/var/tmp
2026-01-22 00:38:29.852 + mv /var/tmp /var/tmp.old
2026-01-22 00:38:29.853 + ln -nsf /mnt/var/tmp -T /var/tmp
2026-01-22 00:38:29.854 + rsync -a /var/tmp.old/ /mnt/var/tmp
2026-01-22 00:38:29.899 + rm -Rf /var/tmp.old
2026-01-22 00:38:29.901 + echo 'Moved directory to ephemeral: /var/tmp'
2026-01-22 00:38:29.902 Moved directory to ephemeral: /var/tmp
2026-01-22 00:38:29.903 
2026-01-22 00:38:29.904 real	0m0.121s
2026-01-22 00:38:29.905 user	0m0.052s
2026-01-22 00:38:29.906 sys	0m0.040s
