2026-01-22 00:38:27.039 + setup_var_log_dir
2026-01-22 00:38:27.040 + target_dir=/var/log
2026-01-22 00:38:27.041 + move_to_ephemeral /var/log
2026-01-22 00:38:27.042 + echo 'Moving directory to ephemeral: /var/log'
2026-01-22 00:38:27.043 Moving directory to ephemeral: /var/log
2026-01-22 00:38:27.044 + ls -l /var/log
2026-01-22 00:38:27.068 total 4
2026-01-22 00:38:27.069 lrwxrwxrwx. 1 root      root             39 Nov 17 07:08 README -> ../../usr/share/doc/systemd/README.logs
2026-01-22 00:38:27.070 drwxr-xr-x. 2 root      root              6 Dec  4 17:20 amazon
2026-01-22 00:38:27.072 drwx------. 2 root      root             23 Jan 22 00:38 audit
2026-01-22 00:38:27.073 -rw-rw----. 1 root      utmp              0 Nov 17 07:08 btmp
2026-01-22 00:38:27.074 drwxr-x---. 2 chrony    chrony            6 Dec  4 17:12 chrony
2026-01-22 00:38:27.075 drwxrwxr-x. 2 hdfs      hadoop            6 Nov 26 23:35 hadoop-hdfs
2026-01-22 00:38:27.076 drwxrwxr-x. 2 httpfs    httpfs            6 Nov 26 23:35 hadoop-httpfs
2026-01-22 00:38:27.078 drwxrwxr-x. 2 kms       hadoop            6 Nov 26 23:35 hadoop-kms
2026-01-22 00:38:27.079 drwxrwxr-x. 2 mapred    hadoop            6 Nov 26 23:35 hadoop-mapreduce
2026-01-22 00:38:27.080 drwxrwxr-x. 2 yarn      hadoop            6 Nov 26 23:35 hadoop-yarn
2026-01-22 00:38:27.081 drwxr-sr-x+ 3 root      systemd-journal  46 Dec  4 17:20 journal
2026-01-22 00:38:27.082 -rw-rw-r--. 1 root      utmp              0 Nov 17 07:08 lastlog
2026-01-22 00:38:27.084 drwxr-xr-x. 2 root      root             32 Jan 22 00:38 mk-tmp-on-root
2026-01-22 00:38:27.085 drwx------. 2 root      root              6 Nov 17 07:08 private
2026-01-22 00:38:27.086 drwx------. 2 hadoop    hadoop            6 Dec  3 23:48 provision-node
2026-01-22 00:38:27.087 drwxr-xr-x. 3 root      root             20 Dec  4 17:14 puppetlabs
2026-01-22 00:38:27.088 drwxr-xr-x. 2 root      root             18 Jan 22 00:38 sa
2026-01-22 00:38:27.089 drwxr-x---. 2 root      root              6 Oct 17 22:54 sssd
2026-01-22 00:38:27.090 -rw-------. 1 root      root              0 Nov 17 07:08 tallylog
2026-01-22 00:38:27.091 -rw-rw-r--. 1 root      utmp            384 Jan 22 00:38 wtmp
2026-01-22 00:38:27.092 drwxr-xr-x. 2 zookeeper zookeeper         6 Dec  4 17:13 zookeeper
2026-01-22 00:38:27.093 + du -c /var/log
2026-01-22 00:38:27.095 11800	/var/log/journal/ec276fc410ae8f3bf6c5605dc1bcdbc7
2026-01-22 00:38:27.096 11800	/var/log/journal
2026-01-22 00:38:27.097 0	/var/log/private
2026-01-22 00:38:27.098 0	/var/log/sssd
2026-01-22 00:38:27.099 0	/var/log/chrony
2026-01-22 00:38:27.100 0	/var/log/amazon
2026-01-22 00:38:27.101 16	/var/log/audit
2026-01-22 00:38:27.102 4	/var/log/sa
2026-01-22 00:38:27.103 0	/var/log/zookeeper
2026-01-22 00:38:27.104 0	/var/log/puppetlabs/puppet
2026-01-22 00:38:27.105 0	/var/log/puppetlabs
2026-01-22 00:38:27.106 0	/var/log/provision-node
2026-01-22 00:38:27.107 0	/var/log/hadoop-yarn
2026-01-22 00:38:27.109 0	/var/log/hadoop-mapreduce
2026-01-22 00:38:27.110 0	/var/log/hadoop-hdfs
2026-01-22 00:38:27.111 0	/var/log/hadoop-httpfs
2026-01-22 00:38:27.112 0	/var/log/hadoop-kms
2026-01-22 00:38:27.113 4	/var/log/mk-tmp-on-root
2026-01-22 00:38:27.115 11844	/var/log
2026-01-22 00:38:27.116 11844	total
2026-01-22 00:38:27.117 + lsof
2026-01-22 00:38:27.118 + awk '{print $9}'
2026-01-22 00:38:27.119 + grep '^/var/log'
2026-01-22 00:38:27.228 /var/log/journal/ec276fc410ae8f3bf6c5605dc1bcdbc7/system.journal
2026-01-22 00:38:27.229 /var/log/journal/ec276fc410ae8f3bf6c5605dc1bcdbc7/system.journal
2026-01-22 00:38:27.230 /var/log/audit/audit.log
2026-01-22 00:38:27.231 + mkdir -p /mnt/var/log
2026-01-22 00:38:27.232 + mv /var/log /var/log.old
2026-01-22 00:38:27.234 + ln -nsf /mnt/var/log -T /var/log
2026-01-22 00:38:27.235 + rsync -a /var/log.old/ /mnt/var/log
2026-01-22 00:38:27.297 + rm -Rf /var/log.old
2026-01-22 00:38:27.300 + echo 'Moved directory to ephemeral: /var/log'
2026-01-22 00:38:27.301 Moved directory to ephemeral: /var/log
2026-01-22 00:38:27.302 + restart_proc_that_can_have_open_files_in_var_log_dir
2026-01-22 00:38:27.303 + restart_proc_if_enabled auditd 'systemctl start auditd'
2026-01-22 00:38:27.304 + systemctl is-enabled auditd
2026-01-22 00:38:27.307 + echo 'Restarting auditd.'
2026-01-22 00:38:27.308 Restarting auditd.
2026-01-22 00:38:27.309 + systemctl start auditd
2026-01-22 00:38:27.313 + echo 'Restart of auditd completed.'
2026-01-22 00:38:27.314 Restart of auditd completed.
2026-01-22 00:38:27.315 + restart_proc_if_running rsyslogd 'systemctl restart rsyslog'
2026-01-22 00:38:27.317 + pgrep -x rsyslogd
2026-01-22 00:38:27.321 + echo 'Not restarting rsyslogd as it isn'\''t running.'
2026-01-22 00:38:27.322 Not restarting rsyslogd as it isn't running.
2026-01-22 00:38:27.323 + print_deleted_files_in_old_dir /var/log
2026-01-22 00:38:27.325 + echo 'Dumping remaining open deleted files in old /var/log directory:'
2026-01-22 00:38:27.326 Dumping remaining open deleted files in old /var/log directory:
2026-01-22 00:38:27.327 + lsof_deleted_files_in_old_dir /var/log
2026-01-22 00:38:27.328 + lsof
2026-01-22 00:38:27.329 + grep '(deleted)'
2026-01-22 00:38:27.330 + grep /var/log.old
2026-01-22 00:38:27.466 systemd-j 1032                           root   16u      REG              259,3   8388608    8529812 /var/log.old/journal/ec276fc410ae8f3bf6c5605dc1bcdbc7/system.journal (deleted)
2026-01-22 00:38:27.468 auditd    1610                           root    5w      REG              259,3     13677    1194089 /var/log.old/audit/audit.log (deleted)
2026-01-22 00:38:27.469 auditd    1610 1611 auditd               root    5w      REG              259,3     13677    1194089 /var/log.old/audit/audit.log (deleted)
2026-01-22 00:38:27.470 + echo 'Dump complete, any output indicates potential lost file.'
2026-01-22 00:38:27.471 Dump complete, any output indicates potential lost file.
2026-01-22 00:38:27.472 
2026-01-22 00:38:27.473 real	0m0.428s
2026-01-22 00:38:27.474 user	0m0.093s
2026-01-22 00:38:27.475 sys	0m0.116s
