2026-01-22 00:38:29.908 + setup_var_cache_dir
2026-01-22 00:38:29.909 + move_to_ephemeral /var/cache
2026-01-22 00:38:29.911 + echo 'Moving directory to ephemeral: /var/cache'
2026-01-22 00:38:29.912 Moving directory to ephemeral: /var/cache
2026-01-22 00:38:29.913 + ls -l /var/cache
2026-01-22 00:38:29.914 total 32
2026-01-22 00:38:29.915 drwxr-xr-x.  2 root root     6 Jan 30  2023 bpf
2026-01-22 00:38:29.916 drwxr-xr-x.  8 root root 16384 Dec  4 17:16 dnf
2026-01-22 00:38:29.917 drwxr-xr-x.  2 root root     6 Oct 17 22:54 krb5rcache
2026-01-22 00:38:29.918 drwx------.  2 root root    23 Jan 22 00:38 ldconfig
2026-01-22 00:38:29.919 drwxr-xr-x.  3 root root    21 Dec  4 17:11 libX11
2026-01-22 00:38:29.920 drwxr-xr-x. 35 root root 16384 Dec  4 17:16 man
2026-01-22 00:38:29.921 drwx------.  2 root root     6 Nov 17 07:08 private
2026-01-22 00:38:29.923 + du -c /var/cache
2026-01-22 00:38:29.924 0	/var/cache/bpf
2026-01-22 00:38:29.926 36	/var/cache/ldconfig
2026-01-22 00:38:29.927 0	/var/cache/private
2026-01-22 00:38:29.928 0	/var/cache/krb5rcache
2026-01-22 00:38:29.929 0	/var/cache/dnf/amazonlinux-5ca606579ad66bce/packages
2026-01-22 00:38:29.930 0	/var/cache/dnf/amazonlinux-5ca606579ad66bce/repodata
2026-01-22 00:38:29.931 0	/var/cache/dnf/amazonlinux-5ca606579ad66bce
2026-01-22 00:38:29.932 0	/var/cache/dnf/kernel-livepatch-4ae3c03a06a2e235/repodata
2026-01-22 00:38:29.933 0	/var/cache/dnf/kernel-livepatch-4ae3c03a06a2e235
2026-01-22 00:38:29.934 0	/var/cache/dnf/emr-kamino-platform-repo-d3d9443dfb58a0b1/repodata
2026-01-22 00:38:29.935 0	/var/cache/dnf/emr-kamino-platform-repo-d3d9443dfb58a0b1
2026-01-22 00:38:29.937 0	/var/cache/dnf/emr-apps-repo-2d8a0c0bbdeef6d1/packages
2026-01-22 00:38:29.938 0	/var/cache/dnf/emr-apps-repo-2d8a0c0bbdeef6d1/repodata
2026-01-22 00:38:29.939 0	/var/cache/dnf/emr-apps-repo-2d8a0c0bbdeef6d1
2026-01-22 00:38:29.940 0	/var/cache/dnf/emr-platform-repo-661733d16c87f474/packages
2026-01-22 00:38:29.941 0	/var/cache/dnf/emr-platform-repo-661733d16c87f474/repodata
2026-01-22 00:38:29.942 0	/var/cache/dnf/emr-platform-repo-661733d16c87f474
2026-01-22 00:38:29.943 0	/var/cache/dnf/emr-kamino-apps-repo-7b0ef0eb644d38a7/repodata
2026-01-22 00:38:29.944 0	/var/cache/dnf/emr-kamino-apps-repo-7b0ef0eb644d38a7
2026-01-22 00:38:29.945 3536	/var/cache/dnf
2026-01-22 00:38:29.946 0	/var/cache/man/cat1
2026-01-22 00:38:29.947 0	/var/cache/man/cat2
2026-01-22 00:38:29.948 0	/var/cache/man/cat3
2026-01-22 00:38:29.949 0	/var/cache/man/cat4
2026-01-22 00:38:29.950 0	/var/cache/man/cat5
2026-01-22 00:38:29.952 0	/var/cache/man/cat6
2026-01-22 00:38:29.953 0	/var/cache/man/cat7
2026-01-22 00:38:29.954 0	/var/cache/man/cat8
2026-01-22 00:38:29.955 0	/var/cache/man/ru/cat1
2026-01-22 00:38:29.956 0	/var/cache/man/ru/cat3
2026-01-22 00:38:29.957 0	/var/cache/man/ru/cat5
2026-01-22 00:38:29.958 0	/var/cache/man/ru/cat8
2026-01-22 00:38:29.959 40	/var/cache/man/ru
2026-01-22 00:38:29.960 0	/var/cache/man/cs/cat1
2026-01-22 00:38:29.961 0	/var/cache/man/cs/cat3
2026-01-22 00:38:29.962 0	/var/cache/man/cs/cat5
2026-01-22 00:38:29.963 0	/var/cache/man/cs/cat7
2026-01-22 00:38:29.964 0	/var/cache/man/cs/cat8
2026-01-22 00:38:29.965 20	/var/cache/man/cs
2026-01-22 00:38:29.966 0	/var/cache/man/da/cat1
2026-01-22 00:38:29.967 0	/var/cache/man/da/cat5
2026-01-22 00:38:29.968 0	/var/cache/man/da/cat8
2026-01-22 00:38:29.969 20	/var/cache/man/da
2026-01-22 00:38:29.970 0	/var/cache/man/de/cat1
2026-01-22 00:38:29.972 0	/var/cache/man/de/cat3
2026-01-22 00:38:29.973 0	/var/cache/man/de/cat5
2026-01-22 00:38:29.974 0	/var/cache/man/de/cat8
2026-01-22 00:38:29.975 24	/var/cache/man/de
2026-01-22 00:38:29.976 0	/var/cache/man/fr/cat1
2026-01-22 00:38:29.977 0	/var/cache/man/fr/cat3
2026-01-22 00:38:29.978 0	/var/cache/man/fr/cat5
2026-01-22 00:38:29.979 0	/var/cache/man/fr/cat8
2026-01-22 00:38:29.980 24	/var/cache/man/fr
2026-01-22 00:38:29.981 0	/var/cache/man/hu/cat1
2026-01-22 00:38:29.982 0	/var/cache/man/hu/cat8
2026-01-22 00:38:29.983 20	/var/cache/man/hu
2026-01-22 00:38:29.984 0	/var/cache/man/id/cat1
2026-01-22 00:38:29.985 0	/var/cache/man/id/cat5
2026-01-22 00:38:29.986 0	/var/cache/man/id/cat8
2026-01-22 00:38:29.987 20	/var/cache/man/id
2026-01-22 00:38:29.988 0	/var/cache/man/it/cat1
2026-01-22 00:38:29.989 0	/var/cache/man/it/cat3
2026-01-22 00:38:29.990 0	/var/cache/man/it/cat5
2026-01-22 00:38:29.991 0	/var/cache/man/it/cat8
2026-01-22 00:38:29.992 20	/var/cache/man/it
2026-01-22 00:38:29.993 0	/var/cache/man/ja/cat1
2026-01-22 00:38:29.994 0	/var/cache/man/ja/cat5
2026-01-22 00:38:29.995 0	/var/cache/man/ja/cat8
2026-01-22 00:38:29.996 24	/var/cache/man/ja
2026-01-22 00:38:29.997 0	/var/cache/man/ko/cat8
2026-01-22 00:38:29.998 20	/var/cache/man/ko
2026-01-22 00:38:29.999 0	/var/cache/man/pl/cat1
2026-01-22 00:38:30.001 0	/var/cache/man/pl/cat3
2026-01-22 00:38:30.002 0	/var/cache/man/pl/cat5
2026-01-22 00:38:30.003 0	/var/cache/man/pl/cat8
2026-01-22 00:38:30.004 20	/var/cache/man/pl
2026-01-22 00:38:30.005 0	/var/cache/man/pt_BR/cat1
2026-01-22 00:38:30.006 0	/var/cache/man/pt_BR/cat5
2026-01-22 00:38:30.007 0	/var/cache/man/pt_BR/cat8
2026-01-22 00:38:30.008 20	/var/cache/man/pt_BR
2026-01-22 00:38:30.009 0	/var/cache/man/sv/cat1
2026-01-22 00:38:30.010 0	/var/cache/man/sv/cat3
2026-01-22 00:38:30.011 0	/var/cache/man/sv/cat5
2026-01-22 00:38:30.012 0	/var/cache/man/sv/cat8
2026-01-22 00:38:30.013 20	/var/cache/man/sv
2026-01-22 00:38:30.014 0	/var/cache/man/tr/cat1
2026-01-22 00:38:30.015 0	/var/cache/man/tr/cat5
2026-01-22 00:38:30.016 0	/var/cache/man/tr/cat8
2026-01-22 00:38:30.017 20	/var/cache/man/tr
2026-01-22 00:38:30.018 0	/var/cache/man/zh_CN/cat1
2026-01-22 00:38:30.019 0	/var/cache/man/zh_CN/cat3
2026-01-22 00:38:30.020 0	/var/cache/man/zh_CN/cat5
2026-01-22 00:38:30.021 0	/var/cache/man/zh_CN/cat8
2026-01-22 00:38:30.022 20	/var/cache/man/zh_CN
2026-01-22 00:38:30.023 0	/var/cache/man/zh_TW/cat1
2026-01-22 00:38:30.024 0	/var/cache/man/zh_TW/cat8
2026-01-22 00:38:30.025 20	/var/cache/man/zh_TW
2026-01-22 00:38:30.026 0	/var/cache/man/uk/cat1
2026-01-22 00:38:30.027 0	/var/cache/man/uk/cat5
2026-01-22 00:38:30.028 0	/var/cache/man/uk/cat8
2026-01-22 00:38:30.029 20	/var/cache/man/uk
2026-01-22 00:38:30.030 0	/var/cache/man/sk/cat8
2026-01-22 00:38:30.031 20	/var/cache/man/sk
2026-01-22 00:38:30.032 0	/var/cache/man/ca/cat5
2026-01-22 00:38:30.033 20	/var/cache/man/ca
2026-01-22 00:38:30.034 0	/var/cache/man/pt/cat1
2026-01-22 00:38:30.035 0	/var/cache/man/pt/cat5
2026-01-22 00:38:30.036 0	/var/cache/man/pt/cat8
2026-01-22 00:38:30.037 20	/var/cache/man/pt
2026-01-22 00:38:30.038 0	/var/cache/man/es/cat1
2026-01-22 00:38:30.039 0	/var/cache/man/es/cat5
2026-01-22 00:38:30.040 0	/var/cache/man/es/cat8
2026-01-22 00:38:30.041 20	/var/cache/man/es
2026-01-22 00:38:30.042 0	/var/cache/man/nl/cat1
2026-01-22 00:38:30.043 0	/var/cache/man/nl/cat5
2026-01-22 00:38:30.044 0	/var/cache/man/nl/cat8
2026-01-22 00:38:30.045 20	/var/cache/man/nl
2026-01-22 00:38:30.046 0	/var/cache/man/sr/cat1
2026-01-22 00:38:30.047 0	/var/cache/man/sr/cat5
2026-01-22 00:38:30.048 0	/var/cache/man/sr/cat8
2026-01-22 00:38:30.049 20	/var/cache/man/sr
2026-01-22 00:38:30.050 0	/var/cache/man/local/cat1
2026-01-22 00:38:30.051 0	/var/cache/man/local/cat2
2026-01-22 00:38:30.052 0	/var/cache/man/local/cat3
2026-01-22 00:38:30.053 0	/var/cache/man/local/cat4
2026-01-22 00:38:30.054 0	/var/cache/man/local/cat5
2026-01-22 00:38:30.056 0	/var/cache/man/local/cat6
2026-01-22 00:38:30.057 0	/var/cache/man/local/cat7
2026-01-22 00:38:30.058 0	/var/cache/man/local/cat8
2026-01-22 00:38:30.059 0	/var/cache/man/local/cat9
2026-01-22 00:38:30.060 20	/var/cache/man/local
2026-01-22 00:38:30.061 0	/var/cache/man/oldlocal/cat1
2026-01-22 00:38:30.062 20	/var/cache/man/oldlocal
2026-01-22 00:38:30.063 2792	/var/cache/man
2026-01-22 00:38:30.064 0	/var/cache/libX11/compose
2026-01-22 00:38:30.065 0	/var/cache/libX11
2026-01-22 00:38:30.066 6364	/var/cache
2026-01-22 00:38:30.067 6364	total
2026-01-22 00:38:30.068 + lsof
2026-01-22 00:38:30.069 + awk '{print $9}'
2026-01-22 00:38:30.070 + grep '^/var/cache'
2026-01-22 00:38:30.097 + true
2026-01-22 00:38:30.098 + mkdir -p /mnt/var/cache
2026-01-22 00:38:30.100 + mv /var/cache /var/cache.old
2026-01-22 00:38:30.101 + ln -nsf /mnt/var/cache -T /var/cache
2026-01-22 00:38:30.102 + rsync -a /var/cache.old/ /mnt/var/cache
2026-01-22 00:38:30.342 + rm -Rf /var/cache.old
2026-01-22 00:38:30.347 + echo 'Moved directory to ephemeral: /var/cache'
2026-01-22 00:38:30.348 Moved directory to ephemeral: /var/cache
2026-01-22 00:38:30.349 
2026-01-22 00:38:30.350 real	0m0.439s
2026-01-22 00:38:30.351 user	0m0.070s
2026-01-22 00:38:30.352 sys	0m0.048s
