2026-01-22 00:38:26.718 + setup_tmp_dir
2026-01-22 00:38:26.719 ++ readlink /tmp
2026-01-22 00:38:26.720 + [[ '' == \/\m\n\t\/\t\m\p ]]
2026-01-22 00:38:26.721 ++ readlink /mnt/tmp
2026-01-22 00:38:26.722 + [[ '' == \/\t\m\p ]]
2026-01-22 00:38:26.723 ++ findmnt -rno TARGET /tmp
2026-01-22 00:38:26.725 + [[ -n '' ]]
2026-01-22 00:38:26.726 + [[ -e /mnt/tmp ]]
2026-01-22 00:38:26.727 + move_to_ephemeral /tmp
2026-01-22 00:38:26.729 + echo 'Moving directory to ephemeral: /tmp'
2026-01-22 00:38:26.730 Moving directory to ephemeral: /tmp
2026-01-22 00:38:26.731 + ls -l /tmp
2026-01-22 00:38:26.732 total 0
2026-01-22 00:38:26.733 drwxr-xr-x. 2 root root  6 Jan 22 00:38 hsperfdata_root
2026-01-22 00:38:26.734 drwx------. 3 root root 17 Jan 22 00:38 systemd-private-f90360341f8c4a2b9ed8227b4d9bc4d5-dbus-broker.service-9sN5YA
2026-01-22 00:38:26.735 drwx------. 3 root root 17 Jan 22 00:38 systemd-private-f90360341f8c4a2b9ed8227b4d9bc4d5-policy-routes@ens5.service-r5j6Mh
2026-01-22 00:38:26.736 drwx------. 3 root root 17 Jan 22 00:38 systemd-private-f90360341f8c4a2b9ed8227b4d9bc4d5-polkit.service-wNL8h1
2026-01-22 00:38:26.737 drwx------. 3 root root 17 Jan 22 00:38 systemd-private-f90360341f8c4a2b9ed8227b4d9bc4d5-rtkit-daemon.service-kJK5vp
2026-01-22 00:38:26.739 drwx------. 3 root root 17 Jan 22 00:38 systemd-private-f90360341f8c4a2b9ed8227b4d9bc4d5-systemd-logind.service-ioHGle
2026-01-22 00:38:26.740 drwx------. 3 root root 17 Jan 22 00:38 systemd-private-f90360341f8c4a2b9ed8227b4d9bc4d5-systemd-resolved.service-Vl5I1h
2026-01-22 00:38:26.741 drwx------. 3 root root 17 Jan 22 00:38 systemd-private-f90360341f8c4a2b9ed8227b4d9bc4d5-upower.service-QvOowY
2026-01-22 00:38:26.742 + du -c /tmp
2026-01-22 00:38:26.743 0	/tmp/.X11-unix
2026-01-22 00:38:26.745 0	/tmp/.ICE-unix
2026-01-22 00:38:26.746 0	/tmp/.XIM-unix
2026-01-22 00:38:26.747 0	/tmp/.font-unix
2026-01-22 00:38:26.748 0	/tmp/systemd-private-f90360341f8c4a2b9ed8227b4d9bc4d5-systemd-resolved.service-Vl5I1h/tmp
2026-01-22 00:38:26.749 0	/tmp/systemd-private-f90360341f8c4a2b9ed8227b4d9bc4d5-systemd-resolved.service-Vl5I1h
2026-01-22 00:38:26.750 0	/tmp/systemd-private-f90360341f8c4a2b9ed8227b4d9bc4d5-dbus-broker.service-9sN5YA/tmp
2026-01-22 00:38:26.751 0	/tmp/systemd-private-f90360341f8c4a2b9ed8227b4d9bc4d5-dbus-broker.service-9sN5YA
2026-01-22 00:38:26.752 0	/tmp/systemd-private-f90360341f8c4a2b9ed8227b4d9bc4d5-policy-routes@ens5.service-r5j6Mh/tmp
2026-01-22 00:38:26.753 0	/tmp/systemd-private-f90360341f8c4a2b9ed8227b4d9bc4d5-policy-routes@ens5.service-r5j6Mh
2026-01-22 00:38:26.755 0	/tmp/systemd-private-f90360341f8c4a2b9ed8227b4d9bc4d5-rtkit-daemon.service-kJK5vp/tmp
2026-01-22 00:38:26.756 0	/tmp/systemd-private-f90360341f8c4a2b9ed8227b4d9bc4d5-rtkit-daemon.service-kJK5vp
2026-01-22 00:38:26.757 0	/tmp/systemd-private-f90360341f8c4a2b9ed8227b4d9bc4d5-systemd-logind.service-ioHGle/tmp
2026-01-22 00:38:26.758 0	/tmp/systemd-private-f90360341f8c4a2b9ed8227b4d9bc4d5-systemd-logind.service-ioHGle
2026-01-22 00:38:26.759 0	/tmp/systemd-private-f90360341f8c4a2b9ed8227b4d9bc4d5-upower.service-QvOowY/tmp
2026-01-22 00:38:26.760 0	/tmp/systemd-private-f90360341f8c4a2b9ed8227b4d9bc4d5-upower.service-QvOowY
2026-01-22 00:38:26.761 0	/tmp/systemd-private-f90360341f8c4a2b9ed8227b4d9bc4d5-polkit.service-wNL8h1/tmp
2026-01-22 00:38:26.762 0	/tmp/systemd-private-f90360341f8c4a2b9ed8227b4d9bc4d5-polkit.service-wNL8h1
2026-01-22 00:38:26.763 0	/tmp/hsperfdata_root
2026-01-22 00:38:26.764 16	/tmp
2026-01-22 00:38:26.765 16	total
2026-01-22 00:38:26.766 + lsof
2026-01-22 00:38:26.767 + awk '{print $9}'
2026-01-22 00:38:26.769 + grep '^/tmp'
2026-01-22 00:38:26.918 + true
2026-01-22 00:38:26.919 + mkdir -p /mnt/tmp
2026-01-22 00:38:26.920 + mv /tmp /tmp.old
2026-01-22 00:38:26.922 + ln -nsf /mnt/tmp -T /tmp
2026-01-22 00:38:26.923 + rsync -a /tmp.old/ /mnt/tmp
2026-01-22 00:38:27.022 + rm -Rf /tmp.old
2026-01-22 00:38:27.024 + echo 'Moved directory to ephemeral: /tmp'
2026-01-22 00:38:27.025 Moved directory to ephemeral: /tmp
2026-01-22 00:38:27.026 
2026-01-22 00:38:27.027 real	0m0.307s
2026-01-22 00:38:27.028 user	0m0.058s
2026-01-22 00:38:27.029 sys	0m0.046s
