2026-01-18 17:53:21.572 + setup_var_log_dir
2026-01-18 17:53:21.574 + target_dir=/var/log
2026-01-18 17:53:21.575 + move_to_ephemeral /var/log
2026-01-18 17:53:21.576 + echo 'Moving directory to ephemeral: /var/log'
2026-01-18 17:53:21.577 Moving directory to ephemeral: /var/log
2026-01-18 17:53:21.578 + ls -l /var/log
2026-01-18 17:53:21.598 total 4
2026-01-18 17:53:21.600 lrwxrwxrwx. 1 root      root             39 Nov 17 07:08 README -> ../../usr/share/doc/systemd/README.logs
2026-01-18 17:53:21.601 drwxr-xr-x. 2 root      root              6 Dec  4 17:20 amazon
2026-01-18 17:53:21.602 drwx------. 2 root      root             23 Jan 18 17:53 audit
2026-01-18 17:53:21.603 -rw-rw----. 1 root      utmp              0 Nov 17 07:08 btmp
2026-01-18 17:53:21.605 drwxr-x---. 2 chrony    chrony            6 Dec  4 17:12 chrony
2026-01-18 17:53:21.606 drwxrwxr-x. 2 hdfs      hadoop            6 Nov 26 23:35 hadoop-hdfs
2026-01-18 17:53:21.607 drwxrwxr-x. 2 httpfs    httpfs            6 Nov 26 23:35 hadoop-httpfs
2026-01-18 17:53:21.609 drwxrwxr-x. 2 kms       hadoop            6 Nov 26 23:35 hadoop-kms
2026-01-18 17:53:21.611 drwxrwxr-x. 2 mapred    hadoop            6 Nov 26 23:35 hadoop-mapreduce
2026-01-18 17:53:21.612 drwxrwxr-x. 2 yarn      hadoop            6 Nov 26 23:35 hadoop-yarn
2026-01-18 17:53:21.614 drwxr-sr-x+ 3 root      systemd-journal  46 Dec  4 17:20 journal
2026-01-18 17:53:21.615 -rw-rw-r--. 1 root      utmp              0 Nov 17 07:08 lastlog
2026-01-18 17:53:21.616 drwxr-xr-x. 2 root      root             32 Jan 18 17:53 mk-tmp-on-root
2026-01-18 17:53:21.618 drwx------. 2 root      root              6 Nov 17 07:08 private
2026-01-18 17:53:21.619 drwx------. 2 hadoop    hadoop            6 Dec  3 23:48 provision-node
2026-01-18 17:53:21.621 drwxr-xr-x. 3 root      root             20 Dec  4 17:14 puppetlabs
2026-01-18 17:53:21.622 drwxr-xr-x. 2 root      root             18 Jan 18 17:53 sa
2026-01-18 17:53:21.624 drwxr-x---. 2 root      root              6 Oct 17 22:54 sssd
2026-01-18 17:53:21.625 -rw-------. 1 root      root              0 Nov 17 07:08 tallylog
2026-01-18 17:53:21.626 -rw-rw-r--. 1 root      utmp            384 Jan 18 17:53 wtmp
2026-01-18 17:53:21.628 drwxr-xr-x. 2 zookeeper zookeeper         6 Dec  4 17:13 zookeeper
2026-01-18 17:53:21.629 + du -c /var/log
2026-01-18 17:53:21.631 11792	/var/log/journal/ec276fc410ae8f3bf6c5605dc1bcdbc7
2026-01-18 17:53:21.632 11792	/var/log/journal
2026-01-18 17:53:21.633 0	/var/log/private
2026-01-18 17:53:21.635 0	/var/log/sssd
2026-01-18 17:53:21.636 0	/var/log/chrony
2026-01-18 17:53:21.637 0	/var/log/amazon
2026-01-18 17:53:21.638 16	/var/log/audit
2026-01-18 17:53:21.640 4	/var/log/sa
2026-01-18 17:53:21.641 0	/var/log/zookeeper
2026-01-18 17:53:21.642 0	/var/log/puppetlabs/puppet
2026-01-18 17:53:21.643 0	/var/log/puppetlabs
2026-01-18 17:53:21.645 0	/var/log/provision-node
2026-01-18 17:53:21.646 0	/var/log/hadoop-yarn
2026-01-18 17:53:21.647 0	/var/log/hadoop-mapreduce
2026-01-18 17:53:21.648 0	/var/log/hadoop-hdfs
2026-01-18 17:53:21.649 0	/var/log/hadoop-httpfs
2026-01-18 17:53:21.650 0	/var/log/hadoop-kms
2026-01-18 17:53:21.652 4	/var/log/mk-tmp-on-root
2026-01-18 17:53:21.653 11836	/var/log
2026-01-18 17:53:21.654 11836	total
2026-01-18 17:53:21.655 + lsof
2026-01-18 17:53:21.656 + awk '{print $9}'
2026-01-18 17:53:21.657 + grep '^/var/log'
2026-01-18 17:53:21.777 /var/log/journal/ec276fc410ae8f3bf6c5605dc1bcdbc7/system.journal
2026-01-18 17:53:21.779 /var/log/journal/ec276fc410ae8f3bf6c5605dc1bcdbc7/system.journal
2026-01-18 17:53:21.780 /var/log/audit/audit.log
2026-01-18 17:53:21.781 + mkdir -p /mnt/var/log
2026-01-18 17:53:21.783 + mv /var/log /var/log.old
2026-01-18 17:53:21.784 + ln -nsf /mnt/var/log -T /var/log
2026-01-18 17:53:21.785 + rsync -a /var/log.old/ /mnt/var/log
2026-01-18 17:53:21.847 + rm -Rf /var/log.old
2026-01-18 17:53:21.848 + echo 'Moved directory to ephemeral: /var/log'
2026-01-18 17:53:21.850 Moved directory to ephemeral: /var/log
2026-01-18 17:53:21.851 + restart_proc_that_can_have_open_files_in_var_log_dir
2026-01-18 17:53:21.852 + restart_proc_if_enabled auditd 'systemctl start auditd'
2026-01-18 17:53:21.854 + systemctl is-enabled auditd
2026-01-18 17:53:21.856 + echo 'Restarting auditd.'
2026-01-18 17:53:21.858 Restarting auditd.
2026-01-18 17:53:21.859 + systemctl start auditd
2026-01-18 17:53:21.863 + echo 'Restart of auditd completed.'
2026-01-18 17:53:21.864 Restart of auditd completed.
2026-01-18 17:53:21.865 + restart_proc_if_running rsyslogd 'systemctl restart rsyslog'
2026-01-18 17:53:21.867 + pgrep -x rsyslogd
2026-01-18 17:53:21.870 + echo 'Not restarting rsyslogd as it isn'\''t running.'
2026-01-18 17:53:21.872 Not restarting rsyslogd as it isn't running.
2026-01-18 17:53:21.873 + print_deleted_files_in_old_dir /var/log
2026-01-18 17:53:21.874 + echo 'Dumping remaining open deleted files in old /var/log directory:'
2026-01-18 17:53:21.876 Dumping remaining open deleted files in old /var/log directory:
2026-01-18 17:53:21.877 + lsof_deleted_files_in_old_dir /var/log
2026-01-18 17:53:21.878 + lsof
2026-01-18 17:53:21.880 + grep '(deleted)'
2026-01-18 17:53:21.881 + grep /var/log.old
2026-01-18 17:53:22.000 systemd-j 1042                           root   16u      REG              259,3   8388608    8529812 /var/log.old/journal/ec276fc410ae8f3bf6c5605dc1bcdbc7/system.journal (deleted)
2026-01-18 17:53:22.002 auditd    1620                           root    5w      REG              259,3     13443    1194089 /var/log.old/audit/audit.log (deleted)
2026-01-18 17:53:22.003 auditd    1620 1621 auditd               root    5w      REG              259,3     13443    1194089 /var/log.old/audit/audit.log (deleted)
2026-01-18 17:53:22.004 + echo 'Dump complete, any output indicates potential lost file.'
2026-01-18 17:53:22.005 Dump complete, any output indicates potential lost file.
2026-01-18 17:53:22.006 
2026-01-18 17:53:22.008 real	0m0.429s
2026-01-18 17:53:22.009 user	0m0.093s
2026-01-18 17:53:22.010 sys	0m0.120s
