2026-01-18 17:53:21.270 + setup_tmp_dir
2026-01-18 17:53:21.272 ++ readlink /tmp
2026-01-18 17:53:21.273 + [[ '' == \/\m\n\t\/\t\m\p ]]
2026-01-18 17:53:21.274 ++ readlink /mnt/tmp
2026-01-18 17:53:21.276 + [[ '' == \/\t\m\p ]]
2026-01-18 17:53:21.277 ++ findmnt -rno TARGET /tmp
2026-01-18 17:53:21.278 + [[ -n '' ]]
2026-01-18 17:53:21.279 + [[ -e /mnt/tmp ]]
2026-01-18 17:53:21.281 + move_to_ephemeral /tmp
2026-01-18 17:53:21.283 + echo 'Moving directory to ephemeral: /tmp'
2026-01-18 17:53:21.284 Moving directory to ephemeral: /tmp
2026-01-18 17:53:21.285 + ls -l /tmp
2026-01-18 17:53:21.286 total 0
2026-01-18 17:53:21.288 drwxr-xr-x. 2 root root  6 Jan 18 17:53 hsperfdata_root
2026-01-18 17:53:21.289 drwx------. 3 root root 17 Jan 18 17:53 systemd-private-6e97003026c0465997148c66cd48b645-dbus-broker.service-7sCwCV
2026-01-18 17:53:21.290 drwx------. 3 root root 17 Jan 18 17:53 systemd-private-6e97003026c0465997148c66cd48b645-policy-routes@ens5.service-IBk5O1
2026-01-18 17:53:21.291 drwx------. 3 root root 17 Jan 18 17:53 systemd-private-6e97003026c0465997148c66cd48b645-polkit.service-Csnu0b
2026-01-18 17:53:21.293 drwx------. 3 root root 17 Jan 18 17:53 systemd-private-6e97003026c0465997148c66cd48b645-rtkit-daemon.service-Gv5U7r
2026-01-18 17:53:21.294 drwx------. 3 root root 17 Jan 18 17:53 systemd-private-6e97003026c0465997148c66cd48b645-systemd-logind.service-l7UpfC
2026-01-18 17:53:21.295 drwx------. 3 root root 17 Jan 18 17:53 systemd-private-6e97003026c0465997148c66cd48b645-systemd-resolved.service-5pZ5Mi
2026-01-18 17:53:21.297 drwx------. 3 root root 17 Jan 18 17:53 systemd-private-6e97003026c0465997148c66cd48b645-upower.service-AvCszR
2026-01-18 17:53:21.298 + du -c /tmp
2026-01-18 17:53:21.299 0	/tmp/.X11-unix
2026-01-18 17:53:21.300 0	/tmp/.ICE-unix
2026-01-18 17:53:21.302 0	/tmp/.XIM-unix
2026-01-18 17:53:21.303 0	/tmp/.font-unix
2026-01-18 17:53:21.304 0	/tmp/systemd-private-6e97003026c0465997148c66cd48b645-systemd-resolved.service-5pZ5Mi/tmp
2026-01-18 17:53:21.305 0	/tmp/systemd-private-6e97003026c0465997148c66cd48b645-systemd-resolved.service-5pZ5Mi
2026-01-18 17:53:21.307 0	/tmp/systemd-private-6e97003026c0465997148c66cd48b645-dbus-broker.service-7sCwCV/tmp
2026-01-18 17:53:21.308 0	/tmp/systemd-private-6e97003026c0465997148c66cd48b645-dbus-broker.service-7sCwCV
2026-01-18 17:53:21.309 0	/tmp/systemd-private-6e97003026c0465997148c66cd48b645-policy-routes@ens5.service-IBk5O1/tmp
2026-01-18 17:53:21.311 0	/tmp/systemd-private-6e97003026c0465997148c66cd48b645-policy-routes@ens5.service-IBk5O1
2026-01-18 17:53:21.312 0	/tmp/systemd-private-6e97003026c0465997148c66cd48b645-rtkit-daemon.service-Gv5U7r/tmp
2026-01-18 17:53:21.313 0	/tmp/systemd-private-6e97003026c0465997148c66cd48b645-rtkit-daemon.service-Gv5U7r
2026-01-18 17:53:21.315 0	/tmp/systemd-private-6e97003026c0465997148c66cd48b645-systemd-logind.service-l7UpfC/tmp
2026-01-18 17:53:21.316 0	/tmp/systemd-private-6e97003026c0465997148c66cd48b645-systemd-logind.service-l7UpfC
2026-01-18 17:53:21.318 0	/tmp/systemd-private-6e97003026c0465997148c66cd48b645-upower.service-AvCszR/tmp
2026-01-18 17:53:21.319 0	/tmp/systemd-private-6e97003026c0465997148c66cd48b645-upower.service-AvCszR
2026-01-18 17:53:21.321 0	/tmp/systemd-private-6e97003026c0465997148c66cd48b645-polkit.service-Csnu0b/tmp
2026-01-18 17:53:21.322 0	/tmp/systemd-private-6e97003026c0465997148c66cd48b645-polkit.service-Csnu0b
2026-01-18 17:53:21.323 0	/tmp/hsperfdata_root
2026-01-18 17:53:21.325 16	/tmp
2026-01-18 17:53:21.326 16	total
2026-01-18 17:53:21.327 + lsof
2026-01-18 17:53:21.328 + awk '{print $9}'
2026-01-18 17:53:21.329 + grep '^/tmp'
2026-01-18 17:53:21.447 + true
2026-01-18 17:53:21.448 + mkdir -p /mnt/tmp
2026-01-18 17:53:21.450 + mv /tmp /tmp.old
2026-01-18 17:53:21.451 + ln -nsf /mnt/tmp -T /tmp
2026-01-18 17:53:21.452 + rsync -a /tmp.old/ /mnt/tmp
2026-01-18 17:53:21.555 + rm -Rf /tmp.old
2026-01-18 17:53:21.556 + echo 'Moved directory to ephemeral: /tmp'
2026-01-18 17:53:21.558 Moved directory to ephemeral: /tmp
2026-01-18 17:53:21.559 
2026-01-18 17:53:21.560 real	0m0.287s
2026-01-18 17:53:21.561 user	0m0.083s
2026-01-18 17:53:21.562 sys	0m0.022s
