2026-01-18 17:53:22.012 + setup_var_lib_dir
2026-01-18 17:53:22.014 + [[ -n true ]]
2026-01-18 17:53:22.015 + systemctl stop var-lib-nfs-rpc_pipefs.mount
2026-01-18 17:53:22.136 + target_dir=/var/lib
2026-01-18 17:53:22.137 + move_to_ephemeral /var/lib
2026-01-18 17:53:22.138 + echo 'Moving directory to ephemeral: /var/lib'
2026-01-18 17:53:22.139 Moving directory to ephemeral: /var/lib
2026-01-18 17:53:22.141 + ls -l /var/lib
2026-01-18 17:53:22.167 total 16
2026-01-18 17:53:22.168 drwxr-xr-x. 2 root      root      16384 Dec  4 17:16 alternatives
2026-01-18 17:53:22.170 drwxr-xr-x. 3 root      root         17 Dec  4 17:16 amazon
2026-01-18 17:53:22.171 drwxr-xr-x. 3 root      root         17 Dec  4 17:14 aws
2026-01-18 17:53:22.172 drwxr-xr-x. 2 root      root          6 Nov  5 12:07 bigtop
2026-01-18 17:53:22.173 drwxr-x---. 2 chrony    chrony       19 Dec  4 17:21 chrony
2026-01-18 17:53:22.175 drwxr-xr-x. 2 root      root          6 Dec  4 17:20 cloud
2026-01-18 17:53:22.176 drwxr-xr-x. 2 root      root          6 Nov  4 23:08 containerd
2026-01-18 17:53:22.177 drwxr-xr-x. 2 root      root         80 Dec  4 17:16 dnf
2026-01-18 17:53:22.178 drwxr-xr-x. 2 root      dnsmasq       6 Feb 21  2024 dnsmasq
2026-01-18 17:53:22.180 drwxr-xr-x. 2 root      root          6 Nov  4 18:29 docker
2026-01-18 17:53:22.181 drwxr-xr-x. 2 root      root          6 Jan 30  2023 games
2026-01-18 17:53:22.182 drwxr-xr-x. 2 geoclue   geoclue       6 Feb 18  2025 geoclue
2026-01-18 17:53:22.183 drwxr-xr-x. 4 root      root         55 Nov 17 07:08 gssproxy
2026-01-18 17:53:22.184 drwxr-xr-x. 3 hdfs      hadoop       19 Dec  4 17:16 hadoop-hdfs
2026-01-18 17:53:22.186 drwxrwxr-x. 2 httpfs    httpfs        6 Nov 26 23:35 hadoop-httpfs
2026-01-18 17:53:22.187 drwxrwxr-x. 3 kms       hadoop       19 Dec  4 17:16 hadoop-kms
2026-01-18 17:53:22.188 drwxrwxr-x. 3 mapred    hadoop       19 Dec  4 17:15 hadoop-mapreduce
2026-01-18 17:53:22.189 drwxr-xr-x. 3 yarn      hadoop       19 Dec  4 17:15 hadoop-yarn
2026-01-18 17:53:22.191 drwxr-xr-x. 2 root      root          6 Jan 25  2024 hibinit-agent
2026-01-18 17:53:22.192 drwxr-xr-x. 2 root      root          6 Oct 25  2024 initramfs
2026-01-18 17:53:22.193 drwxr-xr-x. 2 root      root          6 Mar 20  2025 kpatch
2026-01-18 17:53:22.194 drwxr-xr-x. 2 root      root         30 Jan 18 17:53 logrotate
2026-01-18 17:53:22.196 drwxr-xr-x. 2 root      root          6 Jan 30  2023 misc
2026-01-18 17:53:22.197 drwxr-xr-x. 5 root      root         80 Nov 17 07:09 nfs
2026-01-18 17:53:22.198 drwxr-xr-x. 2 root      root          6 Feb  1  2023 os-prober
2026-01-18 17:53:22.199 drwxr-x---. 3 root      polkitd      28 Dec  4 17:11 polkit-1
2026-01-18 17:53:22.200 drwx------. 2 root      root          6 Nov 17 07:08 portables
2026-01-18 17:53:22.202 drwx------. 2 root      root          6 Nov 17 07:08 private
2026-01-18 17:53:22.203 drwxr-xr-x. 2 hadoop    hadoop        6 Dec  3 23:48 provision-node
2026-01-18 17:53:22.204 drwxr-xr-x. 2 root      root         91 Nov 17 07:10 rpm
2026-01-18 17:53:22.205 drwxr-xr-x. 4 root      root         40 Dec  4 17:16 rpm-state
2026-01-18 17:53:22.206 drwxr-xr-x. 5 root      root         46 Nov 17 07:08 selinux
2026-01-18 17:53:22.208 drwxr-xr-x. 2 root      root          6 Jan 18 17:53 setup-devices
2026-01-18 17:53:22.209 drwxr-xr-x. 9 root      root        105 Nov 17 07:08 sss
2026-01-18 17:53:22.210 drwxr-xr-x. 8 root      root        110 Dec  4 17:07 systemd
2026-01-18 17:53:22.211 drwxr-xr-x. 4 root      root         44 Dec  4 17:14 texmf
2026-01-18 17:53:22.213 drwxr-xr-x. 2 root      root         30 Dec  4 17:14 trocla
2026-01-18 17:53:22.214 drwxr-xr-x. 2 root      root         18 Dec  4 17:07 update-motd
2026-01-18 17:53:22.215 drwxr-xr-x. 2 root      root          6 Jan 18 17:53 upower
2026-01-18 17:53:22.216 drwxr-xr-x. 3 root      root         23 Nov 17 07:09 xfsdump
2026-01-18 17:53:22.217 drwxr-xr-x. 2 root      root          6 Nov 17 07:06 yum
2026-01-18 17:53:22.219 drwxr-xr-x. 2 zookeeper zookeeper     6 Dec  4 17:13 zookeeper
2026-01-18 17:53:22.220 + du -c /var/lib
2026-01-18 17:53:22.221 0	/var/lib/yum
2026-01-18 17:53:22.222 4268	/var/lib/dnf
2026-01-18 17:53:22.224 0	/var/lib/games
2026-01-18 17:53:22.225 0	/var/lib/misc
2026-01-18 17:53:22.226 0	/var/lib/rpm-state/kernel
2026-01-18 17:53:22.227 0	/var/lib/rpm-state/puppet-agent
2026-01-18 17:53:22.229 0	/var/lib/rpm-state
2026-01-18 17:53:22.230 132	/var/lib/alternatives
2026-01-18 17:53:22.231 0	/var/lib/selinux/tmp
2026-01-18 17:53:22.232 36	/var/lib/selinux/targeted/active/modules/100/abrt
2026-01-18 17:53:22.234 20	/var/lib/selinux/targeted/active/modules/100/accountsd
2026-01-18 17:53:22.235 20	/var/lib/selinux/targeted/active/modules/100/acct
2026-01-18 17:53:22.236 20	/var/lib/selinux/targeted/active/modules/100/afs
2026-01-18 17:53:22.237 20	/var/lib/selinux/targeted/active/modules/100/afterburn
2026-01-18 17:53:22.239 20	/var/lib/selinux/targeted/active/modules/100/aiccu
2026-01-18 17:53:22.240 20	/var/lib/selinux/targeted/active/modules/100/aide
2026-01-18 17:53:22.241 20	/var/lib/selinux/targeted/active/modules/100/ajaxterm
2026-01-18 17:53:22.242 20	/var/lib/selinux/targeted/active/modules/100/alsa
2026-01-18 17:53:22.243 20	/var/lib/selinux/targeted/active/modules/100/amanda
2026-01-18 17:53:22.245 20	/var/lib/selinux/targeted/active/modules/100/amtu
2026-01-18 17:53:22.246 28	/var/lib/selinux/targeted/active/modules/100/anaconda
2026-01-18 17:53:22.247 24	/var/lib/selinux/targeted/active/modules/100/antivirus
2026-01-18 17:53:22.248 52	/var/lib/selinux/targeted/active/modules/100/apache
2026-01-18 17:53:22.250 28	/var/lib/selinux/targeted/active/modules/100/apcupsd
2026-01-18 17:53:22.251 28	/var/lib/selinux/targeted/active/modules/100/apm
2026-01-18 17:53:22.252 20	/var/lib/selinux/targeted/active/modules/100/application
2026-01-18 17:53:22.253 20	/var/lib/selinux/targeted/active/modules/100/arpwatch
2026-01-18 17:53:22.255 20	/var/lib/selinux/targeted/active/modules/100/asterisk
2026-01-18 17:53:22.256 28	/var/lib/selinux/targeted/active/modules/100/auditadm
2026-01-18 17:53:22.257 20	/var/lib/selinux/targeted/active/modules/100/authconfig
2026-01-18 17:53:22.259 36	/var/lib/selinux/targeted/active/modules/100/authlogin
2026-01-18 17:53:22.260 20	/var/lib/selinux/targeted/active/modules/100/automount
2026-01-18 17:53:22.261 20	/var/lib/selinux/targeted/active/modules/100/avahi
2026-01-18 17:53:22.262 20	/var/lib/selinux/targeted/active/modules/100/awstats
2026-01-18 17:53:22.264 28	/var/lib/selinux/targeted/active/modules/100/bacula
2026-01-18 17:53:22.265 136	/var/lib/selinux/targeted/active/modules/100/base
2026-01-18 17:53:22.266 20	/var/lib/selinux/targeted/active/modules/100/bcfg2
2026-01-18 17:53:22.267 28	/var/lib/selinux/targeted/active/modules/100/bind
2026-01-18 17:53:22.269 20	/var/lib/selinux/targeted/active/modules/100/bitlbee
2026-01-18 17:53:22.270 20	/var/lib/selinux/targeted/active/modules/100/blkmapd
2026-01-18 17:53:22.271 20	/var/lib/selinux/targeted/active/modules/100/blueman
2026-01-18 17:53:22.272 28	/var/lib/selinux/targeted/active/modules/100/bluetooth
2026-01-18 17:53:22.273 28	/var/lib/selinux/targeted/active/modules/100/boinc
2026-01-18 17:53:22.275 20	/var/lib/selinux/targeted/active/modules/100/boltd
2026-01-18 17:53:22.276 20	/var/lib/selinux/targeted/active/modules/100/boothd
2026-01-18 17:53:22.278 28	/var/lib/selinux/targeted/active/modules/100/bootloader
2026-01-18 17:53:22.279 20	/var/lib/selinux/targeted/active/modules/100/bootupd
2026-01-18 17:53:22.281 20	/var/lib/selinux/targeted/active/modules/100/brctl
2026-01-18 17:53:22.282 20	/var/lib/selinux/targeted/active/modules/100/brltty
2026-01-18 17:53:22.284 20	/var/lib/selinux/targeted/active/modules/100/bugzilla
2026-01-18 17:53:22.285 20	/var/lib/selinux/targeted/active/modules/100/bumblebee
2026-01-18 17:53:22.287 20	/var/lib/selinux/targeted/active/modules/100/cachefilesd
2026-01-18 17:53:22.288 20	/var/lib/selinux/targeted/active/modules/100/calamaris
2026-01-18 17:53:22.290 20	/var/lib/selinux/targeted/active/modules/100/callweaver
2026-01-18 17:53:22.291 20	/var/lib/selinux/targeted/active/modules/100/canna
2026-01-18 17:53:22.292 20	/var/lib/selinux/targeted/active/modules/100/ccs
2026-01-18 17:53:22.294 20	/var/lib/selinux/targeted/active/modules/100/cdrecord
2026-01-18 17:53:22.295 20	/var/lib/selinux/targeted/active/modules/100/certmaster
2026-01-18 17:53:22.297 28	/var/lib/selinux/targeted/active/modules/100/certmonger
2026-01-18 17:53:22.298 20	/var/lib/selinux/targeted/active/modules/100/certwatch
2026-01-18 17:53:22.299 20	/var/lib/selinux/targeted/active/modules/100/cfengine
2026-01-18 17:53:22.301 20	/var/lib/selinux/targeted/active/modules/100/cgroup
2026-01-18 17:53:22.302 28	/var/lib/selinux/targeted/active/modules/100/chrome
2026-01-18 17:53:22.304 24	/var/lib/selinux/targeted/active/modules/100/chronyd
2026-01-18 17:53:22.306 28	/var/lib/selinux/targeted/active/modules/100/cinder
2026-01-18 17:53:22.307 20	/var/lib/selinux/targeted/active/modules/100/cipe
2026-01-18 17:53:22.309 20	/var/lib/selinux/targeted/active/modules/100/clock
2026-01-18 17:53:22.310 20	/var/lib/selinux/targeted/active/modules/100/clogd
2026-01-18 17:53:22.312 28	/var/lib/selinux/targeted/active/modules/100/cloudform
2026-01-18 17:53:22.313 20	/var/lib/selinux/targeted/active/modules/100/cmirrord
2026-01-18 17:53:22.314 20	/var/lib/selinux/targeted/active/modules/100/cobbler
2026-01-18 17:53:22.315 20	/var/lib/selinux/targeted/active/modules/100/collectd
2026-01-18 17:53:22.317 20	/var/lib/selinux/targeted/active/modules/100/colord
2026-01-18 17:53:22.318 20	/var/lib/selinux/targeted/active/modules/100/comsat
2026-01-18 17:53:22.319 28	/var/lib/selinux/targeted/active/modules/100/condor
2026-01-18 17:53:22.320 20	/var/lib/selinux/targeted/active/modules/100/conman
2026-01-18 17:53:22.321 20	/var/lib/selinux/targeted/active/modules/100/conntrackd
2026-01-18 17:53:22.323 28	/var/lib/selinux/targeted/active/modules/100/consolekit
2026-01-18 17:53:22.324 20	/var/lib/selinux/targeted/active/modules/100/coreos_installer
2026-01-18 17:53:22.325 20	/var/lib/selinux/targeted/active/modules/100/couchdb
2026-01-18 17:53:22.326 20	/var/lib/selinux/targeted/active/modules/100/courier
2026-01-18 17:53:22.327 20	/var/lib/selinux/targeted/active/modules/100/cpucontrol
2026-01-18 17:53:22.329 20	/var/lib/selinux/targeted/active/modules/100/cpufreqselector
2026-01-18 17:53:22.330 20	/var/lib/selinux/targeted/active/modules/100/cpuplug
2026-01-18 17:53:22.331 40	/var/lib/selinux/targeted/active/modules/100/cron
2026-01-18 17:53:22.332 20	/var/lib/selinux/targeted/active/modules/100/ctdb
2026-01-18 17:53:22.334 36	/var/lib/selinux/targeted/active/modules/100/cups
2026-01-18 17:53:22.335 20	/var/lib/selinux/targeted/active/modules/100/cvs
2026-01-18 17:53:22.336 20	/var/lib/selinux/targeted/active/modules/100/cyphesis
2026-01-18 17:53:22.337 20	/var/lib/selinux/targeted/active/modules/100/cyrus
2026-01-18 17:53:22.338 20	/var/lib/selinux/targeted/active/modules/100/daemontools
2026-01-18 17:53:22.340 28	/var/lib/selinux/targeted/active/modules/100/dbadm
2026-01-18 17:53:22.341 20	/var/lib/selinux/targeted/active/modules/100/dbskk
2026-01-18 17:53:22.342 28	/var/lib/selinux/targeted/active/modules/100/dbus
2026-01-18 17:53:22.343 20	/var/lib/selinux/targeted/active/modules/100/dcc
2026-01-18 17:53:22.344 20	/var/lib/selinux/targeted/active/modules/100/ddclient
2026-01-18 17:53:22.346 20	/var/lib/selinux/targeted/active/modules/100/denyhosts
2026-01-18 17:53:22.347 32	/var/lib/selinux/targeted/active/modules/100/devicekit
2026-01-18 17:53:22.348 20	/var/lib/selinux/targeted/active/modules/100/dhcp
2026-01-18 17:53:22.349 20	/var/lib/selinux/targeted/active/modules/100/dictd
2026-01-18 17:53:22.350 28	/var/lib/selinux/targeted/active/modules/100/dirsrv
2026-01-18 17:53:22.352 28	/var/lib/selinux/targeted/active/modules/100/dirsrv-admin
2026-01-18 17:53:22.353 20	/var/lib/selinux/targeted/active/modules/100/dmesg
2026-01-18 17:53:22.354 20	/var/lib/selinux/targeted/active/modules/100/dmidecode
2026-01-18 17:53:22.355 20	/var/lib/selinux/targeted/active/modules/100/dnsmasq
2026-01-18 17:53:22.356 20	/var/lib/selinux/targeted/active/modules/100/dnssec
2026-01-18 17:53:22.358 28	/var/lib/selinux/targeted/active/modules/100/dovecot
2026-01-18 17:53:22.359 20	/var/lib/selinux/targeted/active/modules/100/drbd
2026-01-18 17:53:22.360 20	/var/lib/selinux/targeted/active/modules/100/dspam
2026-01-18 17:53:22.361 20	/var/lib/selinux/targeted/active/modules/100/entropyd
2026-01-18 17:53:22.362 24	/var/lib/selinux/targeted/active/modules/100/exim
2026-01-18 17:53:22.364 20	/var/lib/selinux/targeted/active/modules/100/fail2ban
2026-01-18 17:53:22.365 20	/var/lib/selinux/targeted/active/modules/100/fcoe
2026-01-18 17:53:22.366 20	/var/lib/selinux/targeted/active/modules/100/fdo
2026-01-18 17:53:22.367 20	/var/lib/selinux/targeted/active/modules/100/fetchmail
2026-01-18 17:53:22.368 20	/var/lib/selinux/targeted/active/modules/100/finger
2026-01-18 17:53:22.370 20	/var/lib/selinux/targeted/active/modules/100/firewalld
2026-01-18 17:53:22.371 20	/var/lib/selinux/targeted/active/modules/100/firewallgui
2026-01-18 17:53:22.372 20	/var/lib/selinux/targeted/active/modules/100/firstboot
2026-01-18 17:53:22.373 20	/var/lib/selinux/targeted/active/modules/100/fprintd
2026-01-18 17:53:22.374 20	/var/lib/selinux/targeted/active/modules/100/freeipmi
2026-01-18 17:53:22.376 20	/var/lib/selinux/targeted/active/modules/100/freqset
2026-01-18 17:53:22.377 28	/var/lib/selinux/targeted/active/modules/100/fstools
2026-01-18 17:53:22.378 28	/var/lib/selinux/targeted/active/modules/100/ftp
2026-01-18 17:53:22.379 20	/var/lib/selinux/targeted/active/modules/100/fwupd
2026-01-18 17:53:22.380 28	/var/lib/selinux/targeted/active/modules/100/games
2026-01-18 17:53:22.382 20	/var/lib/selinux/targeted/active/modules/100/gdomap
2026-01-18 17:53:22.383 20	/var/lib/selinux/targeted/active/modules/100/geoclue
2026-01-18 17:53:22.384 20	/var/lib/selinux/targeted/active/modules/100/getty
2026-01-18 17:53:22.385 20	/var/lib/selinux/targeted/active/modules/100/git
2026-01-18 17:53:22.386 20	/var/lib/selinux/targeted/active/modules/100/gitosis
2026-01-18 17:53:22.388 20	/var/lib/selinux/targeted/active/modules/100/glance
2026-01-18 17:53:22.389 28	/var/lib/selinux/targeted/active/modules/100/gnome
2026-01-18 17:53:22.390 28	/var/lib/selinux/targeted/active/modules/100/gpg
2026-01-18 17:53:22.391 20	/var/lib/selinux/targeted/active/modules/100/gpm
2026-01-18 17:53:22.392 20	/var/lib/selinux/targeted/active/modules/100/gpsd
2026-01-18 17:53:22.394 20	/var/lib/selinux/targeted/active/modules/100/gssproxy
2026-01-18 17:53:22.395 28	/var/lib/selinux/targeted/active/modules/100/guest
2026-01-18 17:53:22.397 20	/var/lib/selinux/targeted/active/modules/100/hddtemp
2026-01-18 17:53:22.398 20	/var/lib/selinux/targeted/active/modules/100/hostapd
2026-01-18 17:53:22.399 20	/var/lib/selinux/targeted/active/modules/100/hostname
2026-01-18 17:53:22.400 20	/var/lib/selinux/targeted/active/modules/100/hsqldb
2026-01-18 17:53:22.401 20	/var/lib/selinux/targeted/active/modules/100/hwloc
2026-01-18 17:53:22.403 20	/var/lib/selinux/targeted/active/modules/100/hypervkvp
2026-01-18 17:53:22.404 20	/var/lib/selinux/targeted/active/modules/100/ibacm
2026-01-18 17:53:22.405 16	/var/lib/selinux/targeted/active/modules/100/ica
2026-01-18 17:53:22.406 20	/var/lib/selinux/targeted/active/modules/100/icecast
2026-01-18 17:53:22.408 28	/var/lib/selinux/targeted/active/modules/100/inetd
2026-01-18 17:53:22.409 64	/var/lib/selinux/targeted/active/modules/100/init
2026-01-18 17:53:22.410 20	/var/lib/selinux/targeted/active/modules/100/inn
2026-01-18 17:53:22.411 32	/var/lib/selinux/targeted/active/modules/100/insights_client
2026-01-18 17:53:22.412 20	/var/lib/selinux/targeted/active/modules/100/iodine
2026-01-18 17:53:22.414 20	/var/lib/selinux/targeted/active/modules/100/iotop
2026-01-18 17:53:22.415 20	/var/lib/selinux/targeted/active/modules/100/ipmievd
2026-01-18 17:53:22.416 32	/var/lib/selinux/targeted/active/modules/100/ipsec
2026-01-18 17:53:22.417 24	/var/lib/selinux/targeted/active/modules/100/iptables
2026-01-18 17:53:22.418 20	/var/lib/selinux/targeted/active/modules/100/irc
2026-01-18 17:53:22.420 20	/var/lib/selinux/targeted/active/modules/100/irqbalance
2026-01-18 17:53:22.421 20	/var/lib/selinux/targeted/active/modules/100/iscsi
2026-01-18 17:53:22.422 20	/var/lib/selinux/targeted/active/modules/100/isns
2026-01-18 17:53:22.423 20	/var/lib/selinux/targeted/active/modules/100/jabber
2026-01-18 17:53:22.425 20	/var/lib/selinux/targeted/active/modules/100/jetty
2026-01-18 17:53:22.426 20	/var/lib/selinux/targeted/active/modules/100/jockey
2026-01-18 17:53:22.427 20	/var/lib/selinux/targeted/active/modules/100/journalctl
2026-01-18 17:53:22.428 28	/var/lib/selinux/targeted/active/modules/100/kdump
2026-01-18 17:53:22.430 20	/var/lib/selinux/targeted/active/modules/100/kdumpgui
2026-01-18 17:53:22.431 20	/var/lib/selinux/targeted/active/modules/100/keepalived
2026-01-18 17:53:22.432 28	/var/lib/selinux/targeted/active/modules/100/kerberos
2026-01-18 17:53:22.433 20	/var/lib/selinux/targeted/active/modules/100/keyboardd
2026-01-18 17:53:22.435 24	/var/lib/selinux/targeted/active/modules/100/keystone
2026-01-18 17:53:22.436 20	/var/lib/selinux/targeted/active/modules/100/kismet
2026-01-18 17:53:22.437 20	/var/lib/selinux/targeted/active/modules/100/kmscon
2026-01-18 17:53:22.438 20	/var/lib/selinux/targeted/active/modules/100/kpatch
2026-01-18 17:53:22.440 20	/var/lib/selinux/targeted/active/modules/100/ksmtuned
2026-01-18 17:53:22.441 20	/var/lib/selinux/targeted/active/modules/100/ktalk
2026-01-18 17:53:22.442 20	/var/lib/selinux/targeted/active/modules/100/l2tp
2026-01-18 17:53:22.443 20	/var/lib/selinux/targeted/active/modules/100/ldap
2026-01-18 17:53:22.444 28	/var/lib/selinux/targeted/active/modules/100/libraries
2026-01-18 17:53:22.446 28	/var/lib/selinux/targeted/active/modules/100/likewise
2026-01-18 17:53:22.447 20	/var/lib/selinux/targeted/active/modules/100/linuxptp
2026-01-18 17:53:22.448 20	/var/lib/selinux/targeted/active/modules/100/lircd
2026-01-18 17:53:22.450 20	/var/lib/selinux/targeted/active/modules/100/livecd
2026-01-18 17:53:22.451 20	/var/lib/selinux/targeted/active/modules/100/lldpad
2026-01-18 17:53:22.452 20	/var/lib/selinux/targeted/active/modules/100/loadkeys
2026-01-18 17:53:22.454 28	/var/lib/selinux/targeted/active/modules/100/locallogin
2026-01-18 17:53:22.455 20	/var/lib/selinux/targeted/active/modules/100/lockdev
2026-01-18 17:53:22.456 20	/var/lib/selinux/targeted/active/modules/100/logadm
2026-01-18 17:53:22.457 36	/var/lib/selinux/targeted/active/modules/100/logging
2026-01-18 17:53:22.458 28	/var/lib/selinux/targeted/active/modules/100/logrotate
2026-01-18 17:53:22.460 20	/var/lib/selinux/targeted/active/modules/100/logwatch
2026-01-18 17:53:22.461 20	/var/lib/selinux/targeted/active/modules/100/lpd
2026-01-18 17:53:22.462 20	/var/lib/selinux/targeted/active/modules/100/lsm
2026-01-18 17:53:22.463 20	/var/lib/selinux/targeted/active/modules/100/lttng-tools
2026-01-18 17:53:22.465 28	/var/lib/selinux/targeted/active/modules/100/lvm
2026-01-18 17:53:22.466 20	/var/lib/selinux/targeted/active/modules/100/mailman
2026-01-18 17:53:22.467 20	/var/lib/selinux/targeted/active/modules/100/mailscanner
2026-01-18 17:53:22.468 20	/var/lib/selinux/targeted/active/modules/100/man2html
2026-01-18 17:53:22.470 20	/var/lib/selinux/targeted/active/modules/100/mandb
2026-01-18 17:53:22.471 20	/var/lib/selinux/targeted/active/modules/100/mcelog
2026-01-18 17:53:22.472 20	/var/lib/selinux/targeted/active/modules/100/mediawiki
2026-01-18 17:53:22.473 20	/var/lib/selinux/targeted/active/modules/100/memcached
2026-01-18 17:53:22.474 20	/var/lib/selinux/targeted/active/modules/100/milter
2026-01-18 17:53:22.476 20	/var/lib/selinux/targeted/active/modules/100/minidlna
2026-01-18 17:53:22.477 20	/var/lib/selinux/targeted/active/modules/100/minissdpd
2026-01-18 17:53:22.478 20	/var/lib/selinux/targeted/active/modules/100/mip6d
2026-01-18 17:53:22.479 20	/var/lib/selinux/targeted/active/modules/100/mirrormanager
2026-01-18 17:53:22.480 20	/var/lib/selinux/targeted/active/modules/100/miscfiles
2026-01-18 17:53:22.482 20	/var/lib/selinux/targeted/active/modules/100/mock
2026-01-18 17:53:22.483 20	/var/lib/selinux/targeted/active/modules/100/modemmanager
2026-01-18 17:53:22.484 28	/var/lib/selinux/targeted/active/modules/100/modutils
2026-01-18 17:53:22.485 20	/var/lib/selinux/targeted/active/modules/100/mojomojo
2026-01-18 17:53:22.487 20	/var/lib/selinux/targeted/active/modules/100/mon_statd
2026-01-18 17:53:22.488 20	/var/lib/selinux/targeted/active/modules/100/mongodb
2026-01-18 17:53:22.489 20	/var/lib/selinux/targeted/active/modules/100/motion
2026-01-18 17:53:22.490 28	/var/lib/selinux/targeted/active/modules/100/mount
2026-01-18 17:53:22.491 36	/var/lib/selinux/targeted/active/modules/100/mozilla
2026-01-18 17:53:22.493 20	/var/lib/selinux/targeted/active/modules/100/mpd
2026-01-18 17:53:22.494 20	/var/lib/selinux/targeted/active/modules/100/mplayer
2026-01-18 17:53:22.495 20	/var/lib/selinux/targeted/active/modules/100/mptcpd
2026-01-18 17:53:22.496 20	/var/lib/selinux/targeted/active/modules/100/mrtg
2026-01-18 17:53:22.498 28	/var/lib/selinux/targeted/active/modules/100/mta
2026-01-18 17:53:22.499 32	/var/lib/selinux/targeted/active/modules/100/munin
2026-01-18 17:53:22.500 28	/var/lib/selinux/targeted/active/modules/100/mysql
2026-01-18 17:53:22.501 20	/var/lib/selinux/targeted/active/modules/100/mythtv
2026-01-18 17:53:22.502 20	/var/lib/selinux/targeted/active/modules/100/naemon
2026-01-18 17:53:22.504 36	/var/lib/selinux/targeted/active/modules/100/nagios
2026-01-18 17:53:22.505 20	/var/lib/selinux/targeted/active/modules/100/namespace
2026-01-18 17:53:22.506 20	/var/lib/selinux/targeted/active/modules/100/ncftool
2026-01-18 17:53:22.507 20	/var/lib/selinux/targeted/active/modules/100/netlabel
2026-01-18 17:53:22.508 20	/var/lib/selinux/targeted/active/modules/100/netutils
2026-01-18 17:53:22.510 44	/var/lib/selinux/targeted/active/modules/100/networkmanager
2026-01-18 17:53:22.511 20	/var/lib/selinux/targeted/active/modules/100/ninfod
2026-01-18 17:53:22.512 20	/var/lib/selinux/targeted/active/modules/100/nis
2026-01-18 17:53:22.513 28	/var/lib/selinux/targeted/active/modules/100/nova
2026-01-18 17:53:22.514 20	/var/lib/selinux/targeted/active/modules/100/nscd
2026-01-18 17:53:22.516 20	/var/lib/selinux/targeted/active/modules/100/nsd
2026-01-18 17:53:22.517 20	/var/lib/selinux/targeted/active/modules/100/nslcd
2026-01-18 17:53:22.518 20	/var/lib/selinux/targeted/active/modules/100/ntop
2026-01-18 17:53:22.519 20	/var/lib/selinux/targeted/active/modules/100/ntp
2026-01-18 17:53:22.520 20	/var/lib/selinux/targeted/active/modules/100/numad
2026-01-18 17:53:22.521 28	/var/lib/selinux/targeted/active/modules/100/nut
2026-01-18 17:53:22.523 20	/var/lib/selinux/targeted/active/modules/100/nvme_stas
2026-01-18 17:53:22.524 20	/var/lib/selinux/targeted/active/modules/100/nx
2026-01-18 17:53:22.525 20	/var/lib/selinux/targeted/active/modules/100/obex
2026-01-18 17:53:22.526 20	/var/lib/selinux/targeted/active/modules/100/oddjob
2026-01-18 17:53:22.527 20	/var/lib/selinux/targeted/active/modules/100/opafm
2026-01-18 17:53:22.529 20	/var/lib/selinux/targeted/active/modules/100/openct
2026-01-18 17:53:22.530 20	/var/lib/selinux/targeted/active/modules/100/opendnssec
2026-01-18 17:53:22.531 20	/var/lib/selinux/targeted/active/modules/100/openfortivpn
2026-01-18 17:53:22.532 20	/var/lib/selinux/targeted/active/modules/100/openhpid
2026-01-18 17:53:22.534 36	/var/lib/selinux/targeted/active/modules/100/openshift
2026-01-18 17:53:22.535 16	/var/lib/selinux/targeted/active/modules/100/openshift-origin
2026-01-18 17:53:22.536 20	/var/lib/selinux/targeted/active/modules/100/opensm
2026-01-18 17:53:22.537 28	/var/lib/selinux/targeted/active/modules/100/openvpn
2026-01-18 17:53:22.538 20	/var/lib/selinux/targeted/active/modules/100/openvswitch
2026-01-18 17:53:22.539 20	/var/lib/selinux/targeted/active/modules/100/openwsman
2026-01-18 17:53:22.541 20	/var/lib/selinux/targeted/active/modules/100/oracleasm
2026-01-18 17:53:22.542 20	/var/lib/selinux/targeted/active/modules/100/osad
2026-01-18 17:53:22.543 20	/var/lib/selinux/targeted/active/modules/100/pads
2026-01-18 17:53:22.544 20	/var/lib/selinux/targeted/active/modules/100/passenger
2026-01-18 17:53:22.545 20	/var/lib/selinux/targeted/active/modules/100/pcmcia
2026-01-18 17:53:22.547 28	/var/lib/selinux/targeted/active/modules/100/pcp
2026-01-18 17:53:22.548 20	/var/lib/selinux/targeted/active/modules/100/pcscd
2026-01-18 17:53:22.549 20	/var/lib/selinux/targeted/active/modules/100/pdns
2026-01-18 17:53:22.550 36	/var/lib/selinux/targeted/active/modules/100/pegasus
2026-01-18 17:53:22.551 8	/var/lib/selinux/targeted/active/modules/100/permissivedomains
2026-01-18 17:53:22.552 20	/var/lib/selinux/targeted/active/modules/100/pesign
2026-01-18 17:53:22.554 20	/var/lib/selinux/targeted/active/modules/100/pingd
2026-01-18 17:53:22.555 28	/var/lib/selinux/targeted/active/modules/100/piranha
2026-01-18 17:53:22.556 20	/var/lib/selinux/targeted/active/modules/100/pkcs
2026-01-18 17:53:22.558 20	/var/lib/selinux/targeted/active/modules/100/pkcs11proxyd
2026-01-18 17:53:22.559 28	/var/lib/selinux/targeted/active/modules/100/pki
2026-01-18 17:53:22.560 20	/var/lib/selinux/targeted/active/modules/100/plymouthd
2026-01-18 17:53:22.561 20	/var/lib/selinux/targeted/active/modules/100/podsleuth
2026-01-18 17:53:22.562 28	/var/lib/selinux/targeted/active/modules/100/policykit
2026-01-18 17:53:22.564 20	/var/lib/selinux/targeted/active/modules/100/polipo
2026-01-18 17:53:22.565 20	/var/lib/selinux/targeted/active/modules/100/portmap
2026-01-18 17:53:22.566 20	/var/lib/selinux/targeted/active/modules/100/portreserve
2026-01-18 17:53:22.567 36	/var/lib/selinux/targeted/active/modules/100/postfix
2026-01-18 17:53:22.568 28	/var/lib/selinux/targeted/active/modules/100/postgresql
2026-01-18 17:53:22.569 20	/var/lib/selinux/targeted/active/modules/100/postgrey
2026-01-18 17:53:22.571 28	/var/lib/selinux/targeted/active/modules/100/ppp
2026-01-18 17:53:22.572 28	/var/lib/selinux/targeted/active/modules/100/prelink
2026-01-18 17:53:22.573 28	/var/lib/selinux/targeted/active/modules/100/prelude
2026-01-18 17:53:22.574 20	/var/lib/selinux/targeted/active/modules/100/privoxy
2026-01-18 17:53:22.576 20	/var/lib/selinux/targeted/active/modules/100/procmail
2026-01-18 17:53:22.577 20	/var/lib/selinux/targeted/active/modules/100/prosody
2026-01-18 17:53:22.578 20	/var/lib/selinux/targeted/active/modules/100/psad
2026-01-18 17:53:22.579 20	/var/lib/selinux/targeted/active/modules/100/ptchown
2026-01-18 17:53:22.580 20	/var/lib/selinux/targeted/active/modules/100/publicfile
2026-01-18 17:53:22.581 28	/var/lib/selinux/targeted/active/modules/100/pulseaudio
2026-01-18 17:53:22.583 28	/var/lib/selinux/targeted/active/modules/100/puppet
2026-01-18 17:53:22.584 20	/var/lib/selinux/targeted/active/modules/100/pwauth
2026-01-18 17:53:22.586 20	/var/lib/selinux/targeted/active/modules/100/qatlib
2026-01-18 17:53:22.587 24	/var/lib/selinux/targeted/active/modules/100/qmail
2026-01-18 17:53:22.588 20	/var/lib/selinux/targeted/active/modules/100/qpid
2026-01-18 17:53:22.589 28	/var/lib/selinux/targeted/active/modules/100/quantum
2026-01-18 17:53:22.591 20	/var/lib/selinux/targeted/active/modules/100/quota
2026-01-18 17:53:22.592 24	/var/lib/selinux/targeted/active/modules/100/rabbitmq
2026-01-18 17:53:22.593 20	/var/lib/selinux/targeted/active/modules/100/radius
2026-01-18 17:53:22.594 20	/var/lib/selinux/targeted/active/modules/100/radvd
2026-01-18 17:53:22.595 20	/var/lib/selinux/targeted/active/modules/100/raid
2026-01-18 17:53:22.597 20	/var/lib/selinux/targeted/active/modules/100/rasdaemon
2026-01-18 17:53:22.598 20	/var/lib/selinux/targeted/active/modules/100/rdisc
2026-01-18 17:53:22.599 20	/var/lib/selinux/targeted/active/modules/100/readahead
2026-01-18 17:53:22.600 36	/var/lib/selinux/targeted/active/modules/100/realmd
2026-01-18 17:53:22.601 20	/var/lib/selinux/targeted/active/modules/100/redis
2026-01-18 17:53:22.603 20	/var/lib/selinux/targeted/active/modules/100/remotelogin
2026-01-18 17:53:22.604 24	/var/lib/selinux/targeted/active/modules/100/rhcd
2026-01-18 17:53:22.605 36	/var/lib/selinux/targeted/active/modules/100/rhcs
2026-01-18 17:53:22.607 28	/var/lib/selinux/targeted/active/modules/100/rhev
2026-01-18 17:53:22.608 20	/var/lib/selinux/targeted/active/modules/100/rhgb
2026-01-18 17:53:22.609 20	/var/lib/selinux/targeted/active/modules/100/rhnsd
2026-01-18 17:53:22.610 24	/var/lib/selinux/targeted/active/modules/100/rhsmcertd
2026-01-18 17:53:22.612 28	/var/lib/selinux/targeted/active/modules/100/ricci
2026-01-18 17:53:22.613 16	/var/lib/selinux/targeted/active/modules/100/rkhunter
2026-01-18 17:53:22.614 20	/var/lib/selinux/targeted/active/modules/100/rkt
2026-01-18 17:53:22.615 24	/var/lib/selinux/targeted/active/modules/100/rlogin
2026-01-18 17:53:22.617 20	/var/lib/selinux/targeted/active/modules/100/rngd
2026-01-18 17:53:22.618 20	/var/lib/selinux/targeted/active/modules/100/rolekit
2026-01-18 17:53:22.619 20	/var/lib/selinux/targeted/active/modules/100/roundup
2026-01-18 17:53:22.620 28	/var/lib/selinux/targeted/active/modules/100/rpc
2026-01-18 17:53:22.621 20	/var/lib/selinux/targeted/active/modules/100/rpcbind
2026-01-18 17:53:22.623 36	/var/lib/selinux/targeted/active/modules/100/rpm
2026-01-18 17:53:22.624 20	/var/lib/selinux/targeted/active/modules/100/rrdcached
2026-01-18 17:53:22.625 20	/var/lib/selinux/targeted/active/modules/100/rshd
2026-01-18 17:53:22.627 20	/var/lib/selinux/targeted/active/modules/100/rshim
2026-01-18 17:53:22.628 20	/var/lib/selinux/targeted/active/modules/100/rssh
2026-01-18 17:53:22.629 20	/var/lib/selinux/targeted/active/modules/100/rsync
2026-01-18 17:53:22.630 20	/var/lib/selinux/targeted/active/modules/100/rtas
2026-01-18 17:53:22.631 20	/var/lib/selinux/targeted/active/modules/100/rtkit
2026-01-18 17:53:22.633 20	/var/lib/selinux/targeted/active/modules/100/rwho
2026-01-18 17:53:22.634 48	/var/lib/selinux/targeted/active/modules/100/samba
2026-01-18 17:53:22.635 20	/var/lib/selinux/targeted/active/modules/100/sambagui
2026-01-18 17:53:22.636 28	/var/lib/selinux/targeted/active/modules/100/sandboxX
2026-01-18 17:53:22.638 20	/var/lib/selinux/targeted/active/modules/100/sanlock
2026-01-18 17:53:22.639 20	/var/lib/selinux/targeted/active/modules/100/sap
2026-01-18 17:53:22.640 20	/var/lib/selinux/targeted/active/modules/100/sasl
2026-01-18 17:53:22.642 20	/var/lib/selinux/targeted/active/modules/100/sbd
2026-01-18 17:53:22.643 20	/var/lib/selinux/targeted/active/modules/100/sblim
2026-01-18 17:53:22.644 20	/var/lib/selinux/targeted/active/modules/100/screen
2026-01-18 17:53:22.646 28	/var/lib/selinux/targeted/active/modules/100/secadm
2026-01-18 17:53:22.647 20	/var/lib/selinux/targeted/active/modules/100/sectoolm
2026-01-18 17:53:22.648 36	/var/lib/selinux/targeted/active/modules/100/selinuxutil
2026-01-18 17:53:22.649 28	/var/lib/selinux/targeted/active/modules/100/sendmail
2026-01-18 17:53:22.651 20	/var/lib/selinux/targeted/active/modules/100/sensord
2026-01-18 17:53:22.652 20	/var/lib/selinux/targeted/active/modules/100/setrans
2026-01-18 17:53:22.653 20	/var/lib/selinux/targeted/active/modules/100/setroubleshoot
2026-01-18 17:53:22.654 20	/var/lib/selinux/targeted/active/modules/100/seunshare
2026-01-18 17:53:22.656 28	/var/lib/selinux/targeted/active/modules/100/sge
2026-01-18 17:53:22.657 20	/var/lib/selinux/targeted/active/modules/100/shorewall
2026-01-18 17:53:22.658 20	/var/lib/selinux/targeted/active/modules/100/slocate
2026-01-18 17:53:22.659 20	/var/lib/selinux/targeted/active/modules/100/slpd
2026-01-18 17:53:22.660 20	/var/lib/selinux/targeted/active/modules/100/smartmon
2026-01-18 17:53:22.662 20	/var/lib/selinux/targeted/active/modules/100/smokeping
2026-01-18 17:53:22.663 20	/var/lib/selinux/targeted/active/modules/100/smoltclient
2026-01-18 17:53:22.664 20	/var/lib/selinux/targeted/active/modules/100/smsd
2026-01-18 17:53:22.665 20	/var/lib/selinux/targeted/active/modules/100/snapper
2026-01-18 17:53:22.667 20	/var/lib/selinux/targeted/active/modules/100/snmp
2026-01-18 17:53:22.668 20	/var/lib/selinux/targeted/active/modules/100/snort
2026-01-18 17:53:22.669 28	/var/lib/selinux/targeted/active/modules/100/sosreport
2026-01-18 17:53:22.671 20	/var/lib/selinux/targeted/active/modules/100/soundserver
2026-01-18 17:53:22.672 28	/var/lib/selinux/targeted/active/modules/100/spamassassin
2026-01-18 17:53:22.673 20	/var/lib/selinux/targeted/active/modules/100/speech-dispatcher
2026-01-18 17:53:22.674 28	/var/lib/selinux/targeted/active/modules/100/squid
2026-01-18 17:53:22.676 40	/var/lib/selinux/targeted/active/modules/100/ssh
2026-01-18 17:53:22.677 20	/var/lib/selinux/targeted/active/modules/100/sslh
2026-01-18 17:53:22.678 28	/var/lib/selinux/targeted/active/modules/100/sssd
2026-01-18 17:53:22.679 76	/var/lib/selinux/targeted/active/modules/100/staff
2026-01-18 17:53:22.681 20	/var/lib/selinux/targeted/active/modules/100/stalld
2026-01-18 17:53:22.682 20	/var/lib/selinux/targeted/active/modules/100/stapserver
2026-01-18 17:53:22.683 20	/var/lib/selinux/targeted/active/modules/100/stratisd
2026-01-18 17:53:22.684 20	/var/lib/selinux/targeted/active/modules/100/stunnel
2026-01-18 17:53:22.685 20	/var/lib/selinux/targeted/active/modules/100/su
2026-01-18 17:53:22.687 20	/var/lib/selinux/targeted/active/modules/100/sudo
2026-01-18 17:53:22.688 20	/var/lib/selinux/targeted/active/modules/100/svnserve
2026-01-18 17:53:22.689 20	/var/lib/selinux/targeted/active/modules/100/swift
2026-01-18 17:53:22.690 100	/var/lib/selinux/targeted/active/modules/100/sysadm
2026-01-18 17:53:22.692 20	/var/lib/selinux/targeted/active/modules/100/sysadm_secadm
2026-01-18 17:53:22.693 28	/var/lib/selinux/targeted/active/modules/100/sysnetwork
2026-01-18 17:53:22.694 20	/var/lib/selinux/targeted/active/modules/100/sysstat
2026-01-18 17:53:22.695 48	/var/lib/selinux/targeted/active/modules/100/systemd
2026-01-18 17:53:22.697 20	/var/lib/selinux/targeted/active/modules/100/tangd
2026-01-18 17:53:22.698 20	/var/lib/selinux/targeted/active/modules/100/targetd
2026-01-18 17:53:22.699 20	/var/lib/selinux/targeted/active/modules/100/tcpd
2026-01-18 17:53:22.700 20	/var/lib/selinux/targeted/active/modules/100/tcsd
2026-01-18 17:53:22.701 28	/var/lib/selinux/targeted/active/modules/100/telepathy
2026-01-18 17:53:22.703 20	/var/lib/selinux/targeted/active/modules/100/telnet
2026-01-18 17:53:22.704 20	/var/lib/selinux/targeted/active/modules/100/tftp
2026-01-18 17:53:22.705 20	/var/lib/selinux/targeted/active/modules/100/tgtd
2026-01-18 17:53:22.706 20	/var/lib/selinux/targeted/active/modules/100/thin
2026-01-18 17:53:22.708 20	/var/lib/selinux/targeted/active/modules/100/thumb
2026-01-18 17:53:22.709 20	/var/lib/selinux/targeted/active/modules/100/timedatex
2026-01-18 17:53:22.710 20	/var/lib/selinux/targeted/active/modules/100/tlp
2026-01-18 17:53:22.711 20	/var/lib/selinux/targeted/active/modules/100/tmpreaper
2026-01-18 17:53:22.713 28	/var/lib/selinux/targeted/active/modules/100/tomcat
2026-01-18 17:53:22.714 20	/var/lib/selinux/targeted/active/modules/100/tor
2026-01-18 17:53:22.715 28	/var/lib/selinux/targeted/active/modules/100/tuned
2026-01-18 17:53:22.716 20	/var/lib/selinux/targeted/active/modules/100/tvtime
2026-01-18 17:53:22.717 36	/var/lib/selinux/targeted/active/modules/100/udev
2026-01-18 17:53:22.719 20	/var/lib/selinux/targeted/active/modules/100/ulogd
2026-01-18 17:53:22.720 20	/var/lib/selinux/targeted/active/modules/100/uml
2026-01-18 17:53:22.721 20	/var/lib/selinux/targeted/active/modules/100/unconfined
2026-01-18 17:53:22.722 40	/var/lib/selinux/targeted/active/modules/100/unconfineduser
2026-01-18 17:53:22.724 16	/var/lib/selinux/targeted/active/modules/100/unlabelednet
2026-01-18 17:53:22.725 60	/var/lib/selinux/targeted/active/modules/100/unprivuser
2026-01-18 17:53:22.726 20	/var/lib/selinux/targeted/active/modules/100/updfstab
2026-01-18 17:53:22.728 20	/var/lib/selinux/targeted/active/modules/100/usbmodules
2026-01-18 17:53:22.729 20	/var/lib/selinux/targeted/active/modules/100/usbmuxd
2026-01-18 17:53:22.730 32	/var/lib/selinux/targeted/active/modules/100/userdomain
2026-01-18 17:53:22.731 20	/var/lib/selinux/targeted/active/modules/100/userhelper
2026-01-18 17:53:22.732 36	/var/lib/selinux/targeted/active/modules/100/usermanage
2026-01-18 17:53:22.734 20	/var/lib/selinux/targeted/active/modules/100/usernetctl
2026-01-18 17:53:22.735 20	/var/lib/selinux/targeted/active/modules/100/uucp
2026-01-18 17:53:22.736 20	/var/lib/selinux/targeted/active/modules/100/uuidd
2026-01-18 17:53:22.737 20	/var/lib/selinux/targeted/active/modules/100/varnishd
2026-01-18 17:53:22.739 20	/var/lib/selinux/targeted/active/modules/100/vdagent
2026-01-18 17:53:22.740 20	/var/lib/selinux/targeted/active/modules/100/vhostmd
2026-01-18 17:53:22.741 64	/var/lib/selinux/targeted/active/modules/100/virt
2026-01-18 17:53:22.742 20	/var/lib/selinux/targeted/active/modules/100/vlock
2026-01-18 17:53:22.743 28	/var/lib/selinux/targeted/active/modules/100/vmtools
2026-01-18 17:53:22.745 28	/var/lib/selinux/targeted/active/modules/100/vmware
2026-01-18 17:53:22.746 20	/var/lib/selinux/targeted/active/modules/100/vnstatd
2026-01-18 17:53:22.747 20	/var/lib/selinux/targeted/active/modules/100/vpn
2026-01-18 17:53:22.748 20	/var/lib/selinux/targeted/active/modules/100/w3c
2026-01-18 17:53:22.750 28	/var/lib/selinux/targeted/active/modules/100/watchdog
2026-01-18 17:53:22.751 20	/var/lib/selinux/targeted/active/modules/100/wdmd
2026-01-18 17:53:22.752 28	/var/lib/selinux/targeted/active/modules/100/webadm
2026-01-18 17:53:22.753 20	/var/lib/selinux/targeted/active/modules/100/webalizer
2026-01-18 17:53:22.755 20	/var/lib/selinux/targeted/active/modules/100/wine
2026-01-18 17:53:22.756 20	/var/lib/selinux/targeted/active/modules/100/wireguard
2026-01-18 17:53:22.757 20	/var/lib/selinux/targeted/active/modules/100/wireshark
2026-01-18 17:53:22.758 28	/var/lib/selinux/targeted/active/modules/100/xen
2026-01-18 17:53:22.760 40	/var/lib/selinux/targeted/active/modules/100/xguest
2026-01-18 17:53:22.761 60	/var/lib/selinux/targeted/active/modules/100/xserver
2026-01-18 17:53:22.762 28	/var/lib/selinux/targeted/active/modules/100/zabbix
2026-01-18 17:53:22.763 20	/var/lib/selinux/targeted/active/modules/100/zarafa
2026-01-18 17:53:22.764 20	/var/lib/selinux/targeted/active/modules/100/zebra
2026-01-18 17:53:22.766 20	/var/lib/selinux/targeted/active/modules/100/zoneminder
2026-01-18 17:53:22.767 20	/var/lib/selinux/targeted/active/modules/100/zosremote
2026-01-18 17:53:22.768 10144	/var/lib/selinux/targeted/active/modules/100
2026-01-18 17:53:22.769 12	/var/lib/selinux/targeted/active/modules/200/ec2-instance-connect
2026-01-18 17:53:22.771 64	/var/lib/selinux/targeted/active/modules/200/container
2026-01-18 17:53:22.772 76	/var/lib/selinux/targeted/active/modules/200
2026-01-18 17:53:22.773 0	/var/lib/selinux/targeted/active/modules/disabled
2026-01-18 17:53:22.774 10220	/var/lib/selinux/targeted/active/modules
2026-01-18 17:53:22.775 17824	/var/lib/selinux/targeted/active
2026-01-18 17:53:22.777 17824	/var/lib/selinux/targeted
2026-01-18 17:53:22.778 0	/var/lib/selinux/final
2026-01-18 17:53:22.779 17824	/var/lib/selinux
2026-01-18 17:53:22.780 232	/var/lib/systemd/catalog
2026-01-18 17:53:22.781 0	/var/lib/systemd/coredump
2026-01-18 17:53:22.783 0	/var/lib/systemd/pstore
2026-01-18 17:53:22.784 0	/var/lib/systemd/timers
2026-01-18 17:53:22.785 0	/var/lib/systemd/home
2026-01-18 17:53:22.786 0	/var/lib/systemd/linger
2026-01-18 17:53:22.787 236	/var/lib/systemd
2026-01-18 17:53:22.788 0	/var/lib/portables
2026-01-18 17:53:22.790 0	/var/lib/private
2026-01-18 17:53:22.791 0	/var/lib/initramfs
2026-01-18 17:53:22.792 0	/var/lib/os-prober
2026-01-18 17:53:22.793 0	/var/lib/gssproxy/clients
2026-01-18 17:53:22.795 0	/var/lib/gssproxy/rcache
2026-01-18 17:53:22.796 0	/var/lib/gssproxy
2026-01-18 17:53:22.797 4	/var/lib/logrotate
2026-01-18 17:53:22.798 1256	/var/lib/sss/db
2026-01-18 17:53:22.799 0	/var/lib/sss/deskprofile
2026-01-18 17:53:22.801 0	/var/lib/sss/gpo_cache
2026-01-18 17:53:22.802 0	/var/lib/sss/mc
2026-01-18 17:53:22.803 0	/var/lib/sss/pipes/private
2026-01-18 17:53:22.804 0	/var/lib/sss/pipes
2026-01-18 17:53:22.805 0	/var/lib/sss/pubconf
2026-01-18 17:53:22.807 0	/var/lib/sss/secrets
2026-01-18 17:53:22.808 1256	/var/lib/sss
2026-01-18 17:53:22.809 4	/var/lib/chrony
2026-01-18 17:53:22.810 0	/var/lib/cloud
2026-01-18 17:53:22.812 0	/var/lib/kpatch
2026-01-18 17:53:22.813 0	/var/lib/nfs/rpc_pipefs
2026-01-18 17:53:22.814 0	/var/lib/nfs/statd/sm
2026-01-18 17:53:22.815 0	/var/lib/nfs/statd/sm.bak
2026-01-18 17:53:22.816 0	/var/lib/nfs/statd
2026-01-18 17:53:22.818 0	/var/lib/nfs/v4recovery
2026-01-18 17:53:22.819 0	/var/lib/nfs
2026-01-18 17:53:22.820 0	/var/lib/hibinit-agent
2026-01-18 17:53:22.821 0	/var/lib/xfsdump/inventory
2026-01-18 17:53:22.823 0	/var/lib/xfsdump
2026-01-18 17:53:22.824 0	/var/lib/amazon/ssm/ipc
2026-01-18 17:53:22.825 4	/var/lib/amazon/ssm/runtimeconfig
2026-01-18 17:53:22.826 4	/var/lib/amazon/ssm/Vault/Store
2026-01-18 17:53:22.828 8	/var/lib/amazon/ssm/Vault
2026-01-18 17:53:22.829 4	/var/lib/amazon/ssm/dynamicconfig
2026-01-18 17:53:22.830 0	/var/lib/amazon/ssm/localcommands/completed
2026-01-18 17:53:22.831 0	/var/lib/amazon/ssm/localcommands
2026-01-18 17:53:22.833 0	/var/lib/amazon/ssm/daemons
2026-01-18 17:53:22.834 0	/var/lib/amazon/ssm/i-04211d47fc32133ec/document/state/pending
2026-01-18 17:53:22.835 0	/var/lib/amazon/ssm/i-04211d47fc32133ec/document/state/current
2026-01-18 17:53:22.836 0	/var/lib/amazon/ssm/i-04211d47fc32133ec/document/state/completed
2026-01-18 17:53:22.838 0	/var/lib/amazon/ssm/i-04211d47fc32133ec/document/state/corrupt
2026-01-18 17:53:22.839 0	/var/lib/amazon/ssm/i-04211d47fc32133ec/document/state
2026-01-18 17:53:22.840 0	/var/lib/amazon/ssm/i-04211d47fc32133ec/document/orchestration/d89cea78-17ad-417b-b405-d789374dbf56/awsrunShellScript/CollectRunningKernel
2026-01-18 17:53:22.841 0	/var/lib/amazon/ssm/i-04211d47fc32133ec/document/orchestration/d89cea78-17ad-417b-b405-d789374dbf56/awsrunShellScript
2026-01-18 17:53:22.843 4	/var/lib/amazon/ssm/i-04211d47fc32133ec/document/orchestration/d89cea78-17ad-417b-b405-d789374dbf56/CollectRunningKernel
2026-01-18 17:53:22.844 4	/var/lib/amazon/ssm/i-04211d47fc32133ec/document/orchestration/d89cea78-17ad-417b-b405-d789374dbf56
2026-01-18 17:53:22.845 8	/var/lib/amazon/ssm/i-04211d47fc32133ec/document/orchestration/dc27f838-64de-4fe5-8ddc-61c5f2b05cfa/2025-12-04T17-07-57.169Z/awssoftwareInventory/collectSoftwareInventoryItems
2026-01-18 17:53:22.847 8	/var/lib/amazon/ssm/i-04211d47fc32133ec/document/orchestration/dc27f838-64de-4fe5-8ddc-61c5f2b05cfa/2025-12-04T17-07-57.169Z/awssoftwareInventory
2026-01-18 17:53:22.848 8	/var/lib/amazon/ssm/i-04211d47fc32133ec/document/orchestration/dc27f838-64de-4fe5-8ddc-61c5f2b05cfa/2025-12-04T17-07-57.169Z
2026-01-18 17:53:22.849 8	/var/lib/amazon/ssm/i-04211d47fc32133ec/document/orchestration/dc27f838-64de-4fe5-8ddc-61c5f2b05cfa
2026-01-18 17:53:22.850 12	/var/lib/amazon/ssm/i-04211d47fc32133ec/document/orchestration/01ef8244-a57b-48be-9c4c-deb4939b6ecd/awsrunShellScript/0.awsrunShellScript
2026-01-18 17:53:22.852 12	/var/lib/amazon/ssm/i-04211d47fc32133ec/document/orchestration/01ef8244-a57b-48be-9c4c-deb4939b6ecd/awsrunShellScript
2026-01-18 17:53:22.853 12	/var/lib/amazon/ssm/i-04211d47fc32133ec/document/orchestration/01ef8244-a57b-48be-9c4c-deb4939b6ecd
2026-01-18 17:53:22.854 20	/var/lib/amazon/ssm/i-04211d47fc32133ec/document/orchestration/033c19c1-0d59-409c-b25a-fe2dda45cc6a/awsrunShellScript/0.awsrunShellScript
2026-01-18 17:53:22.856 20	/var/lib/amazon/ssm/i-04211d47fc32133ec/document/orchestration/033c19c1-0d59-409c-b25a-fe2dda45cc6a/awsrunShellScript
2026-01-18 17:53:22.857 20	/var/lib/amazon/ssm/i-04211d47fc32133ec/document/orchestration/033c19c1-0d59-409c-b25a-fe2dda45cc6a
2026-01-18 17:53:22.858 0	/var/lib/amazon/ssm/i-04211d47fc32133ec/document/orchestration/6b64b251-67da-4590-bb67-b1de12c49db4/awsrefreshAssociation/refreshAssociation
2026-01-18 17:53:22.860 8	/var/lib/amazon/ssm/i-04211d47fc32133ec/document/orchestration/6b64b251-67da-4590-bb67-b1de12c49db4/awsrefreshAssociation
2026-01-18 17:53:22.861 8	/var/lib/amazon/ssm/i-04211d47fc32133ec/document/orchestration/6b64b251-67da-4590-bb67-b1de12c49db4
2026-01-18 17:53:22.862 8	/var/lib/amazon/ssm/i-04211d47fc32133ec/document/orchestration/616662fb-c3ff-43e2-a46a-5ffdae323a65/2025-12-04T17-17-21.211Z/awssoftwareInventory/collectSoftwareInventoryItems
2026-01-18 17:53:22.863 8	/var/lib/amazon/ssm/i-04211d47fc32133ec/document/orchestration/616662fb-c3ff-43e2-a46a-5ffdae323a65/2025-12-04T17-17-21.211Z/awssoftwareInventory
2026-01-18 17:53:22.865 8	/var/lib/amazon/ssm/i-04211d47fc32133ec/document/orchestration/616662fb-c3ff-43e2-a46a-5ffdae323a65/2025-12-04T17-17-21.211Z
2026-01-18 17:53:22.866 8	/var/lib/amazon/ssm/i-04211d47fc32133ec/document/orchestration/616662fb-c3ff-43e2-a46a-5ffdae323a65/2025-12-04T17-17-48.998Z/awssoftwareInventory/collectSoftwareInventoryItems
2026-01-18 17:53:22.867 8	/var/lib/amazon/ssm/i-04211d47fc32133ec/document/orchestration/616662fb-c3ff-43e2-a46a-5ffdae323a65/2025-12-04T17-17-48.998Z/awssoftwareInventory
2026-01-18 17:53:22.869 8	/var/lib/amazon/ssm/i-04211d47fc32133ec/document/orchestration/616662fb-c3ff-43e2-a46a-5ffdae323a65/2025-12-04T17-17-48.998Z
2026-01-18 17:53:22.870 16	/var/lib/amazon/ssm/i-04211d47fc32133ec/document/orchestration/616662fb-c3ff-43e2-a46a-5ffdae323a65
2026-01-18 17:53:22.871 28	/var/lib/amazon/ssm/i-04211d47fc32133ec/document/orchestration/2f29f763-02b6-4bea-a38b-c1104c73b5f0/awsrunShellScript/0.awsrunShellScript
2026-01-18 17:53:22.872 28	/var/lib/amazon/ssm/i-04211d47fc32133ec/document/orchestration/2f29f763-02b6-4bea-a38b-c1104c73b5f0/awsrunShellScript
2026-01-18 17:53:22.874 28	/var/lib/amazon/ssm/i-04211d47fc32133ec/document/orchestration/2f29f763-02b6-4bea-a38b-c1104c73b5f0
2026-01-18 17:53:22.875 112	/var/lib/amazon/ssm/i-04211d47fc32133ec/document/orchestration
2026-01-18 17:53:22.876 112	/var/lib/amazon/ssm/i-04211d47fc32133ec/document
2026-01-18 17:53:22.877 0	/var/lib/amazon/ssm/i-04211d47fc32133ec/longrunningplugins/datastore
2026-01-18 17:53:22.879 0	/var/lib/amazon/ssm/i-04211d47fc32133ec/longrunningplugins/healthcheck
2026-01-18 17:53:22.880 0	/var/lib/amazon/ssm/i-04211d47fc32133ec/longrunningplugins
2026-01-18 17:53:22.881 0	/var/lib/amazon/ssm/i-04211d47fc32133ec/replies
2026-01-18 17:53:22.882 0	/var/lib/amazon/ssm/i-04211d47fc32133ec/replies_mgs
2026-01-18 17:53:22.883 4	/var/lib/amazon/ssm/i-04211d47fc32133ec/inventory/custom
2026-01-18 17:53:22.885 0	/var/lib/amazon/ssm/i-04211d47fc32133ec/inventory/file
2026-01-18 17:53:22.886 0	/var/lib/amazon/ssm/i-04211d47fc32133ec/inventory/role
2026-01-18 17:53:22.887 8	/var/lib/amazon/ssm/i-04211d47fc32133ec/inventory
2026-01-18 17:53:22.888 0	/var/lib/amazon/ssm/i-04211d47fc32133ec/idempotency/SendCommand/d89cea78-17ad-417b-b405-d789374dbf56
2026-01-18 17:53:22.889 0	/var/lib/amazon/ssm/i-04211d47fc32133ec/idempotency/SendCommand/01ef8244-a57b-48be-9c4c-deb4939b6ecd
2026-01-18 17:53:22.891 0	/var/lib/amazon/ssm/i-04211d47fc32133ec/idempotency/SendCommand/033c19c1-0d59-409c-b25a-fe2dda45cc6a
2026-01-18 17:53:22.892 0	/var/lib/amazon/ssm/i-04211d47fc32133ec/idempotency/SendCommand/6b64b251-67da-4590-bb67-b1de12c49db4
2026-01-18 17:53:22.893 0	/var/lib/amazon/ssm/i-04211d47fc32133ec/idempotency/SendCommand/2f29f763-02b6-4bea-a38b-c1104c73b5f0
2026-01-18 17:53:22.894 16	/var/lib/amazon/ssm/i-04211d47fc32133ec/idempotency/SendCommand
2026-01-18 17:53:22.896 16	/var/lib/amazon/ssm/i-04211d47fc32133ec/idempotency
2026-01-18 17:53:22.897 0	/var/lib/amazon/ssm/i-04211d47fc32133ec/channels
2026-01-18 17:53:22.898 136	/var/lib/amazon/ssm/i-04211d47fc32133ec
2026-01-18 17:53:22.899 152	/var/lib/amazon/ssm
2026-01-18 17:53:22.900 152	/var/lib/amazon
2026-01-18 17:53:22.901 0	/var/lib/update-motd
2026-01-18 17:53:22.903 36352	/var/lib/rpm
2026-01-18 17:53:22.904 0	/var/lib/polkit-1/localauthority/10-vendor.d
2026-01-18 17:53:22.905 0	/var/lib/polkit-1/localauthority/20-org.d
2026-01-18 17:53:22.906 0	/var/lib/polkit-1/localauthority/30-site.d
2026-01-18 17:53:22.908 0	/var/lib/polkit-1/localauthority/50-local.d
2026-01-18 17:53:22.909 0	/var/lib/polkit-1/localauthority/90-mandatory.d
2026-01-18 17:53:22.910 0	/var/lib/polkit-1/localauthority
2026-01-18 17:53:22.911 0	/var/lib/polkit-1
2026-01-18 17:53:22.912 0	/var/lib/geoclue
2026-01-18 17:53:22.914 2328	/var/lib/texmf/web2c/luatex
2026-01-18 17:53:22.915 2340	/var/lib/texmf/web2c
2026-01-18 17:53:22.916 112	/var/lib/texmf/fonts/map/dvips/updmap
2026-01-18 17:53:22.917 112	/var/lib/texmf/fonts/map/dvips
2026-01-18 17:53:22.918 44	/var/lib/texmf/fonts/map/pdftex/updmap
2026-01-18 17:53:22.920 44	/var/lib/texmf/fonts/map/pdftex
2026-01-18 17:53:22.921 4	/var/lib/texmf/fonts/map/dvipdfmx/updmap
2026-01-18 17:53:22.922 4	/var/lib/texmf/fonts/map/dvipdfmx
2026-01-18 17:53:22.923 160	/var/lib/texmf/fonts/map
2026-01-18 17:53:22.925 160	/var/lib/texmf/fonts
2026-01-18 17:53:22.926 2504	/var/lib/texmf
2026-01-18 17:53:22.927 0	/var/lib/bigtop
2026-01-18 17:53:22.928 0	/var/lib/zookeeper
2026-01-18 17:53:22.929 0	/var/lib/trocla
2026-01-18 17:53:22.931 0	/var/lib/aws/emr/step-runner/hadoop-jars
2026-01-18 17:53:22.932 0	/var/lib/aws/emr/step-runner
2026-01-18 17:53:22.933 4	/var/lib/aws/emr
2026-01-18 17:53:22.934 4	/var/lib/aws
2026-01-18 17:53:22.935 0	/var/lib/dnsmasq
2026-01-18 17:53:22.937 0	/var/lib/provision-node
2026-01-18 17:53:22.938 0	/var/lib/containerd
2026-01-18 17:53:22.939 0	/var/lib/hadoop-yarn/cache
2026-01-18 17:53:22.940 0	/var/lib/hadoop-yarn
2026-01-18 17:53:22.942 0	/var/lib/hadoop-mapreduce/cache
2026-01-18 17:53:22.943 0	/var/lib/hadoop-mapreduce
2026-01-18 17:53:22.944 0	/var/lib/hadoop-hdfs/cache
2026-01-18 17:53:22.945 0	/var/lib/hadoop-hdfs
2026-01-18 17:53:22.946 0	/var/lib/hadoop-httpfs
2026-01-18 17:53:22.948 0	/var/lib/docker
2026-01-18 17:53:22.949 0	/var/lib/hadoop-kms/cache
2026-01-18 17:53:22.950 0	/var/lib/hadoop-kms
2026-01-18 17:53:22.951 0	/var/lib/upower
2026-01-18 17:53:22.953 0	/var/lib/setup-devices
2026-01-18 17:53:22.954 62752	/var/lib
2026-01-18 17:53:22.955 62752	total
2026-01-18 17:53:22.956 + lsof
2026-01-18 17:53:22.957 + awk '{print $9}'
2026-01-18 17:53:22.959 + grep '^/var/lib'
2026-01-18 17:53:22.960 + true
2026-01-18 17:53:22.961 + mkdir -p /mnt/var/lib
2026-01-18 17:53:22.962 + mv /var/lib /var/lib.old
2026-01-18 17:53:22.964 + ln -nsf /mnt/var/lib -T /var/lib
2026-01-18 17:53:22.965 + rsync -a /var/lib.old/ /mnt/var/lib
2026-01-18 17:53:24.060 + rm -Rf /var/lib.old
2026-01-18 17:53:24.100 + echo 'Moved directory to ephemeral: /var/lib'
2026-01-18 17:53:24.102 Moved directory to ephemeral: /var/lib
2026-01-18 17:53:24.103 + restart_proc_that_can_have_open_files_in_var_lib_dir
2026-01-18 17:53:24.104 + restart_proc_if_running dhclient 'service network restart'
2026-01-18 17:53:24.105 + pgrep -x dhclient
2026-01-18 17:53:24.107 + echo 'Not restarting dhclient as it isn'\''t running.'
2026-01-18 17:53:24.109 Not restarting dhclient as it isn't running.
2026-01-18 17:53:24.110 + print_deleted_files_in_old_dir /var/lib
2026-01-18 17:53:24.111 + echo 'Dumping remaining open deleted files in old /var/lib directory:'
2026-01-18 17:53:24.112 Dumping remaining open deleted files in old /var/lib directory:
2026-01-18 17:53:24.113 + lsof_deleted_files_in_old_dir /var/lib
2026-01-18 17:53:24.115 + lsof
2026-01-18 17:53:24.116 + grep '(deleted)'
2026-01-18 17:53:24.117 + grep /var/lib.old
2026-01-18 17:53:24.211 + true
2026-01-18 17:53:24.212 + echo 'Dump complete, any output indicates potential lost file.'
2026-01-18 17:53:24.213 Dump complete, any output indicates potential lost file.
2026-01-18 17:53:24.215 
2026-01-18 17:53:24.216 real	0m2.199s
2026-01-18 17:53:24.217 user	0m0.221s
2026-01-18 17:53:24.218 sys	0m0.247s
